[0.044s] Invoking command in '/home/rbe502/RBE550/build/pmb2_navigation': AMENT_PREFIX_PATH=/home/rbe502/RBE550/install/pmb2_2dnav:/home/rbe502/RBE550/install/pmb2_rgbd_sensors:/home/rbe502/RBE550/install/pmb2_laser_sensors:/home/rbe502/RBE550/install/launch_pal:${AMENT_PREFIX_PATH} CMAKE_PREFIX_PATH=/home/rbe502/RBE550/install/pmb2_2dnav:/home/rbe502/RBE550/install/pmb2_rgbd_sensors:/home/rbe502/RBE550/install/pmb2_laser_sensors:/opt/ros/humble PYTHONPATH=/home/rbe502/RBE550/build/launch_pal:/home/rbe502/RBE550/install/launch_pal/lib/python3.10/site-packages:${PYTHONPATH} /usr/bin/cmake /home/rbe502/RBE550/src/pmb2_navigation/pmb2_navigation -DAMENT_CMAKE_SYMLINK_INSTALL=1 -DCMAKE_INSTALL_PREFIX=/home/rbe502/RBE550/install/pmb2_navigation
[0.354s] -- The C compiler identification is GNU 11.4.0
[0.584s] -- The CXX compiler identification is GNU 11.4.0
[0.605s] -- Detecting C compiler ABI info
[0.894s] -- Detecting C compiler ABI info - done
[0.913s] -- Check for working C compiler: /usr/bin/cc - skipped
[0.914s] -- Detecting C compile features
[0.916s] -- Detecting C compile features - done
[0.924s] -- Detecting CXX compiler ABI info
[1.262s] -- Detecting CXX compiler ABI info - done
[1.286s] -- Check for working CXX compiler: /usr/bin/c++ - skipped
[1.287s] -- Detecting CXX compile features
[1.287s] -- Detecting CXX compile features - done
[1.293s] -- Found ament_cmake_auto: 1.3.8 (/opt/ros/humble/share/ament_cmake_auto/cmake)
[2.367s] -- Found Python3: /usr/bin/python3 (found version "3.10.12") found components: Interpreter 
[2.484s] -- Override CMake install command with custom implementation using symlinks instead of copying resources
[2.714s] -- Configuring done
[2.720s] -- Generating done
[2.723s] -- Build files have been written to: /home/rbe502/RBE550/build/pmb2_navigation
[2.732s] Invoked command in '/home/rbe502/RBE550/build/pmb2_navigation' returned '0': AMENT_PREFIX_PATH=/home/rbe502/RBE550/install/pmb2_2dnav:/home/rbe502/RBE550/install/pmb2_rgbd_sensors:/home/rbe502/RBE550/install/pmb2_laser_sensors:/home/rbe502/RBE550/install/launch_pal:${AMENT_PREFIX_PATH} CMAKE_PREFIX_PATH=/home/rbe502/RBE550/install/pmb2_2dnav:/home/rbe502/RBE550/install/pmb2_rgbd_sensors:/home/rbe502/RBE550/install/pmb2_laser_sensors:/opt/ros/humble PYTHONPATH=/home/rbe502/RBE550/build/launch_pal:/home/rbe502/RBE550/install/launch_pal/lib/python3.10/site-packages:${PYTHONPATH} /usr/bin/cmake /home/rbe502/RBE550/src/pmb2_navigation/pmb2_navigation -DAMENT_CMAKE_SYMLINK_INSTALL=1 -DCMAKE_INSTALL_PREFIX=/home/rbe502/RBE550/install/pmb2_navigation
[2.736s] Invoking command in '/home/rbe502/RBE550/build/pmb2_navigation': AMENT_PREFIX_PATH=/home/rbe502/RBE550/install/pmb2_2dnav:/home/rbe502/RBE550/install/pmb2_rgbd_sensors:/home/rbe502/RBE550/install/pmb2_laser_sensors:/home/rbe502/RBE550/install/launch_pal:${AMENT_PREFIX_PATH} CMAKE_PREFIX_PATH=/home/rbe502/RBE550/install/pmb2_2dnav:/home/rbe502/RBE550/install/pmb2_rgbd_sensors:/home/rbe502/RBE550/install/pmb2_laser_sensors:/opt/ros/humble PYTHONPATH=/home/rbe502/RBE550/build/launch_pal:/home/rbe502/RBE550/install/launch_pal/lib/python3.10/site-packages:${PYTHONPATH} /usr/bin/cmake --build /home/rbe502/RBE550/build/pmb2_navigation -- -j2 -l2
[2.842s] Invoked command in '/home/rbe502/RBE550/build/pmb2_navigation' returned '0': AMENT_PREFIX_PATH=/home/rbe502/RBE550/install/pmb2_2dnav:/home/rbe502/RBE550/install/pmb2_rgbd_sensors:/home/rbe502/RBE550/install/pmb2_laser_sensors:/home/rbe502/RBE550/install/launch_pal:${AMENT_PREFIX_PATH} CMAKE_PREFIX_PATH=/home/rbe502/RBE550/install/pmb2_2dnav:/home/rbe502/RBE550/install/pmb2_rgbd_sensors:/home/rbe502/RBE550/install/pmb2_laser_sensors:/opt/ros/humble PYTHONPATH=/home/rbe502/RBE550/build/launch_pal:/home/rbe502/RBE550/install/launch_pal/lib/python3.10/site-packages:${PYTHONPATH} /usr/bin/cmake --build /home/rbe502/RBE550/build/pmb2_navigation -- -j2 -l2
[2.950s] Invoking command in '/home/rbe502/RBE550/build/pmb2_navigation': AMENT_PREFIX_PATH=/home/rbe502/RBE550/install/pmb2_2dnav:/home/rbe502/RBE550/install/pmb2_rgbd_sensors:/home/rbe502/RBE550/install/pmb2_laser_sensors:/home/rbe502/RBE550/install/launch_pal:${AMENT_PREFIX_PATH} CMAKE_PREFIX_PATH=/home/rbe502/RBE550/install/pmb2_2dnav:/home/rbe502/RBE550/install/pmb2_rgbd_sensors:/home/rbe502/RBE550/install/pmb2_laser_sensors:/opt/ros/humble PYTHONPATH=/home/rbe502/RBE550/build/launch_pal:/home/rbe502/RBE550/install/launch_pal/lib/python3.10/site-packages:${PYTHONPATH} /usr/bin/cmake --install /home/rbe502/RBE550/build/pmb2_navigation
[2.976s] -- Install configuration: ""
[2.978s] -- Execute custom install script
[2.978s] -- Symlinking: /home/rbe502/RBE550/install/pmb2_navigation/share/ament_index/resource_index/package_run_dependencies/pmb2_navigation
[3.004s] -- Symlinking: /home/rbe502/RBE550/install/pmb2_navigation/share/ament_index/resource_index/parent_prefix_path/pmb2_navigation
[3.035s] -- Symlinking: /home/rbe502/RBE550/install/pmb2_navigation/share/pmb2_navigation/environment/ament_prefix_path.sh
[3.056s] -- Symlinking: /home/rbe502/RBE550/install/pmb2_navigation/share/pmb2_navigation/environment/ament_prefix_path.dsv
[3.080s] -- Symlinking: /home/rbe502/RBE550/install/pmb2_navigation/share/pmb2_navigation/environment/path.sh
[3.113s] -- Symlinking: /home/rbe502/RBE550/install/pmb2_navigation/share/pmb2_navigation/environment/path.dsv
[3.139s] -- Symlinking: /home/rbe502/RBE550/install/pmb2_navigation/share/pmb2_navigation/local_setup.bash
[3.160s] -- Symlinking: /home/rbe502/RBE550/install/pmb2_navigation/share/pmb2_navigation/local_setup.sh
[3.187s] -- Symlinking: /home/rbe502/RBE550/install/pmb2_navigation/share/pmb2_navigation/local_setup.zsh
[3.217s] -- Symlinking: /home/rbe502/RBE550/install/pmb2_navigation/share/pmb2_navigation/local_setup.dsv
[3.240s] -- Symlinking: /home/rbe502/RBE550/install/pmb2_navigation/share/pmb2_navigation/package.dsv
[3.258s] -- Symlinking: /home/rbe502/RBE550/install/pmb2_navigation/share/ament_index/resource_index/packages/pmb2_navigation
[3.284s] -- Symlinking: /home/rbe502/RBE550/install/pmb2_navigation/share/pmb2_navigation/cmake/pmb2_navigationConfig.cmake
[3.308s] -- Symlinking: /home/rbe502/RBE550/install/pmb2_navigation/share/pmb2_navigation/cmake/pmb2_navigationConfig-version.cmake
[3.330s] -- Symlinking: /home/rbe502/RBE550/install/pmb2_navigation/share/pmb2_navigation/package.xml
[3.353s] Invoked command in '/home/rbe502/RBE550/build/pmb2_navigation' returned '0': AMENT_PREFIX_PATH=/home/rbe502/RBE550/install/pmb2_2dnav:/home/rbe502/RBE550/install/pmb2_rgbd_sensors:/home/rbe502/RBE550/install/pmb2_laser_sensors:/home/rbe502/RBE550/install/launch_pal:${AMENT_PREFIX_PATH} CMAKE_PREFIX_PATH=/home/rbe502/RBE550/install/pmb2_2dnav:/home/rbe502/RBE550/install/pmb2_rgbd_sensors:/home/rbe502/RBE550/install/pmb2_laser_sensors:/opt/ros/humble PYTHONPATH=/home/rbe502/RBE550/build/launch_pal:/home/rbe502/RBE550/install/launch_pal/lib/python3.10/site-packages:${PYTHONPATH} /usr/bin/cmake --install /home/rbe502/RBE550/build/pmb2_navigation
