running develop
/home/rbe502/.local/lib/python3.10/site-packages/setuptools/command/develop.py:40: EasyInstallDeprecationWarning: easy_install command is deprecated.
!!

        ********************************************************************************
        Please avoid running ``setup.py`` and ``easy_install``.
        Instead, use pypa/build, pypa/installer or other
        standards-based tools.

        See https://github.com/pypa/setuptools/issues/917 for details.
        ********************************************************************************

!!
  easy_install.initialize_options(self)
running egg_info
creating launch_pal.egg-info
writing launch_pal.egg-info/PKG-INFO
writing dependency_links to launch_pal.egg-info/dependency_links.txt
writing requirements to launch_pal.egg-info/requires.txt
writing top-level names to launch_pal.egg-info/top_level.txt
writing manifest file 'launch_pal.egg-info/SOURCES.txt'
reading manifest file 'launch_pal.egg-info/SOURCES.txt'
writing manifest file 'launch_pal.egg-info/SOURCES.txt'
running build_ext
Creating /home/rbe502/RBE550/install/launch_pal/lib/python3.10/site-packages/launch-pal.egg-link (link to .)

Installed /home/rbe502/RBE550/build/launch_pal
running symlink_data
creating /home/rbe502/RBE550/install/launch_pal/share/ament_index
creating /home/rbe502/RBE550/install/launch_pal/share/ament_index/resource_index
creating /home/rbe502/RBE550/install/launch_pal/share/ament_index/resource_index/packages
symbolically linking /home/rbe502/RBE550/build/launch_pal/resource/launch_pal -> /home/rbe502/RBE550/install/launch_pal/share/ament_index/resource_index/packages
symbolically linking /home/rbe502/RBE550/build/launch_pal/package.xml -> /home/rbe502/RBE550/install/launch_pal/share/launch_pal
creating /home/rbe502/RBE550/install/launch_pal/share/launch_pal/config
symbolically linking /home/rbe502/RBE550/build/launch_pal/config/robot_configuration.yaml -> /home/rbe502/RBE550/install/launch_pal/share/launch_pal/config
