[2.187s] Invoking command in '/home/rbe502/RBE550/build/launch_pal': PYTHONPATH=/home/rbe502/RBE550/build/launch_pal/prefix_override:/home/rbe502/RBE550/install/launch_pal/lib/python3.10/site-packages:${PYTHONPATH} /usr/bin/python3 -W ignore:setup.py install is deprecated setup.py develop --editable --build-directory /home/rbe502/RBE550/build/launch_pal/build --no-deps symlink_data
[3.022s] running develop
[3.024s] /home/rbe502/.local/lib/python3.10/site-packages/setuptools/command/develop.py:40: EasyInstallDeprecationWarning: easy_install command is deprecated.
[3.025s] !!
[3.025s] 
[3.025s]         ********************************************************************************
[3.025s]         Please avoid running ``setup.py`` and ``easy_install``.
[3.025s]         Instead, use pypa/build, pypa/installer or other
[3.025s]         standards-based tools.
[3.028s] 
[3.031s]         See https://github.com/pypa/setuptools/issues/917 for details.
[3.031s]         ********************************************************************************
[3.031s] 
[3.032s] !!
[3.032s]   easy_install.initialize_options(self)
[3.597s] running egg_info
[3.598s] creating launch_pal.egg-info
[3.640s] writing launch_pal.egg-info/PKG-INFO
[3.641s] writing dependency_links to launch_pal.egg-info/dependency_links.txt
[3.643s] writing requirements to launch_pal.egg-info/requires.txt
[3.643s] writing top-level names to launch_pal.egg-info/top_level.txt
[3.645s] writing manifest file 'launch_pal.egg-info/SOURCES.txt'
[3.730s] reading manifest file 'launch_pal.egg-info/SOURCES.txt'
[3.733s] writing manifest file 'launch_pal.egg-info/SOURCES.txt'
[3.779s] running build_ext
[3.779s] Creating /home/rbe502/RBE550/install/launch_pal/lib/python3.10/site-packages/launch-pal.egg-link (link to .)
[3.783s] 
[3.783s] Installed /home/rbe502/RBE550/build/launch_pal
[3.789s] running symlink_data
[3.789s] creating /home/rbe502/RBE550/install/launch_pal/share/ament_index
[3.789s] creating /home/rbe502/RBE550/install/launch_pal/share/ament_index/resource_index
[3.789s] creating /home/rbe502/RBE550/install/launch_pal/share/ament_index/resource_index/packages
[3.789s] symbolically linking /home/rbe502/RBE550/build/launch_pal/resource/launch_pal -> /home/rbe502/RBE550/install/launch_pal/share/ament_index/resource_index/packages
[3.789s] symbolically linking /home/rbe502/RBE550/build/launch_pal/package.xml -> /home/rbe502/RBE550/install/launch_pal/share/launch_pal
[3.790s] creating /home/rbe502/RBE550/install/launch_pal/share/launch_pal/config
[3.790s] symbolically linking /home/rbe502/RBE550/build/launch_pal/config/robot_configuration.yaml -> /home/rbe502/RBE550/install/launch_pal/share/launch_pal/config
[3.853s] Invoked command in '/home/rbe502/RBE550/build/launch_pal' returned '0': PYTHONPATH=/home/rbe502/RBE550/build/launch_pal/prefix_override:/home/rbe502/RBE550/install/launch_pal/lib/python3.10/site-packages:${PYTHONPATH} /usr/bin/python3 -W ignore:setup.py install is deprecated setup.py develop --editable --build-directory /home/rbe502/RBE550/build/launch_pal/build --no-deps symlink_data
