[0.050s] Invoking command in '/home/rbe502/RBE550/build/tiago_gazebo': CMAKE_PREFIX_PATH=/opt/ros/humble /usr/bin/cmake /home/rbe502/RBE550/src/tiago_simulation/tiago_gazebo -DAMENT_CMAKE_SYMLINK_INSTALL=1 -DCMAKE_INSTALL_PREFIX=/home/rbe502/RBE550/install/tiago_gazebo
[0.580s] -- The C compiler identification is GNU 11.4.0
[0.967s] -- The CXX compiler identification is GNU 11.4.0
[1.010s] -- Detecting C compiler ABI info
[1.269s] -- Detecting C compiler ABI info - done
[1.285s] -- Check for working C compiler: /usr/bin/cc - skipped
[1.287s] -- Detecting C compile features
[1.290s] -- Detecting C compile features - done
[1.302s] -- Detecting CXX compiler ABI info
[1.567s] -- Detecting CXX compiler ABI info - done
[1.585s] -- Check for working CXX compiler: /usr/bin/c++ - skipped
[1.586s] -- Detecting CXX compile features
[1.587s] -- Detecting CXX compile features - done
[1.598s] -- Found ament_cmake_auto: 1.3.8 (/opt/ros/humble/share/ament_cmake_auto/cmake)
[2.508s] -- Found Python3: /usr/bin/python3 (found version "3.10.12") found components: Interpreter 
[2.732s] -- Override CMake install command with custom implementation using symlinks instead of copying resources
[3.065s] -- Found ament_cmake_gtest: 1.3.8 (/opt/ros/humble/share/ament_cmake_gtest/cmake)
[3.078s] -- Found ament_lint_auto: 0.12.10 (/opt/ros/humble/share/ament_lint_auto/cmake)
[3.175s] -- Found python_cmake_module: 0.10.0 (/opt/ros/humble/share/python_cmake_module/cmake)
[3.236s] -- Found PythonInterp: /usr/bin/python3 (found suitable version "3.10.12", minimum required is "3.6") 
[3.281s] -- Found PythonLibs: /usr/lib/x86_64-linux-gnu/libpython3.10.so (found suitable version "3.10.12", minimum required is "3.5") 
[3.282s] -- Using PYTHON_EXECUTABLE: /usr/bin/python3
[3.282s] -- Using PYTHON_INCLUDE_DIRS: /usr/include/python3.10
[3.282s] -- Using PYTHON_LIBRARIES: /usr/lib/x86_64-linux-gnu/libpython3.10.so
[3.341s] -- Found PythonExtra: .so  
[3.603s] -- Found rosidl_generator_c: 3.1.5 (/opt/ros/humble/share/rosidl_generator_c/cmake)
[3.626s] -- Found rosidl_adapter: 3.1.5 (/opt/ros/humble/share/rosidl_adapter/cmake)
[3.672s] -- Found rosidl_generator_cpp: 3.1.5 (/opt/ros/humble/share/rosidl_generator_cpp/cmake)
[3.744s] -- Using all available rosidl_typesupport_c: rosidl_typesupport_fastrtps_c;rosidl_typesupport_introspection_c
[3.836s] -- Using all available rosidl_typesupport_cpp: rosidl_typesupport_fastrtps_cpp;rosidl_typesupport_introspection_cpp
[4.131s] -- Found rmw_implementation_cmake: 6.1.1 (/opt/ros/humble/share/rmw_implementation_cmake/cmake)
[4.148s] -- Found rmw_fastrtps_cpp: 6.2.6 (/opt/ros/humble/share/rmw_fastrtps_cpp/cmake)
[4.540s] -- Found OpenSSL: /usr/lib/x86_64-linux-gnu/libcrypto.so (found version "3.0.2")  
[4.620s] -- Found FastRTPS: /opt/ros/humble/include  
[4.748s] -- Using RMW implementation 'rmw_fastrtps_cpp' as default
[4.798s] -- Looking for pthread.h
[5.107s] -- Looking for pthread.h - found
[5.108s] -- Performing Test CMAKE_HAVE_LIBC_PTHREAD
[5.335s] -- Performing Test CMAKE_HAVE_LIBC_PTHREAD - Success
[5.338s] -- Found Threads: TRUE  
[6.302s] [31mCMake Error at CMakeLists.txt:18 (find_package):
[6.303s]   By not providing "Findplay_motion2_msgs.cmake" in CMAKE_MODULE_PATH this
[6.303s]   project has asked CMake to find a package configuration file provided by
[6.303s]   "play_motion2_msgs", but CMake did not find one.
[6.303s] 
[6.303s]   Could not find a package configuration file provided by "play_motion2_msgs"
[6.303s]   with any of the following names:
[6.303s] 
[6.304s]     play_motion2_msgsConfig.cmake
[6.304s]     play_motion2_msgs-config.cmake
[6.304s] 
[6.304s]   Add the installation prefix of "play_motion2_msgs" to CMAKE_PREFIX_PATH or
[6.304s]   set "play_motion2_msgs_DIR" to a directory containing one of the above
[6.304s]   files.  If "play_motion2_msgs" provides a separate development package or
[6.304s]   SDK, be sure it has been installed.
[6.305s] 
[6.305s] [0m
[6.305s] -- Configuring incomplete, errors occurred!
[6.305s] See also "/home/rbe502/RBE550/build/tiago_gazebo/CMakeFiles/CMakeOutput.log".
[6.325s] Invoked command in '/home/rbe502/RBE550/build/tiago_gazebo' returned '1': CMAKE_PREFIX_PATH=/opt/ros/humble /usr/bin/cmake /home/rbe502/RBE550/src/tiago_simulation/tiago_gazebo -DAMENT_CMAKE_SYMLINK_INSTALL=1 -DCMAKE_INSTALL_PREFIX=/home/rbe502/RBE550/install/tiago_gazebo
