[0.043s] Invoking command in '/home/rbe502/RBE550/build/pal_navigation_cfg_bringup': AMENT_PREFIX_PATH=/home/rbe502/RBE550/install/pal_navigation_cfg_params:/home/rbe502/RBE550/install/launch_pal:${AMENT_PREFIX_PATH} CMAKE_PREFIX_PATH=/home/rbe502/RBE550/install/pal_navigation_cfg_params:/opt/ros/humble PYTHONPATH=/home/rbe502/RBE550/build/launch_pal:/home/rbe502/RBE550/install/launch_pal/lib/python3.10/site-packages:${PYTHONPATH} /usr/bin/cmake /home/rbe502/RBE550/src/pal_navigation_cfg_public/pal_navigation_cfg_bringup -DAMENT_CMAKE_SYMLINK_INSTALL=1 -DCMAKE_INSTALL_PREFIX=/home/rbe502/RBE550/install/pal_navigation_cfg_bringup
[0.233s] -- The C compiler identification is GNU 11.4.0
[0.408s] -- The CXX compiler identification is GNU 11.4.0
[0.430s] -- Detecting C compiler ABI info
[0.662s] -- Detecting C compiler ABI info - done
[0.681s] -- Check for working C compiler: /usr/bin/cc - skipped
[0.681s] -- Detecting C compile features
[0.682s] -- Detecting C compile features - done
[0.691s] -- Detecting CXX compiler ABI info
[0.955s] -- Detecting CXX compiler ABI info - done
[0.973s] -- Check for working CXX compiler: /usr/bin/c++ - skipped
[0.975s] -- Detecting CXX compile features
[0.977s] -- Detecting CXX compile features - done
[0.981s] -- Found ament_cmake_auto: 1.3.8 (/opt/ros/humble/share/ament_cmake_auto/cmake)
[1.894s] -- Found Python3: /usr/bin/python3 (found version "3.10.12") found components: Interpreter 
[2.059s] -- Override CMake install command with custom implementation using symlinks instead of copying resources
[2.306s] -- Found ament_lint_auto: 0.12.10 (/opt/ros/humble/share/ament_lint_auto/cmake)
[2.361s] -- Added test 'copyright' to check source files copyright and LICENSE
[2.363s] -- Added test 'flake8' to check Python code syntax and style conventions
[2.365s] -- Added test 'lint_cmake' to check CMake code style
[2.366s] -- Added test 'pep257' to check Python code against some of the docstring style conventions in PEP 257
[2.368s] -- Added test 'xmllint' to check XML markup files
[2.374s] -- Configuring done
[2.380s] -- Generating done
[2.386s] -- Build files have been written to: /home/rbe502/RBE550/build/pal_navigation_cfg_bringup
[2.394s] Invoked command in '/home/rbe502/RBE550/build/pal_navigation_cfg_bringup' returned '0': AMENT_PREFIX_PATH=/home/rbe502/RBE550/install/pal_navigation_cfg_params:/home/rbe502/RBE550/install/launch_pal:${AMENT_PREFIX_PATH} CMAKE_PREFIX_PATH=/home/rbe502/RBE550/install/pal_navigation_cfg_params:/opt/ros/humble PYTHONPATH=/home/rbe502/RBE550/build/launch_pal:/home/rbe502/RBE550/install/launch_pal/lib/python3.10/site-packages:${PYTHONPATH} /usr/bin/cmake /home/rbe502/RBE550/src/pal_navigation_cfg_public/pal_navigation_cfg_bringup -DAMENT_CMAKE_SYMLINK_INSTALL=1 -DCMAKE_INSTALL_PREFIX=/home/rbe502/RBE550/install/pal_navigation_cfg_bringup
[2.397s] Invoking command in '/home/rbe502/RBE550/build/pal_navigation_cfg_bringup': AMENT_PREFIX_PATH=/home/rbe502/RBE550/install/pal_navigation_cfg_params:/home/rbe502/RBE550/install/launch_pal:${AMENT_PREFIX_PATH} CMAKE_PREFIX_PATH=/home/rbe502/RBE550/install/pal_navigation_cfg_params:/opt/ros/humble PYTHONPATH=/home/rbe502/RBE550/build/launch_pal:/home/rbe502/RBE550/install/launch_pal/lib/python3.10/site-packages:${PYTHONPATH} /usr/bin/cmake --build /home/rbe502/RBE550/build/pal_navigation_cfg_bringup -- -j2 -l2
[2.522s] Invoked command in '/home/rbe502/RBE550/build/pal_navigation_cfg_bringup' returned '0': AMENT_PREFIX_PATH=/home/rbe502/RBE550/install/pal_navigation_cfg_params:/home/rbe502/RBE550/install/launch_pal:${AMENT_PREFIX_PATH} CMAKE_PREFIX_PATH=/home/rbe502/RBE550/install/pal_navigation_cfg_params:/opt/ros/humble PYTHONPATH=/home/rbe502/RBE550/build/launch_pal:/home/rbe502/RBE550/install/launch_pal/lib/python3.10/site-packages:${PYTHONPATH} /usr/bin/cmake --build /home/rbe502/RBE550/build/pal_navigation_cfg_bringup -- -j2 -l2
[2.640s] Invoking command in '/home/rbe502/RBE550/build/pal_navigation_cfg_bringup': AMENT_PREFIX_PATH=/home/rbe502/RBE550/install/pal_navigation_cfg_params:/home/rbe502/RBE550/install/launch_pal:${AMENT_PREFIX_PATH} CMAKE_PREFIX_PATH=/home/rbe502/RBE550/install/pal_navigation_cfg_params:/opt/ros/humble PYTHONPATH=/home/rbe502/RBE550/build/launch_pal:/home/rbe502/RBE550/install/launch_pal/lib/python3.10/site-packages:${PYTHONPATH} /usr/bin/cmake --install /home/rbe502/RBE550/build/pal_navigation_cfg_bringup
[2.661s] -- Install configuration: ""
[2.663s] -- Execute custom install script
[2.673s] -- Symlinking: /home/rbe502/RBE550/install/pal_navigation_cfg_bringup/share/pal_navigation_cfg_bringup/launch/nav_bringup.launch.py
[2.699s] -- Symlinking: /home/rbe502/RBE550/install/pal_navigation_cfg_bringup/share/ament_index/resource_index/package_run_dependencies/pal_navigation_cfg_bringup
[2.727s] -- Symlinking: /home/rbe502/RBE550/install/pal_navigation_cfg_bringup/share/ament_index/resource_index/parent_prefix_path/pal_navigation_cfg_bringup
[2.755s] -- Symlinking: /home/rbe502/RBE550/install/pal_navigation_cfg_bringup/share/pal_navigation_cfg_bringup/environment/ament_prefix_path.sh
[2.787s] -- Symlinking: /home/rbe502/RBE550/install/pal_navigation_cfg_bringup/share/pal_navigation_cfg_bringup/environment/ament_prefix_path.dsv
[2.814s] -- Symlinking: /home/rbe502/RBE550/install/pal_navigation_cfg_bringup/share/pal_navigation_cfg_bringup/environment/path.sh
[2.842s] -- Symlinking: /home/rbe502/RBE550/install/pal_navigation_cfg_bringup/share/pal_navigation_cfg_bringup/environment/path.dsv
[2.872s] -- Symlinking: /home/rbe502/RBE550/install/pal_navigation_cfg_bringup/share/pal_navigation_cfg_bringup/local_setup.bash
[2.901s] -- Symlinking: /home/rbe502/RBE550/install/pal_navigation_cfg_bringup/share/pal_navigation_cfg_bringup/local_setup.sh
[2.929s] -- Symlinking: /home/rbe502/RBE550/install/pal_navigation_cfg_bringup/share/pal_navigation_cfg_bringup/local_setup.zsh
[2.957s] -- Symlinking: /home/rbe502/RBE550/install/pal_navigation_cfg_bringup/share/pal_navigation_cfg_bringup/local_setup.dsv
[2.990s] -- Symlinking: /home/rbe502/RBE550/install/pal_navigation_cfg_bringup/share/pal_navigation_cfg_bringup/package.dsv
[3.015s] -- Symlinking: /home/rbe502/RBE550/install/pal_navigation_cfg_bringup/share/ament_index/resource_index/packages/pal_navigation_cfg_bringup
[3.045s] -- Symlinking: /home/rbe502/RBE550/install/pal_navigation_cfg_bringup/share/pal_navigation_cfg_bringup/cmake/pal_navigation_cfg_bringupConfig.cmake
[3.075s] -- Symlinking: /home/rbe502/RBE550/install/pal_navigation_cfg_bringup/share/pal_navigation_cfg_bringup/cmake/pal_navigation_cfg_bringupConfig-version.cmake
[3.104s] -- Symlinking: /home/rbe502/RBE550/install/pal_navigation_cfg_bringup/share/pal_navigation_cfg_bringup/package.xml
[3.136s] Invoked command in '/home/rbe502/RBE550/build/pal_navigation_cfg_bringup' returned '0': AMENT_PREFIX_PATH=/home/rbe502/RBE550/install/pal_navigation_cfg_params:/home/rbe502/RBE550/install/launch_pal:${AMENT_PREFIX_PATH} CMAKE_PREFIX_PATH=/home/rbe502/RBE550/install/pal_navigation_cfg_params:/opt/ros/humble PYTHONPATH=/home/rbe502/RBE550/build/launch_pal:/home/rbe502/RBE550/install/launch_pal/lib/python3.10/site-packages:${PYTHONPATH} /usr/bin/cmake --install /home/rbe502/RBE550/build/pal_navigation_cfg_bringup
