[0.077s] Invoking command in '/home/rbe502/RBE550/build/tiago_bringup': AMENT_PREFIX_PATH=/home/rbe502/RBE550/install/tiago_description:/home/rbe502/RBE550/install/tiago_controller_configuration:/home/rbe502/RBE550/install/pmb2_description:/home/rbe502/RBE550/install/pmb2_controller_configuration:/home/rbe502/RBE550/install/play_motion2:/home/rbe502/RBE550/install/pal_hey5_description:/home/rbe502/RBE550/install/pal_gripper_description:/home/rbe502/RBE550/install/play_motion2_msgs:/home/rbe502/RBE550/install/pal_urdf_utils:/home/rbe502/RBE550/install/pal_robotiq_description:/home/rbe502/RBE550/install/pal_robotiq_controller_configuration:/home/rbe502/RBE550/install/pal_hey5_controller_configuration:/home/rbe502/RBE550/install/pal_gripper_controller_configuration:/home/rbe502/RBE550/install/launch_pal:${AMENT_PREFIX_PATH} CMAKE_PREFIX_PATH=/home/rbe502/RBE550/install/tiago_description:/home/rbe502/RBE550/install/tiago_controller_configuration:/home/rbe502/RBE550/install/pmb2_description:/home/rbe502/RBE550/install/pmb2_controller_configuration:/home/rbe502/RBE550/install/play_motion2:/home/rbe502/RBE550/install/pal_hey5_description:/home/rbe502/RBE550/install/pal_gripper_description:/home/rbe502/RBE550/install/play_motion2_msgs:/home/rbe502/RBE550/install/pal_urdf_utils:/home/rbe502/RBE550/install/pal_robotiq_description:/home/rbe502/RBE550/install/pal_robotiq_controller_configuration:/home/rbe502/RBE550/install/pal_hey5_controller_configuration:/home/rbe502/RBE550/install/pal_gripper_controller_configuration:/opt/ros/humble LD_LIBRARY_PATH=/home/rbe502/RBE550/install/play_motion2/lib:/home/rbe502/RBE550/install/play_motion2_msgs/lib:${LD_LIBRARY_PATH} PYTHONPATH=/home/rbe502/RBE550/install/tiago_description/local/lib/python3.10/dist-packages:/home/rbe502/RBE550/install/pmb2_description/local/lib/python3.10/dist-packages:/home/rbe502/RBE550/install/play_motion2_msgs/local/lib/python3.10/dist-packages:/home/rbe502/RBE550/build/launch_pal:/home/rbe502/RBE550/install/launch_pal/lib/python3.10/site-packages:${PYTHONPATH} /usr/bin/cmake /home/rbe502/RBE550/src/tiago_robot/tiago_bringup -DAMENT_CMAKE_SYMLINK_INSTALL=1 -DCMAKE_INSTALL_PREFIX=/home/rbe502/RBE550/install/tiago_bringup
[0.261s] -- The C compiler identification is GNU 11.4.0
[0.436s] -- The CXX compiler identification is GNU 11.4.0
[0.458s] -- Detecting C compiler ABI info
[0.700s] -- Detecting C compiler ABI info - done
[0.714s] -- Check for working C compiler: /usr/bin/cc - skipped
[0.715s] -- Detecting C compile features
[0.716s] -- Detecting C compile features - done
[0.722s] -- Detecting CXX compiler ABI info
[0.973s] -- Detecting CXX compiler ABI info - done
[0.991s] -- Check for working CXX compiler: /usr/bin/c++ - skipped
[0.992s] -- Detecting CXX compile features
[0.993s] -- Detecting CXX compile features - done
[1.002s] -- Found ament_cmake_auto: 1.3.8 (/opt/ros/humble/share/ament_cmake_auto/cmake)
[1.936s] -- Found Python3: /usr/bin/python3 (found version "3.10.12") found components: Interpreter 
[2.115s] -- Override CMake install command with custom implementation using symlinks instead of copying resources
[2.403s] -- Found ament_lint_auto: 0.12.10 (/opt/ros/humble/share/ament_lint_auto/cmake)
[2.488s] -- Added test 'copyright' to check source files copyright and LICENSE
[2.499s] -- Added test 'flake8' to check Python code syntax and style conventions
[2.502s] -- Added test 'lint_cmake' to check CMake code style
[2.504s] -- Added test 'pep257' to check Python code against some of the docstring style conventions in PEP 257
[2.511s] -- Added test 'xmllint' to check XML markup files
[2.516s] -- Configuring done
[2.527s] -- Generating done
[2.529s] -- Build files have been written to: /home/rbe502/RBE550/build/tiago_bringup
[2.543s] Invoked command in '/home/rbe502/RBE550/build/tiago_bringup' returned '0': AMENT_PREFIX_PATH=/home/rbe502/RBE550/install/tiago_description:/home/rbe502/RBE550/install/tiago_controller_configuration:/home/rbe502/RBE550/install/pmb2_description:/home/rbe502/RBE550/install/pmb2_controller_configuration:/home/rbe502/RBE550/install/play_motion2:/home/rbe502/RBE550/install/pal_hey5_description:/home/rbe502/RBE550/install/pal_gripper_description:/home/rbe502/RBE550/install/play_motion2_msgs:/home/rbe502/RBE550/install/pal_urdf_utils:/home/rbe502/RBE550/install/pal_robotiq_description:/home/rbe502/RBE550/install/pal_robotiq_controller_configuration:/home/rbe502/RBE550/install/pal_hey5_controller_configuration:/home/rbe502/RBE550/install/pal_gripper_controller_configuration:/home/rbe502/RBE550/install/launch_pal:${AMENT_PREFIX_PATH} CMAKE_PREFIX_PATH=/home/rbe502/RBE550/install/tiago_description:/home/rbe502/RBE550/install/tiago_controller_configuration:/home/rbe502/RBE550/install/pmb2_description:/home/rbe502/RBE550/install/pmb2_controller_configuration:/home/rbe502/RBE550/install/play_motion2:/home/rbe502/RBE550/install/pal_hey5_description:/home/rbe502/RBE550/install/pal_gripper_description:/home/rbe502/RBE550/install/play_motion2_msgs:/home/rbe502/RBE550/install/pal_urdf_utils:/home/rbe502/RBE550/install/pal_robotiq_description:/home/rbe502/RBE550/install/pal_robotiq_controller_configuration:/home/rbe502/RBE550/install/pal_hey5_controller_configuration:/home/rbe502/RBE550/install/pal_gripper_controller_configuration:/opt/ros/humble LD_LIBRARY_PATH=/home/rbe502/RBE550/install/play_motion2/lib:/home/rbe502/RBE550/install/play_motion2_msgs/lib:${LD_LIBRARY_PATH} PYTHONPATH=/home/rbe502/RBE550/install/tiago_description/local/lib/python3.10/dist-packages:/home/rbe502/RBE550/install/pmb2_description/local/lib/python3.10/dist-packages:/home/rbe502/RBE550/install/play_motion2_msgs/local/lib/python3.10/dist-packages:/home/rbe502/RBE550/build/launch_pal:/home/rbe502/RBE550/install/launch_pal/lib/python3.10/site-packages:${PYTHONPATH} /usr/bin/cmake /home/rbe502/RBE550/src/tiago_robot/tiago_bringup -DAMENT_CMAKE_SYMLINK_INSTALL=1 -DCMAKE_INSTALL_PREFIX=/home/rbe502/RBE550/install/tiago_bringup
[2.544s] Invoking command in '/home/rbe502/RBE550/build/tiago_bringup': AMENT_PREFIX_PATH=/home/rbe502/RBE550/install/tiago_description:/home/rbe502/RBE550/install/tiago_controller_configuration:/home/rbe502/RBE550/install/pmb2_description:/home/rbe502/RBE550/install/pmb2_controller_configuration:/home/rbe502/RBE550/install/play_motion2:/home/rbe502/RBE550/install/pal_hey5_description:/home/rbe502/RBE550/install/pal_gripper_description:/home/rbe502/RBE550/install/play_motion2_msgs:/home/rbe502/RBE550/install/pal_urdf_utils:/home/rbe502/RBE550/install/pal_robotiq_description:/home/rbe502/RBE550/install/pal_robotiq_controller_configuration:/home/rbe502/RBE550/install/pal_hey5_controller_configuration:/home/rbe502/RBE550/install/pal_gripper_controller_configuration:/home/rbe502/RBE550/install/launch_pal:${AMENT_PREFIX_PATH} CMAKE_PREFIX_PATH=/home/rbe502/RBE550/install/tiago_description:/home/rbe502/RBE550/install/tiago_controller_configuration:/home/rbe502/RBE550/install/pmb2_description:/home/rbe502/RBE550/install/pmb2_controller_configuration:/home/rbe502/RBE550/install/play_motion2:/home/rbe502/RBE550/install/pal_hey5_description:/home/rbe502/RBE550/install/pal_gripper_description:/home/rbe502/RBE550/install/play_motion2_msgs:/home/rbe502/RBE550/install/pal_urdf_utils:/home/rbe502/RBE550/install/pal_robotiq_description:/home/rbe502/RBE550/install/pal_robotiq_controller_configuration:/home/rbe502/RBE550/install/pal_hey5_controller_configuration:/home/rbe502/RBE550/install/pal_gripper_controller_configuration:/opt/ros/humble LD_LIBRARY_PATH=/home/rbe502/RBE550/install/play_motion2/lib:/home/rbe502/RBE550/install/play_motion2_msgs/lib:${LD_LIBRARY_PATH} PYTHONPATH=/home/rbe502/RBE550/install/tiago_description/local/lib/python3.10/dist-packages:/home/rbe502/RBE550/install/pmb2_description/local/lib/python3.10/dist-packages:/home/rbe502/RBE550/install/play_motion2_msgs/local/lib/python3.10/dist-packages:/home/rbe502/RBE550/build/launch_pal:/home/rbe502/RBE550/install/launch_pal/lib/python3.10/site-packages:${PYTHONPATH} /usr/bin/cmake --build /home/rbe502/RBE550/build/tiago_bringup -- -j2 -l2
[2.660s] Invoked command in '/home/rbe502/RBE550/build/tiago_bringup' returned '0': AMENT_PREFIX_PATH=/home/rbe502/RBE550/install/tiago_description:/home/rbe502/RBE550/install/tiago_controller_configuration:/home/rbe502/RBE550/install/pmb2_description:/home/rbe502/RBE550/install/pmb2_controller_configuration:/home/rbe502/RBE550/install/play_motion2:/home/rbe502/RBE550/install/pal_hey5_description:/home/rbe502/RBE550/install/pal_gripper_description:/home/rbe502/RBE550/install/play_motion2_msgs:/home/rbe502/RBE550/install/pal_urdf_utils:/home/rbe502/RBE550/install/pal_robotiq_description:/home/rbe502/RBE550/install/pal_robotiq_controller_configuration:/home/rbe502/RBE550/install/pal_hey5_controller_configuration:/home/rbe502/RBE550/install/pal_gripper_controller_configuration:/home/rbe502/RBE550/install/launch_pal:${AMENT_PREFIX_PATH} CMAKE_PREFIX_PATH=/home/rbe502/RBE550/install/tiago_description:/home/rbe502/RBE550/install/tiago_controller_configuration:/home/rbe502/RBE550/install/pmb2_description:/home/rbe502/RBE550/install/pmb2_controller_configuration:/home/rbe502/RBE550/install/play_motion2:/home/rbe502/RBE550/install/pal_hey5_description:/home/rbe502/RBE550/install/pal_gripper_description:/home/rbe502/RBE550/install/play_motion2_msgs:/home/rbe502/RBE550/install/pal_urdf_utils:/home/rbe502/RBE550/install/pal_robotiq_description:/home/rbe502/RBE550/install/pal_robotiq_controller_configuration:/home/rbe502/RBE550/install/pal_hey5_controller_configuration:/home/rbe502/RBE550/install/pal_gripper_controller_configuration:/opt/ros/humble LD_LIBRARY_PATH=/home/rbe502/RBE550/install/play_motion2/lib:/home/rbe502/RBE550/install/play_motion2_msgs/lib:${LD_LIBRARY_PATH} PYTHONPATH=/home/rbe502/RBE550/install/tiago_description/local/lib/python3.10/dist-packages:/home/rbe502/RBE550/install/pmb2_description/local/lib/python3.10/dist-packages:/home/rbe502/RBE550/install/play_motion2_msgs/local/lib/python3.10/dist-packages:/home/rbe502/RBE550/build/launch_pal:/home/rbe502/RBE550/install/launch_pal/lib/python3.10/site-packages:${PYTHONPATH} /usr/bin/cmake --build /home/rbe502/RBE550/build/tiago_bringup -- -j2 -l2
[2.767s] Invoking command in '/home/rbe502/RBE550/build/tiago_bringup': AMENT_PREFIX_PATH=/home/rbe502/RBE550/install/tiago_description:/home/rbe502/RBE550/install/tiago_controller_configuration:/home/rbe502/RBE550/install/pmb2_description:/home/rbe502/RBE550/install/pmb2_controller_configuration:/home/rbe502/RBE550/install/play_motion2:/home/rbe502/RBE550/install/pal_hey5_description:/home/rbe502/RBE550/install/pal_gripper_description:/home/rbe502/RBE550/install/play_motion2_msgs:/home/rbe502/RBE550/install/pal_urdf_utils:/home/rbe502/RBE550/install/pal_robotiq_description:/home/rbe502/RBE550/install/pal_robotiq_controller_configuration:/home/rbe502/RBE550/install/pal_hey5_controller_configuration:/home/rbe502/RBE550/install/pal_gripper_controller_configuration:/home/rbe502/RBE550/install/launch_pal:${AMENT_PREFIX_PATH} CMAKE_PREFIX_PATH=/home/rbe502/RBE550/install/tiago_description:/home/rbe502/RBE550/install/tiago_controller_configuration:/home/rbe502/RBE550/install/pmb2_description:/home/rbe502/RBE550/install/pmb2_controller_configuration:/home/rbe502/RBE550/install/play_motion2:/home/rbe502/RBE550/install/pal_hey5_description:/home/rbe502/RBE550/install/pal_gripper_description:/home/rbe502/RBE550/install/play_motion2_msgs:/home/rbe502/RBE550/install/pal_urdf_utils:/home/rbe502/RBE550/install/pal_robotiq_description:/home/rbe502/RBE550/install/pal_robotiq_controller_configuration:/home/rbe502/RBE550/install/pal_hey5_controller_configuration:/home/rbe502/RBE550/install/pal_gripper_controller_configuration:/opt/ros/humble LD_LIBRARY_PATH=/home/rbe502/RBE550/install/play_motion2/lib:/home/rbe502/RBE550/install/play_motion2_msgs/lib:${LD_LIBRARY_PATH} PYTHONPATH=/home/rbe502/RBE550/install/tiago_description/local/lib/python3.10/dist-packages:/home/rbe502/RBE550/install/pmb2_description/local/lib/python3.10/dist-packages:/home/rbe502/RBE550/install/play_motion2_msgs/local/lib/python3.10/dist-packages:/home/rbe502/RBE550/build/launch_pal:/home/rbe502/RBE550/install/launch_pal/lib/python3.10/site-packages:${PYTHONPATH} /usr/bin/cmake --install /home/rbe502/RBE550/build/tiago_bringup
[2.789s] -- Install configuration: ""
[2.790s] -- Execute custom install script
[2.791s] -- Symlinking: /home/rbe502/RBE550/install/tiago_bringup/lib/tiago_bringup/regen_em_file.py
[2.821s] -- Symlinking: /home/rbe502/RBE550/install/tiago_bringup/share/tiago_bringup/config/joy_teleop/joy_config.yaml
[2.849s] -- Symlinking: /home/rbe502/RBE550/install/tiago_bringup/share/tiago_bringup/config/joy_teleop/joy_teleop_omni_base.yaml
[2.877s] -- Symlinking: /home/rbe502/RBE550/install/tiago_bringup/share/tiago_bringup/config/joy_teleop/joy_teleop_pmb2.yaml
[2.905s] -- Symlinking: /home/rbe502/RBE550/install/tiago_bringup/share/tiago_bringup/config/motion_planner/motion_planner.yaml.em
[2.935s] -- Symlinking: /home/rbe502/RBE550/install/tiago_bringup/share/tiago_bringup/config/motion_planner/motion_planner_custom.yaml
[2.962s] -- Symlinking: /home/rbe502/RBE550/install/tiago_bringup/share/tiago_bringup/config/motion_planner/motion_planner_no-arm.yaml
[2.990s] -- Symlinking: /home/rbe502/RBE550/install/tiago_bringup/share/tiago_bringup/config/motion_planner/motion_planner_no-ee.yaml
[3.017s] -- Symlinking: /home/rbe502/RBE550/install/tiago_bringup/share/tiago_bringup/config/motion_planner/motion_planner_pal-gripper.yaml
[3.044s] -- Symlinking: /home/rbe502/RBE550/install/tiago_bringup/share/tiago_bringup/config/motion_planner/motion_planner_pal-hey5.yaml
[3.072s] -- Symlinking: /home/rbe502/RBE550/install/tiago_bringup/share/tiago_bringup/config/motion_planner/motion_planner_robotiq-2f-140.yaml
[3.098s] -- Symlinking: /home/rbe502/RBE550/install/tiago_bringup/share/tiago_bringup/config/motion_planner/motion_planner_robotiq-2f-85.yaml
[3.125s] -- Symlinking: /home/rbe502/RBE550/install/tiago_bringup/share/tiago_bringup/config/motion_planner/motion_planner_robotiq-epick.yaml
[3.154s] -- Symlinking: /home/rbe502/RBE550/install/tiago_bringup/share/tiago_bringup/config/motions/tiago_motions.yaml.em
[3.183s] -- Symlinking: /home/rbe502/RBE550/install/tiago_bringup/share/tiago_bringup/config/motions/tiago_motions_custom.yaml
[3.205s] -- Symlinking: /home/rbe502/RBE550/install/tiago_bringup/share/tiago_bringup/config/motions/tiago_motions_general.yaml
[3.234s] -- Symlinking: /home/rbe502/RBE550/install/tiago_bringup/share/tiago_bringup/config/motions/tiago_motions_no-arm.yaml
[3.260s] -- Symlinking: /home/rbe502/RBE550/install/tiago_bringup/share/tiago_bringup/config/motions/tiago_motions_no-ee.yaml
[3.288s] -- Symlinking: /home/rbe502/RBE550/install/tiago_bringup/share/tiago_bringup/config/motions/tiago_motions_pal-gripper.yaml
[3.315s] -- Symlinking: /home/rbe502/RBE550/install/tiago_bringup/share/tiago_bringup/config/motions/tiago_motions_pal-hey5.yaml
[3.343s] -- Symlinking: /home/rbe502/RBE550/install/tiago_bringup/share/tiago_bringup/config/motions/tiago_motions_robotiq-2f-140.yaml
[3.371s] -- Symlinking: /home/rbe502/RBE550/install/tiago_bringup/share/tiago_bringup/config/motions/tiago_motions_robotiq-2f-85.yaml
[3.398s] -- Symlinking: /home/rbe502/RBE550/install/tiago_bringup/share/tiago_bringup/config/motions/tiago_motions_robotiq-epick.yaml
[3.427s] -- Symlinking: /home/rbe502/RBE550/install/tiago_bringup/share/tiago_bringup/config/twist_mux/joystick_omni_base.yaml
[3.453s] -- Symlinking: /home/rbe502/RBE550/install/tiago_bringup/share/tiago_bringup/config/twist_mux/joystick_pmb2.yaml
[3.482s] -- Symlinking: /home/rbe502/RBE550/install/tiago_bringup/share/tiago_bringup/config/twist_mux/twist_mux_locks.yaml
[3.509s] -- Symlinking: /home/rbe502/RBE550/install/tiago_bringup/share/tiago_bringup/config/twist_mux/twist_mux_topics.yaml
[3.536s] -- Symlinking: /home/rbe502/RBE550/install/tiago_bringup/share/tiago_bringup/launch/joystick_teleop.launch.py
[3.564s] -- Symlinking: /home/rbe502/RBE550/install/tiago_bringup/share/tiago_bringup/launch/tiago_bringup.launch.py
[3.590s] -- Symlinking: /home/rbe502/RBE550/install/tiago_bringup/share/tiago_bringup/launch/tiago_play_motion2.launch.py
[3.617s] -- Symlinking: /home/rbe502/RBE550/install/tiago_bringup/share/tiago_bringup/launch/twist_mux.launch.py
[3.645s] -- Symlinking: /home/rbe502/RBE550/install/tiago_bringup/share/ament_index/resource_index/package_run_dependencies/tiago_bringup
[3.674s] -- Symlinking: /home/rbe502/RBE550/install/tiago_bringup/share/ament_index/resource_index/parent_prefix_path/tiago_bringup
[3.700s] -- Symlinking: /home/rbe502/RBE550/install/tiago_bringup/share/tiago_bringup/environment/ament_prefix_path.sh
[3.730s] -- Symlinking: /home/rbe502/RBE550/install/tiago_bringup/share/tiago_bringup/environment/ament_prefix_path.dsv
[3.758s] -- Symlinking: /home/rbe502/RBE550/install/tiago_bringup/share/tiago_bringup/environment/path.sh
[3.791s] -- Symlinking: /home/rbe502/RBE550/install/tiago_bringup/share/tiago_bringup/environment/path.dsv
[3.818s] -- Symlinking: /home/rbe502/RBE550/install/tiago_bringup/share/tiago_bringup/local_setup.bash
[3.846s] -- Symlinking: /home/rbe502/RBE550/install/tiago_bringup/share/tiago_bringup/local_setup.sh
[3.873s] -- Symlinking: /home/rbe502/RBE550/install/tiago_bringup/share/tiago_bringup/local_setup.zsh
[3.902s] -- Symlinking: /home/rbe502/RBE550/install/tiago_bringup/share/tiago_bringup/local_setup.dsv
[3.929s] -- Symlinking: /home/rbe502/RBE550/install/tiago_bringup/share/tiago_bringup/package.dsv
[3.960s] -- Symlinking: /home/rbe502/RBE550/install/tiago_bringup/share/ament_index/resource_index/packages/tiago_bringup
[3.986s] -- Symlinking: /home/rbe502/RBE550/install/tiago_bringup/share/tiago_bringup/cmake/tiago_bringupConfig.cmake
[4.017s] -- Symlinking: /home/rbe502/RBE550/install/tiago_bringup/share/tiago_bringup/cmake/tiago_bringupConfig-version.cmake
[4.047s] -- Symlinking: /home/rbe502/RBE550/install/tiago_bringup/share/tiago_bringup/package.xml
[4.079s] Invoked command in '/home/rbe502/RBE550/build/tiago_bringup' returned '0': AMENT_PREFIX_PATH=/home/rbe502/RBE550/install/tiago_description:/home/rbe502/RBE550/install/tiago_controller_configuration:/home/rbe502/RBE550/install/pmb2_description:/home/rbe502/RBE550/install/pmb2_controller_configuration:/home/rbe502/RBE550/install/play_motion2:/home/rbe502/RBE550/install/pal_hey5_description:/home/rbe502/RBE550/install/pal_gripper_description:/home/rbe502/RBE550/install/play_motion2_msgs:/home/rbe502/RBE550/install/pal_urdf_utils:/home/rbe502/RBE550/install/pal_robotiq_description:/home/rbe502/RBE550/install/pal_robotiq_controller_configuration:/home/rbe502/RBE550/install/pal_hey5_controller_configuration:/home/rbe502/RBE550/install/pal_gripper_controller_configuration:/home/rbe502/RBE550/install/launch_pal:${AMENT_PREFIX_PATH} CMAKE_PREFIX_PATH=/home/rbe502/RBE550/install/tiago_description:/home/rbe502/RBE550/install/tiago_controller_configuration:/home/rbe502/RBE550/install/pmb2_description:/home/rbe502/RBE550/install/pmb2_controller_configuration:/home/rbe502/RBE550/install/play_motion2:/home/rbe502/RBE550/install/pal_hey5_description:/home/rbe502/RBE550/install/pal_gripper_description:/home/rbe502/RBE550/install/play_motion2_msgs:/home/rbe502/RBE550/install/pal_urdf_utils:/home/rbe502/RBE550/install/pal_robotiq_description:/home/rbe502/RBE550/install/pal_robotiq_controller_configuration:/home/rbe502/RBE550/install/pal_hey5_controller_configuration:/home/rbe502/RBE550/install/pal_gripper_controller_configuration:/opt/ros/humble LD_LIBRARY_PATH=/home/rbe502/RBE550/install/play_motion2/lib:/home/rbe502/RBE550/install/play_motion2_msgs/lib:${LD_LIBRARY_PATH} PYTHONPATH=/home/rbe502/RBE550/install/tiago_description/local/lib/python3.10/dist-packages:/home/rbe502/RBE550/install/pmb2_description/local/lib/python3.10/dist-packages:/home/rbe502/RBE550/install/play_motion2_msgs/local/lib/python3.10/dist-packages:/home/rbe502/RBE550/build/launch_pal:/home/rbe502/RBE550/install/launch_pal/lib/python3.10/site-packages:${PYTHONPATH} /usr/bin/cmake --install /home/rbe502/RBE550/build/tiago_bringup
