[0.039s] Invoking command in '/home/rbe502/RBE550/build/tiago_laser_sensors': CMAKE_PREFIX_PATH=/opt/ros/humble /usr/bin/cmake /home/rbe502/RBE550/src/tiago_navigation/tiago_laser_sensors -DAMENT_CMAKE_SYMLINK_INSTALL=1 -DCMAKE_INSTALL_PREFIX=/home/rbe502/RBE550/install/tiago_laser_sensors
[0.229s] -- The C compiler identification is GNU 11.4.0
[0.411s] -- The CXX compiler identification is GNU 11.4.0
[0.433s] -- Detecting C compiler ABI info
[0.657s] -- Detecting C compiler ABI info - done
[0.676s] -- Check for working C compiler: /usr/bin/cc - skipped
[0.677s] -- Detecting C compile features
[0.681s] -- Detecting C compile features - done
[0.687s] -- Detecting CXX compiler ABI info
[0.958s] -- Detecting CXX compiler ABI info - done
[0.978s] -- Check for working CXX compiler: /usr/bin/c++ - skipped
[0.980s] -- Detecting CXX compile features
[0.980s] -- Detecting CXX compile features - done
[0.988s] -- Found ament_cmake_auto: 1.3.8 (/opt/ros/humble/share/ament_cmake_auto/cmake)
[1.895s] -- Found Python3: /usr/bin/python3 (found version "3.10.12") found components: Interpreter 
[2.064s] -- Override CMake install command with custom implementation using symlinks instead of copying resources
[2.379s] -- Added test 'copyright' to check source files copyright and LICENSE
[2.384s] -- Added test 'lint_cmake' to check CMake code style
[2.384s] -- Added test 'xmllint' to check XML markup files
[2.388s] -- Configuring done
[2.394s] -- Generating done
[2.398s] -- Build files have been written to: /home/rbe502/RBE550/build/tiago_laser_sensors
[2.410s] Invoked command in '/home/rbe502/RBE550/build/tiago_laser_sensors' returned '0': CMAKE_PREFIX_PATH=/opt/ros/humble /usr/bin/cmake /home/rbe502/RBE550/src/tiago_navigation/tiago_laser_sensors -DAMENT_CMAKE_SYMLINK_INSTALL=1 -DCMAKE_INSTALL_PREFIX=/home/rbe502/RBE550/install/tiago_laser_sensors
[2.411s] Invoking command in '/home/rbe502/RBE550/build/tiago_laser_sensors': CMAKE_PREFIX_PATH=/opt/ros/humble /usr/bin/cmake --build /home/rbe502/RBE550/build/tiago_laser_sensors -- -j2 -l2
[2.542s] Invoked command in '/home/rbe502/RBE550/build/tiago_laser_sensors' returned '0': CMAKE_PREFIX_PATH=/opt/ros/humble /usr/bin/cmake --build /home/rbe502/RBE550/build/tiago_laser_sensors -- -j2 -l2
[2.656s] Invoking command in '/home/rbe502/RBE550/build/tiago_laser_sensors': CMAKE_PREFIX_PATH=/opt/ros/humble /usr/bin/cmake --install /home/rbe502/RBE550/build/tiago_laser_sensors
[2.684s] -- Install configuration: ""
[2.684s] -- Execute custom install script
[2.686s] -- Symlinking: /home/rbe502/RBE550/install/tiago_laser_sensors/share/ament_index/resource_index/package_run_dependencies/tiago_laser_sensors
[2.714s] -- Symlinking: /home/rbe502/RBE550/install/tiago_laser_sensors/share/ament_index/resource_index/parent_prefix_path/tiago_laser_sensors
[2.745s] -- Symlinking: /home/rbe502/RBE550/install/tiago_laser_sensors/share/tiago_laser_sensors/environment/ament_prefix_path.sh
[2.775s] -- Symlinking: /home/rbe502/RBE550/install/tiago_laser_sensors/share/tiago_laser_sensors/environment/ament_prefix_path.dsv
[2.804s] -- Symlinking: /home/rbe502/RBE550/install/tiago_laser_sensors/share/tiago_laser_sensors/environment/path.sh
[2.831s] -- Symlinking: /home/rbe502/RBE550/install/tiago_laser_sensors/share/tiago_laser_sensors/environment/path.dsv
[2.860s] -- Symlinking: /home/rbe502/RBE550/install/tiago_laser_sensors/share/tiago_laser_sensors/local_setup.bash
[2.886s] -- Symlinking: /home/rbe502/RBE550/install/tiago_laser_sensors/share/tiago_laser_sensors/local_setup.sh
[2.916s] -- Symlinking: /home/rbe502/RBE550/install/tiago_laser_sensors/share/tiago_laser_sensors/local_setup.zsh
[2.949s] -- Symlinking: /home/rbe502/RBE550/install/tiago_laser_sensors/share/tiago_laser_sensors/local_setup.dsv
[2.978s] -- Symlinking: /home/rbe502/RBE550/install/tiago_laser_sensors/share/tiago_laser_sensors/package.dsv
[3.011s] -- Symlinking: /home/rbe502/RBE550/install/tiago_laser_sensors/share/ament_index/resource_index/packages/tiago_laser_sensors
[3.038s] -- Symlinking: /home/rbe502/RBE550/install/tiago_laser_sensors/share/tiago_laser_sensors/cmake/tiago_laser_sensorsConfig.cmake
[3.068s] -- Symlinking: /home/rbe502/RBE550/install/tiago_laser_sensors/share/tiago_laser_sensors/cmake/tiago_laser_sensorsConfig-version.cmake
[3.095s] -- Symlinking: /home/rbe502/RBE550/install/tiago_laser_sensors/share/tiago_laser_sensors/package.xml
[3.130s] Invoked command in '/home/rbe502/RBE550/build/tiago_laser_sensors' returned '0': CMAKE_PREFIX_PATH=/opt/ros/humble /usr/bin/cmake --install /home/rbe502/RBE550/build/tiago_laser_sensors
