[0.040s] Invoking command in '/home/rbe502/RBE550/build/tiago_2dnav': AMENT_PREFIX_PATH=/home/rbe502/RBE550/install/tiago_description:/home/rbe502/RBE550/install/pmb2_description:/home/rbe502/RBE550/install/pal_hey5_description:/home/rbe502/RBE550/install/pal_gripper_description:/home/rbe502/RBE550/install/tiago_laser_sensors:/home/rbe502/RBE550/install/pal_urdf_utils:/home/rbe502/RBE550/install/pal_robotiq_description:/home/rbe502/RBE550/install/launch_pal:${AMENT_PREFIX_PATH} CMAKE_PREFIX_PATH=/home/rbe502/RBE550/install/tiago_description:/home/rbe502/RBE550/install/pmb2_description:/home/rbe502/RBE550/install/pal_hey5_description:/home/rbe502/RBE550/install/pal_gripper_description:/home/rbe502/RBE550/install/tiago_laser_sensors:/home/rbe502/RBE550/install/pal_urdf_utils:/home/rbe502/RBE550/install/pal_robotiq_description:/opt/ros/humble PYTHONPATH=/home/rbe502/RBE550/install/tiago_description/local/lib/python3.10/dist-packages:/home/rbe502/RBE550/install/pmb2_description/local/lib/python3.10/dist-packages:/home/rbe502/RBE550/build/launch_pal:/home/rbe502/RBE550/install/launch_pal/lib/python3.10/site-packages:${PYTHONPATH} /usr/bin/cmake /home/rbe502/RBE550/src/tiago_navigation/tiago_2dnav -DAMENT_CMAKE_SYMLINK_INSTALL=1 -DCMAKE_INSTALL_PREFIX=/home/rbe502/RBE550/install/tiago_2dnav
[0.231s] -- The C compiler identification is GNU 11.4.0
[0.409s] -- The CXX compiler identification is GNU 11.4.0
[0.431s] -- Detecting C compiler ABI info
[0.658s] -- Detecting C compiler ABI info - done
[0.675s] -- Check for working C compiler: /usr/bin/cc - skipped
[0.676s] -- Detecting C compile features
[0.679s] -- Detecting C compile features - done
[0.684s] -- Detecting CXX compiler ABI info
[0.946s] -- Detecting CXX compiler ABI info - done
[0.967s] -- Check for working CXX compiler: /usr/bin/c++ - skipped
[0.967s] -- Detecting CXX compile features
[0.970s] -- Detecting CXX compile features - done
[0.975s] -- Found ament_cmake_auto: 1.3.8 (/opt/ros/humble/share/ament_cmake_auto/cmake)
[1.952s] -- Found Python3: /usr/bin/python3 (found version "3.10.12") found components: Interpreter 
[2.132s] -- Override CMake install command with custom implementation using symlinks instead of copying resources
[2.415s] -- Found ament_lint_auto: 0.12.10 (/opt/ros/humble/share/ament_lint_auto/cmake)
[2.484s] -- Added test 'copyright' to check source files copyright and LICENSE
[2.490s] -- Added test 'flake8' to check Python code syntax and style conventions
[2.493s] -- Added test 'lint_cmake' to check CMake code style
[2.494s] -- Added test 'pep257' to check Python code against some of the docstring style conventions in PEP 257
[2.503s] -- Added test 'xmllint' to check XML markup files
[2.507s] -- Configuring done
[2.513s] -- Generating done
[2.516s] -- Build files have been written to: /home/rbe502/RBE550/build/tiago_2dnav
[2.533s] Invoked command in '/home/rbe502/RBE550/build/tiago_2dnav' returned '0': AMENT_PREFIX_PATH=/home/rbe502/RBE550/install/tiago_description:/home/rbe502/RBE550/install/pmb2_description:/home/rbe502/RBE550/install/pal_hey5_description:/home/rbe502/RBE550/install/pal_gripper_description:/home/rbe502/RBE550/install/tiago_laser_sensors:/home/rbe502/RBE550/install/pal_urdf_utils:/home/rbe502/RBE550/install/pal_robotiq_description:/home/rbe502/RBE550/install/launch_pal:${AMENT_PREFIX_PATH} CMAKE_PREFIX_PATH=/home/rbe502/RBE550/install/tiago_description:/home/rbe502/RBE550/install/pmb2_description:/home/rbe502/RBE550/install/pal_hey5_description:/home/rbe502/RBE550/install/pal_gripper_description:/home/rbe502/RBE550/install/tiago_laser_sensors:/home/rbe502/RBE550/install/pal_urdf_utils:/home/rbe502/RBE550/install/pal_robotiq_description:/opt/ros/humble PYTHONPATH=/home/rbe502/RBE550/install/tiago_description/local/lib/python3.10/dist-packages:/home/rbe502/RBE550/install/pmb2_description/local/lib/python3.10/dist-packages:/home/rbe502/RBE550/build/launch_pal:/home/rbe502/RBE550/install/launch_pal/lib/python3.10/site-packages:${PYTHONPATH} /usr/bin/cmake /home/rbe502/RBE550/src/tiago_navigation/tiago_2dnav -DAMENT_CMAKE_SYMLINK_INSTALL=1 -DCMAKE_INSTALL_PREFIX=/home/rbe502/RBE550/install/tiago_2dnav
[2.534s] Invoking command in '/home/rbe502/RBE550/build/tiago_2dnav': AMENT_PREFIX_PATH=/home/rbe502/RBE550/install/tiago_description:/home/rbe502/RBE550/install/pmb2_description:/home/rbe502/RBE550/install/pal_hey5_description:/home/rbe502/RBE550/install/pal_gripper_description:/home/rbe502/RBE550/install/tiago_laser_sensors:/home/rbe502/RBE550/install/pal_urdf_utils:/home/rbe502/RBE550/install/pal_robotiq_description:/home/rbe502/RBE550/install/launch_pal:${AMENT_PREFIX_PATH} CMAKE_PREFIX_PATH=/home/rbe502/RBE550/install/tiago_description:/home/rbe502/RBE550/install/pmb2_description:/home/rbe502/RBE550/install/pal_hey5_description:/home/rbe502/RBE550/install/pal_gripper_description:/home/rbe502/RBE550/install/tiago_laser_sensors:/home/rbe502/RBE550/install/pal_urdf_utils:/home/rbe502/RBE550/install/pal_robotiq_description:/opt/ros/humble PYTHONPATH=/home/rbe502/RBE550/install/tiago_description/local/lib/python3.10/dist-packages:/home/rbe502/RBE550/install/pmb2_description/local/lib/python3.10/dist-packages:/home/rbe502/RBE550/build/launch_pal:/home/rbe502/RBE550/install/launch_pal/lib/python3.10/site-packages:${PYTHONPATH} /usr/bin/cmake --build /home/rbe502/RBE550/build/tiago_2dnav -- -j2 -l2
[2.659s] Invoked command in '/home/rbe502/RBE550/build/tiago_2dnav' returned '0': AMENT_PREFIX_PATH=/home/rbe502/RBE550/install/tiago_description:/home/rbe502/RBE550/install/pmb2_description:/home/rbe502/RBE550/install/pal_hey5_description:/home/rbe502/RBE550/install/pal_gripper_description:/home/rbe502/RBE550/install/tiago_laser_sensors:/home/rbe502/RBE550/install/pal_urdf_utils:/home/rbe502/RBE550/install/pal_robotiq_description:/home/rbe502/RBE550/install/launch_pal:${AMENT_PREFIX_PATH} CMAKE_PREFIX_PATH=/home/rbe502/RBE550/install/tiago_description:/home/rbe502/RBE550/install/pmb2_description:/home/rbe502/RBE550/install/pal_hey5_description:/home/rbe502/RBE550/install/pal_gripper_description:/home/rbe502/RBE550/install/tiago_laser_sensors:/home/rbe502/RBE550/install/pal_urdf_utils:/home/rbe502/RBE550/install/pal_robotiq_description:/opt/ros/humble PYTHONPATH=/home/rbe502/RBE550/install/tiago_description/local/lib/python3.10/dist-packages:/home/rbe502/RBE550/install/pmb2_description/local/lib/python3.10/dist-packages:/home/rbe502/RBE550/build/launch_pal:/home/rbe502/RBE550/install/launch_pal/lib/python3.10/site-packages:${PYTHONPATH} /usr/bin/cmake --build /home/rbe502/RBE550/build/tiago_2dnav -- -j2 -l2
[2.775s] Invoking command in '/home/rbe502/RBE550/build/tiago_2dnav': AMENT_PREFIX_PATH=/home/rbe502/RBE550/install/tiago_description:/home/rbe502/RBE550/install/pmb2_description:/home/rbe502/RBE550/install/pal_hey5_description:/home/rbe502/RBE550/install/pal_gripper_description:/home/rbe502/RBE550/install/tiago_laser_sensors:/home/rbe502/RBE550/install/pal_urdf_utils:/home/rbe502/RBE550/install/pal_robotiq_description:/home/rbe502/RBE550/install/launch_pal:${AMENT_PREFIX_PATH} CMAKE_PREFIX_PATH=/home/rbe502/RBE550/install/tiago_description:/home/rbe502/RBE550/install/pmb2_description:/home/rbe502/RBE550/install/pal_hey5_description:/home/rbe502/RBE550/install/pal_gripper_description:/home/rbe502/RBE550/install/tiago_laser_sensors:/home/rbe502/RBE550/install/pal_urdf_utils:/home/rbe502/RBE550/install/pal_robotiq_description:/opt/ros/humble PYTHONPATH=/home/rbe502/RBE550/install/tiago_description/local/lib/python3.10/dist-packages:/home/rbe502/RBE550/install/pmb2_description/local/lib/python3.10/dist-packages:/home/rbe502/RBE550/build/launch_pal:/home/rbe502/RBE550/install/launch_pal/lib/python3.10/site-packages:${PYTHONPATH} /usr/bin/cmake --install /home/rbe502/RBE550/build/tiago_2dnav
[2.803s] -- Install configuration: ""
[2.807s] -- Execute custom install script
[2.810s] -- Symlinking: /home/rbe502/RBE550/install/tiago_2dnav/share/tiago_2dnav/config/rviz/navigation.rviz
[2.839s] -- Symlinking: /home/rbe502/RBE550/install/tiago_2dnav/share/tiago_2dnav/config/tiago_omni_base_nav_public_sim.yaml
[2.870s] -- Symlinking: /home/rbe502/RBE550/install/tiago_2dnav/share/tiago_2dnav/config/tiago_pmb2_nav_public_sim.yaml
[2.897s] -- Symlinking: /home/rbe502/RBE550/install/tiago_2dnav/share/tiago_2dnav/launch/tiago_nav_bringup.launch.py
[2.928s] -- Symlinking: /home/rbe502/RBE550/install/tiago_2dnav/share/ament_index/resource_index/package_run_dependencies/tiago_2dnav
[2.957s] -- Symlinking: /home/rbe502/RBE550/install/tiago_2dnav/share/ament_index/resource_index/parent_prefix_path/tiago_2dnav
[2.985s] -- Symlinking: /home/rbe502/RBE550/install/tiago_2dnav/share/tiago_2dnav/environment/ament_prefix_path.sh
[3.016s] -- Symlinking: /home/rbe502/RBE550/install/tiago_2dnav/share/tiago_2dnav/environment/ament_prefix_path.dsv
[3.044s] -- Symlinking: /home/rbe502/RBE550/install/tiago_2dnav/share/tiago_2dnav/environment/path.sh
[3.074s] -- Symlinking: /home/rbe502/RBE550/install/tiago_2dnav/share/tiago_2dnav/environment/path.dsv
[3.104s] -- Symlinking: /home/rbe502/RBE550/install/tiago_2dnav/share/tiago_2dnav/local_setup.bash
[3.133s] -- Symlinking: /home/rbe502/RBE550/install/tiago_2dnav/share/tiago_2dnav/local_setup.sh
[3.163s] -- Symlinking: /home/rbe502/RBE550/install/tiago_2dnav/share/tiago_2dnav/local_setup.zsh
[3.192s] -- Symlinking: /home/rbe502/RBE550/install/tiago_2dnav/share/tiago_2dnav/local_setup.dsv
[3.223s] -- Symlinking: /home/rbe502/RBE550/install/tiago_2dnav/share/tiago_2dnav/package.dsv
[3.252s] -- Symlinking: /home/rbe502/RBE550/install/tiago_2dnav/share/ament_index/resource_index/packages/tiago_2dnav
[3.282s] -- Symlinking: /home/rbe502/RBE550/install/tiago_2dnav/share/tiago_2dnav/cmake/tiago_2dnavConfig.cmake
[3.313s] -- Symlinking: /home/rbe502/RBE550/install/tiago_2dnav/share/tiago_2dnav/cmake/tiago_2dnavConfig-version.cmake
[3.343s] -- Symlinking: /home/rbe502/RBE550/install/tiago_2dnav/share/tiago_2dnav/package.xml
[3.376s] Invoked command in '/home/rbe502/RBE550/build/tiago_2dnav' returned '0': AMENT_PREFIX_PATH=/home/rbe502/RBE550/install/tiago_description:/home/rbe502/RBE550/install/pmb2_description:/home/rbe502/RBE550/install/pal_hey5_description:/home/rbe502/RBE550/install/pal_gripper_description:/home/rbe502/RBE550/install/tiago_laser_sensors:/home/rbe502/RBE550/install/pal_urdf_utils:/home/rbe502/RBE550/install/pal_robotiq_description:/home/rbe502/RBE550/install/launch_pal:${AMENT_PREFIX_PATH} CMAKE_PREFIX_PATH=/home/rbe502/RBE550/install/tiago_description:/home/rbe502/RBE550/install/pmb2_description:/home/rbe502/RBE550/install/pal_hey5_description:/home/rbe502/RBE550/install/pal_gripper_description:/home/rbe502/RBE550/install/tiago_laser_sensors:/home/rbe502/RBE550/install/pal_urdf_utils:/home/rbe502/RBE550/install/pal_robotiq_description:/opt/ros/humble PYTHONPATH=/home/rbe502/RBE550/install/tiago_description/local/lib/python3.10/dist-packages:/home/rbe502/RBE550/install/pmb2_description/local/lib/python3.10/dist-packages:/home/rbe502/RBE550/build/launch_pal:/home/rbe502/RBE550/install/launch_pal/lib/python3.10/site-packages:${PYTHONPATH} /usr/bin/cmake --install /home/rbe502/RBE550/build/tiago_2dnav
