[0.031s] Invoking command in '/home/rbe502/RBE550/build/play_motion2_msgs': CMAKE_PREFIX_PATH=/opt/ros/humble /usr/bin/cmake /home/rbe502/RBE550/src/play_motion2/play_motion2_msgs -DAMENT_CMAKE_SYMLINK_INSTALL=1 -DCMAKE_INSTALL_PREFIX=/home/rbe502/RBE550/install/play_motion2_msgs
[0.213s] -- The C compiler identification is GNU 11.4.0
[0.399s] -- The CXX compiler identification is GNU 11.4.0
[0.420s] -- Detecting C compiler ABI info
[0.679s] -- Detecting C compiler ABI info - done
[0.698s] -- Check for working C compiler: /usr/bin/cc - skipped
[0.699s] -- Detecting C compile features
[0.700s] -- Detecting C compile features - done
[0.707s] -- Detecting CXX compiler ABI info
[1.003s] -- Detecting CXX compiler ABI info - done
[1.023s] -- Check for working CXX compiler: /usr/bin/c++ - skipped
[1.023s] -- Detecting CXX compile features
[1.024s] -- Detecting CXX compile features - done
[1.029s] -- Found ament_cmake: 1.3.8 (/opt/ros/humble/share/ament_cmake/cmake)
[1.951s] -- Found Python3: /usr/bin/python3 (found version "3.10.12") found components: Interpreter 
[2.115s] -- Override CMake install command with custom implementation using symlinks instead of copying resources
[2.184s] -- Found builtin_interfaces: 1.2.1 (/opt/ros/humble/share/builtin_interfaces/cmake)
[2.268s] -- Found rosidl_generator_c: 3.1.5 (/opt/ros/humble/share/rosidl_generator_c/cmake)
[2.280s] -- Found rosidl_adapter: 3.1.5 (/opt/ros/humble/share/rosidl_adapter/cmake)
[2.301s] -- Found rosidl_generator_cpp: 3.1.5 (/opt/ros/humble/share/rosidl_generator_cpp/cmake)
[2.334s] -- Using all available rosidl_typesupport_c: rosidl_typesupport_fastrtps_c;rosidl_typesupport_introspection_c
[2.383s] -- Using all available rosidl_typesupport_cpp: rosidl_typesupport_fastrtps_cpp;rosidl_typesupport_introspection_cpp
[2.435s] -- Found rosidl_default_generators: 1.2.0 (/opt/ros/humble/share/rosidl_default_generators/cmake)
[3.571s] -- Found ament_cmake_cppcheck: 0.12.10 (/opt/ros/humble/share/ament_cmake_cppcheck/cmake)
[3.577s] -- Found ament_cmake_cpplint: 0.12.10 (/opt/ros/humble/share/ament_cmake_cpplint/cmake)
[3.582s] -- Found ament_cmake_uncrustify: 0.12.10 (/opt/ros/humble/share/ament_cmake_uncrustify/cmake)
[3.594s] -- Found ament_cmake_ros: 0.10.0 (/opt/ros/humble/share/ament_cmake_ros/cmake)
[4.580s] -- Using all available rosidl_typesupport_c: rosidl_typesupport_fastrtps_c;rosidl_typesupport_introspection_c
[4.952s] -- Using all available rosidl_typesupport_cpp: rosidl_typesupport_fastrtps_cpp;rosidl_typesupport_introspection_cpp
[5.030s] -- Found PythonInterp: /usr/bin/python3 (found suitable version "3.10.12", minimum required is "3.6") 
[5.033s] -- Found python_cmake_module: 0.10.0 (/opt/ros/humble/share/python_cmake_module/cmake)
[5.114s] -- Found PythonLibs: /usr/lib/x86_64-linux-gnu/libpython3.10.so (found suitable version "3.10.12", minimum required is "3.5") 
[5.114s] -- Using PYTHON_EXECUTABLE: /usr/bin/python3
[5.115s] -- Using PYTHON_INCLUDE_DIRS: /usr/include/python3.10
[5.115s] -- Using PYTHON_LIBRARIES: /usr/lib/x86_64-linux-gnu/libpython3.10.so
[5.183s] -- Found PythonExtra: .so  
[5.320s] -- Found ament_cmake_flake8: 0.12.10 (/opt/ros/humble/share/ament_cmake_flake8/cmake)
[5.326s] -- Found ament_cmake_pep257: 0.12.10 (/opt/ros/humble/share/ament_cmake_pep257/cmake)
[5.380s] -- Configuring done
[5.496s] -- Generating done
[5.504s] -- Build files have been written to: /home/rbe502/RBE550/build/play_motion2_msgs
[5.524s] Invoked command in '/home/rbe502/RBE550/build/play_motion2_msgs' returned '0': CMAKE_PREFIX_PATH=/opt/ros/humble /usr/bin/cmake /home/rbe502/RBE550/src/play_motion2/play_motion2_msgs -DAMENT_CMAKE_SYMLINK_INSTALL=1 -DCMAKE_INSTALL_PREFIX=/home/rbe502/RBE550/install/play_motion2_msgs
[5.526s] Invoking command in '/home/rbe502/RBE550/build/play_motion2_msgs': CMAKE_PREFIX_PATH=/opt/ros/humble /usr/bin/cmake --build /home/rbe502/RBE550/build/play_motion2_msgs -- -j2 -l2
[5.712s] [  1%] [34m[1mGenerating C code for ROS interfaces[0m
[5.718s] [  2%] [34m[1mGenerating C++ code for ROS interfaces[0m
[9.011s] [  2%] Built target play_motion2_msgs__cpp
[9.167s] [  2%] Built target ament_cmake_python_symlink_play_motion2_msgs
[9.241s] [  3%] [34m[1mGenerating C++ type support dispatch for ROS interfaces[0m
[9.602s] [  5%] [32mBuilding C object CMakeFiles/play_motion2_msgs__rosidl_generator_c.dir/rosidl_generator_c/play_motion2_msgs/action/detail/play_motion2__functions.c.o[0m
[10.342s] [  6%] [32mBuilding C object CMakeFiles/play_motion2_msgs__rosidl_generator_c.dir/rosidl_generator_c/play_motion2_msgs/msg/detail/motion__functions.c.o[0m
[10.635s] [  7%] [32mBuilding C object CMakeFiles/play_motion2_msgs__rosidl_generator_c.dir/rosidl_generator_c/play_motion2_msgs/srv/detail/add_motion__functions.c.o[0m
[10.918s] [  8%] [32mBuilding C object CMakeFiles/play_motion2_msgs__rosidl_generator_c.dir/rosidl_generator_c/play_motion2_msgs/srv/detail/get_motion_info__functions.c.o[0m
[11.138s] [ 10%] [32mBuilding C object CMakeFiles/play_motion2_msgs__rosidl_generator_c.dir/rosidl_generator_c/play_motion2_msgs/srv/detail/is_motion_ready__functions.c.o[0m
[11.411s] [ 11%] [32mBuilding CXX object CMakeFiles/play_motion2_msgs__rosidl_typesupport_cpp.dir/rosidl_typesupport_cpp/play_motion2_msgs/action/play_motion2__type_support.cpp.o[0m
[11.426s] [ 12%] [32mBuilding C object CMakeFiles/play_motion2_msgs__rosidl_generator_c.dir/rosidl_generator_c/play_motion2_msgs/srv/detail/list_motions__functions.c.o[0m
[11.660s] [ 13%] [32mBuilding C object CMakeFiles/play_motion2_msgs__rosidl_generator_c.dir/rosidl_generator_c/play_motion2_msgs/srv/detail/remove_motion__functions.c.o[0m
[11.891s] [ 15%] [32m[1mLinking C shared library libplay_motion2_msgs__rosidl_generator_c.so[0m
[12.080s] [ 15%] Built target play_motion2_msgs__rosidl_generator_c
[12.116s] [ 16%] [32mBuilding CXX object CMakeFiles/play_motion2_msgs__rosidl_typesupport_cpp.dir/rosidl_typesupport_cpp/play_motion2_msgs/msg/motion__type_support.cpp.o[0m
[13.083s] [ 17%] [32mBuilding CXX object CMakeFiles/play_motion2_msgs__rosidl_typesupport_cpp.dir/rosidl_typesupport_cpp/play_motion2_msgs/srv/add_motion__type_support.cpp.o[0m
[13.927s] [ 18%] [32mBuilding CXX object CMakeFiles/play_motion2_msgs__rosidl_typesupport_cpp.dir/rosidl_typesupport_cpp/play_motion2_msgs/srv/get_motion_info__type_support.cpp.o[0m
[14.338s] [ 20%] [32mBuilding CXX object CMakeFiles/play_motion2_msgs__rosidl_typesupport_cpp.dir/rosidl_typesupport_cpp/play_motion2_msgs/srv/is_motion_ready__type_support.cpp.o[0m
[15.204s] [ 21%] [32mBuilding CXX object CMakeFiles/play_motion2_msgs__rosidl_typesupport_cpp.dir/rosidl_typesupport_cpp/play_motion2_msgs/srv/list_motions__type_support.cpp.o[0m
[15.337s] [ 22%] [32mBuilding CXX object CMakeFiles/play_motion2_msgs__rosidl_typesupport_cpp.dir/rosidl_typesupport_cpp/play_motion2_msgs/srv/remove_motion__type_support.cpp.o[0m
[16.274s] [ 24%] [34m[1mGenerating C++ type support for eProsima Fast-RTPS[0m
[16.504s] [ 25%] [32m[1mLinking CXX shared library libplay_motion2_msgs__rosidl_typesupport_cpp.so[0m
[16.787s] [ 25%] Built target play_motion2_msgs__rosidl_typesupport_cpp
[16.830s] [ 26%] [34m[1mGenerating C introspection for ROS interfaces[0m
[19.249s] [ 27%] [32mBuilding CXX object CMakeFiles/play_motion2_msgs__rosidl_typesupport_fastrtps_cpp.dir/rosidl_typesupport_fastrtps_cpp/play_motion2_msgs/action/detail/dds_fastrtps/play_motion2__type_support.cpp.o[0m
[19.386s] [ 29%] [32mBuilding C object CMakeFiles/play_motion2_msgs__rosidl_typesupport_introspection_c.dir/rosidl_typesupport_introspection_c/play_motion2_msgs/action/detail/play_motion2__type_support.c.o[0m
[19.667s] [ 30%] [32mBuilding C object CMakeFiles/play_motion2_msgs__rosidl_typesupport_introspection_c.dir/rosidl_typesupport_introspection_c/play_motion2_msgs/msg/detail/motion__type_support.c.o[0m
[19.925s] [ 31%] [32mBuilding C object CMakeFiles/play_motion2_msgs__rosidl_typesupport_introspection_c.dir/rosidl_typesupport_introspection_c/play_motion2_msgs/srv/detail/add_motion__type_support.c.o[0m
[20.147s] [ 32%] [32mBuilding C object CMakeFiles/play_motion2_msgs__rosidl_typesupport_introspection_c.dir/rosidl_typesupport_introspection_c/play_motion2_msgs/srv/detail/get_motion_info__type_support.c.o[0m
[20.374s] [ 34%] [32mBuilding C object CMakeFiles/play_motion2_msgs__rosidl_typesupport_introspection_c.dir/rosidl_typesupport_introspection_c/play_motion2_msgs/srv/detail/is_motion_ready__type_support.c.o[0m
[20.492s] [ 35%] [32mBuilding C object CMakeFiles/play_motion2_msgs__rosidl_typesupport_introspection_c.dir/rosidl_typesupport_introspection_c/play_motion2_msgs/srv/detail/list_motions__type_support.c.o[0m
[20.742s] [ 36%] [32mBuilding C object CMakeFiles/play_motion2_msgs__rosidl_typesupport_introspection_c.dir/rosidl_typesupport_introspection_c/play_motion2_msgs/srv/detail/remove_motion__type_support.c.o[0m
[20.966s] [ 37%] [32m[1mLinking C shared library libplay_motion2_msgs__rosidl_typesupport_introspection_c.so[0m
[21.193s] [ 37%] Built target play_motion2_msgs__rosidl_typesupport_introspection_c
[21.253s] [ 39%] [32mBuilding CXX object CMakeFiles/play_motion2_msgs__rosidl_typesupport_fastrtps_cpp.dir/rosidl_typesupport_fastrtps_cpp/play_motion2_msgs/msg/detail/dds_fastrtps/motion__type_support.cpp.o[0m
[21.505s] [ 40%] [32mBuilding CXX object CMakeFiles/play_motion2_msgs__rosidl_typesupport_fastrtps_cpp.dir/rosidl_typesupport_fastrtps_cpp/play_motion2_msgs/srv/detail/dds_fastrtps/add_motion__type_support.cpp.o[0m
[23.293s] [ 41%] [32mBuilding CXX object CMakeFiles/play_motion2_msgs__rosidl_typesupport_fastrtps_cpp.dir/rosidl_typesupport_fastrtps_cpp/play_motion2_msgs/srv/detail/dds_fastrtps/get_motion_info__type_support.cpp.o[0m
[23.438s] [ 43%] [34m[1mGenerating C type support dispatch for ROS interfaces[0m
[25.179s] [ 44%] [32mBuilding CXX object CMakeFiles/play_motion2_msgs__rosidl_typesupport_fastrtps_cpp.dir/rosidl_typesupport_fastrtps_cpp/play_motion2_msgs/srv/detail/dds_fastrtps/is_motion_ready__type_support.cpp.o[0m
[25.322s] [ 45%] [32mBuilding CXX object CMakeFiles/play_motion2_msgs__rosidl_typesupport_c.dir/rosidl_typesupport_c/play_motion2_msgs/action/play_motion2__type_support.cpp.o[0m
[25.651s] [ 46%] [32mBuilding CXX object CMakeFiles/play_motion2_msgs__rosidl_typesupport_c.dir/rosidl_typesupport_c/play_motion2_msgs/msg/motion__type_support.cpp.o[0m
[25.912s] [ 48%] [32mBuilding CXX object CMakeFiles/play_motion2_msgs__rosidl_typesupport_c.dir/rosidl_typesupport_c/play_motion2_msgs/srv/add_motion__type_support.cpp.o[0m
[26.136s] [ 49%] [32mBuilding CXX object CMakeFiles/play_motion2_msgs__rosidl_typesupport_c.dir/rosidl_typesupport_c/play_motion2_msgs/srv/get_motion_info__type_support.cpp.o[0m
[26.352s] [ 50%] [32mBuilding CXX object CMakeFiles/play_motion2_msgs__rosidl_typesupport_c.dir/rosidl_typesupport_c/play_motion2_msgs/srv/is_motion_ready__type_support.cpp.o[0m
[26.560s] [ 51%] [32mBuilding CXX object CMakeFiles/play_motion2_msgs__rosidl_typesupport_c.dir/rosidl_typesupport_c/play_motion2_msgs/srv/list_motions__type_support.cpp.o[0m
[26.739s] [ 53%] [32mBuilding CXX object CMakeFiles/play_motion2_msgs__rosidl_typesupport_c.dir/rosidl_typesupport_c/play_motion2_msgs/srv/remove_motion__type_support.cpp.o[0m
[26.754s] [ 54%] [32mBuilding CXX object CMakeFiles/play_motion2_msgs__rosidl_typesupport_fastrtps_cpp.dir/rosidl_typesupport_fastrtps_cpp/play_motion2_msgs/srv/detail/dds_fastrtps/list_motions__type_support.cpp.o[0m
[26.902s] [ 55%] [32m[1mLinking CXX shared library libplay_motion2_msgs__rosidl_typesupport_c.so[0m
[27.186s] [ 55%] Built target play_motion2_msgs__rosidl_typesupport_c
[28.163s] [ 56%] [32mBuilding CXX object CMakeFiles/play_motion2_msgs__rosidl_typesupport_fastrtps_cpp.dir/rosidl_typesupport_fastrtps_cpp/play_motion2_msgs/srv/detail/dds_fastrtps/remove_motion__type_support.cpp.o[0m
[29.270s] [ 58%] [32m[1mLinking CXX shared library libplay_motion2_msgs__rosidl_typesupport_fastrtps_cpp.so[0m
[29.526s] [ 58%] Built target play_motion2_msgs__rosidl_typesupport_fastrtps_cpp
[29.568s] [ 59%] [34m[1mGenerating C++ introspection for ROS interfaces[0m
[31.200s] [ 60%] [32mBuilding CXX object CMakeFiles/play_motion2_msgs__rosidl_typesupport_introspection_cpp.dir/rosidl_typesupport_introspection_cpp/play_motion2_msgs/action/detail/play_motion2__type_support.cpp.o[0m
[32.711s] [ 62%] [32mBuilding CXX object CMakeFiles/play_motion2_msgs__rosidl_typesupport_introspection_cpp.dir/rosidl_typesupport_introspection_cpp/play_motion2_msgs/msg/detail/motion__type_support.cpp.o[0m
[33.833s] [ 63%] [32mBuilding CXX object CMakeFiles/play_motion2_msgs__rosidl_typesupport_introspection_cpp.dir/rosidl_typesupport_introspection_cpp/play_motion2_msgs/srv/detail/add_motion__type_support.cpp.o[0m
[34.619s] [ 64%] [32mBuilding CXX object CMakeFiles/play_motion2_msgs__rosidl_typesupport_introspection_cpp.dir/rosidl_typesupport_introspection_cpp/play_motion2_msgs/srv/detail/get_motion_info__type_support.cpp.o[0m
[35.715s] [ 65%] [32mBuilding CXX object CMakeFiles/play_motion2_msgs__rosidl_typesupport_introspection_cpp.dir/rosidl_typesupport_introspection_cpp/play_motion2_msgs/srv/detail/is_motion_ready__type_support.cpp.o[0m
[36.736s] [ 67%] [32mBuilding CXX object CMakeFiles/play_motion2_msgs__rosidl_typesupport_introspection_cpp.dir/rosidl_typesupport_introspection_cpp/play_motion2_msgs/srv/detail/list_motions__type_support.cpp.o[0m
[37.873s] [ 68%] [32mBuilding CXX object CMakeFiles/play_motion2_msgs__rosidl_typesupport_introspection_cpp.dir/rosidl_typesupport_introspection_cpp/play_motion2_msgs/srv/detail/remove_motion__type_support.cpp.o[0m
[38.937s] [ 69%] [32m[1mLinking CXX shared library libplay_motion2_msgs__rosidl_typesupport_introspection_cpp.so[0m
[39.203s] [ 69%] Built target play_motion2_msgs__rosidl_typesupport_introspection_cpp
[39.768s] running egg_info
[39.772s] creating play_motion2_msgs.egg-info
[39.815s] writing play_motion2_msgs.egg-info/PKG-INFO
[39.817s] writing dependency_links to play_motion2_msgs.egg-info/dependency_links.txt
[39.818s] writing top-level names to play_motion2_msgs.egg-info/top_level.txt
[39.820s] writing manifest file 'play_motion2_msgs.egg-info/SOURCES.txt'
[39.955s] reading manifest file 'play_motion2_msgs.egg-info/SOURCES.txt'
[39.957s] writing manifest file 'play_motion2_msgs.egg-info/SOURCES.txt'
[40.026s] [ 69%] Built target ament_cmake_python_build_play_motion2_msgs_egg
[40.068s] [ 70%] [34m[1mGenerating C type support for eProsima Fast-RTPS[0m
[42.203s] [ 72%] [32mBuilding CXX object CMakeFiles/play_motion2_msgs__rosidl_typesupport_fastrtps_c.dir/rosidl_typesupport_fastrtps_c/play_motion2_msgs/action/detail/play_motion2__type_support_c.cpp.o[0m
[43.321s] [ 73%] [32mBuilding CXX object CMakeFiles/play_motion2_msgs__rosidl_typesupport_fastrtps_c.dir/rosidl_typesupport_fastrtps_c/play_motion2_msgs/msg/detail/motion__type_support_c.cpp.o[0m
[44.273s] [ 74%] [32mBuilding CXX object CMakeFiles/play_motion2_msgs__rosidl_typesupport_fastrtps_c.dir/rosidl_typesupport_fastrtps_c/play_motion2_msgs/srv/detail/add_motion__type_support_c.cpp.o[0m
[45.216s] [ 75%] [32mBuilding CXX object CMakeFiles/play_motion2_msgs__rosidl_typesupport_fastrtps_c.dir/rosidl_typesupport_fastrtps_c/play_motion2_msgs/srv/detail/get_motion_info__type_support_c.cpp.o[0m
[46.169s] [ 77%] [32mBuilding CXX object CMakeFiles/play_motion2_msgs__rosidl_typesupport_fastrtps_c.dir/rosidl_typesupport_fastrtps_c/play_motion2_msgs/srv/detail/is_motion_ready__type_support_c.cpp.o[0m
[47.231s] [ 78%] [32mBuilding CXX object CMakeFiles/play_motion2_msgs__rosidl_typesupport_fastrtps_c.dir/rosidl_typesupport_fastrtps_c/play_motion2_msgs/srv/detail/list_motions__type_support_c.cpp.o[0m
[48.234s] [ 79%] [32mBuilding CXX object CMakeFiles/play_motion2_msgs__rosidl_typesupport_fastrtps_c.dir/rosidl_typesupport_fastrtps_c/play_motion2_msgs/srv/detail/remove_motion__type_support_c.cpp.o[0m
[49.205s] [ 81%] [32m[1mLinking CXX shared library libplay_motion2_msgs__rosidl_typesupport_fastrtps_c.so[0m
[49.447s] [ 81%] Built target play_motion2_msgs__rosidl_typesupport_fastrtps_c
[49.521s] [ 81%] Built target play_motion2_msgs
[49.595s] [ 82%] [34m[1mGenerating Python code for ROS interfaces[0m
[53.805s] [ 82%] Built target play_motion2_msgs__py
[53.885s] [ 83%] [32mBuilding C object CMakeFiles/play_motion2_msgs__rosidl_generator_py.dir/rosidl_generator_py/play_motion2_msgs/action/_play_motion2_s.c.o[0m
[54.512s] [ 84%] [32mBuilding C object CMakeFiles/play_motion2_msgs__rosidl_generator_py.dir/rosidl_generator_py/play_motion2_msgs/msg/_motion_s.c.o[0m
[54.868s] [ 86%] [32mBuilding C object CMakeFiles/play_motion2_msgs__rosidl_generator_py.dir/rosidl_generator_py/play_motion2_msgs/srv/_add_motion_s.c.o[0m
[55.190s] [ 87%] [32mBuilding C object CMakeFiles/play_motion2_msgs__rosidl_generator_py.dir/rosidl_generator_py/play_motion2_msgs/srv/_get_motion_info_s.c.o[0m
[55.497s] [ 88%] [32mBuilding C object CMakeFiles/play_motion2_msgs__rosidl_generator_py.dir/rosidl_generator_py/play_motion2_msgs/srv/_is_motion_ready_s.c.o[0m
[55.802s] [ 89%] [32mBuilding C object CMakeFiles/play_motion2_msgs__rosidl_generator_py.dir/rosidl_generator_py/play_motion2_msgs/srv/_list_motions_s.c.o[0m
[56.119s] [ 91%] [32mBuilding C object CMakeFiles/play_motion2_msgs__rosidl_generator_py.dir/rosidl_generator_py/play_motion2_msgs/srv/_remove_motion_s.c.o[0m
[56.441s] [ 92%] [32m[1mLinking C shared library rosidl_generator_py/play_motion2_msgs/libplay_motion2_msgs__rosidl_generator_py.so[0m
[56.651s] [ 92%] Built target play_motion2_msgs__rosidl_generator_py
[56.730s] [ 93%] [32mBuilding C object CMakeFiles/play_motion2_msgs__rosidl_typesupport_fastrtps_c__pyext.dir/rosidl_generator_py/play_motion2_msgs/_play_motion2_msgs_s.ep.rosidl_typesupport_fastrtps_c.c.o[0m
[57.163s] [ 94%] [32m[1mLinking C shared library rosidl_generator_py/play_motion2_msgs/play_motion2_msgs_s__rosidl_typesupport_fastrtps_c.cpython-310-x86_64-linux-gnu.so[0m
[57.300s] [ 94%] Built target play_motion2_msgs__rosidl_typesupport_fastrtps_c__pyext
[57.377s] [ 96%] [32mBuilding C object CMakeFiles/play_motion2_msgs__rosidl_typesupport_introspection_c__pyext.dir/rosidl_generator_py/play_motion2_msgs/_play_motion2_msgs_s.ep.rosidl_typesupport_introspection_c.c.o[0m
[57.820s] [ 97%] [32m[1mLinking C shared library rosidl_generator_py/play_motion2_msgs/play_motion2_msgs_s__rosidl_typesupport_introspection_c.cpython-310-x86_64-linux-gnu.so[0m
[57.961s] [ 97%] Built target play_motion2_msgs__rosidl_typesupport_introspection_c__pyext
[58.039s] [ 98%] [32mBuilding C object CMakeFiles/play_motion2_msgs__rosidl_typesupport_c__pyext.dir/rosidl_generator_py/play_motion2_msgs/_play_motion2_msgs_s.ep.rosidl_typesupport_c.c.o[0m
[58.481s] [100%] [32m[1mLinking C shared library rosidl_generator_py/play_motion2_msgs/play_motion2_msgs_s__rosidl_typesupport_c.cpython-310-x86_64-linux-gnu.so[0m
[58.630s] [100%] Built target play_motion2_msgs__rosidl_typesupport_c__pyext
[58.677s] Invoked command in '/home/rbe502/RBE550/build/play_motion2_msgs' returned '0': CMAKE_PREFIX_PATH=/opt/ros/humble /usr/bin/cmake --build /home/rbe502/RBE550/build/play_motion2_msgs -- -j2 -l2
[59.973s] Invoking command in '/home/rbe502/RBE550/build/play_motion2_msgs': CMAKE_PREFIX_PATH=/opt/ros/humble /usr/bin/cmake --install /home/rbe502/RBE550/build/play_motion2_msgs
[59.998s] -- Install configuration: ""
[60.001s] -- Execute custom install script
[60.002s] -- Symlinking: /home/rbe502/RBE550/install/play_motion2_msgs/share/ament_index/resource_index/rosidl_interfaces/play_motion2_msgs
[60.035s] -- Symlinking: /home/rbe502/RBE550/install/play_motion2_msgs/include/play_motion2_msgs/play_motion2_msgs/action/detail/play_motion2__functions.h
[60.064s] -- Symlinking: /home/rbe502/RBE550/install/play_motion2_msgs/include/play_motion2_msgs/play_motion2_msgs/action/detail/play_motion2__struct.h
[60.093s] -- Symlinking: /home/rbe502/RBE550/install/play_motion2_msgs/include/play_motion2_msgs/play_motion2_msgs/action/detail/play_motion2__type_support.h
[60.120s] -- Symlinking: /home/rbe502/RBE550/install/play_motion2_msgs/include/play_motion2_msgs/play_motion2_msgs/action/play_motion2.h
[60.153s] -- Symlinking: /home/rbe502/RBE550/install/play_motion2_msgs/include/play_motion2_msgs/play_motion2_msgs/msg/detail/motion__functions.h
[60.181s] -- Symlinking: /home/rbe502/RBE550/install/play_motion2_msgs/include/play_motion2_msgs/play_motion2_msgs/msg/detail/motion__struct.h
[60.209s] -- Symlinking: /home/rbe502/RBE550/install/play_motion2_msgs/include/play_motion2_msgs/play_motion2_msgs/msg/detail/motion__type_support.h
[60.242s] -- Symlinking: /home/rbe502/RBE550/install/play_motion2_msgs/include/play_motion2_msgs/play_motion2_msgs/msg/motion.h
[60.271s] -- Symlinking: /home/rbe502/RBE550/install/play_motion2_msgs/include/play_motion2_msgs/play_motion2_msgs/msg/rosidl_generator_c__visibility_control.h
[60.302s] -- Symlinking: /home/rbe502/RBE550/install/play_motion2_msgs/include/play_motion2_msgs/play_motion2_msgs/srv/add_motion.h
[60.331s] -- Symlinking: /home/rbe502/RBE550/install/play_motion2_msgs/include/play_motion2_msgs/play_motion2_msgs/srv/detail/add_motion__functions.h
[60.361s] -- Symlinking: /home/rbe502/RBE550/install/play_motion2_msgs/include/play_motion2_msgs/play_motion2_msgs/srv/detail/add_motion__struct.h
[60.391s] -- Symlinking: /home/rbe502/RBE550/install/play_motion2_msgs/include/play_motion2_msgs/play_motion2_msgs/srv/detail/add_motion__type_support.h
[60.417s] -- Symlinking: /home/rbe502/RBE550/install/play_motion2_msgs/include/play_motion2_msgs/play_motion2_msgs/srv/detail/get_motion_info__functions.h
[60.449s] -- Symlinking: /home/rbe502/RBE550/install/play_motion2_msgs/include/play_motion2_msgs/play_motion2_msgs/srv/detail/get_motion_info__struct.h
[60.478s] -- Symlinking: /home/rbe502/RBE550/install/play_motion2_msgs/include/play_motion2_msgs/play_motion2_msgs/srv/detail/get_motion_info__type_support.h
[60.505s] -- Symlinking: /home/rbe502/RBE550/install/play_motion2_msgs/include/play_motion2_msgs/play_motion2_msgs/srv/detail/is_motion_ready__functions.h
[60.535s] -- Symlinking: /home/rbe502/RBE550/install/play_motion2_msgs/include/play_motion2_msgs/play_motion2_msgs/srv/detail/is_motion_ready__struct.h
[60.565s] -- Symlinking: /home/rbe502/RBE550/install/play_motion2_msgs/include/play_motion2_msgs/play_motion2_msgs/srv/detail/is_motion_ready__type_support.h
[60.594s] -- Symlinking: /home/rbe502/RBE550/install/play_motion2_msgs/include/play_motion2_msgs/play_motion2_msgs/srv/detail/list_motions__functions.h
[60.623s] -- Symlinking: /home/rbe502/RBE550/install/play_motion2_msgs/include/play_motion2_msgs/play_motion2_msgs/srv/detail/list_motions__struct.h
[60.655s] -- Symlinking: /home/rbe502/RBE550/install/play_motion2_msgs/include/play_motion2_msgs/play_motion2_msgs/srv/detail/list_motions__type_support.h
[60.684s] -- Symlinking: /home/rbe502/RBE550/install/play_motion2_msgs/include/play_motion2_msgs/play_motion2_msgs/srv/detail/remove_motion__functions.h
[60.714s] -- Symlinking: /home/rbe502/RBE550/install/play_motion2_msgs/include/play_motion2_msgs/play_motion2_msgs/srv/detail/remove_motion__struct.h
[60.752s] -- Symlinking: /home/rbe502/RBE550/install/play_motion2_msgs/include/play_motion2_msgs/play_motion2_msgs/srv/detail/remove_motion__type_support.h
[60.781s] -- Symlinking: /home/rbe502/RBE550/install/play_motion2_msgs/include/play_motion2_msgs/play_motion2_msgs/srv/get_motion_info.h
[60.811s] -- Symlinking: /home/rbe502/RBE550/install/play_motion2_msgs/include/play_motion2_msgs/play_motion2_msgs/srv/is_motion_ready.h
[60.842s] -- Symlinking: /home/rbe502/RBE550/install/play_motion2_msgs/include/play_motion2_msgs/play_motion2_msgs/srv/list_motions.h
[60.871s] -- Symlinking: /home/rbe502/RBE550/install/play_motion2_msgs/include/play_motion2_msgs/play_motion2_msgs/srv/remove_motion.h
[60.899s] -- Symlinking: /home/rbe502/RBE550/install/play_motion2_msgs/share/play_motion2_msgs/environment/library_path.sh
[60.929s] -- Symlinking: /home/rbe502/RBE550/install/play_motion2_msgs/share/play_motion2_msgs/environment/library_path.dsv
[60.962s] -- Symlinking: /home/rbe502/RBE550/install/play_motion2_msgs/include/play_motion2_msgs/play_motion2_msgs/action/detail/play_motion2__rosidl_typesupport_fastrtps_c.h
[60.989s] -- Symlinking: /home/rbe502/RBE550/install/play_motion2_msgs/include/play_motion2_msgs/play_motion2_msgs/msg/detail/motion__rosidl_typesupport_fastrtps_c.h
[61.017s] -- Symlinking: /home/rbe502/RBE550/install/play_motion2_msgs/include/play_motion2_msgs/play_motion2_msgs/msg/rosidl_typesupport_fastrtps_c__visibility_control.h
[61.049s] -- Symlinking: /home/rbe502/RBE550/install/play_motion2_msgs/include/play_motion2_msgs/play_motion2_msgs/srv/detail/add_motion__rosidl_typesupport_fastrtps_c.h
[61.076s] -- Symlinking: /home/rbe502/RBE550/install/play_motion2_msgs/include/play_motion2_msgs/play_motion2_msgs/srv/detail/get_motion_info__rosidl_typesupport_fastrtps_c.h
[61.105s] -- Symlinking: /home/rbe502/RBE550/install/play_motion2_msgs/include/play_motion2_msgs/play_motion2_msgs/srv/detail/is_motion_ready__rosidl_typesupport_fastrtps_c.h
[61.140s] -- Symlinking: /home/rbe502/RBE550/install/play_motion2_msgs/include/play_motion2_msgs/play_motion2_msgs/srv/detail/list_motions__rosidl_typesupport_fastrtps_c.h
[61.165s] -- Symlinking: /home/rbe502/RBE550/install/play_motion2_msgs/include/play_motion2_msgs/play_motion2_msgs/srv/detail/remove_motion__rosidl_typesupport_fastrtps_c.h
[61.197s] -- Symlinking: /home/rbe502/RBE550/install/play_motion2_msgs/include/play_motion2_msgs/play_motion2_msgs/action/detail/play_motion2__builder.hpp
[61.224s] -- Symlinking: /home/rbe502/RBE550/install/play_motion2_msgs/include/play_motion2_msgs/play_motion2_msgs/action/detail/play_motion2__struct.hpp
[61.257s] -- Symlinking: /home/rbe502/RBE550/install/play_motion2_msgs/include/play_motion2_msgs/play_motion2_msgs/action/detail/play_motion2__traits.hpp
[61.287s] -- Symlinking: /home/rbe502/RBE550/install/play_motion2_msgs/include/play_motion2_msgs/play_motion2_msgs/action/play_motion2.hpp
[61.313s] -- Symlinking: /home/rbe502/RBE550/install/play_motion2_msgs/include/play_motion2_msgs/play_motion2_msgs/msg/detail/motion__builder.hpp
[61.341s] -- Symlinking: /home/rbe502/RBE550/install/play_motion2_msgs/include/play_motion2_msgs/play_motion2_msgs/msg/detail/motion__struct.hpp
[61.371s] -- Symlinking: /home/rbe502/RBE550/install/play_motion2_msgs/include/play_motion2_msgs/play_motion2_msgs/msg/detail/motion__traits.hpp
[61.403s] -- Symlinking: /home/rbe502/RBE550/install/play_motion2_msgs/include/play_motion2_msgs/play_motion2_msgs/msg/motion.hpp
[61.435s] -- Symlinking: /home/rbe502/RBE550/install/play_motion2_msgs/include/play_motion2_msgs/play_motion2_msgs/srv/add_motion.hpp
[61.459s] -- Symlinking: /home/rbe502/RBE550/install/play_motion2_msgs/include/play_motion2_msgs/play_motion2_msgs/srv/detail/add_motion__builder.hpp
[61.487s] -- Symlinking: /home/rbe502/RBE550/install/play_motion2_msgs/include/play_motion2_msgs/play_motion2_msgs/srv/detail/add_motion__struct.hpp
[61.514s] -- Symlinking: /home/rbe502/RBE550/install/play_motion2_msgs/include/play_motion2_msgs/play_motion2_msgs/srv/detail/add_motion__traits.hpp
[61.542s] -- Symlinking: /home/rbe502/RBE550/install/play_motion2_msgs/include/play_motion2_msgs/play_motion2_msgs/srv/detail/get_motion_info__builder.hpp
[61.573s] -- Symlinking: /home/rbe502/RBE550/install/play_motion2_msgs/include/play_motion2_msgs/play_motion2_msgs/srv/detail/get_motion_info__struct.hpp
[61.601s] -- Symlinking: /home/rbe502/RBE550/install/play_motion2_msgs/include/play_motion2_msgs/play_motion2_msgs/srv/detail/get_motion_info__traits.hpp
[61.628s] -- Symlinking: /home/rbe502/RBE550/install/play_motion2_msgs/include/play_motion2_msgs/play_motion2_msgs/srv/detail/is_motion_ready__builder.hpp
[61.657s] -- Symlinking: /home/rbe502/RBE550/install/play_motion2_msgs/include/play_motion2_msgs/play_motion2_msgs/srv/detail/is_motion_ready__struct.hpp
[61.685s] -- Symlinking: /home/rbe502/RBE550/install/play_motion2_msgs/include/play_motion2_msgs/play_motion2_msgs/srv/detail/is_motion_ready__traits.hpp
[61.711s] -- Symlinking: /home/rbe502/RBE550/install/play_motion2_msgs/include/play_motion2_msgs/play_motion2_msgs/srv/detail/list_motions__builder.hpp
[61.739s] -- Symlinking: /home/rbe502/RBE550/install/play_motion2_msgs/include/play_motion2_msgs/play_motion2_msgs/srv/detail/list_motions__struct.hpp
[61.765s] -- Symlinking: /home/rbe502/RBE550/install/play_motion2_msgs/include/play_motion2_msgs/play_motion2_msgs/srv/detail/list_motions__traits.hpp
[61.791s] -- Symlinking: /home/rbe502/RBE550/install/play_motion2_msgs/include/play_motion2_msgs/play_motion2_msgs/srv/detail/remove_motion__builder.hpp
[61.818s] -- Symlinking: /home/rbe502/RBE550/install/play_motion2_msgs/include/play_motion2_msgs/play_motion2_msgs/srv/detail/remove_motion__struct.hpp
[61.847s] -- Symlinking: /home/rbe502/RBE550/install/play_motion2_msgs/include/play_motion2_msgs/play_motion2_msgs/srv/detail/remove_motion__traits.hpp
[61.874s] -- Symlinking: /home/rbe502/RBE550/install/play_motion2_msgs/include/play_motion2_msgs/play_motion2_msgs/srv/get_motion_info.hpp
[61.903s] -- Symlinking: /home/rbe502/RBE550/install/play_motion2_msgs/include/play_motion2_msgs/play_motion2_msgs/srv/is_motion_ready.hpp
[61.927s] -- Symlinking: /home/rbe502/RBE550/install/play_motion2_msgs/include/play_motion2_msgs/play_motion2_msgs/srv/list_motions.hpp
[61.955s] -- Symlinking: /home/rbe502/RBE550/install/play_motion2_msgs/include/play_motion2_msgs/play_motion2_msgs/srv/remove_motion.hpp
[61.983s] -- Symlinking: /home/rbe502/RBE550/install/play_motion2_msgs/include/play_motion2_msgs/play_motion2_msgs/action/detail/play_motion2__rosidl_typesupport_fastrtps_cpp.hpp
[62.009s] -- Symlinking: /home/rbe502/RBE550/install/play_motion2_msgs/include/play_motion2_msgs/play_motion2_msgs/msg/detail/motion__rosidl_typesupport_fastrtps_cpp.hpp
[62.038s] -- Symlinking: /home/rbe502/RBE550/install/play_motion2_msgs/include/play_motion2_msgs/play_motion2_msgs/msg/rosidl_typesupport_fastrtps_cpp__visibility_control.h
[62.066s] -- Symlinking: /home/rbe502/RBE550/install/play_motion2_msgs/include/play_motion2_msgs/play_motion2_msgs/srv/detail/add_motion__rosidl_typesupport_fastrtps_cpp.hpp
[62.091s] -- Symlinking: /home/rbe502/RBE550/install/play_motion2_msgs/include/play_motion2_msgs/play_motion2_msgs/srv/detail/get_motion_info__rosidl_typesupport_fastrtps_cpp.hpp
[62.118s] -- Symlinking: /home/rbe502/RBE550/install/play_motion2_msgs/include/play_motion2_msgs/play_motion2_msgs/srv/detail/is_motion_ready__rosidl_typesupport_fastrtps_cpp.hpp
[62.146s] -- Symlinking: /home/rbe502/RBE550/install/play_motion2_msgs/include/play_motion2_msgs/play_motion2_msgs/srv/detail/list_motions__rosidl_typesupport_fastrtps_cpp.hpp
[62.172s] -- Symlinking: /home/rbe502/RBE550/install/play_motion2_msgs/include/play_motion2_msgs/play_motion2_msgs/srv/detail/remove_motion__rosidl_typesupport_fastrtps_cpp.hpp
[62.199s] -- Symlinking: /home/rbe502/RBE550/install/play_motion2_msgs/include/play_motion2_msgs/play_motion2_msgs/action/detail/play_motion2__rosidl_typesupport_introspection_c.h
[62.227s] -- Symlinking: /home/rbe502/RBE550/install/play_motion2_msgs/include/play_motion2_msgs/play_motion2_msgs/msg/detail/motion__rosidl_typesupport_introspection_c.h
[62.259s] -- Symlinking: /home/rbe502/RBE550/install/play_motion2_msgs/include/play_motion2_msgs/play_motion2_msgs/msg/rosidl_typesupport_introspection_c__visibility_control.h
[62.285s] -- Symlinking: /home/rbe502/RBE550/install/play_motion2_msgs/include/play_motion2_msgs/play_motion2_msgs/srv/detail/add_motion__rosidl_typesupport_introspection_c.h
[62.312s] -- Symlinking: /home/rbe502/RBE550/install/play_motion2_msgs/include/play_motion2_msgs/play_motion2_msgs/srv/detail/get_motion_info__rosidl_typesupport_introspection_c.h
[62.342s] -- Symlinking: /home/rbe502/RBE550/install/play_motion2_msgs/include/play_motion2_msgs/play_motion2_msgs/srv/detail/is_motion_ready__rosidl_typesupport_introspection_c.h
[62.367s] -- Symlinking: /home/rbe502/RBE550/install/play_motion2_msgs/include/play_motion2_msgs/play_motion2_msgs/srv/detail/list_motions__rosidl_typesupport_introspection_c.h
[62.386s] -- Symlinking: /home/rbe502/RBE550/install/play_motion2_msgs/include/play_motion2_msgs/play_motion2_msgs/srv/detail/remove_motion__rosidl_typesupport_introspection_c.h
[62.409s] -- Symlinking: /home/rbe502/RBE550/install/play_motion2_msgs/include/play_motion2_msgs/play_motion2_msgs/action/detail/play_motion2__rosidl_typesupport_introspection_cpp.hpp
[62.436s] -- Symlinking: /home/rbe502/RBE550/install/play_motion2_msgs/include/play_motion2_msgs/play_motion2_msgs/msg/detail/motion__rosidl_typesupport_introspection_cpp.hpp
[62.463s] -- Symlinking: /home/rbe502/RBE550/install/play_motion2_msgs/include/play_motion2_msgs/play_motion2_msgs/srv/detail/add_motion__rosidl_typesupport_introspection_cpp.hpp
[62.490s] -- Symlinking: /home/rbe502/RBE550/install/play_motion2_msgs/include/play_motion2_msgs/play_motion2_msgs/srv/detail/get_motion_info__rosidl_typesupport_introspection_cpp.hpp
[62.516s] -- Symlinking: /home/rbe502/RBE550/install/play_motion2_msgs/include/play_motion2_msgs/play_motion2_msgs/srv/detail/is_motion_ready__rosidl_typesupport_introspection_cpp.hpp
[62.544s] -- Symlinking: /home/rbe502/RBE550/install/play_motion2_msgs/include/play_motion2_msgs/play_motion2_msgs/srv/detail/list_motions__rosidl_typesupport_introspection_cpp.hpp
[62.570s] -- Symlinking: /home/rbe502/RBE550/install/play_motion2_msgs/include/play_motion2_msgs/play_motion2_msgs/srv/detail/remove_motion__rosidl_typesupport_introspection_cpp.hpp
[62.598s] -- Symlinking: /home/rbe502/RBE550/install/play_motion2_msgs/share/play_motion2_msgs/environment/pythonpath.sh
[62.626s] -- Symlinking: /home/rbe502/RBE550/install/play_motion2_msgs/share/play_motion2_msgs/environment/pythonpath.dsv
[62.652s] -- Symlinking: /home/rbe502/RBE550/install/play_motion2_msgs/local/lib/python3.10/dist-packages/play_motion2_msgs-1.4.0-py3.10.egg-info/PKG-INFO
[62.679s] -- Symlinking: /home/rbe502/RBE550/install/play_motion2_msgs/local/lib/python3.10/dist-packages/play_motion2_msgs-1.4.0-py3.10.egg-info/SOURCES.txt
[62.707s] -- Symlinking: /home/rbe502/RBE550/install/play_motion2_msgs/local/lib/python3.10/dist-packages/play_motion2_msgs-1.4.0-py3.10.egg-info/dependency_links.txt
[62.734s] -- Symlinking: /home/rbe502/RBE550/install/play_motion2_msgs/local/lib/python3.10/dist-packages/play_motion2_msgs-1.4.0-py3.10.egg-info/top_level.txt
[62.766s] -- Symlinking: /home/rbe502/RBE550/install/play_motion2_msgs/local/lib/python3.10/dist-packages/play_motion2_msgs/__init__.py
[62.793s] -- Symlinking: /home/rbe502/RBE550/install/play_motion2_msgs/local/lib/python3.10/dist-packages/play_motion2_msgs/_play_motion2_msgs_s.ep.rosidl_typesupport_c.c
[62.820s] -- Symlinking: /home/rbe502/RBE550/install/play_motion2_msgs/local/lib/python3.10/dist-packages/play_motion2_msgs/_play_motion2_msgs_s.ep.rosidl_typesupport_fastrtps_c.c
[62.848s] -- Symlinking: /home/rbe502/RBE550/install/play_motion2_msgs/local/lib/python3.10/dist-packages/play_motion2_msgs/_play_motion2_msgs_s.ep.rosidl_typesupport_introspection_c.c
[62.876s] -- Symlinking: /home/rbe502/RBE550/install/play_motion2_msgs/local/lib/python3.10/dist-packages/play_motion2_msgs/action/__init__.py
[62.904s] -- Symlinking: /home/rbe502/RBE550/install/play_motion2_msgs/local/lib/python3.10/dist-packages/play_motion2_msgs/action/_play_motion2.py
[62.931s] -- Symlinking: /home/rbe502/RBE550/install/play_motion2_msgs/local/lib/python3.10/dist-packages/play_motion2_msgs/action/_play_motion2_s.c
[62.958s] -- Symlinking: /home/rbe502/RBE550/install/play_motion2_msgs/local/lib/python3.10/dist-packages/play_motion2_msgs/libplay_motion2_msgs__rosidl_generator_py.so
[62.984s] -- Symlinking: /home/rbe502/RBE550/install/play_motion2_msgs/local/lib/python3.10/dist-packages/play_motion2_msgs/msg/__init__.py
[63.010s] -- Symlinking: /home/rbe502/RBE550/install/play_motion2_msgs/local/lib/python3.10/dist-packages/play_motion2_msgs/msg/_motion.py
[63.029s] -- Symlinking: /home/rbe502/RBE550/install/play_motion2_msgs/local/lib/python3.10/dist-packages/play_motion2_msgs/msg/_motion_s.c
[63.054s] -- Symlinking: /home/rbe502/RBE550/install/play_motion2_msgs/local/lib/python3.10/dist-packages/play_motion2_msgs/play_motion2_msgs_s__rosidl_typesupport_c.cpython-310-x86_64-linux-gnu.so
[63.078s] -- Symlinking: /home/rbe502/RBE550/install/play_motion2_msgs/local/lib/python3.10/dist-packages/play_motion2_msgs/play_motion2_msgs_s__rosidl_typesupport_fastrtps_c.cpython-310-x86_64-linux-gnu.so
[63.107s] -- Symlinking: /home/rbe502/RBE550/install/play_motion2_msgs/local/lib/python3.10/dist-packages/play_motion2_msgs/play_motion2_msgs_s__rosidl_typesupport_introspection_c.cpython-310-x86_64-linux-gnu.so
[63.133s] -- Symlinking: /home/rbe502/RBE550/install/play_motion2_msgs/local/lib/python3.10/dist-packages/play_motion2_msgs/srv/__init__.py
[63.159s] -- Symlinking: /home/rbe502/RBE550/install/play_motion2_msgs/local/lib/python3.10/dist-packages/play_motion2_msgs/srv/_add_motion.py
[63.186s] -- Symlinking: /home/rbe502/RBE550/install/play_motion2_msgs/local/lib/python3.10/dist-packages/play_motion2_msgs/srv/_add_motion_s.c
[63.209s] -- Symlinking: /home/rbe502/RBE550/install/play_motion2_msgs/local/lib/python3.10/dist-packages/play_motion2_msgs/srv/_get_motion_info.py
[63.236s] -- Symlinking: /home/rbe502/RBE550/install/play_motion2_msgs/local/lib/python3.10/dist-packages/play_motion2_msgs/srv/_get_motion_info_s.c
[63.263s] -- Symlinking: /home/rbe502/RBE550/install/play_motion2_msgs/local/lib/python3.10/dist-packages/play_motion2_msgs/srv/_is_motion_ready.py
[63.287s] -- Symlinking: /home/rbe502/RBE550/install/play_motion2_msgs/local/lib/python3.10/dist-packages/play_motion2_msgs/srv/_is_motion_ready_s.c
[63.315s] -- Symlinking: /home/rbe502/RBE550/install/play_motion2_msgs/local/lib/python3.10/dist-packages/play_motion2_msgs/srv/_list_motions.py
[63.341s] -- Symlinking: /home/rbe502/RBE550/install/play_motion2_msgs/local/lib/python3.10/dist-packages/play_motion2_msgs/srv/_list_motions_s.c
[63.370s] -- Symlinking: /home/rbe502/RBE550/install/play_motion2_msgs/local/lib/python3.10/dist-packages/play_motion2_msgs/srv/_remove_motion.py
[63.399s] -- Symlinking: /home/rbe502/RBE550/install/play_motion2_msgs/local/lib/python3.10/dist-packages/play_motion2_msgs/srv/_remove_motion_s.c
[63.425s] -- Up-to-date symlink: /home/rbe502/RBE550/install/play_motion2_msgs/local/lib/python3.10/dist-packages/play_motion2_msgs/play_motion2_msgs_s__rosidl_typesupport_fastrtps_c.cpython-310-x86_64-linux-gnu.so
[63.425s] -- Up-to-date symlink: /home/rbe502/RBE550/install/play_motion2_msgs/local/lib/python3.10/dist-packages/play_motion2_msgs/play_motion2_msgs_s__rosidl_typesupport_introspection_c.cpython-310-x86_64-linux-gnu.so
[63.426s] -- Up-to-date symlink: /home/rbe502/RBE550/install/play_motion2_msgs/local/lib/python3.10/dist-packages/play_motion2_msgs/play_motion2_msgs_s__rosidl_typesupport_c.cpython-310-x86_64-linux-gnu.so
[63.427s] -- Symlinking: /home/rbe502/RBE550/install/play_motion2_msgs/share/play_motion2_msgs/action/PlayMotion2.idl
[63.455s] -- Symlinking: /home/rbe502/RBE550/install/play_motion2_msgs/share/play_motion2_msgs/msg/Motion.idl
[63.484s] -- Symlinking: /home/rbe502/RBE550/install/play_motion2_msgs/share/play_motion2_msgs/srv/AddMotion.idl
[63.510s] -- Symlinking: /home/rbe502/RBE550/install/play_motion2_msgs/share/play_motion2_msgs/srv/GetMotionInfo.idl
[63.537s] -- Symlinking: /home/rbe502/RBE550/install/play_motion2_msgs/share/play_motion2_msgs/srv/IsMotionReady.idl
[63.565s] -- Symlinking: /home/rbe502/RBE550/install/play_motion2_msgs/share/play_motion2_msgs/srv/ListMotions.idl
[63.595s] -- Symlinking: /home/rbe502/RBE550/install/play_motion2_msgs/share/play_motion2_msgs/srv/RemoveMotion.idl
[63.619s] -- Symlinking: /home/rbe502/RBE550/install/play_motion2_msgs/share/play_motion2_msgs/action/PlayMotion2.action
[63.648s] -- Symlinking: /home/rbe502/RBE550/install/play_motion2_msgs/share/play_motion2_msgs/msg/Motion.msg
[63.674s] -- Symlinking: /home/rbe502/RBE550/install/play_motion2_msgs/share/play_motion2_msgs/srv/AddMotion.srv
[63.703s] -- Symlinking: /home/rbe502/RBE550/install/play_motion2_msgs/share/play_motion2_msgs/srv/AddMotion_Request.msg
[63.730s] -- Symlinking: /home/rbe502/RBE550/install/play_motion2_msgs/share/play_motion2_msgs/srv/AddMotion_Response.msg
[63.761s] -- Symlinking: /home/rbe502/RBE550/install/play_motion2_msgs/share/play_motion2_msgs/srv/GetMotionInfo.srv
[63.788s] -- Symlinking: /home/rbe502/RBE550/install/play_motion2_msgs/share/play_motion2_msgs/srv/GetMotionInfo_Request.msg
[63.819s] -- Symlinking: /home/rbe502/RBE550/install/play_motion2_msgs/share/play_motion2_msgs/srv/GetMotionInfo_Response.msg
[63.846s] -- Symlinking: /home/rbe502/RBE550/install/play_motion2_msgs/share/play_motion2_msgs/srv/IsMotionReady.srv
[63.877s] -- Symlinking: /home/rbe502/RBE550/install/play_motion2_msgs/share/play_motion2_msgs/srv/IsMotionReady_Request.msg
[63.903s] -- Symlinking: /home/rbe502/RBE550/install/play_motion2_msgs/share/play_motion2_msgs/srv/IsMotionReady_Response.msg
[63.932s] -- Symlinking: /home/rbe502/RBE550/install/play_motion2_msgs/share/play_motion2_msgs/srv/ListMotions.srv
[63.963s] -- Symlinking: /home/rbe502/RBE550/install/play_motion2_msgs/share/play_motion2_msgs/srv/ListMotions_Request.msg
[63.993s] -- Symlinking: /home/rbe502/RBE550/install/play_motion2_msgs/share/play_motion2_msgs/srv/ListMotions_Response.msg
[64.022s] -- Symlinking: /home/rbe502/RBE550/install/play_motion2_msgs/share/play_motion2_msgs/srv/RemoveMotion.srv
[64.055s] -- Symlinking: /home/rbe502/RBE550/install/play_motion2_msgs/share/play_motion2_msgs/srv/RemoveMotion_Request.msg
[64.084s] -- Symlinking: /home/rbe502/RBE550/install/play_motion2_msgs/share/play_motion2_msgs/srv/RemoveMotion_Response.msg
[64.106s] -- Symlinking: /home/rbe502/RBE550/install/play_motion2_msgs/share/ament_index/resource_index/package_run_dependencies/play_motion2_msgs
[64.124s] -- Symlinking: /home/rbe502/RBE550/install/play_motion2_msgs/share/ament_index/resource_index/parent_prefix_path/play_motion2_msgs
[64.144s] -- Symlinking: /home/rbe502/RBE550/install/play_motion2_msgs/share/play_motion2_msgs/environment/ament_prefix_path.sh
[64.166s] -- Symlinking: /home/rbe502/RBE550/install/play_motion2_msgs/share/play_motion2_msgs/environment/ament_prefix_path.dsv
[64.183s] -- Symlinking: /home/rbe502/RBE550/install/play_motion2_msgs/share/play_motion2_msgs/environment/path.sh
[64.202s] -- Symlinking: /home/rbe502/RBE550/install/play_motion2_msgs/share/play_motion2_msgs/environment/path.dsv
[64.221s] -- Symlinking: /home/rbe502/RBE550/install/play_motion2_msgs/share/play_motion2_msgs/local_setup.bash
[64.241s] -- Symlinking: /home/rbe502/RBE550/install/play_motion2_msgs/share/play_motion2_msgs/local_setup.sh
[64.261s] -- Symlinking: /home/rbe502/RBE550/install/play_motion2_msgs/share/play_motion2_msgs/local_setup.zsh
[64.281s] -- Symlinking: /home/rbe502/RBE550/install/play_motion2_msgs/share/play_motion2_msgs/local_setup.dsv
[64.298s] -- Symlinking: /home/rbe502/RBE550/install/play_motion2_msgs/share/play_motion2_msgs/package.dsv
[64.319s] -- Symlinking: /home/rbe502/RBE550/install/play_motion2_msgs/share/ament_index/resource_index/packages/play_motion2_msgs
[64.337s] -- Symlinking: /home/rbe502/RBE550/install/play_motion2_msgs/share/play_motion2_msgs/cmake/rosidl_cmake-extras.cmake
[64.359s] -- Symlinking: /home/rbe502/RBE550/install/play_motion2_msgs/share/play_motion2_msgs/cmake/ament_cmake_export_dependencies-extras.cmake
[64.376s] -- Symlinking: /home/rbe502/RBE550/install/play_motion2_msgs/share/play_motion2_msgs/cmake/ament_cmake_export_include_directories-extras.cmake
[64.397s] -- Symlinking: /home/rbe502/RBE550/install/play_motion2_msgs/share/play_motion2_msgs/cmake/ament_cmake_export_libraries-extras.cmake
[64.415s] -- Symlinking: /home/rbe502/RBE550/install/play_motion2_msgs/share/play_motion2_msgs/cmake/ament_cmake_export_targets-extras.cmake
[64.434s] -- Symlinking: /home/rbe502/RBE550/install/play_motion2_msgs/share/play_motion2_msgs/cmake/rosidl_cmake_export_typesupport_targets-extras.cmake
[64.457s] -- Symlinking: /home/rbe502/RBE550/install/play_motion2_msgs/share/play_motion2_msgs/cmake/rosidl_cmake_export_typesupport_libraries-extras.cmake
[64.474s] -- Symlinking: /home/rbe502/RBE550/install/play_motion2_msgs/share/play_motion2_msgs/cmake/play_motion2_msgsConfig.cmake
[64.494s] -- Symlinking: /home/rbe502/RBE550/install/play_motion2_msgs/share/play_motion2_msgs/cmake/play_motion2_msgsConfig-version.cmake
[64.513s] -- Symlinking: /home/rbe502/RBE550/install/play_motion2_msgs/share/play_motion2_msgs/package.xml
[64.532s] -- Installing: /home/rbe502/RBE550/install/play_motion2_msgs/lib/libplay_motion2_msgs__rosidl_generator_c.so
[64.534s] -- Set runtime path of "/home/rbe502/RBE550/install/play_motion2_msgs/lib/libplay_motion2_msgs__rosidl_generator_c.so" to ""
[64.534s] -- Installing: /home/rbe502/RBE550/install/play_motion2_msgs/lib/libplay_motion2_msgs__rosidl_typesupport_fastrtps_c.so
[64.534s] -- Set runtime path of "/home/rbe502/RBE550/install/play_motion2_msgs/lib/libplay_motion2_msgs__rosidl_typesupport_fastrtps_c.so" to ""
[64.534s] -- Installing: /home/rbe502/RBE550/install/play_motion2_msgs/lib/libplay_motion2_msgs__rosidl_typesupport_fastrtps_cpp.so
[64.535s] -- Set runtime path of "/home/rbe502/RBE550/install/play_motion2_msgs/lib/libplay_motion2_msgs__rosidl_typesupport_fastrtps_cpp.so" to ""
[64.536s] -- Installing: /home/rbe502/RBE550/install/play_motion2_msgs/lib/libplay_motion2_msgs__rosidl_typesupport_introspection_c.so
[64.537s] -- Set runtime path of "/home/rbe502/RBE550/install/play_motion2_msgs/lib/libplay_motion2_msgs__rosidl_typesupport_introspection_c.so" to ""
[64.537s] -- Installing: /home/rbe502/RBE550/install/play_motion2_msgs/lib/libplay_motion2_msgs__rosidl_typesupport_c.so
[64.539s] -- Set runtime path of "/home/rbe502/RBE550/install/play_motion2_msgs/lib/libplay_motion2_msgs__rosidl_typesupport_c.so" to ""
[64.539s] -- Installing: /home/rbe502/RBE550/install/play_motion2_msgs/lib/libplay_motion2_msgs__rosidl_typesupport_introspection_cpp.so
[64.539s] -- Set runtime path of "/home/rbe502/RBE550/install/play_motion2_msgs/lib/libplay_motion2_msgs__rosidl_typesupport_introspection_cpp.so" to ""
[64.539s] -- Installing: /home/rbe502/RBE550/install/play_motion2_msgs/lib/libplay_motion2_msgs__rosidl_typesupport_cpp.so
[64.540s] -- Set runtime path of "/home/rbe502/RBE550/install/play_motion2_msgs/lib/libplay_motion2_msgs__rosidl_typesupport_cpp.so" to ""
[64.627s] Listing '/home/rbe502/RBE550/install/play_motion2_msgs/local/lib/python3.10/dist-packages/play_motion2_msgs'...
[64.627s] Compiling '/home/rbe502/RBE550/install/play_motion2_msgs/local/lib/python3.10/dist-packages/play_motion2_msgs/__init__.py'...
[64.627s] Listing '/home/rbe502/RBE550/install/play_motion2_msgs/local/lib/python3.10/dist-packages/play_motion2_msgs/action'...
[64.627s] Compiling '/home/rbe502/RBE550/install/play_motion2_msgs/local/lib/python3.10/dist-packages/play_motion2_msgs/action/__init__.py'...
[64.628s] Compiling '/home/rbe502/RBE550/install/play_motion2_msgs/local/lib/python3.10/dist-packages/play_motion2_msgs/action/_play_motion2.py'...
[64.628s] Listing '/home/rbe502/RBE550/install/play_motion2_msgs/local/lib/python3.10/dist-packages/play_motion2_msgs/msg'...
[64.628s] Compiling '/home/rbe502/RBE550/install/play_motion2_msgs/local/lib/python3.10/dist-packages/play_motion2_msgs/msg/__init__.py'...
[64.628s] Compiling '/home/rbe502/RBE550/install/play_motion2_msgs/local/lib/python3.10/dist-packages/play_motion2_msgs/msg/_motion.py'...
[64.628s] Listing '/home/rbe502/RBE550/install/play_motion2_msgs/local/lib/python3.10/dist-packages/play_motion2_msgs/srv'...
[64.628s] Compiling '/home/rbe502/RBE550/install/play_motion2_msgs/local/lib/python3.10/dist-packages/play_motion2_msgs/srv/__init__.py'...
[64.629s] Compiling '/home/rbe502/RBE550/install/play_motion2_msgs/local/lib/python3.10/dist-packages/play_motion2_msgs/srv/_add_motion.py'...
[64.631s] Compiling '/home/rbe502/RBE550/install/play_motion2_msgs/local/lib/python3.10/dist-packages/play_motion2_msgs/srv/_get_motion_info.py'...
[64.631s] Compiling '/home/rbe502/RBE550/install/play_motion2_msgs/local/lib/python3.10/dist-packages/play_motion2_msgs/srv/_is_motion_ready.py'...
[64.631s] Compiling '/home/rbe502/RBE550/install/play_motion2_msgs/local/lib/python3.10/dist-packages/play_motion2_msgs/srv/_list_motions.py'...
[64.631s] Compiling '/home/rbe502/RBE550/install/play_motion2_msgs/local/lib/python3.10/dist-packages/play_motion2_msgs/srv/_remove_motion.py'...
[64.633s] -- Installing: /home/rbe502/RBE550/install/play_motion2_msgs/lib/libplay_motion2_msgs__rosidl_generator_py.so
[64.634s] -- Set runtime path of "/home/rbe502/RBE550/install/play_motion2_msgs/lib/libplay_motion2_msgs__rosidl_generator_py.so" to ""
[64.634s] -- Installing: /home/rbe502/RBE550/install/play_motion2_msgs/share/play_motion2_msgs/cmake/export_play_motion2_msgs__rosidl_generator_cExport.cmake
[64.634s] -- Installing: /home/rbe502/RBE550/install/play_motion2_msgs/share/play_motion2_msgs/cmake/export_play_motion2_msgs__rosidl_generator_cExport-noconfig.cmake
[64.635s] -- Installing: /home/rbe502/RBE550/install/play_motion2_msgs/share/play_motion2_msgs/cmake/export_play_motion2_msgs__rosidl_typesupport_fastrtps_cExport.cmake
[64.635s] -- Installing: /home/rbe502/RBE550/install/play_motion2_msgs/share/play_motion2_msgs/cmake/export_play_motion2_msgs__rosidl_typesupport_fastrtps_cExport-noconfig.cmake
[64.637s] -- Installing: /home/rbe502/RBE550/install/play_motion2_msgs/share/play_motion2_msgs/cmake/export_play_motion2_msgs__rosidl_generator_cppExport.cmake
[64.637s] -- Installing: /home/rbe502/RBE550/install/play_motion2_msgs/share/play_motion2_msgs/cmake/export_play_motion2_msgs__rosidl_typesupport_fastrtps_cppExport.cmake
[64.637s] -- Installing: /home/rbe502/RBE550/install/play_motion2_msgs/share/play_motion2_msgs/cmake/export_play_motion2_msgs__rosidl_typesupport_fastrtps_cppExport-noconfig.cmake
[64.637s] -- Installing: /home/rbe502/RBE550/install/play_motion2_msgs/share/play_motion2_msgs/cmake/play_motion2_msgs__rosidl_typesupport_introspection_cExport.cmake
[64.638s] -- Installing: /home/rbe502/RBE550/install/play_motion2_msgs/share/play_motion2_msgs/cmake/play_motion2_msgs__rosidl_typesupport_introspection_cExport-noconfig.cmake
[64.638s] -- Installing: /home/rbe502/RBE550/install/play_motion2_msgs/share/play_motion2_msgs/cmake/play_motion2_msgs__rosidl_typesupport_cExport.cmake
[64.640s] -- Installing: /home/rbe502/RBE550/install/play_motion2_msgs/share/play_motion2_msgs/cmake/play_motion2_msgs__rosidl_typesupport_cExport-noconfig.cmake
[64.640s] -- Installing: /home/rbe502/RBE550/install/play_motion2_msgs/share/play_motion2_msgs/cmake/play_motion2_msgs__rosidl_typesupport_introspection_cppExport.cmake
[64.640s] -- Installing: /home/rbe502/RBE550/install/play_motion2_msgs/share/play_motion2_msgs/cmake/play_motion2_msgs__rosidl_typesupport_introspection_cppExport-noconfig.cmake
[64.640s] -- Installing: /home/rbe502/RBE550/install/play_motion2_msgs/share/play_motion2_msgs/cmake/play_motion2_msgs__rosidl_typesupport_cppExport.cmake
[64.640s] -- Installing: /home/rbe502/RBE550/install/play_motion2_msgs/share/play_motion2_msgs/cmake/play_motion2_msgs__rosidl_typesupport_cppExport-noconfig.cmake
[64.641s] -- Installing: /home/rbe502/RBE550/install/play_motion2_msgs/share/play_motion2_msgs/cmake/export_play_motion2_msgs__rosidl_generator_pyExport.cmake
[64.641s] -- Installing: /home/rbe502/RBE550/install/play_motion2_msgs/share/play_motion2_msgs/cmake/export_play_motion2_msgs__rosidl_generator_pyExport-noconfig.cmake
[64.646s] Invoked command in '/home/rbe502/RBE550/build/play_motion2_msgs' returned '0': CMAKE_PREFIX_PATH=/opt/ros/humble /usr/bin/cmake --install /home/rbe502/RBE550/build/play_motion2_msgs
