-- Found ament_cmake: 1.3.10 (/opt/ros/humble/share/ament_cmake/cmake)
-- Override CMake install command with custom implementation using symlinks instead of copying resources
-- Found rclcpp: 16.0.10 (/opt/ros/humble/share/rclcpp/cmake)
-- Found rosidl_generator_c: 3.1.5 (/opt/ros/humble/share/rosidl_generator_c/cmake)
-- Found rosidl_adapter: 3.1.5 (/opt/ros/humble/share/rosidl_adapter/cmake)
-- Found rosidl_generator_cpp: 3.1.5 (/opt/ros/humble/share/rosidl_generator_cpp/cmake)
-- Using all available rosidl_typesupport_c: rosidl_typesupport_fastrtps_c;rosidl_typesupport_introspection_c
-- Using all available rosidl_typesupport_cpp: rosidl_typesupport_fastrtps_cpp;rosidl_typesupport_introspection_cpp
-- Found rmw_implementation_cmake: 6.1.2 (/opt/ros/humble/share/rmw_implementation_cmake/cmake)
-- Found rmw_fastrtps_cpp: 6.2.7 (/opt/ros/humble/share/rmw_fastrtps_cpp/cmake)
-- Using RMW implementation 'rmw_fastrtps_cpp' as default
-- Found rclpy: 3.3.14 (/opt/ros/humble/share/rclpy/cmake)
-- Found geometry_msgs: 4.2.4 (/opt/ros/humble/share/geometry_msgs/cmake)
-- Found nav_msgs: 4.2.4 (/opt/ros/humble/share/nav_msgs/cmake)
-- Found rosidl_default_generators: 1.2.0 (/opt/ros/humble/share/rosidl_default_generators/cmake)
-- Found ament_cmake_ros: 0.10.0 (/opt/ros/humble/share/ament_cmake_ros/cmake)
-- Using all available rosidl_typesupport_c: rosidl_typesupport_fastrtps_c;rosidl_typesupport_introspection_c
-- Using all available rosidl_typesupport_cpp: rosidl_typesupport_fastrtps_cpp;rosidl_typesupport_introspection_cpp
-- Found python_cmake_module: 0.10.0 (/opt/ros/humble/share/python_cmake_module/cmake)
-- Using PYTHON_EXECUTABLE: /usr/bin/python3
-- Using PYTHON_INCLUDE_DIRS: /usr/include/python3.10
-- Using PYTHON_LIBRARIES: /usr/lib/x86_64-linux-gnu/libpython3.10.so
-- Found ament_lint_auto: 0.12.11 (/opt/ros/humble/share/ament_lint_auto/cmake)
-- Added test 'flake8' to check Python code syntax and style conventions
-- Added test 'lint_cmake' to check CMake code style
-- Added test 'pep257' to check Python code against some of the docstring style conventions in PEP 257
-- Added test 'xmllint' to check XML markup files
-- Configuring done
-- Generating done
-- Build files have been written to: /home/erin/RBE550/build/rrt_srv
[  3%] Built target rrt_srv__cpp
[35m[1mConsolidate compiler generated dependencies of target rrt_srv__rosidl_generator_c[0m
[ 12%] Built target rrt_srv__rosidl_generator_c
[ 12%] Built target ament_cmake_python_symlink_rrt_srv
[35m[1mConsolidate compiler generated dependencies of target rrt_srv__rosidl_typesupport_cpp[0m
[ 22%] Built target rrt_srv__rosidl_typesupport_cpp
[35m[1mConsolidate compiler generated dependencies of target rrt_srv__rosidl_typesupport_fastrtps_c[0m
[ 32%] Built target rrt_srv__rosidl_typesupport_fastrtps_c
[35m[1mConsolidate compiler generated dependencies of target rrt_srv__rosidl_typesupport_fastrtps_cpp[0m
[ 41%] Built target rrt_srv__rosidl_typesupport_fastrtps_cpp
[35m[1mConsolidate compiler generated dependencies of target rrt_srv__rosidl_typesupport_introspection_c[0m
[ 51%] Built target rrt_srv__rosidl_typesupport_introspection_c
[35m[1mConsolidate compiler generated dependencies of target rrt_srv__rosidl_typesupport_c[0m
[ 61%] Built target rrt_srv__rosidl_typesupport_c
[35m[1mConsolidate compiler generated dependencies of target rrt_srv__rosidl_typesupport_introspection_cpp[0m
[ 70%] Built target rrt_srv__rosidl_typesupport_introspection_cpp
running egg_info
writing rrt_srv.egg-info/PKG-INFO
writing dependency_links to rrt_srv.egg-info/dependency_links.txt
writing top-level names to rrt_srv.egg-info/top_level.txt
reading manifest file 'rrt_srv.egg-info/SOURCES.txt'
writing manifest file 'rrt_srv.egg-info/SOURCES.txt'
[ 70%] Built target ament_cmake_python_build_rrt_srv_egg
[ 70%] Built target rrt_srv
[ 74%] Built target rrt_srv__py
[35m[1mConsolidate compiler generated dependencies of target rrt_srv__rosidl_generator_py[0m
[ 80%] Built target rrt_srv__rosidl_generator_py
[35m[1mConsolidate compiler generated dependencies of target rrt_srv__rosidl_typesupport_fastrtps_c__pyext[0m
[ 87%] Built target rrt_srv__rosidl_typesupport_fastrtps_c__pyext
[35m[1mConsolidate compiler generated dependencies of target rrt_srv__rosidl_typesupport_introspection_c__pyext[0m
[ 93%] Built target rrt_srv__rosidl_typesupport_introspection_c__pyext
[35m[1mConsolidate compiler generated dependencies of target rrt_srv__rosidl_typesupport_c__pyext[0m
[100%] Built target rrt_srv__rosidl_typesupport_c__pyext
-- Install configuration: ""
-- Execute custom install script
-- Up-to-date symlink: /home/erin/RBE550/install/rrt_srv/share/ament_index/resource_index/rosidl_interfaces/rrt_srv
-- Up-to-date symlink: /home/erin/RBE550/install/rrt_srv/include/rrt_srv/rrt_srv/msg/rosidl_generator_c__visibility_control.h
-- Up-to-date symlink: /home/erin/RBE550/install/rrt_srv/include/rrt_srv/rrt_srv/srv/detail/rrt__functions.h
-- Up-to-date symlink: /home/erin/RBE550/install/rrt_srv/include/rrt_srv/rrt_srv/srv/detail/rrt__struct.h
-- Up-to-date symlink: /home/erin/RBE550/install/rrt_srv/include/rrt_srv/rrt_srv/srv/detail/rrt__type_support.h
-- Up-to-date symlink: /home/erin/RBE550/install/rrt_srv/include/rrt_srv/rrt_srv/srv/rrt.h
-- Up-to-date symlink: /home/erin/RBE550/install/rrt_srv/share/rrt_srv/environment/library_path.sh
-- Up-to-date symlink: /home/erin/RBE550/install/rrt_srv/share/rrt_srv/environment/library_path.dsv
-- Up-to-date symlink: /home/erin/RBE550/install/rrt_srv/include/rrt_srv/rrt_srv/msg/rosidl_typesupport_fastrtps_c__visibility_control.h
-- Up-to-date symlink: /home/erin/RBE550/install/rrt_srv/include/rrt_srv/rrt_srv/srv/detail/rrt__rosidl_typesupport_fastrtps_c.h
-- Up-to-date symlink: /home/erin/RBE550/install/rrt_srv/include/rrt_srv/rrt_srv/srv/detail/rrt__builder.hpp
-- Up-to-date symlink: /home/erin/RBE550/install/rrt_srv/include/rrt_srv/rrt_srv/srv/detail/rrt__struct.hpp
-- Up-to-date symlink: /home/erin/RBE550/install/rrt_srv/include/rrt_srv/rrt_srv/srv/detail/rrt__traits.hpp
-- Up-to-date symlink: /home/erin/RBE550/install/rrt_srv/include/rrt_srv/rrt_srv/srv/rrt.hpp
-- Up-to-date symlink: /home/erin/RBE550/install/rrt_srv/include/rrt_srv/rrt_srv/msg/rosidl_typesupport_fastrtps_cpp__visibility_control.h
-- Up-to-date symlink: /home/erin/RBE550/install/rrt_srv/include/rrt_srv/rrt_srv/srv/detail/rrt__rosidl_typesupport_fastrtps_cpp.hpp
-- Up-to-date symlink: /home/erin/RBE550/install/rrt_srv/include/rrt_srv/rrt_srv/msg/rosidl_typesupport_introspection_c__visibility_control.h
-- Up-to-date symlink: /home/erin/RBE550/install/rrt_srv/include/rrt_srv/rrt_srv/srv/detail/rrt__rosidl_typesupport_introspection_c.h
-- Up-to-date symlink: /home/erin/RBE550/install/rrt_srv/include/rrt_srv/rrt_srv/srv/detail/rrt__rosidl_typesupport_introspection_cpp.hpp
-- Up-to-date symlink: /home/erin/RBE550/install/rrt_srv/share/rrt_srv/environment/pythonpath.sh
-- Up-to-date symlink: /home/erin/RBE550/install/rrt_srv/share/rrt_srv/environment/pythonpath.dsv
-- Up-to-date symlink: /home/erin/RBE550/install/rrt_srv/local/lib/python3.10/dist-packages/rrt_srv-0.0.0-py3.10.egg-info/PKG-INFO
-- Up-to-date symlink: /home/erin/RBE550/install/rrt_srv/local/lib/python3.10/dist-packages/rrt_srv-0.0.0-py3.10.egg-info/SOURCES.txt
-- Up-to-date symlink: /home/erin/RBE550/install/rrt_srv/local/lib/python3.10/dist-packages/rrt_srv-0.0.0-py3.10.egg-info/dependency_links.txt
-- Up-to-date symlink: /home/erin/RBE550/install/rrt_srv/local/lib/python3.10/dist-packages/rrt_srv-0.0.0-py3.10.egg-info/top_level.txt
-- Up-to-date symlink: /home/erin/RBE550/install/rrt_srv/local/lib/python3.10/dist-packages/rrt_srv/__init__.py
-- Up-to-date symlink: /home/erin/RBE550/install/rrt_srv/local/lib/python3.10/dist-packages/rrt_srv/_rrt_srv_s.ep.rosidl_typesupport_c.c
-- Up-to-date symlink: /home/erin/RBE550/install/rrt_srv/local/lib/python3.10/dist-packages/rrt_srv/_rrt_srv_s.ep.rosidl_typesupport_fastrtps_c.c
-- Up-to-date symlink: /home/erin/RBE550/install/rrt_srv/local/lib/python3.10/dist-packages/rrt_srv/_rrt_srv_s.ep.rosidl_typesupport_introspection_c.c
-- Up-to-date symlink: /home/erin/RBE550/install/rrt_srv/local/lib/python3.10/dist-packages/rrt_srv/librrt_srv__rosidl_generator_py.so
-- Up-to-date symlink: /home/erin/RBE550/install/rrt_srv/local/lib/python3.10/dist-packages/rrt_srv/rrt_srv_s__rosidl_typesupport_c.cpython-310-x86_64-linux-gnu.so
-- Up-to-date symlink: /home/erin/RBE550/install/rrt_srv/local/lib/python3.10/dist-packages/rrt_srv/rrt_srv_s__rosidl_typesupport_fastrtps_c.cpython-310-x86_64-linux-gnu.so
-- Up-to-date symlink: /home/erin/RBE550/install/rrt_srv/local/lib/python3.10/dist-packages/rrt_srv/rrt_srv_s__rosidl_typesupport_introspection_c.cpython-310-x86_64-linux-gnu.so
-- Up-to-date symlink: /home/erin/RBE550/install/rrt_srv/local/lib/python3.10/dist-packages/rrt_srv/srv/__init__.py
-- Up-to-date symlink: /home/erin/RBE550/install/rrt_srv/local/lib/python3.10/dist-packages/rrt_srv/srv/_rrt.py
-- Up-to-date symlink: /home/erin/RBE550/install/rrt_srv/local/lib/python3.10/dist-packages/rrt_srv/srv/_rrt_s.c
-- Up-to-date symlink: /home/erin/RBE550/install/rrt_srv/local/lib/python3.10/dist-packages/rrt_srv/rrt_srv_s__rosidl_typesupport_fastrtps_c.cpython-310-x86_64-linux-gnu.so
-- Up-to-date symlink: /home/erin/RBE550/install/rrt_srv/local/lib/python3.10/dist-packages/rrt_srv/rrt_srv_s__rosidl_typesupport_introspection_c.cpython-310-x86_64-linux-gnu.so
-- Up-to-date symlink: /home/erin/RBE550/install/rrt_srv/local/lib/python3.10/dist-packages/rrt_srv/rrt_srv_s__rosidl_typesupport_c.cpython-310-x86_64-linux-gnu.so
-- Up-to-date symlink: /home/erin/RBE550/install/rrt_srv/share/rrt_srv/srv/Rrt.idl
-- Up-to-date symlink: /home/erin/RBE550/install/rrt_srv/share/rrt_srv/srv/Rrt.srv
-- Up-to-date symlink: /home/erin/RBE550/install/rrt_srv/share/rrt_srv/srv/Rrt_Request.msg
-- Up-to-date symlink: /home/erin/RBE550/install/rrt_srv/share/rrt_srv/srv/Rrt_Response.msg
-- Up-to-date symlink: /home/erin/RBE550/install/rrt_srv/lib/rrt_srv/rrt.py
-- Up-to-date symlink: /home/erin/RBE550/install/rrt_srv/lib/rrt_srv/test_rrt_srv.py
-- Up-to-date symlink: /home/erin/RBE550/install/rrt_srv/share/ament_index/resource_index/package_run_dependencies/rrt_srv
-- Up-to-date symlink: /home/erin/RBE550/install/rrt_srv/share/ament_index/resource_index/parent_prefix_path/rrt_srv
-- Up-to-date symlink: /home/erin/RBE550/install/rrt_srv/share/rrt_srv/environment/ament_prefix_path.sh
-- Up-to-date symlink: /home/erin/RBE550/install/rrt_srv/share/rrt_srv/environment/ament_prefix_path.dsv
-- Up-to-date symlink: /home/erin/RBE550/install/rrt_srv/share/rrt_srv/environment/path.sh
-- Up-to-date symlink: /home/erin/RBE550/install/rrt_srv/share/rrt_srv/environment/path.dsv
-- Up-to-date symlink: /home/erin/RBE550/install/rrt_srv/share/rrt_srv/local_setup.bash
-- Up-to-date symlink: /home/erin/RBE550/install/rrt_srv/share/rrt_srv/local_setup.sh
-- Up-to-date symlink: /home/erin/RBE550/install/rrt_srv/share/rrt_srv/local_setup.zsh
-- Up-to-date symlink: /home/erin/RBE550/install/rrt_srv/share/rrt_srv/local_setup.dsv
-- Symlinking: /home/erin/RBE550/install/rrt_srv/share/rrt_srv/package.dsv
-- Up-to-date symlink: /home/erin/RBE550/install/rrt_srv/share/ament_index/resource_index/packages/rrt_srv
-- Up-to-date symlink: /home/erin/RBE550/install/rrt_srv/share/rrt_srv/cmake/rosidl_cmake-extras.cmake
-- Up-to-date symlink: /home/erin/RBE550/install/rrt_srv/share/rrt_srv/cmake/ament_cmake_export_dependencies-extras.cmake
-- Up-to-date symlink: /home/erin/RBE550/install/rrt_srv/share/rrt_srv/cmake/ament_cmake_export_include_directories-extras.cmake
-- Up-to-date symlink: /home/erin/RBE550/install/rrt_srv/share/rrt_srv/cmake/ament_cmake_export_libraries-extras.cmake
-- Up-to-date symlink: /home/erin/RBE550/install/rrt_srv/share/rrt_srv/cmake/ament_cmake_export_targets-extras.cmake
-- Up-to-date symlink: /home/erin/RBE550/install/rrt_srv/share/rrt_srv/cmake/rosidl_cmake_export_typesupport_targets-extras.cmake
-- Up-to-date symlink: /home/erin/RBE550/install/rrt_srv/share/rrt_srv/cmake/rosidl_cmake_export_typesupport_libraries-extras.cmake
-- Up-to-date symlink: /home/erin/RBE550/install/rrt_srv/share/rrt_srv/cmake/rrt_srvConfig.cmake
-- Up-to-date symlink: /home/erin/RBE550/install/rrt_srv/share/rrt_srv/cmake/rrt_srvConfig-version.cmake
-- Up-to-date symlink: /home/erin/RBE550/install/rrt_srv/share/rrt_srv/package.xml
-- Up-to-date: /home/erin/RBE550/install/rrt_srv/lib/librrt_srv__rosidl_generator_c.so
-- Up-to-date: /home/erin/RBE550/install/rrt_srv/lib/librrt_srv__rosidl_typesupport_fastrtps_c.so
-- Up-to-date: /home/erin/RBE550/install/rrt_srv/lib/librrt_srv__rosidl_typesupport_fastrtps_cpp.so
-- Up-to-date: /home/erin/RBE550/install/rrt_srv/lib/librrt_srv__rosidl_typesupport_introspection_c.so
-- Up-to-date: /home/erin/RBE550/install/rrt_srv/lib/librrt_srv__rosidl_typesupport_c.so
-- Up-to-date: /home/erin/RBE550/install/rrt_srv/lib/librrt_srv__rosidl_typesupport_introspection_cpp.so
-- Up-to-date: /home/erin/RBE550/install/rrt_srv/lib/librrt_srv__rosidl_typesupport_cpp.so
Listing '/home/erin/RBE550/install/rrt_srv/local/lib/python3.10/dist-packages/rrt_srv'...
Compiling '/home/erin/RBE550/install/rrt_srv/local/lib/python3.10/dist-packages/rrt_srv/__init__.py'...
Listing '/home/erin/RBE550/install/rrt_srv/local/lib/python3.10/dist-packages/rrt_srv/srv'...
-- Up-to-date: /home/erin/RBE550/install/rrt_srv/lib/librrt_srv__rosidl_generator_py.so
-- Installing: /home/erin/RBE550/install/rrt_srv/share/rrt_srv/cmake/export_rrt_srv__rosidl_generator_cExport.cmake
-- Installing: /home/erin/RBE550/install/rrt_srv/share/rrt_srv/cmake/export_rrt_srv__rosidl_generator_cExport-noconfig.cmake
-- Installing: /home/erin/RBE550/install/rrt_srv/share/rrt_srv/cmake/export_rrt_srv__rosidl_typesupport_fastrtps_cExport.cmake
-- Installing: /home/erin/RBE550/install/rrt_srv/share/rrt_srv/cmake/export_rrt_srv__rosidl_typesupport_fastrtps_cExport-noconfig.cmake
-- Installing: /home/erin/RBE550/install/rrt_srv/share/rrt_srv/cmake/export_rrt_srv__rosidl_generator_cppExport.cmake
-- Installing: /home/erin/RBE550/install/rrt_srv/share/rrt_srv/cmake/export_rrt_srv__rosidl_typesupport_fastrtps_cppExport.cmake
-- Installing: /home/erin/RBE550/install/rrt_srv/share/rrt_srv/cmake/export_rrt_srv__rosidl_typesupport_fastrtps_cppExport-noconfig.cmake
-- Installing: /home/erin/RBE550/install/rrt_srv/share/rrt_srv/cmake/rrt_srv__rosidl_typesupport_introspection_cExport.cmake
-- Installing: /home/erin/RBE550/install/rrt_srv/share/rrt_srv/cmake/rrt_srv__rosidl_typesupport_introspection_cExport-noconfig.cmake
-- Installing: /home/erin/RBE550/install/rrt_srv/share/rrt_srv/cmake/rrt_srv__rosidl_typesupport_cExport.cmake
-- Installing: /home/erin/RBE550/install/rrt_srv/share/rrt_srv/cmake/rrt_srv__rosidl_typesupport_cExport-noconfig.cmake
-- Installing: /home/erin/RBE550/install/rrt_srv/share/rrt_srv/cmake/rrt_srv__rosidl_typesupport_introspection_cppExport.cmake
-- Installing: /home/erin/RBE550/install/rrt_srv/share/rrt_srv/cmake/rrt_srv__rosidl_typesupport_introspection_cppExport-noconfig.cmake
-- Installing: /home/erin/RBE550/install/rrt_srv/share/rrt_srv/cmake/rrt_srv__rosidl_typesupport_cppExport.cmake
-- Installing: /home/erin/RBE550/install/rrt_srv/share/rrt_srv/cmake/rrt_srv__rosidl_typesupport_cppExport-noconfig.cmake
-- Installing: /home/erin/RBE550/install/rrt_srv/share/rrt_srv/cmake/export_rrt_srv__rosidl_generator_pyExport.cmake
-- Installing: /home/erin/RBE550/install/rrt_srv/share/rrt_srv/cmake/export_rrt_srv__rosidl_generator_pyExport-noconfig.cmake
