[0.134s] Invoking command in '/home/erin/RBE550/build/rrt_srv': CMAKE_PREFIX_PATH=${CMAKE_PREFIX_PATH}:/home/erin/tiago_public_ws/install/launch_pal:/opt/ros/humble /usr/bin/cmake /home/erin/RBE550/src/rrt_srv -DCMAKE_INSTALL_PREFIX=/home/erin/RBE550/install/rrt_srv
[0.365s] -- Found ament_cmake: 1.3.10 (/opt/ros/humble/share/ament_cmake/cmake)
[0.890s] -- Override CMake install command with custom implementation using symlinks instead of copying resources
[1.055s] -- Found rclcpp: 16.0.10 (/opt/ros/humble/share/rclcpp/cmake)
[1.309s] -- Found rosidl_generator_c: 3.1.5 (/opt/ros/humble/share/rosidl_generator_c/cmake)
[1.330s] -- Found rosidl_adapter: 3.1.5 (/opt/ros/humble/share/rosidl_adapter/cmake)
[1.376s] -- Found rosidl_generator_cpp: 3.1.5 (/opt/ros/humble/share/rosidl_generator_cpp/cmake)
[1.459s] -- Using all available rosidl_typesupport_c: rosidl_typesupport_fastrtps_c;rosidl_typesupport_introspection_c
[1.537s] -- Using all available rosidl_typesupport_cpp: rosidl_typesupport_fastrtps_cpp;rosidl_typesupport_introspection_cpp
[1.760s] -- Found rmw_implementation_cmake: 6.1.2 (/opt/ros/humble/share/rmw_implementation_cmake/cmake)
[1.778s] -- Found rmw_fastrtps_cpp: 6.2.7 (/opt/ros/humble/share/rmw_fastrtps_cpp/cmake)
[2.207s] -- Using RMW implementation 'rmw_fastrtps_cpp' as default
[2.507s] -- Found rclpy: 3.3.14 (/opt/ros/humble/share/rclpy/cmake)
[2.512s] -- Found geometry_msgs: 4.2.4 (/opt/ros/humble/share/geometry_msgs/cmake)
[2.601s] -- Found nav_msgs: 4.2.4 (/opt/ros/humble/share/nav_msgs/cmake)
[2.670s] -- Found rosidl_default_generators: 1.2.0 (/opt/ros/humble/share/rosidl_default_generators/cmake)
[4.069s] -- Found ament_cmake_ros: 0.10.0 (/opt/ros/humble/share/ament_cmake_ros/cmake)
[5.884s] -- Using all available rosidl_typesupport_c: rosidl_typesupport_fastrtps_c;rosidl_typesupport_introspection_c
[6.545s] -- Using all available rosidl_typesupport_cpp: rosidl_typesupport_fastrtps_cpp;rosidl_typesupport_introspection_cpp
[6.668s] -- Found python_cmake_module: 0.10.0 (/opt/ros/humble/share/python_cmake_module/cmake)
[6.827s] -- Using PYTHON_EXECUTABLE: /usr/bin/python3
[6.828s] -- Using PYTHON_INCLUDE_DIRS: /usr/include/python3.10
[6.828s] -- Using PYTHON_LIBRARIES: /usr/lib/x86_64-linux-gnu/libpython3.10.so
[7.073s] -- Found ament_lint_auto: 0.12.11 (/opt/ros/humble/share/ament_lint_auto/cmake)
[7.175s] -- Added test 'flake8' to check Python code syntax and style conventions
[7.176s] -- Added test 'lint_cmake' to check CMake code style
[7.177s] -- Added test 'pep257' to check Python code against some of the docstring style conventions in PEP 257
[7.183s] -- Added test 'xmllint' to check XML markup files
[7.202s] -- Configuring done
[7.501s] -- Generating done
[7.526s] -- Build files have been written to: /home/erin/RBE550/build/rrt_srv
[7.555s] Invoked command in '/home/erin/RBE550/build/rrt_srv' returned '0': CMAKE_PREFIX_PATH=${CMAKE_PREFIX_PATH}:/home/erin/tiago_public_ws/install/launch_pal:/opt/ros/humble /usr/bin/cmake /home/erin/RBE550/src/rrt_srv -DCMAKE_INSTALL_PREFIX=/home/erin/RBE550/install/rrt_srv
[7.565s] Invoking command in '/home/erin/RBE550/build/rrt_srv': CMAKE_PREFIX_PATH=${CMAKE_PREFIX_PATH}:/home/erin/tiago_public_ws/install/launch_pal:/opt/ros/humble /usr/bin/cmake --build /home/erin/RBE550/build/rrt_srv -- -j2 -l2
[7.835s] [  3%] Built target rrt_srv__cpp
[7.891s] [35m[1mConsolidate compiler generated dependencies of target rrt_srv__rosidl_generator_c[0m
[8.002s] [ 12%] Built target rrt_srv__rosidl_generator_c
[8.189s] [ 12%] Built target ament_cmake_python_symlink_rrt_srv
[8.259s] [35m[1mConsolidate compiler generated dependencies of target rrt_srv__rosidl_typesupport_cpp[0m
[8.369s] [ 22%] Built target rrt_srv__rosidl_typesupport_cpp
[8.435s] [35m[1mConsolidate compiler generated dependencies of target rrt_srv__rosidl_typesupport_fastrtps_c[0m
[8.564s] [ 32%] Built target rrt_srv__rosidl_typesupport_fastrtps_c
[8.626s] [35m[1mConsolidate compiler generated dependencies of target rrt_srv__rosidl_typesupport_fastrtps_cpp[0m
[8.683s] [ 41%] Built target rrt_srv__rosidl_typesupport_fastrtps_cpp
[8.752s] [35m[1mConsolidate compiler generated dependencies of target rrt_srv__rosidl_typesupport_introspection_c[0m
[8.832s] [ 51%] Built target rrt_srv__rosidl_typesupport_introspection_c
[8.901s] [35m[1mConsolidate compiler generated dependencies of target rrt_srv__rosidl_typesupport_c[0m
[8.980s] [ 61%] Built target rrt_srv__rosidl_typesupport_c
[9.020s] [35m[1mConsolidate compiler generated dependencies of target rrt_srv__rosidl_typesupport_introspection_cpp[0m
[9.101s] [ 70%] Built target rrt_srv__rosidl_typesupport_introspection_cpp
[9.903s] running egg_info
[9.906s] writing rrt_srv.egg-info/PKG-INFO
[9.907s] writing dependency_links to rrt_srv.egg-info/dependency_links.txt
[9.907s] writing top-level names to rrt_srv.egg-info/top_level.txt
[9.916s] reading manifest file 'rrt_srv.egg-info/SOURCES.txt'
[9.917s] writing manifest file 'rrt_srv.egg-info/SOURCES.txt'
[10.006s] [ 70%] Built target ament_cmake_python_build_rrt_srv_egg
[10.141s] [ 70%] Built target rrt_srv
[10.249s] [ 74%] Built target rrt_srv__py
[10.288s] [35m[1mConsolidate compiler generated dependencies of target rrt_srv__rosidl_generator_py[0m
[10.400s] [ 80%] Built target rrt_srv__rosidl_generator_py
[10.471s] [35m[1mConsolidate compiler generated dependencies of target rrt_srv__rosidl_typesupport_fastrtps_c__pyext[0m
[10.549s] [ 87%] Built target rrt_srv__rosidl_typesupport_fastrtps_c__pyext
[10.614s] [35m[1mConsolidate compiler generated dependencies of target rrt_srv__rosidl_typesupport_introspection_c__pyext[0m
[10.664s] [ 93%] Built target rrt_srv__rosidl_typesupport_introspection_c__pyext
[10.702s] [35m[1mConsolidate compiler generated dependencies of target rrt_srv__rosidl_typesupport_c__pyext[0m
[10.745s] [100%] Built target rrt_srv__rosidl_typesupport_c__pyext
[10.788s] Invoked command in '/home/erin/RBE550/build/rrt_srv' returned '0': CMAKE_PREFIX_PATH=${CMAKE_PREFIX_PATH}:/home/erin/tiago_public_ws/install/launch_pal:/opt/ros/humble /usr/bin/cmake --build /home/erin/RBE550/build/rrt_srv -- -j2 -l2
[11.297s] Invoking command in '/home/erin/RBE550/build/rrt_srv': CMAKE_PREFIX_PATH=${CMAKE_PREFIX_PATH}:/home/erin/tiago_public_ws/install/launch_pal:/opt/ros/humble /usr/bin/cmake --install /home/erin/RBE550/build/rrt_srv
[11.363s] -- Install configuration: ""
[11.370s] -- Execute custom install script
[11.371s] -- Up-to-date symlink: /home/erin/RBE550/install/rrt_srv/share/ament_index/resource_index/rosidl_interfaces/rrt_srv
[11.376s] -- Up-to-date symlink: /home/erin/RBE550/install/rrt_srv/include/rrt_srv/rrt_srv/msg/rosidl_generator_c__visibility_control.h
[11.376s] -- Up-to-date symlink: /home/erin/RBE550/install/rrt_srv/include/rrt_srv/rrt_srv/srv/detail/rrt__functions.h
[11.378s] -- Up-to-date symlink: /home/erin/RBE550/install/rrt_srv/include/rrt_srv/rrt_srv/srv/detail/rrt__struct.h
[11.380s] -- Up-to-date symlink: /home/erin/RBE550/install/rrt_srv/include/rrt_srv/rrt_srv/srv/detail/rrt__type_support.h
[11.381s] -- Up-to-date symlink: /home/erin/RBE550/install/rrt_srv/include/rrt_srv/rrt_srv/srv/rrt.h
[11.381s] -- Up-to-date symlink: /home/erin/RBE550/install/rrt_srv/share/rrt_srv/environment/library_path.sh
[11.384s] -- Up-to-date symlink: /home/erin/RBE550/install/rrt_srv/share/rrt_srv/environment/library_path.dsv
[11.385s] -- Up-to-date symlink: /home/erin/RBE550/install/rrt_srv/include/rrt_srv/rrt_srv/msg/rosidl_typesupport_fastrtps_c__visibility_control.h
[11.387s] -- Up-to-date symlink: /home/erin/RBE550/install/rrt_srv/include/rrt_srv/rrt_srv/srv/detail/rrt__rosidl_typesupport_fastrtps_c.h
[11.390s] -- Up-to-date symlink: /home/erin/RBE550/install/rrt_srv/include/rrt_srv/rrt_srv/srv/detail/rrt__builder.hpp
[11.391s] -- Up-to-date symlink: /home/erin/RBE550/install/rrt_srv/include/rrt_srv/rrt_srv/srv/detail/rrt__struct.hpp
[11.393s] -- Up-to-date symlink: /home/erin/RBE550/install/rrt_srv/include/rrt_srv/rrt_srv/srv/detail/rrt__traits.hpp
[11.393s] -- Up-to-date symlink: /home/erin/RBE550/install/rrt_srv/include/rrt_srv/rrt_srv/srv/rrt.hpp
[11.396s] -- Up-to-date symlink: /home/erin/RBE550/install/rrt_srv/include/rrt_srv/rrt_srv/msg/rosidl_typesupport_fastrtps_cpp__visibility_control.h
[11.398s] -- Up-to-date symlink: /home/erin/RBE550/install/rrt_srv/include/rrt_srv/rrt_srv/srv/detail/rrt__rosidl_typesupport_fastrtps_cpp.hpp
[11.398s] -- Up-to-date symlink: /home/erin/RBE550/install/rrt_srv/include/rrt_srv/rrt_srv/msg/rosidl_typesupport_introspection_c__visibility_control.h
[11.400s] -- Up-to-date symlink: /home/erin/RBE550/install/rrt_srv/include/rrt_srv/rrt_srv/srv/detail/rrt__rosidl_typesupport_introspection_c.h
[11.402s] -- Up-to-date symlink: /home/erin/RBE550/install/rrt_srv/include/rrt_srv/rrt_srv/srv/detail/rrt__rosidl_typesupport_introspection_cpp.hpp
[11.402s] -- Up-to-date symlink: /home/erin/RBE550/install/rrt_srv/share/rrt_srv/environment/pythonpath.sh
[11.403s] -- Up-to-date symlink: /home/erin/RBE550/install/rrt_srv/share/rrt_srv/environment/pythonpath.dsv
[11.405s] -- Up-to-date symlink: /home/erin/RBE550/install/rrt_srv/local/lib/python3.10/dist-packages/rrt_srv-0.0.0-py3.10.egg-info/PKG-INFO
[11.407s] -- Up-to-date symlink: /home/erin/RBE550/install/rrt_srv/local/lib/python3.10/dist-packages/rrt_srv-0.0.0-py3.10.egg-info/SOURCES.txt
[11.408s] -- Up-to-date symlink: /home/erin/RBE550/install/rrt_srv/local/lib/python3.10/dist-packages/rrt_srv-0.0.0-py3.10.egg-info/dependency_links.txt
[11.410s] -- Up-to-date symlink: /home/erin/RBE550/install/rrt_srv/local/lib/python3.10/dist-packages/rrt_srv-0.0.0-py3.10.egg-info/top_level.txt
[11.414s] -- Up-to-date symlink: /home/erin/RBE550/install/rrt_srv/local/lib/python3.10/dist-packages/rrt_srv/__init__.py
[11.416s] -- Up-to-date symlink: /home/erin/RBE550/install/rrt_srv/local/lib/python3.10/dist-packages/rrt_srv/_rrt_srv_s.ep.rosidl_typesupport_c.c
[11.420s] -- Up-to-date symlink: /home/erin/RBE550/install/rrt_srv/local/lib/python3.10/dist-packages/rrt_srv/_rrt_srv_s.ep.rosidl_typesupport_fastrtps_c.c
[11.422s] -- Up-to-date symlink: /home/erin/RBE550/install/rrt_srv/local/lib/python3.10/dist-packages/rrt_srv/_rrt_srv_s.ep.rosidl_typesupport_introspection_c.c
[11.422s] -- Up-to-date symlink: /home/erin/RBE550/install/rrt_srv/local/lib/python3.10/dist-packages/rrt_srv/librrt_srv__rosidl_generator_py.so
[11.422s] -- Up-to-date symlink: /home/erin/RBE550/install/rrt_srv/local/lib/python3.10/dist-packages/rrt_srv/rrt_srv_s__rosidl_typesupport_c.cpython-310-x86_64-linux-gnu.so
[11.425s] -- Up-to-date symlink: /home/erin/RBE550/install/rrt_srv/local/lib/python3.10/dist-packages/rrt_srv/rrt_srv_s__rosidl_typesupport_fastrtps_c.cpython-310-x86_64-linux-gnu.so
[11.426s] -- Up-to-date symlink: /home/erin/RBE550/install/rrt_srv/local/lib/python3.10/dist-packages/rrt_srv/rrt_srv_s__rosidl_typesupport_introspection_c.cpython-310-x86_64-linux-gnu.so
[11.427s] -- Up-to-date symlink: /home/erin/RBE550/install/rrt_srv/local/lib/python3.10/dist-packages/rrt_srv/srv/__init__.py
[11.429s] -- Up-to-date symlink: /home/erin/RBE550/install/rrt_srv/local/lib/python3.10/dist-packages/rrt_srv/srv/_rrt.py
[11.430s] -- Up-to-date symlink: /home/erin/RBE550/install/rrt_srv/local/lib/python3.10/dist-packages/rrt_srv/srv/_rrt_s.c
[11.432s] -- Up-to-date symlink: /home/erin/RBE550/install/rrt_srv/local/lib/python3.10/dist-packages/rrt_srv/rrt_srv_s__rosidl_typesupport_fastrtps_c.cpython-310-x86_64-linux-gnu.so
[11.434s] -- Up-to-date symlink: /home/erin/RBE550/install/rrt_srv/local/lib/python3.10/dist-packages/rrt_srv/rrt_srv_s__rosidl_typesupport_introspection_c.cpython-310-x86_64-linux-gnu.so
[11.436s] -- Up-to-date symlink: /home/erin/RBE550/install/rrt_srv/local/lib/python3.10/dist-packages/rrt_srv/rrt_srv_s__rosidl_typesupport_c.cpython-310-x86_64-linux-gnu.so
[11.437s] -- Up-to-date symlink: /home/erin/RBE550/install/rrt_srv/share/rrt_srv/srv/Rrt.idl
[11.438s] -- Up-to-date symlink: /home/erin/RBE550/install/rrt_srv/share/rrt_srv/srv/Rrt.srv
[11.439s] -- Up-to-date symlink: /home/erin/RBE550/install/rrt_srv/share/rrt_srv/srv/Rrt_Request.msg
[11.442s] -- Up-to-date symlink: /home/erin/RBE550/install/rrt_srv/share/rrt_srv/srv/Rrt_Response.msg
[11.442s] -- Up-to-date symlink: /home/erin/RBE550/install/rrt_srv/lib/rrt_srv/rrt.py
[11.443s] -- Up-to-date symlink: /home/erin/RBE550/install/rrt_srv/lib/rrt_srv/test_rrt_srv.py
[11.445s] -- Up-to-date symlink: /home/erin/RBE550/install/rrt_srv/share/ament_index/resource_index/package_run_dependencies/rrt_srv
[11.445s] -- Up-to-date symlink: /home/erin/RBE550/install/rrt_srv/share/ament_index/resource_index/parent_prefix_path/rrt_srv
[11.447s] -- Up-to-date symlink: /home/erin/RBE550/install/rrt_srv/share/rrt_srv/environment/ament_prefix_path.sh
[11.450s] -- Up-to-date symlink: /home/erin/RBE550/install/rrt_srv/share/rrt_srv/environment/ament_prefix_path.dsv
[11.450s] -- Up-to-date symlink: /home/erin/RBE550/install/rrt_srv/share/rrt_srv/environment/path.sh
[11.450s] -- Up-to-date symlink: /home/erin/RBE550/install/rrt_srv/share/rrt_srv/environment/path.dsv
[11.450s] -- Up-to-date symlink: /home/erin/RBE550/install/rrt_srv/share/rrt_srv/local_setup.bash
[11.452s] -- Up-to-date symlink: /home/erin/RBE550/install/rrt_srv/share/rrt_srv/local_setup.sh
[11.453s] -- Up-to-date symlink: /home/erin/RBE550/install/rrt_srv/share/rrt_srv/local_setup.zsh
[11.454s] -- Up-to-date symlink: /home/erin/RBE550/install/rrt_srv/share/rrt_srv/local_setup.dsv
[11.454s] -- Symlinking: /home/erin/RBE550/install/rrt_srv/share/rrt_srv/package.dsv
[11.517s] -- Up-to-date symlink: /home/erin/RBE550/install/rrt_srv/share/ament_index/resource_index/packages/rrt_srv
[11.518s] -- Up-to-date symlink: /home/erin/RBE550/install/rrt_srv/share/rrt_srv/cmake/rosidl_cmake-extras.cmake
[11.519s] -- Up-to-date symlink: /home/erin/RBE550/install/rrt_srv/share/rrt_srv/cmake/ament_cmake_export_dependencies-extras.cmake
[11.520s] -- Up-to-date symlink: /home/erin/RBE550/install/rrt_srv/share/rrt_srv/cmake/ament_cmake_export_include_directories-extras.cmake
[11.521s] -- Up-to-date symlink: /home/erin/RBE550/install/rrt_srv/share/rrt_srv/cmake/ament_cmake_export_libraries-extras.cmake
[11.522s] -- Up-to-date symlink: /home/erin/RBE550/install/rrt_srv/share/rrt_srv/cmake/ament_cmake_export_targets-extras.cmake
[11.523s] -- Up-to-date symlink: /home/erin/RBE550/install/rrt_srv/share/rrt_srv/cmake/rosidl_cmake_export_typesupport_targets-extras.cmake
[11.524s] -- Up-to-date symlink: /home/erin/RBE550/install/rrt_srv/share/rrt_srv/cmake/rosidl_cmake_export_typesupport_libraries-extras.cmake
[11.524s] -- Up-to-date symlink: /home/erin/RBE550/install/rrt_srv/share/rrt_srv/cmake/rrt_srvConfig.cmake
[11.525s] -- Up-to-date symlink: /home/erin/RBE550/install/rrt_srv/share/rrt_srv/cmake/rrt_srvConfig-version.cmake
[11.526s] -- Up-to-date symlink: /home/erin/RBE550/install/rrt_srv/share/rrt_srv/package.xml
[11.528s] -- Up-to-date: /home/erin/RBE550/install/rrt_srv/lib/librrt_srv__rosidl_generator_c.so
[11.531s] -- Up-to-date: /home/erin/RBE550/install/rrt_srv/lib/librrt_srv__rosidl_typesupport_fastrtps_c.so
[11.537s] -- Up-to-date: /home/erin/RBE550/install/rrt_srv/lib/librrt_srv__rosidl_typesupport_fastrtps_cpp.so
[11.540s] -- Up-to-date: /home/erin/RBE550/install/rrt_srv/lib/librrt_srv__rosidl_typesupport_introspection_c.so
[11.543s] -- Up-to-date: /home/erin/RBE550/install/rrt_srv/lib/librrt_srv__rosidl_typesupport_c.so
[11.549s] -- Up-to-date: /home/erin/RBE550/install/rrt_srv/lib/librrt_srv__rosidl_typesupport_introspection_cpp.so
[11.554s] -- Up-to-date: /home/erin/RBE550/install/rrt_srv/lib/librrt_srv__rosidl_typesupport_cpp.so
[11.680s] Listing '/home/erin/RBE550/install/rrt_srv/local/lib/python3.10/dist-packages/rrt_srv'...
[11.680s] Compiling '/home/erin/RBE550/install/rrt_srv/local/lib/python3.10/dist-packages/rrt_srv/__init__.py'...
[11.680s] Listing '/home/erin/RBE550/install/rrt_srv/local/lib/python3.10/dist-packages/rrt_srv/srv'...
[11.693s] -- Up-to-date: /home/erin/RBE550/install/rrt_srv/lib/librrt_srv__rosidl_generator_py.so
[11.694s] -- Installing: /home/erin/RBE550/install/rrt_srv/share/rrt_srv/cmake/export_rrt_srv__rosidl_generator_cExport.cmake
[11.694s] -- Installing: /home/erin/RBE550/install/rrt_srv/share/rrt_srv/cmake/export_rrt_srv__rosidl_generator_cExport-noconfig.cmake
[11.695s] -- Installing: /home/erin/RBE550/install/rrt_srv/share/rrt_srv/cmake/export_rrt_srv__rosidl_typesupport_fastrtps_cExport.cmake
[11.695s] -- Installing: /home/erin/RBE550/install/rrt_srv/share/rrt_srv/cmake/export_rrt_srv__rosidl_typesupport_fastrtps_cExport-noconfig.cmake
[11.696s] -- Installing: /home/erin/RBE550/install/rrt_srv/share/rrt_srv/cmake/export_rrt_srv__rosidl_generator_cppExport.cmake
[11.697s] -- Installing: /home/erin/RBE550/install/rrt_srv/share/rrt_srv/cmake/export_rrt_srv__rosidl_typesupport_fastrtps_cppExport.cmake
[11.697s] -- Installing: /home/erin/RBE550/install/rrt_srv/share/rrt_srv/cmake/export_rrt_srv__rosidl_typesupport_fastrtps_cppExport-noconfig.cmake
[11.698s] -- Installing: /home/erin/RBE550/install/rrt_srv/share/rrt_srv/cmake/rrt_srv__rosidl_typesupport_introspection_cExport.cmake
[11.698s] -- Installing: /home/erin/RBE550/install/rrt_srv/share/rrt_srv/cmake/rrt_srv__rosidl_typesupport_introspection_cExport-noconfig.cmake
[11.699s] -- Installing: /home/erin/RBE550/install/rrt_srv/share/rrt_srv/cmake/rrt_srv__rosidl_typesupport_cExport.cmake
[11.699s] -- Installing: /home/erin/RBE550/install/rrt_srv/share/rrt_srv/cmake/rrt_srv__rosidl_typesupport_cExport-noconfig.cmake
[11.700s] -- Installing: /home/erin/RBE550/install/rrt_srv/share/rrt_srv/cmake/rrt_srv__rosidl_typesupport_introspection_cppExport.cmake
[11.701s] -- Installing: /home/erin/RBE550/install/rrt_srv/share/rrt_srv/cmake/rrt_srv__rosidl_typesupport_introspection_cppExport-noconfig.cmake
[11.701s] -- Installing: /home/erin/RBE550/install/rrt_srv/share/rrt_srv/cmake/rrt_srv__rosidl_typesupport_cppExport.cmake
[11.702s] -- Installing: /home/erin/RBE550/install/rrt_srv/share/rrt_srv/cmake/rrt_srv__rosidl_typesupport_cppExport-noconfig.cmake
[11.703s] -- Installing: /home/erin/RBE550/install/rrt_srv/share/rrt_srv/cmake/export_rrt_srv__rosidl_generator_pyExport.cmake
[11.703s] -- Installing: /home/erin/RBE550/install/rrt_srv/share/rrt_srv/cmake/export_rrt_srv__rosidl_generator_pyExport-noconfig.cmake
[11.709s] Invoked command in '/home/erin/RBE550/build/rrt_srv' returned '0': CMAKE_PREFIX_PATH=${CMAKE_PREFIX_PATH}:/home/erin/tiago_public_ws/install/launch_pal:/opt/ros/humble /usr/bin/cmake --install /home/erin/RBE550/build/rrt_srv
