[0.027s] Invoking command in '/home/rbe502/RBE550/build/pmb2_robot': AMENT_PREFIX_PATH=/home/rbe502/RBE550/install/pmb2_bringup:/home/rbe502/RBE550/install/pmb2_description:/home/rbe502/RBE550/install/pmb2_controller_configuration:/home/rbe502/RBE550/install/pal_urdf_utils:/home/rbe502/RBE550/install/launch_pal:${AMENT_PREFIX_PATH} CMAKE_PREFIX_PATH=/home/rbe502/RBE550/install/pmb2_bringup:/home/rbe502/RBE550/install/pmb2_description:/home/rbe502/RBE550/install/pmb2_controller_configuration:/home/rbe502/RBE550/install/pal_urdf_utils:/opt/ros/humble PYTHONPATH=/home/rbe502/RBE550/install/pmb2_description/local/lib/python3.10/dist-packages:/home/rbe502/RBE550/build/launch_pal:/home/rbe502/RBE550/install/launch_pal/lib/python3.10/site-packages:${PYTHONPATH} /usr/bin/cmake /home/rbe502/RBE550/src/pmb2_robot/pmb2_robot -DAMENT_CMAKE_SYMLINK_INSTALL=1 -DCMAKE_INSTALL_PREFIX=/home/rbe502/RBE550/install/pmb2_robot
[0.164s] -- The C compiler identification is GNU 11.4.0
[0.291s] -- The CXX compiler identification is GNU 11.4.0
[0.308s] -- Detecting C compiler ABI info
[0.515s] -- Detecting C compiler ABI info - done
[0.528s] -- Check for working C compiler: /usr/bin/cc - skipped
[0.528s] -- Detecting C compile features
[0.531s] -- Detecting C compile features - done
[0.536s] -- Detecting CXX compiler ABI info
[0.763s] -- Detecting CXX compiler ABI info - done
[0.781s] -- Check for working CXX compiler: /usr/bin/c++ - skipped
[0.784s] -- Detecting CXX compile features
[0.785s] -- Detecting CXX compile features - done
[0.792s] -- Found ament_cmake: 1.3.8 (/opt/ros/humble/share/ament_cmake/cmake)
[1.615s] -- Found Python3: /usr/bin/python3 (found version "3.10.12") found components: Interpreter 
[1.770s] -- Override CMake install command with custom implementation using symlinks instead of copying resources
[2.023s] -- Configuring done
[2.030s] -- Generating done
[2.031s] -- Build files have been written to: /home/rbe502/RBE550/build/pmb2_robot
[2.041s] Invoked command in '/home/rbe502/RBE550/build/pmb2_robot' returned '0': AMENT_PREFIX_PATH=/home/rbe502/RBE550/install/pmb2_bringup:/home/rbe502/RBE550/install/pmb2_description:/home/rbe502/RBE550/install/pmb2_controller_configuration:/home/rbe502/RBE550/install/pal_urdf_utils:/home/rbe502/RBE550/install/launch_pal:${AMENT_PREFIX_PATH} CMAKE_PREFIX_PATH=/home/rbe502/RBE550/install/pmb2_bringup:/home/rbe502/RBE550/install/pmb2_description:/home/rbe502/RBE550/install/pmb2_controller_configuration:/home/rbe502/RBE550/install/pal_urdf_utils:/opt/ros/humble PYTHONPATH=/home/rbe502/RBE550/install/pmb2_description/local/lib/python3.10/dist-packages:/home/rbe502/RBE550/build/launch_pal:/home/rbe502/RBE550/install/launch_pal/lib/python3.10/site-packages:${PYTHONPATH} /usr/bin/cmake /home/rbe502/RBE550/src/pmb2_robot/pmb2_robot -DAMENT_CMAKE_SYMLINK_INSTALL=1 -DCMAKE_INSTALL_PREFIX=/home/rbe502/RBE550/install/pmb2_robot
[2.045s] Invoking command in '/home/rbe502/RBE550/build/pmb2_robot': AMENT_PREFIX_PATH=/home/rbe502/RBE550/install/pmb2_bringup:/home/rbe502/RBE550/install/pmb2_description:/home/rbe502/RBE550/install/pmb2_controller_configuration:/home/rbe502/RBE550/install/pal_urdf_utils:/home/rbe502/RBE550/install/launch_pal:${AMENT_PREFIX_PATH} CMAKE_PREFIX_PATH=/home/rbe502/RBE550/install/pmb2_bringup:/home/rbe502/RBE550/install/pmb2_description:/home/rbe502/RBE550/install/pmb2_controller_configuration:/home/rbe502/RBE550/install/pal_urdf_utils:/opt/ros/humble PYTHONPATH=/home/rbe502/RBE550/install/pmb2_description/local/lib/python3.10/dist-packages:/home/rbe502/RBE550/build/launch_pal:/home/rbe502/RBE550/install/launch_pal/lib/python3.10/site-packages:${PYTHONPATH} /usr/bin/cmake --build /home/rbe502/RBE550/build/pmb2_robot -- -j2 -l2
[2.249s] Invoked command in '/home/rbe502/RBE550/build/pmb2_robot' returned '0': AMENT_PREFIX_PATH=/home/rbe502/RBE550/install/pmb2_bringup:/home/rbe502/RBE550/install/pmb2_description:/home/rbe502/RBE550/install/pmb2_controller_configuration:/home/rbe502/RBE550/install/pal_urdf_utils:/home/rbe502/RBE550/install/launch_pal:${AMENT_PREFIX_PATH} CMAKE_PREFIX_PATH=/home/rbe502/RBE550/install/pmb2_bringup:/home/rbe502/RBE550/install/pmb2_description:/home/rbe502/RBE550/install/pmb2_controller_configuration:/home/rbe502/RBE550/install/pal_urdf_utils:/opt/ros/humble PYTHONPATH=/home/rbe502/RBE550/install/pmb2_description/local/lib/python3.10/dist-packages:/home/rbe502/RBE550/build/launch_pal:/home/rbe502/RBE550/install/launch_pal/lib/python3.10/site-packages:${PYTHONPATH} /usr/bin/cmake --build /home/rbe502/RBE550/build/pmb2_robot -- -j2 -l2
[2.351s] Invoking command in '/home/rbe502/RBE550/build/pmb2_robot': AMENT_PREFIX_PATH=/home/rbe502/RBE550/install/pmb2_bringup:/home/rbe502/RBE550/install/pmb2_description:/home/rbe502/RBE550/install/pmb2_controller_configuration:/home/rbe502/RBE550/install/pal_urdf_utils:/home/rbe502/RBE550/install/launch_pal:${AMENT_PREFIX_PATH} CMAKE_PREFIX_PATH=/home/rbe502/RBE550/install/pmb2_bringup:/home/rbe502/RBE550/install/pmb2_description:/home/rbe502/RBE550/install/pmb2_controller_configuration:/home/rbe502/RBE550/install/pal_urdf_utils:/opt/ros/humble PYTHONPATH=/home/rbe502/RBE550/install/pmb2_description/local/lib/python3.10/dist-packages:/home/rbe502/RBE550/build/launch_pal:/home/rbe502/RBE550/install/launch_pal/lib/python3.10/site-packages:${PYTHONPATH} /usr/bin/cmake --install /home/rbe502/RBE550/build/pmb2_robot
[2.378s] -- Install configuration: ""
[2.378s] -- Execute custom install script
[2.379s] -- Symlinking: /home/rbe502/RBE550/install/pmb2_robot/share/ament_index/resource_index/package_run_dependencies/pmb2_robot
[2.400s] -- Symlinking: /home/rbe502/RBE550/install/pmb2_robot/share/ament_index/resource_index/parent_prefix_path/pmb2_robot
[2.421s] -- Symlinking: /home/rbe502/RBE550/install/pmb2_robot/share/pmb2_robot/environment/ament_prefix_path.sh
[2.439s] -- Symlinking: /home/rbe502/RBE550/install/pmb2_robot/share/pmb2_robot/environment/ament_prefix_path.dsv
[2.461s] -- Symlinking: /home/rbe502/RBE550/install/pmb2_robot/share/pmb2_robot/environment/path.sh
[2.481s] -- Symlinking: /home/rbe502/RBE550/install/pmb2_robot/share/pmb2_robot/environment/path.dsv
[2.500s] -- Symlinking: /home/rbe502/RBE550/install/pmb2_robot/share/pmb2_robot/local_setup.bash
[2.519s] -- Symlinking: /home/rbe502/RBE550/install/pmb2_robot/share/pmb2_robot/local_setup.sh
[2.539s] -- Symlinking: /home/rbe502/RBE550/install/pmb2_robot/share/pmb2_robot/local_setup.zsh
[2.559s] -- Symlinking: /home/rbe502/RBE550/install/pmb2_robot/share/pmb2_robot/local_setup.dsv
[2.580s] -- Symlinking: /home/rbe502/RBE550/install/pmb2_robot/share/pmb2_robot/package.dsv
[2.600s] -- Symlinking: /home/rbe502/RBE550/install/pmb2_robot/share/ament_index/resource_index/packages/pmb2_robot
[2.621s] -- Symlinking: /home/rbe502/RBE550/install/pmb2_robot/share/pmb2_robot/cmake/pmb2_robotConfig.cmake
[2.641s] -- Symlinking: /home/rbe502/RBE550/install/pmb2_robot/share/pmb2_robot/cmake/pmb2_robotConfig-version.cmake
[2.664s] -- Symlinking: /home/rbe502/RBE550/install/pmb2_robot/share/pmb2_robot/package.xml
[2.686s] Invoked command in '/home/rbe502/RBE550/build/pmb2_robot' returned '0': AMENT_PREFIX_PATH=/home/rbe502/RBE550/install/pmb2_bringup:/home/rbe502/RBE550/install/pmb2_description:/home/rbe502/RBE550/install/pmb2_controller_configuration:/home/rbe502/RBE550/install/pal_urdf_utils:/home/rbe502/RBE550/install/launch_pal:${AMENT_PREFIX_PATH} CMAKE_PREFIX_PATH=/home/rbe502/RBE550/install/pmb2_bringup:/home/rbe502/RBE550/install/pmb2_description:/home/rbe502/RBE550/install/pmb2_controller_configuration:/home/rbe502/RBE550/install/pal_urdf_utils:/opt/ros/humble PYTHONPATH=/home/rbe502/RBE550/install/pmb2_description/local/lib/python3.10/dist-packages:/home/rbe502/RBE550/build/launch_pal:/home/rbe502/RBE550/install/launch_pal/lib/python3.10/site-packages:${PYTHONPATH} /usr/bin/cmake --install /home/rbe502/RBE550/build/pmb2_robot
