[0.036s] Invoking command in '/home/rbe502/RBE550/build/pmb2_controller_configuration': AMENT_PREFIX_PATH=/home/rbe502/RBE550/install/launch_pal:${AMENT_PREFIX_PATH} CMAKE_PREFIX_PATH=/opt/ros/humble PYTHONPATH=/home/rbe502/RBE550/build/launch_pal:/home/rbe502/RBE550/install/launch_pal/lib/python3.10/site-packages:${PYTHONPATH} /usr/bin/cmake /home/rbe502/RBE550/src/pmb2_robot/pmb2_controller_configuration -DAMENT_CMAKE_SYMLINK_INSTALL=1 -DCMAKE_INSTALL_PREFIX=/home/rbe502/RBE550/install/pmb2_controller_configuration
[0.223s] -- The C compiler identification is GNU 11.4.0
[0.382s] -- The CXX compiler identification is GNU 11.4.0
[0.404s] -- Detecting C compiler ABI info
[0.587s] -- Detecting C compiler ABI info - done
[0.601s] -- Check for working C compiler: /usr/bin/cc - skipped
[0.601s] -- Detecting C compile features
[0.603s] -- Detecting C compile features - done
[0.608s] -- Detecting CXX compiler ABI info
[0.806s] -- Detecting CXX compiler ABI info - done
[0.820s] -- Check for working CXX compiler: /usr/bin/c++ - skipped
[0.820s] -- Detecting CXX compile features
[0.821s] -- Detecting CXX compile features - done
[0.826s] -- Found ament_cmake_auto: 1.3.8 (/opt/ros/humble/share/ament_cmake_auto/cmake)
[1.569s] -- Found Python3: /usr/bin/python3 (found version "3.10.12") found components: Interpreter 
[1.699s] -- Override CMake install command with custom implementation using symlinks instead of copying resources
[1.883s] -- Found ament_lint_auto: 0.12.10 (/opt/ros/humble/share/ament_lint_auto/cmake)
[1.924s] -- Added test 'copyright' to check source files copyright and LICENSE
[1.925s] -- Added test 'flake8' to check Python code syntax and style conventions
[1.926s] -- Added test 'lint_cmake' to check CMake code style
[1.927s] -- Added test 'pep257' to check Python code against some of the docstring style conventions in PEP 257
[1.930s] -- Added test 'xmllint' to check XML markup files
[1.931s] -- Configuring done
[1.937s] -- Generating done
[1.938s] -- Build files have been written to: /home/rbe502/RBE550/build/pmb2_controller_configuration
[1.946s] Invoked command in '/home/rbe502/RBE550/build/pmb2_controller_configuration' returned '0': AMENT_PREFIX_PATH=/home/rbe502/RBE550/install/launch_pal:${AMENT_PREFIX_PATH} CMAKE_PREFIX_PATH=/opt/ros/humble PYTHONPATH=/home/rbe502/RBE550/build/launch_pal:/home/rbe502/RBE550/install/launch_pal/lib/python3.10/site-packages:${PYTHONPATH} /usr/bin/cmake /home/rbe502/RBE550/src/pmb2_robot/pmb2_controller_configuration -DAMENT_CMAKE_SYMLINK_INSTALL=1 -DCMAKE_INSTALL_PREFIX=/home/rbe502/RBE550/install/pmb2_controller_configuration
[1.952s] Invoking command in '/home/rbe502/RBE550/build/pmb2_controller_configuration': AMENT_PREFIX_PATH=/home/rbe502/RBE550/install/launch_pal:${AMENT_PREFIX_PATH} CMAKE_PREFIX_PATH=/opt/ros/humble PYTHONPATH=/home/rbe502/RBE550/build/launch_pal:/home/rbe502/RBE550/install/launch_pal/lib/python3.10/site-packages:${PYTHONPATH} /usr/bin/cmake --build /home/rbe502/RBE550/build/pmb2_controller_configuration -- -j2 -l2
[2.070s] Invoked command in '/home/rbe502/RBE550/build/pmb2_controller_configuration' returned '0': AMENT_PREFIX_PATH=/home/rbe502/RBE550/install/launch_pal:${AMENT_PREFIX_PATH} CMAKE_PREFIX_PATH=/opt/ros/humble PYTHONPATH=/home/rbe502/RBE550/build/launch_pal:/home/rbe502/RBE550/install/launch_pal/lib/python3.10/site-packages:${PYTHONPATH} /usr/bin/cmake --build /home/rbe502/RBE550/build/pmb2_controller_configuration -- -j2 -l2
[2.170s] Invoking command in '/home/rbe502/RBE550/build/pmb2_controller_configuration': AMENT_PREFIX_PATH=/home/rbe502/RBE550/install/launch_pal:${AMENT_PREFIX_PATH} CMAKE_PREFIX_PATH=/opt/ros/humble PYTHONPATH=/home/rbe502/RBE550/build/launch_pal:/home/rbe502/RBE550/install/launch_pal/lib/python3.10/site-packages:${PYTHONPATH} /usr/bin/cmake --install /home/rbe502/RBE550/build/pmb2_controller_configuration
[2.192s] -- Install configuration: ""
[2.193s] -- Execute custom install script
[2.193s] -- Symlinking: /home/rbe502/RBE550/install/pmb2_controller_configuration/share/pmb2_controller_configuration/config/imu_sensor_broadcaster.yaml
[2.211s] -- Symlinking: /home/rbe502/RBE550/install/pmb2_controller_configuration/share/pmb2_controller_configuration/config/joint_state_broadcaster.yaml
[2.232s] -- Symlinking: /home/rbe502/RBE550/install/pmb2_controller_configuration/share/pmb2_controller_configuration/config/mobile_base_controller.yaml
[2.252s] -- Symlinking: /home/rbe502/RBE550/install/pmb2_controller_configuration/share/pmb2_controller_configuration/config/mobile_base_controller_public_sim.yaml
[2.273s] -- Symlinking: /home/rbe502/RBE550/install/pmb2_controller_configuration/share/pmb2_controller_configuration/launch/default_controllers.launch.py
[2.294s] -- Symlinking: /home/rbe502/RBE550/install/pmb2_controller_configuration/share/pmb2_controller_configuration/launch/mobile_base_controller.launch.py
[2.321s] -- Symlinking: /home/rbe502/RBE550/install/pmb2_controller_configuration/share/ament_index/resource_index/package_run_dependencies/pmb2_controller_configuration
[2.352s] -- Symlinking: /home/rbe502/RBE550/install/pmb2_controller_configuration/share/ament_index/resource_index/parent_prefix_path/pmb2_controller_configuration
[2.378s] -- Symlinking: /home/rbe502/RBE550/install/pmb2_controller_configuration/share/pmb2_controller_configuration/environment/ament_prefix_path.sh
[2.404s] -- Symlinking: /home/rbe502/RBE550/install/pmb2_controller_configuration/share/pmb2_controller_configuration/environment/ament_prefix_path.dsv
[2.433s] -- Symlinking: /home/rbe502/RBE550/install/pmb2_controller_configuration/share/pmb2_controller_configuration/environment/path.sh
[2.456s] -- Symlinking: /home/rbe502/RBE550/install/pmb2_controller_configuration/share/pmb2_controller_configuration/environment/path.dsv
[2.476s] -- Symlinking: /home/rbe502/RBE550/install/pmb2_controller_configuration/share/pmb2_controller_configuration/local_setup.bash
[2.497s] -- Symlinking: /home/rbe502/RBE550/install/pmb2_controller_configuration/share/pmb2_controller_configuration/local_setup.sh
[2.521s] -- Symlinking: /home/rbe502/RBE550/install/pmb2_controller_configuration/share/pmb2_controller_configuration/local_setup.zsh
[2.547s] -- Symlinking: /home/rbe502/RBE550/install/pmb2_controller_configuration/share/pmb2_controller_configuration/local_setup.dsv
[2.574s] -- Symlinking: /home/rbe502/RBE550/install/pmb2_controller_configuration/share/pmb2_controller_configuration/package.dsv
[2.603s] -- Symlinking: /home/rbe502/RBE550/install/pmb2_controller_configuration/share/ament_index/resource_index/packages/pmb2_controller_configuration
[2.631s] -- Symlinking: /home/rbe502/RBE550/install/pmb2_controller_configuration/share/pmb2_controller_configuration/cmake/pmb2_controller_configurationConfig.cmake
[2.663s] -- Symlinking: /home/rbe502/RBE550/install/pmb2_controller_configuration/share/pmb2_controller_configuration/cmake/pmb2_controller_configurationConfig-version.cmake
[2.699s] -- Symlinking: /home/rbe502/RBE550/install/pmb2_controller_configuration/share/pmb2_controller_configuration/package.xml
[2.726s] Invoked command in '/home/rbe502/RBE550/build/pmb2_controller_configuration' returned '0': AMENT_PREFIX_PATH=/home/rbe502/RBE550/install/launch_pal:${AMENT_PREFIX_PATH} CMAKE_PREFIX_PATH=/opt/ros/humble PYTHONPATH=/home/rbe502/RBE550/build/launch_pal:/home/rbe502/RBE550/install/launch_pal/lib/python3.10/site-packages:${PYTHONPATH} /usr/bin/cmake --install /home/rbe502/RBE550/build/pmb2_controller_configuration
