[0.019s] Invoking command in '/home/rbe502/RBE550/build/pal_gripper_controller_configuration': CMAKE_PREFIX_PATH=/opt/ros/humble /usr/bin/cmake /home/rbe502/RBE550/src/pal_gripper/pal_gripper_controller_configuration -DAMENT_CMAKE_SYMLINK_INSTALL=1 -DCMAKE_INSTALL_PREFIX=/home/rbe502/RBE550/install/pal_gripper_controller_configuration
[0.150s] -- The C compiler identification is GNU 11.4.0
[0.280s] -- The CXX compiler identification is GNU 11.4.0
[0.297s] -- Detecting C compiler ABI info
[0.551s] -- Detecting C compiler ABI info - done
[0.574s] -- Check for working C compiler: /usr/bin/cc - skipped
[0.576s] -- Detecting C compile features
[0.576s] -- Detecting C compile features - done
[0.583s] -- Detecting CXX compiler ABI info
[0.831s] -- Detecting CXX compiler ABI info - done
[0.849s] -- Check for working CXX compiler: /usr/bin/c++ - skipped
[0.850s] -- Detecting CXX compile features
[0.850s] -- Detecting CXX compile features - done
[0.855s] -- Found ament_cmake_auto: 1.3.8 (/opt/ros/humble/share/ament_cmake_auto/cmake)
[1.645s] -- Found Python3: /usr/bin/python3 (found version "3.10.12") found components: Interpreter 
[1.762s] -- Override CMake install command with custom implementation using symlinks instead of copying resources
[1.826s] -- Found ament_lint_auto: 0.12.10 (/opt/ros/humble/share/ament_lint_auto/cmake)
[2.039s] -- Added test 'copyright' to check source files copyright and LICENSE
[2.043s] -- Added test 'flake8' to check Python code syntax and style conventions
[2.044s] -- Added test 'lint_cmake' to check CMake code style
[2.045s] -- Added test 'pep257' to check Python code against some of the docstring style conventions in PEP 257
[2.047s] -- Added test 'xmllint' to check XML markup files
[2.050s] -- Configuring done
[2.057s] -- Generating done
[2.057s] -- Build files have been written to: /home/rbe502/RBE550/build/pal_gripper_controller_configuration
[2.066s] Invoked command in '/home/rbe502/RBE550/build/pal_gripper_controller_configuration' returned '0': CMAKE_PREFIX_PATH=/opt/ros/humble /usr/bin/cmake /home/rbe502/RBE550/src/pal_gripper/pal_gripper_controller_configuration -DAMENT_CMAKE_SYMLINK_INSTALL=1 -DCMAKE_INSTALL_PREFIX=/home/rbe502/RBE550/install/pal_gripper_controller_configuration
[2.073s] Invoking command in '/home/rbe502/RBE550/build/pal_gripper_controller_configuration': CMAKE_PREFIX_PATH=/opt/ros/humble /usr/bin/cmake --build /home/rbe502/RBE550/build/pal_gripper_controller_configuration -- -j2 -l2
[2.191s] Invoked command in '/home/rbe502/RBE550/build/pal_gripper_controller_configuration' returned '0': CMAKE_PREFIX_PATH=/opt/ros/humble /usr/bin/cmake --build /home/rbe502/RBE550/build/pal_gripper_controller_configuration -- -j2 -l2
[2.294s] Invoking command in '/home/rbe502/RBE550/build/pal_gripper_controller_configuration': CMAKE_PREFIX_PATH=/opt/ros/humble /usr/bin/cmake --install /home/rbe502/RBE550/build/pal_gripper_controller_configuration
[2.316s] -- Install configuration: ""
[2.317s] -- Execute custom install script
[2.320s] -- Symlinking: /home/rbe502/RBE550/install/pal_gripper_controller_configuration/share/pal_gripper_controller_configuration/config/current_limit_controllers.yaml
[2.348s] -- Symlinking: /home/rbe502/RBE550/install/pal_gripper_controller_configuration/share/pal_gripper_controller_configuration/config/current_limit_controllers_left.yaml
[2.375s] -- Symlinking: /home/rbe502/RBE550/install/pal_gripper_controller_configuration/share/pal_gripper_controller_configuration/config/current_limit_controllers_right.yaml
[2.413s] -- Symlinking: /home/rbe502/RBE550/install/pal_gripper_controller_configuration/share/pal_gripper_controller_configuration/config/gazebo_controller_manager_cfg.yaml
[2.440s] -- Symlinking: /home/rbe502/RBE550/install/pal_gripper_controller_configuration/share/pal_gripper_controller_configuration/config/gripper_controller.yaml
[2.465s] -- Symlinking: /home/rbe502/RBE550/install/pal_gripper_controller_configuration/share/pal_gripper_controller_configuration/config/joint_state_broadcaster.yaml
[2.493s] -- Symlinking: /home/rbe502/RBE550/install/pal_gripper_controller_configuration/share/pal_gripper_controller_configuration/config/joint_trajectory_controllers.yaml
[2.514s] -- Symlinking: /home/rbe502/RBE550/install/pal_gripper_controller_configuration/share/pal_gripper_controller_configuration/config/pids.yaml
[2.536s] -- Symlinking: /home/rbe502/RBE550/install/pal_gripper_controller_configuration/share/pal_gripper_controller_configuration/launch/current_limit_controllers.launch
[2.568s] -- Symlinking: /home/rbe502/RBE550/install/pal_gripper_controller_configuration/share/pal_gripper_controller_configuration/launch/gripper_controller.launch
[2.595s] -- Symlinking: /home/rbe502/RBE550/install/pal_gripper_controller_configuration/share/pal_gripper_controller_configuration/launch/joint_state_broadcaster.launch.py
[2.620s] -- Symlinking: /home/rbe502/RBE550/install/pal_gripper_controller_configuration/share/pal_gripper_controller_configuration/launch/pal_gripper_controller.launch.py
[2.642s] -- Symlinking: /home/rbe502/RBE550/install/pal_gripper_controller_configuration/share/ament_index/resource_index/package_run_dependencies/pal_gripper_controller_configuration
[2.664s] -- Symlinking: /home/rbe502/RBE550/install/pal_gripper_controller_configuration/share/ament_index/resource_index/parent_prefix_path/pal_gripper_controller_configuration
[2.685s] -- Symlinking: /home/rbe502/RBE550/install/pal_gripper_controller_configuration/share/pal_gripper_controller_configuration/environment/ament_prefix_path.sh
[2.706s] -- Symlinking: /home/rbe502/RBE550/install/pal_gripper_controller_configuration/share/pal_gripper_controller_configuration/environment/ament_prefix_path.dsv
[2.725s] -- Symlinking: /home/rbe502/RBE550/install/pal_gripper_controller_configuration/share/pal_gripper_controller_configuration/environment/path.sh
[2.745s] -- Symlinking: /home/rbe502/RBE550/install/pal_gripper_controller_configuration/share/pal_gripper_controller_configuration/environment/path.dsv
[2.766s] -- Symlinking: /home/rbe502/RBE550/install/pal_gripper_controller_configuration/share/pal_gripper_controller_configuration/local_setup.bash
[2.787s] -- Symlinking: /home/rbe502/RBE550/install/pal_gripper_controller_configuration/share/pal_gripper_controller_configuration/local_setup.sh
[2.810s] -- Symlinking: /home/rbe502/RBE550/install/pal_gripper_controller_configuration/share/pal_gripper_controller_configuration/local_setup.zsh
[2.825s] -- Symlinking: /home/rbe502/RBE550/install/pal_gripper_controller_configuration/share/pal_gripper_controller_configuration/local_setup.dsv
[2.845s] -- Symlinking: /home/rbe502/RBE550/install/pal_gripper_controller_configuration/share/pal_gripper_controller_configuration/package.dsv
[2.868s] -- Symlinking: /home/rbe502/RBE550/install/pal_gripper_controller_configuration/share/ament_index/resource_index/packages/pal_gripper_controller_configuration
[2.886s] -- Symlinking: /home/rbe502/RBE550/install/pal_gripper_controller_configuration/share/pal_gripper_controller_configuration/cmake/pal_gripper_controller_configurationConfig.cmake
[2.906s] -- Symlinking: /home/rbe502/RBE550/install/pal_gripper_controller_configuration/share/pal_gripper_controller_configuration/cmake/pal_gripper_controller_configurationConfig-version.cmake
[2.924s] -- Symlinking: /home/rbe502/RBE550/install/pal_gripper_controller_configuration/share/pal_gripper_controller_configuration/package.xml
[2.949s] Invoked command in '/home/rbe502/RBE550/build/pal_gripper_controller_configuration' returned '0': CMAKE_PREFIX_PATH=/opt/ros/humble /usr/bin/cmake --install /home/rbe502/RBE550/build/pal_gripper_controller_configuration
