[0.049s] Invoking command in '/home/rbe502/RBE550/build/pal_gazebo_worlds': CMAKE_PREFIX_PATH=/opt/ros/humble /usr/bin/cmake /home/rbe502/RBE550/src/pal_gazebo_worlds -DAMENT_CMAKE_SYMLINK_INSTALL=1 -DCMAKE_INSTALL_PREFIX=/home/rbe502/RBE550/install/pal_gazebo_worlds
[0.361s] -- The C compiler identification is GNU 11.4.0
[0.645s] -- The CXX compiler identification is GNU 11.4.0
[0.692s] -- Detecting C compiler ABI info
[1.124s] -- Detecting C compiler ABI info - done
[1.143s] -- Check for working C compiler: /usr/bin/cc - skipped
[1.146s] -- Detecting C compile features
[1.146s] -- Detecting C compile features - done
[1.154s] -- Detecting CXX compiler ABI info
[1.425s] -- Detecting CXX compiler ABI info - done
[1.444s] -- Check for working CXX compiler: /usr/bin/c++ - skipped
[1.444s] -- Detecting CXX compile features
[1.446s] -- Detecting CXX compile features - done
[1.453s] -- Found ament_cmake_auto: 1.3.8 (/opt/ros/humble/share/ament_cmake_auto/cmake)
[2.827s] -- Found Python3: /usr/bin/python3 (found version "3.10.12") found components: Interpreter 
[3.114s] -- Override CMake install command with custom implementation using symlinks instead of copying resources
[3.227s] -- Found ament_lint_auto: 0.12.10 (/opt/ros/humble/share/ament_lint_auto/cmake)
[3.603s] -- Added test 'copyright' to check source files copyright and LICENSE
[3.850s] -- Added test 'flake8' to check Python code syntax and style conventions
[3.878s] -- Added test 'lint_cmake' to check CMake code style
[3.890s] -- Added test 'pep257' to check Python code against some of the docstring style conventions in PEP 257
[4.008s] -- Added test 'xmllint' to check XML markup files
[4.017s] -- Configuring done
[4.031s] -- Generating done
[4.039s] -- Build files have been written to: /home/rbe502/RBE550/build/pal_gazebo_worlds
[4.058s] Invoked command in '/home/rbe502/RBE550/build/pal_gazebo_worlds' returned '0': CMAKE_PREFIX_PATH=/opt/ros/humble /usr/bin/cmake /home/rbe502/RBE550/src/pal_gazebo_worlds -DAMENT_CMAKE_SYMLINK_INSTALL=1 -DCMAKE_INSTALL_PREFIX=/home/rbe502/RBE550/install/pal_gazebo_worlds
[4.064s] Invoking command in '/home/rbe502/RBE550/build/pal_gazebo_worlds': CMAKE_PREFIX_PATH=/opt/ros/humble /usr/bin/cmake --build /home/rbe502/RBE550/build/pal_gazebo_worlds -- -j2 -l2
[4.291s] Invoked command in '/home/rbe502/RBE550/build/pal_gazebo_worlds' returned '0': CMAKE_PREFIX_PATH=/opt/ros/humble /usr/bin/cmake --build /home/rbe502/RBE550/build/pal_gazebo_worlds -- -j2 -l2
[4.455s] Invoking command in '/home/rbe502/RBE550/build/pal_gazebo_worlds': CMAKE_PREFIX_PATH=/opt/ros/humble /usr/bin/cmake --install /home/rbe502/RBE550/build/pal_gazebo_worlds
[4.508s] -- Install configuration: ""
[4.511s] -- Execute custom install script
[4.516s] -- Symlinking: /home/rbe502/RBE550/install/pal_gazebo_worlds/share/pal_gazebo_worlds/config/gazebo_params.yaml
[4.573s] -- Symlinking: /home/rbe502/RBE550/install/pal_gazebo_worlds/share/pal_gazebo_worlds/launch/pal_gazebo.launch.py
[4.649s] -- Symlinking: /home/rbe502/RBE550/install/pal_gazebo_worlds/share/pal_gazebo_worlds/models/arm_chair/arm_chair.sdf
[4.709s] -- Symlinking: /home/rbe502/RBE550/install/pal_gazebo_worlds/share/pal_gazebo_worlds/models/arm_chair/meshes/arm_chair.stl
[4.770s] -- Symlinking: /home/rbe502/RBE550/install/pal_gazebo_worlds/share/pal_gazebo_worlds/models/arm_chair/model.config
[4.823s] -- Symlinking: /home/rbe502/RBE550/install/pal_gazebo_worlds/share/pal_gazebo_worlds/models/aruco_board/aruco_board.sdf
[4.870s] -- Symlinking: /home/rbe502/RBE550/install/pal_gazebo_worlds/share/pal_gazebo_worlds/models/aruco_board/material/scripts/aruco_board.material
[4.899s] -- Symlinking: /home/rbe502/RBE550/install/pal_gazebo_worlds/share/pal_gazebo_worlds/models/aruco_board/material/textures/aruco_board.png
[4.927s] -- Symlinking: /home/rbe502/RBE550/install/pal_gazebo_worlds/share/pal_gazebo_worlds/models/aruco_board/model.config
[4.969s] -- Symlinking: /home/rbe502/RBE550/install/pal_gazebo_worlds/share/pal_gazebo_worlds/models/aruco_cube/aruco_cube.sdf
[5.030s] -- Symlinking: /home/rbe502/RBE550/install/pal_gazebo_worlds/share/pal_gazebo_worlds/models/aruco_cube/meshes/aruco_cube_5cm.dae
[5.084s] -- Symlinking: /home/rbe502/RBE550/install/pal_gazebo_worlds/share/pal_gazebo_worlds/models/aruco_cube/meshes/aruco_cube_6cm.dae
[5.146s] -- Symlinking: /home/rbe502/RBE550/install/pal_gazebo_worlds/share/pal_gazebo_worlds/models/aruco_cube/meshes/aruco_cube_8cm.dae
[5.188s] -- Symlinking: /home/rbe502/RBE550/install/pal_gazebo_worlds/share/pal_gazebo_worlds/models/aruco_cube/meshes/marker582.png
[5.233s] -- Symlinking: /home/rbe502/RBE550/install/pal_gazebo_worlds/share/pal_gazebo_worlds/models/aruco_cube/meshes/marker582_small_margin.png
[5.262s] -- Symlinking: /home/rbe502/RBE550/install/pal_gazebo_worlds/share/pal_gazebo_worlds/models/aruco_cube/model.config
[5.297s] -- Symlinking: /home/rbe502/RBE550/install/pal_gazebo_worlds/share/pal_gazebo_worlds/models/aruco_marker_0/materials/scripts/aruco_marker_0.material
[5.355s] -- Symlinking: /home/rbe502/RBE550/install/pal_gazebo_worlds/share/pal_gazebo_worlds/models/aruco_marker_0/materials/textures/aruco_marker_0.png
[5.403s] -- Symlinking: /home/rbe502/RBE550/install/pal_gazebo_worlds/share/pal_gazebo_worlds/models/aruco_marker_0/model.config
[5.433s] -- Symlinking: /home/rbe502/RBE550/install/pal_gazebo_worlds/share/pal_gazebo_worlds/models/aruco_marker_0/model.sdf
[5.465s] -- Symlinking: /home/rbe502/RBE550/install/pal_gazebo_worlds/share/pal_gazebo_worlds/models/aruco_marker_20/materials/scripts/aruco_marker_20.material
[5.491s] -- Symlinking: /home/rbe502/RBE550/install/pal_gazebo_worlds/share/pal_gazebo_worlds/models/aruco_marker_20/materials/textures/aruco_marker_20.png
[5.524s] -- Symlinking: /home/rbe502/RBE550/install/pal_gazebo_worlds/share/pal_gazebo_worlds/models/aruco_marker_20/model.config
[5.582s] -- Symlinking: /home/rbe502/RBE550/install/pal_gazebo_worlds/share/pal_gazebo_worlds/models/aruco_marker_20/model.sdf
[5.636s] -- Symlinking: /home/rbe502/RBE550/install/pal_gazebo_worlds/share/pal_gazebo_worlds/models/aruco_marker_250_6x6_1/aruco_marker_250_6x6.sdf
[5.664s] -- Symlinking: /home/rbe502/RBE550/install/pal_gazebo_worlds/share/pal_gazebo_worlds/models/aruco_marker_250_6x6_1/material/scripts/aruco_marker_250_6x6.material
[5.695s] -- Symlinking: /home/rbe502/RBE550/install/pal_gazebo_worlds/share/pal_gazebo_worlds/models/aruco_marker_250_6x6_1/material/textures/Aruco_6x6_250_0.png
[5.752s] -- Symlinking: /home/rbe502/RBE550/install/pal_gazebo_worlds/share/pal_gazebo_worlds/models/aruco_marker_250_6x6_1/model.config
[5.822s] -- Symlinking: /home/rbe502/RBE550/install/pal_gazebo_worlds/share/pal_gazebo_worlds/models/aruco_marker_250_6x6_2/aruco_marker_250_6x6.sdf
[5.852s] -- Symlinking: /home/rbe502/RBE550/install/pal_gazebo_worlds/share/pal_gazebo_worlds/models/aruco_marker_250_6x6_2/material/scripts/aruco_marker_250_6x6.material
[5.880s] -- Symlinking: /home/rbe502/RBE550/install/pal_gazebo_worlds/share/pal_gazebo_worlds/models/aruco_marker_250_6x6_2/material/textures/Aruco_6x6_250_1.png
[5.908s] -- Symlinking: /home/rbe502/RBE550/install/pal_gazebo_worlds/share/pal_gazebo_worlds/models/aruco_marker_250_6x6_2/model.config
[5.947s] -- Symlinking: /home/rbe502/RBE550/install/pal_gazebo_worlds/share/pal_gazebo_worlds/models/aruco_marker_250_6x6_3/aruco_marker_250_6x6.sdf
[6.004s] -- Symlinking: /home/rbe502/RBE550/install/pal_gazebo_worlds/share/pal_gazebo_worlds/models/aruco_marker_250_6x6_3/material/scripts/aruco_marker_250_6x6.material
[6.064s] -- Symlinking: /home/rbe502/RBE550/install/pal_gazebo_worlds/share/pal_gazebo_worlds/models/aruco_marker_250_6x6_3/material/textures/Aruco_6x6_250_2.png
[6.124s] -- Symlinking: /home/rbe502/RBE550/install/pal_gazebo_worlds/share/pal_gazebo_worlds/models/aruco_marker_250_6x6_3/model.config
[6.181s] -- Symlinking: /home/rbe502/RBE550/install/pal_gazebo_worlds/share/pal_gazebo_worlds/models/aruco_marker_250_6x6_4/aruco_marker_250_6x6.sdf
[6.242s] -- Symlinking: /home/rbe502/RBE550/install/pal_gazebo_worlds/share/pal_gazebo_worlds/models/aruco_marker_250_6x6_4/material/scripts/aruco_marker_250_6x6.material
[6.304s] -- Symlinking: /home/rbe502/RBE550/install/pal_gazebo_worlds/share/pal_gazebo_worlds/models/aruco_marker_250_6x6_4/material/textures/Aruco_6x6_250_3.png
[6.362s] -- Symlinking: /home/rbe502/RBE550/install/pal_gazebo_worlds/share/pal_gazebo_worlds/models/aruco_marker_250_6x6_4/model.config
[6.418s] -- Symlinking: /home/rbe502/RBE550/install/pal_gazebo_worlds/share/pal_gazebo_worlds/models/aruco_marker_6cm_238/aruco_marker_6cm.sdf
[6.477s] -- Symlinking: /home/rbe502/RBE550/install/pal_gazebo_worlds/share/pal_gazebo_worlds/models/aruco_marker_6cm_238/material/scripts/aruco_marker_original.material
[6.539s] -- Symlinking: /home/rbe502/RBE550/install/pal_gazebo_worlds/share/pal_gazebo_worlds/models/aruco_marker_6cm_238/material/textures/Aruco_6cm_238.png
[6.597s] -- Symlinking: /home/rbe502/RBE550/install/pal_gazebo_worlds/share/pal_gazebo_worlds/models/aruco_marker_6cm_238/model.config
[6.656s] -- Symlinking: /home/rbe502/RBE550/install/pal_gazebo_worlds/share/pal_gazebo_worlds/models/aruco_marker_6cm_26/aruco_marker_6cm.sdf
[6.712s] -- Symlinking: /home/rbe502/RBE550/install/pal_gazebo_worlds/share/pal_gazebo_worlds/models/aruco_marker_6cm_26/material/scripts/aruco_marker_original.material
[6.771s] -- Symlinking: /home/rbe502/RBE550/install/pal_gazebo_worlds/share/pal_gazebo_worlds/models/aruco_marker_6cm_26/material/textures/Aruco_6cm_26.png
[6.823s] -- Symlinking: /home/rbe502/RBE550/install/pal_gazebo_worlds/share/pal_gazebo_worlds/models/aruco_marker_6cm_26/model.config
[6.887s] -- Symlinking: /home/rbe502/RBE550/install/pal_gazebo_worlds/share/pal_gazebo_worlds/models/aruco_marker_6cm_582/aruco_marker_6cm.sdf
[6.948s] -- Symlinking: /home/rbe502/RBE550/install/pal_gazebo_worlds/share/pal_gazebo_worlds/models/aruco_marker_6cm_582/material/scripts/aruco_marker_original.material
[7.009s] -- Symlinking: /home/rbe502/RBE550/install/pal_gazebo_worlds/share/pal_gazebo_worlds/models/aruco_marker_6cm_582/material/textures/Aruco_6cm_582.png
[7.068s] -- Symlinking: /home/rbe502/RBE550/install/pal_gazebo_worlds/share/pal_gazebo_worlds/models/aruco_marker_6cm_582/model.config
[7.126s] -- Symlinking: /home/rbe502/RBE550/install/pal_gazebo_worlds/share/pal_gazebo_worlds/models/aruco_marker_6cm_63/aruco_marker_6cm.sdf
[7.183s] -- Symlinking: /home/rbe502/RBE550/install/pal_gazebo_worlds/share/pal_gazebo_worlds/models/aruco_marker_6cm_63/material/scripts/aruco_marker_original.material
[7.242s] -- Symlinking: /home/rbe502/RBE550/install/pal_gazebo_worlds/share/pal_gazebo_worlds/models/aruco_marker_6cm_63/material/textures/Aruco_6cm_63.png
[7.289s] -- Symlinking: /home/rbe502/RBE550/install/pal_gazebo_worlds/share/pal_gazebo_worlds/models/aruco_marker_6cm_63/model.config
[7.317s] -- Symlinking: /home/rbe502/RBE550/install/pal_gazebo_worlds/share/pal_gazebo_worlds/models/aruco_marker_9cm_238/aruco_marker_9cm.sdf
[7.374s] -- Symlinking: /home/rbe502/RBE550/install/pal_gazebo_worlds/share/pal_gazebo_worlds/models/aruco_marker_9cm_238/material/scripts/aruco_marker_original.material
[7.431s] -- Symlinking: /home/rbe502/RBE550/install/pal_gazebo_worlds/share/pal_gazebo_worlds/models/aruco_marker_9cm_238/material/textures/Aruco_9cm_238.png
[7.494s] -- Symlinking: /home/rbe502/RBE550/install/pal_gazebo_worlds/share/pal_gazebo_worlds/models/aruco_marker_9cm_238/model.config
[7.556s] -- Symlinking: /home/rbe502/RBE550/install/pal_gazebo_worlds/share/pal_gazebo_worlds/models/aruco_marker_9cm_26/aruco_marker_9cm.sdf
[7.615s] -- Symlinking: /home/rbe502/RBE550/install/pal_gazebo_worlds/share/pal_gazebo_worlds/models/aruco_marker_9cm_26/material/scripts/aruco_marker_original.material
[7.662s] -- Symlinking: /home/rbe502/RBE550/install/pal_gazebo_worlds/share/pal_gazebo_worlds/models/aruco_marker_9cm_26/material/textures/Aruco_9cm_26.png
[7.716s] -- Symlinking: /home/rbe502/RBE550/install/pal_gazebo_worlds/share/pal_gazebo_worlds/models/aruco_marker_9cm_26/model.config
[7.747s] -- Symlinking: /home/rbe502/RBE550/install/pal_gazebo_worlds/share/pal_gazebo_worlds/models/aruco_marker_9cm_582/aruco_marker_9cm.sdf
[7.796s] -- Symlinking: /home/rbe502/RBE550/install/pal_gazebo_worlds/share/pal_gazebo_worlds/models/aruco_marker_9cm_582/material/scripts/aruco_marker_original.material
[7.826s] -- Symlinking: /home/rbe502/RBE550/install/pal_gazebo_worlds/share/pal_gazebo_worlds/models/aruco_marker_9cm_582/material/textures/Aruco_9cm_582.png
[7.864s] -- Symlinking: /home/rbe502/RBE550/install/pal_gazebo_worlds/share/pal_gazebo_worlds/models/aruco_marker_9cm_582/model.config
[7.909s] -- Symlinking: /home/rbe502/RBE550/install/pal_gazebo_worlds/share/pal_gazebo_worlds/models/aruco_marker_9cm_63/aruco_marker_9cm.sdf
[7.943s] -- Symlinking: /home/rbe502/RBE550/install/pal_gazebo_worlds/share/pal_gazebo_worlds/models/aruco_marker_9cm_63/material/scripts/aruco_marker_original.material
[7.973s] -- Symlinking: /home/rbe502/RBE550/install/pal_gazebo_worlds/share/pal_gazebo_worlds/models/aruco_marker_9cm_63/material/textures/Aruco_9cm_63.png
[8.028s] -- Symlinking: /home/rbe502/RBE550/install/pal_gazebo_worlds/share/pal_gazebo_worlds/models/aruco_marker_9cm_63/model.config
[8.084s] -- Symlinking: /home/rbe502/RBE550/install/pal_gazebo_worlds/share/pal_gazebo_worlds/models/aruco_marker_original_238/aruco_marker_original.sdf
[8.150s] -- Symlinking: /home/rbe502/RBE550/install/pal_gazebo_worlds/share/pal_gazebo_worlds/models/aruco_marker_original_238/material/scripts/aruco_marker_original.material
[8.207s] -- Symlinking: /home/rbe502/RBE550/install/pal_gazebo_worlds/share/pal_gazebo_worlds/models/aruco_marker_original_238/material/textures/Aruco_original_238.png
[8.261s] -- Symlinking: /home/rbe502/RBE550/install/pal_gazebo_worlds/share/pal_gazebo_worlds/models/aruco_marker_original_238/model.config
[8.308s] -- Symlinking: /home/rbe502/RBE550/install/pal_gazebo_worlds/share/pal_gazebo_worlds/models/aruco_marker_original_26/aruco_marker_original.sdf
[8.329s] -- Symlinking: /home/rbe502/RBE550/install/pal_gazebo_worlds/share/pal_gazebo_worlds/models/aruco_marker_original_26/material/scripts/aruco_marker_original.material
[8.348s] -- Symlinking: /home/rbe502/RBE550/install/pal_gazebo_worlds/share/pal_gazebo_worlds/models/aruco_marker_original_26/material/textures/Aruco_original_26.png
[8.369s] -- Symlinking: /home/rbe502/RBE550/install/pal_gazebo_worlds/share/pal_gazebo_worlds/models/aruco_marker_original_26/model.config
[8.388s] -- Symlinking: /home/rbe502/RBE550/install/pal_gazebo_worlds/share/pal_gazebo_worlds/models/aruco_marker_original_582/aruco_marker_original.sdf
[8.428s] -- Symlinking: /home/rbe502/RBE550/install/pal_gazebo_worlds/share/pal_gazebo_worlds/models/aruco_marker_original_582/material/scripts/aruco_marker_original.material
[8.473s] -- Symlinking: /home/rbe502/RBE550/install/pal_gazebo_worlds/share/pal_gazebo_worlds/models/aruco_marker_original_582/material/textures/Aruco_original_582.png
[8.529s] -- Symlinking: /home/rbe502/RBE550/install/pal_gazebo_worlds/share/pal_gazebo_worlds/models/aruco_marker_original_582/model.config
[8.589s] -- Symlinking: /home/rbe502/RBE550/install/pal_gazebo_worlds/share/pal_gazebo_worlds/models/aruco_marker_original_63/aruco_marker_original.sdf
[8.633s] -- Symlinking: /home/rbe502/RBE550/install/pal_gazebo_worlds/share/pal_gazebo_worlds/models/aruco_marker_original_63/material/scripts/aruco_marker_original.material
[8.662s] -- Symlinking: /home/rbe502/RBE550/install/pal_gazebo_worlds/share/pal_gazebo_worlds/models/aruco_marker_original_63/material/textures/Aruco_original_63.png
[8.690s] -- Symlinking: /home/rbe502/RBE550/install/pal_gazebo_worlds/share/pal_gazebo_worlds/models/aruco_marker_original_63/model.config
[8.734s] -- Symlinking: /home/rbe502/RBE550/install/pal_gazebo_worlds/share/pal_gazebo_worlds/models/bauman/README
[8.778s] -- Symlinking: /home/rbe502/RBE550/install/pal_gazebo_worlds/share/pal_gazebo_worlds/models/bauman/bauman_walls.png
[8.807s] -- Symlinking: /home/rbe502/RBE550/install/pal_gazebo_worlds/share/pal_gazebo_worlds/models/bauman/model.config
[8.867s] -- Symlinking: /home/rbe502/RBE550/install/pal_gazebo_worlds/share/pal_gazebo_worlds/models/bauman/model.sdf
[8.924s] -- Symlinking: /home/rbe502/RBE550/install/pal_gazebo_worlds/share/pal_gazebo_worlds/models/bench/bench.sdf
[8.983s] -- Symlinking: /home/rbe502/RBE550/install/pal_gazebo_worlds/share/pal_gazebo_worlds/models/bench/meshes/bench.stl
[9.039s] -- Symlinking: /home/rbe502/RBE550/install/pal_gazebo_worlds/share/pal_gazebo_worlds/models/bench/model.config
[9.104s] -- Symlinking: /home/rbe502/RBE550/install/pal_gazebo_worlds/share/pal_gazebo_worlds/models/bifrutas_tropical_can/bifrutas_tropical_can.sdf
[9.160s] -- Symlinking: /home/rbe502/RBE550/install/pal_gazebo_worlds/share/pal_gazebo_worlds/models/bifrutas_tropical_can/material/scripts/bifrutas_tropical_can.material
[9.217s] -- Symlinking: /home/rbe502/RBE550/install/pal_gazebo_worlds/share/pal_gazebo_worlds/models/bifrutas_tropical_can/material/textures/bifrutas_tropical_can.jpg
[9.272s] -- Symlinking: /home/rbe502/RBE550/install/pal_gazebo_worlds/share/pal_gazebo_worlds/models/bifrutas_tropical_can/model.config
[9.328s] -- Symlinking: /home/rbe502/RBE550/install/pal_gazebo_worlds/share/pal_gazebo_worlds/models/biscuits_pack/biscuits_pack.sdf
[9.378s] -- Symlinking: /home/rbe502/RBE550/install/pal_gazebo_worlds/share/pal_gazebo_worlds/models/biscuits_pack/material/scripts/pringles.material
[9.437s] -- Symlinking: /home/rbe502/RBE550/install/pal_gazebo_worlds/share/pal_gazebo_worlds/models/biscuits_pack/material/textures/biscuits_pack.jpg
[9.496s] -- Symlinking: /home/rbe502/RBE550/install/pal_gazebo_worlds/share/pal_gazebo_worlds/models/biscuits_pack/model.config
[9.538s] -- Symlinking: /home/rbe502/RBE550/install/pal_gazebo_worlds/share/pal_gazebo_worlds/models/box_with_handles/box_with_handles.sdf
[9.564s] -- Symlinking: /home/rbe502/RBE550/install/pal_gazebo_worlds/share/pal_gazebo_worlds/models/box_with_handles/material/scripts/aruco_marker_original.material
[9.593s] -- Symlinking: /home/rbe502/RBE550/install/pal_gazebo_worlds/share/pal_gazebo_worlds/models/box_with_handles/material/textures/Aruco_original_582.png
[9.619s] -- Symlinking: /home/rbe502/RBE550/install/pal_gazebo_worlds/share/pal_gazebo_worlds/models/box_with_handles/model.config
[9.654s] -- Symlinking: /home/rbe502/RBE550/install/pal_gazebo_worlds/share/pal_gazebo_worlds/models/brick_box_3x1x3/materials/scripts/brick_box.material
[9.712s] -- Symlinking: /home/rbe502/RBE550/install/pal_gazebo_worlds/share/pal_gazebo_worlds/models/brick_box_3x1x3/materials/textures/simple_box.png
[9.768s] -- Symlinking: /home/rbe502/RBE550/install/pal_gazebo_worlds/share/pal_gazebo_worlds/models/brick_box_3x1x3/meshes/simple_box.dae
[9.825s] -- Symlinking: /home/rbe502/RBE550/install/pal_gazebo_worlds/share/pal_gazebo_worlds/models/brick_box_3x1x3/model-1_3.sdf
[9.880s] -- Symlinking: /home/rbe502/RBE550/install/pal_gazebo_worlds/share/pal_gazebo_worlds/models/brick_box_3x1x3/model-1_4.sdf
[9.935s] -- Symlinking: /home/rbe502/RBE550/install/pal_gazebo_worlds/share/pal_gazebo_worlds/models/brick_box_3x1x3/model.config
[9.988s] -- Symlinking: /home/rbe502/RBE550/install/pal_gazebo_worlds/share/pal_gazebo_worlds/models/brick_box_3x1x3/model.sdf
[10.045s] -- Symlinking: /home/rbe502/RBE550/install/pal_gazebo_worlds/share/pal_gazebo_worlds/models/citizen_extras_female_02/images/_01_-_Default1noCulling.JPG
[10.088s] -- Symlinking: /home/rbe502/RBE550/install/pal_gazebo_worlds/share/pal_gazebo_worlds/models/citizen_extras_female_02/images/_02_-_Default1noCulling.JPG
[10.124s] -- Symlinking: /home/rbe502/RBE550/install/pal_gazebo_worlds/share/pal_gazebo_worlds/models/citizen_extras_female_02/images/_03_-_Default1noCulling.JPG
[10.164s] -- Symlinking: /home/rbe502/RBE550/install/pal_gazebo_worlds/share/pal_gazebo_worlds/models/citizen_extras_female_02/meshes/mesh.dae
[10.205s] -- Symlinking: /home/rbe502/RBE550/install/pal_gazebo_worlds/share/pal_gazebo_worlds/models/citizen_extras_female_02/model.config
[10.242s] -- Symlinking: /home/rbe502/RBE550/install/pal_gazebo_worlds/share/pal_gazebo_worlds/models/citizen_extras_female_02/model.sdf
[10.282s] -- Symlinking: /home/rbe502/RBE550/install/pal_gazebo_worlds/share/pal_gazebo_worlds/models/citizen_extras_female_03/images/Material__1noCulling.JPG
[10.317s] -- Symlinking: /home/rbe502/RBE550/install/pal_gazebo_worlds/share/pal_gazebo_worlds/models/citizen_extras_female_03/images/Material__2noCulling.JPG
[10.347s] -- Symlinking: /home/rbe502/RBE550/install/pal_gazebo_worlds/share/pal_gazebo_worlds/models/citizen_extras_female_03/images/_03_-_Default1noCulling.JPG
[10.377s] -- Symlinking: /home/rbe502/RBE550/install/pal_gazebo_worlds/share/pal_gazebo_worlds/models/citizen_extras_female_03/meshes/mesh.dae
[10.410s] -- Symlinking: /home/rbe502/RBE550/install/pal_gazebo_worlds/share/pal_gazebo_worlds/models/citizen_extras_female_03/model.config
[10.427s] -- Symlinking: /home/rbe502/RBE550/install/pal_gazebo_worlds/share/pal_gazebo_worlds/models/citizen_extras_female_03/model.sdf
[10.470s] -- Symlinking: /home/rbe502/RBE550/install/pal_gazebo_worlds/share/pal_gazebo_worlds/models/citizen_extras_male_03/images/Material__1noCulling.JPG
[10.489s] -- Symlinking: /home/rbe502/RBE550/install/pal_gazebo_worlds/share/pal_gazebo_worlds/models/citizen_extras_male_03/images/hair1noCulling.JPG
[10.514s] -- Symlinking: /home/rbe502/RBE550/install/pal_gazebo_worlds/share/pal_gazebo_worlds/models/citizen_extras_male_03/images/hrad1noCulling.JPG
[10.541s] -- Symlinking: /home/rbe502/RBE550/install/pal_gazebo_worlds/share/pal_gazebo_worlds/models/citizen_extras_male_03/meshes/mesh.dae
[10.569s] -- Symlinking: /home/rbe502/RBE550/install/pal_gazebo_worlds/share/pal_gazebo_worlds/models/citizen_extras_male_03/model.config
[10.588s] -- Symlinking: /home/rbe502/RBE550/install/pal_gazebo_worlds/share/pal_gazebo_worlds/models/citizen_extras_male_03/model.sdf
[10.612s] -- Symlinking: /home/rbe502/RBE550/install/pal_gazebo_worlds/share/pal_gazebo_worlds/models/closet/closet.sdf
[10.633s] -- Symlinking: /home/rbe502/RBE550/install/pal_gazebo_worlds/share/pal_gazebo_worlds/models/closet/meshes/closet.stl
[10.662s] -- Symlinking: /home/rbe502/RBE550/install/pal_gazebo_worlds/share/pal_gazebo_worlds/models/closet/model.config
[10.696s] -- Symlinking: /home/rbe502/RBE550/install/pal_gazebo_worlds/share/pal_gazebo_worlds/models/cocacola/cocacola.sdf
[10.733s] -- Symlinking: /home/rbe502/RBE550/install/pal_gazebo_worlds/share/pal_gazebo_worlds/models/cocacola/material/scripts/cocacola.material
[10.770s] -- Symlinking: /home/rbe502/RBE550/install/pal_gazebo_worlds/share/pal_gazebo_worlds/models/cocacola/material/textures/cocacola.jpg
[10.800s] -- Symlinking: /home/rbe502/RBE550/install/pal_gazebo_worlds/share/pal_gazebo_worlds/models/cocacola/model.config
[10.829s] -- Symlinking: /home/rbe502/RBE550/install/pal_gazebo_worlds/share/pal_gazebo_worlds/models/coke_can_slim/coke_can_slim.sdf
[10.864s] -- Symlinking: /home/rbe502/RBE550/install/pal_gazebo_worlds/share/pal_gazebo_worlds/models/coke_can_slim/material/scripts/coke_can_slim.material
[10.899s] -- Symlinking: /home/rbe502/RBE550/install/pal_gazebo_worlds/share/pal_gazebo_worlds/models/coke_can_slim/material/textures/coke_can_slim.jpg
[10.940s] -- Symlinking: /home/rbe502/RBE550/install/pal_gazebo_worlds/share/pal_gazebo_worlds/models/coke_can_slim/model.config
[10.979s] -- Symlinking: /home/rbe502/RBE550/install/pal_gazebo_worlds/share/pal_gazebo_worlds/models/database.config
[11.007s] -- Symlinking: /home/rbe502/RBE550/install/pal_gazebo_worlds/share/pal_gazebo_worlds/models/dining_chair/dining_chair.sdf
[11.040s] -- Symlinking: /home/rbe502/RBE550/install/pal_gazebo_worlds/share/pal_gazebo_worlds/models/dining_chair/meshes/dining_chair.stl
[11.072s] -- Symlinking: /home/rbe502/RBE550/install/pal_gazebo_worlds/share/pal_gazebo_worlds/models/dining_chair/model.config
[11.101s] -- Symlinking: /home/rbe502/RBE550/install/pal_gazebo_worlds/share/pal_gazebo_worlds/models/dock1/dock1.sdf
[11.159s] -- Symlinking: /home/rbe502/RBE550/install/pal_gazebo_worlds/share/pal_gazebo_worlds/models/dock1/meshes/dock1.dae
[11.217s] -- Symlinking: /home/rbe502/RBE550/install/pal_gazebo_worlds/share/pal_gazebo_worlds/models/dock1/model.config
[11.245s] -- Symlinking: /home/rbe502/RBE550/install/pal_gazebo_worlds/share/pal_gazebo_worlds/models/door_obstacle/door_obstacle.sdf
[11.279s] -- Symlinking: /home/rbe502/RBE550/install/pal_gazebo_worlds/share/pal_gazebo_worlds/models/door_obstacle/model.config
[11.333s] -- Symlinking: /home/rbe502/RBE550/install/pal_gazebo_worlds/share/pal_gazebo_worlds/models/floor_lamp/floor_lamp.sdf
[11.389s] -- Symlinking: /home/rbe502/RBE550/install/pal_gazebo_worlds/share/pal_gazebo_worlds/models/floor_lamp/meshes/floor_lamp.stl
[11.444s] -- Symlinking: /home/rbe502/RBE550/install/pal_gazebo_worlds/share/pal_gazebo_worlds/models/floor_lamp/model.config
[11.475s] -- Symlinking: /home/rbe502/RBE550/install/pal_gazebo_worlds/share/pal_gazebo_worlds/models/goetz_sofa/goetz_sofa.sdf
[11.515s] -- Symlinking: /home/rbe502/RBE550/install/pal_gazebo_worlds/share/pal_gazebo_worlds/models/goetz_sofa/materials/textures/texture0.jpg
[11.543s] -- Symlinking: /home/rbe502/RBE550/install/pal_gazebo_worlds/share/pal_gazebo_worlds/models/goetz_sofa/meshes/goetz_sofa.dae
[11.572s] -- Symlinking: /home/rbe502/RBE550/install/pal_gazebo_worlds/share/pal_gazebo_worlds/models/goetz_sofa/model.config
[11.602s] -- Symlinking: /home/rbe502/RBE550/install/pal_gazebo_worlds/share/pal_gazebo_worlds/models/green_ball/materials/scripts/ball.material
[11.628s] -- Symlinking: /home/rbe502/RBE550/install/pal_gazebo_worlds/share/pal_gazebo_worlds/models/green_ball/model.config
[11.677s] -- Symlinking: /home/rbe502/RBE550/install/pal_gazebo_worlds/share/pal_gazebo_worlds/models/green_ball/model.sdf
[11.731s] -- Symlinking: /home/rbe502/RBE550/install/pal_gazebo_worlds/share/pal_gazebo_worlds/models/green_cube/green_cube.sdf
[11.788s] -- Symlinking: /home/rbe502/RBE550/install/pal_gazebo_worlds/share/pal_gazebo_worlds/models/green_cube/model.config
[11.844s] -- Symlinking: /home/rbe502/RBE550/install/pal_gazebo_worlds/share/pal_gazebo_worlds/models/green_rectangle/green_rectangle.sdf
[11.895s] -- Symlinking: /home/rbe502/RBE550/install/pal_gazebo_worlds/share/pal_gazebo_worlds/models/green_rectangle/model.config
[11.923s] -- Symlinking: /home/rbe502/RBE550/install/pal_gazebo_worlds/share/pal_gazebo_worlds/models/ground_plane/model-1_2.sdf
[11.949s] -- Symlinking: /home/rbe502/RBE550/install/pal_gazebo_worlds/share/pal_gazebo_worlds/models/ground_plane/model-1_3.sdf
[11.977s] -- Symlinking: /home/rbe502/RBE550/install/pal_gazebo_worlds/share/pal_gazebo_worlds/models/ground_plane/model-1_4.sdf
[12.016s] -- Symlinking: /home/rbe502/RBE550/install/pal_gazebo_worlds/share/pal_gazebo_worlds/models/ground_plane/model.config
[12.053s] -- Symlinking: /home/rbe502/RBE550/install/pal_gazebo_worlds/share/pal_gazebo_worlds/models/ground_plane/model.sdf
[12.082s] -- Symlinking: /home/rbe502/RBE550/install/pal_gazebo_worlds/share/pal_gazebo_worlds/models/hospital_flat_map/hospital_flat_map.sdf
[12.122s] -- Symlinking: /home/rbe502/RBE550/install/pal_gazebo_worlds/share/pal_gazebo_worlds/models/hospital_flat_map/meshes/hospital_flat_map.stl
[12.150s] -- Symlinking: /home/rbe502/RBE550/install/pal_gazebo_worlds/share/pal_gazebo_worlds/models/hospital_flat_map/model.config
[12.179s] -- Symlinking: /home/rbe502/RBE550/install/pal_gazebo_worlds/share/pal_gazebo_worlds/models/hospital_map/hospital_map.sdf
[12.211s] -- Symlinking: /home/rbe502/RBE550/install/pal_gazebo_worlds/share/pal_gazebo_worlds/models/hospital_map/meshes/g1.stl
[12.252s] -- Symlinking: /home/rbe502/RBE550/install/pal_gazebo_worlds/share/pal_gazebo_worlds/models/hospital_map/meshes/g2.stl
[12.307s] -- Symlinking: /home/rbe502/RBE550/install/pal_gazebo_worlds/share/pal_gazebo_worlds/models/hospital_map/meshes/g3.stl
[12.357s] -- Symlinking: /home/rbe502/RBE550/install/pal_gazebo_worlds/share/pal_gazebo_worlds/models/hospital_map/meshes/g4.stl
[12.393s] -- Symlinking: /home/rbe502/RBE550/install/pal_gazebo_worlds/share/pal_gazebo_worlds/models/hospital_map/meshes/g5.stl
[12.451s] -- Symlinking: /home/rbe502/RBE550/install/pal_gazebo_worlds/share/pal_gazebo_worlds/models/hospital_map/meshes/g6.stl
[12.511s] -- Symlinking: /home/rbe502/RBE550/install/pal_gazebo_worlds/share/pal_gazebo_worlds/models/hospital_map/meshes/g7.stl
[12.558s] -- Symlinking: /home/rbe502/RBE550/install/pal_gazebo_worlds/share/pal_gazebo_worlds/models/hospital_map/meshes/gr1.stl
[12.623s] -- Symlinking: /home/rbe502/RBE550/install/pal_gazebo_worlds/share/pal_gazebo_worlds/models/hospital_map/meshes/gr2.stl
[12.676s] -- Symlinking: /home/rbe502/RBE550/install/pal_gazebo_worlds/share/pal_gazebo_worlds/models/hospital_map/meshes/gr3.stl
[12.738s] -- Symlinking: /home/rbe502/RBE550/install/pal_gazebo_worlds/share/pal_gazebo_worlds/models/hospital_map/meshes/gr4.stl
[12.787s] -- Symlinking: /home/rbe502/RBE550/install/pal_gazebo_worlds/share/pal_gazebo_worlds/models/hospital_map/meshes/gr5.stl
[12.833s] -- Symlinking: /home/rbe502/RBE550/install/pal_gazebo_worlds/share/pal_gazebo_worlds/models/hospital_map/meshes/gr6.stl
[12.860s] -- Symlinking: /home/rbe502/RBE550/install/pal_gazebo_worlds/share/pal_gazebo_worlds/models/hospital_map/meshes/hospital_map.stl
[12.922s] -- Symlinking: /home/rbe502/RBE550/install/pal_gazebo_worlds/share/pal_gazebo_worlds/models/hospital_map/meshes/w1.stl
[12.982s] -- Symlinking: /home/rbe502/RBE550/install/pal_gazebo_worlds/share/pal_gazebo_worlds/models/hospital_map/meshes/w2.stl
[13.028s] -- Symlinking: /home/rbe502/RBE550/install/pal_gazebo_worlds/share/pal_gazebo_worlds/models/hospital_map/meshes/w3.stl
[13.059s] -- Symlinking: /home/rbe502/RBE550/install/pal_gazebo_worlds/share/pal_gazebo_worlds/models/hospital_map/meshes/w4.stl
[13.093s] -- Symlinking: /home/rbe502/RBE550/install/pal_gazebo_worlds/share/pal_gazebo_worlds/models/hospital_map/meshes/w5.stl
[13.153s] -- Symlinking: /home/rbe502/RBE550/install/pal_gazebo_worlds/share/pal_gazebo_worlds/models/hospital_map/meshes/w6.stl
[13.211s] -- Symlinking: /home/rbe502/RBE550/install/pal_gazebo_worlds/share/pal_gazebo_worlds/models/hospital_map/meshes/w7.stl
[13.264s] -- Symlinking: /home/rbe502/RBE550/install/pal_gazebo_worlds/share/pal_gazebo_worlds/models/hospital_map/meshes/wr1.stl
[13.325s] -- Symlinking: /home/rbe502/RBE550/install/pal_gazebo_worlds/share/pal_gazebo_worlds/models/hospital_map/meshes/wr2.stl
[13.379s] -- Symlinking: /home/rbe502/RBE550/install/pal_gazebo_worlds/share/pal_gazebo_worlds/models/hospital_map/meshes/wr3.stl
[13.428s] -- Symlinking: /home/rbe502/RBE550/install/pal_gazebo_worlds/share/pal_gazebo_worlds/models/hospital_map/meshes/wr4.stl
[13.456s] -- Symlinking: /home/rbe502/RBE550/install/pal_gazebo_worlds/share/pal_gazebo_worlds/models/hospital_map/meshes/wr5.stl
[13.484s] -- Symlinking: /home/rbe502/RBE550/install/pal_gazebo_worlds/share/pal_gazebo_worlds/models/hospital_map/meshes/wr6.stl
[13.543s] -- Symlinking: /home/rbe502/RBE550/install/pal_gazebo_worlds/share/pal_gazebo_worlds/models/hospital_map/model.config
[13.600s] -- Symlinking: /home/rbe502/RBE550/install/pal_gazebo_worlds/share/pal_gazebo_worlds/models/ideal_sun/model.config
[13.652s] -- Symlinking: /home/rbe502/RBE550/install/pal_gazebo_worlds/share/pal_gazebo_worlds/models/ideal_sun/model.sdf
[13.682s] -- Symlinking: /home/rbe502/RBE550/install/pal_gazebo_worlds/share/pal_gazebo_worlds/models/ikea_ektorp_chair/meshes/IKE06001.JPG
[13.733s] -- Symlinking: /home/rbe502/RBE550/install/pal_gazebo_worlds/share/pal_gazebo_worlds/models/ikea_ektorp_chair/meshes/mesh.dae
[13.789s] -- Symlinking: /home/rbe502/RBE550/install/pal_gazebo_worlds/share/pal_gazebo_worlds/models/ikea_ektorp_chair/model.config
[13.827s] -- Symlinking: /home/rbe502/RBE550/install/pal_gazebo_worlds/share/pal_gazebo_worlds/models/ikea_ektorp_chair/model.sdf
[13.851s] -- Symlinking: /home/rbe502/RBE550/install/pal_gazebo_worlds/share/pal_gazebo_worlds/models/ikea_folke_chair/meshes/mesh.dae
[13.885s] -- Symlinking: /home/rbe502/RBE550/install/pal_gazebo_worlds/share/pal_gazebo_worlds/models/ikea_folke_chair/meshes/notexture.png
[13.942s] -- Symlinking: /home/rbe502/RBE550/install/pal_gazebo_worlds/share/pal_gazebo_worlds/models/ikea_folke_chair/meshes/texture.png
[13.978s] -- Symlinking: /home/rbe502/RBE550/install/pal_gazebo_worlds/share/pal_gazebo_worlds/models/ikea_folke_chair/model.config
[14.008s] -- Symlinking: /home/rbe502/RBE550/install/pal_gazebo_worlds/share/pal_gazebo_worlds/models/ikea_folke_chair/model.sdf
[14.036s] -- Symlinking: /home/rbe502/RBE550/install/pal_gazebo_worlds/share/pal_gazebo_worlds/models/ikea_harry_chair/meshes/body.png
[14.095s] -- Symlinking: /home/rbe502/RBE550/install/pal_gazebo_worlds/share/pal_gazebo_worlds/models/ikea_harry_chair/meshes/legs.png
[14.149s] -- Symlinking: /home/rbe502/RBE550/install/pal_gazebo_worlds/share/pal_gazebo_worlds/models/ikea_harry_chair/meshes/mesh.dae
[14.178s] -- Symlinking: /home/rbe502/RBE550/install/pal_gazebo_worlds/share/pal_gazebo_worlds/models/ikea_harry_chair/model.config
[14.210s] -- Symlinking: /home/rbe502/RBE550/install/pal_gazebo_worlds/share/pal_gazebo_worlds/models/ikea_harry_chair/model.sdf
[14.261s] -- Symlinking: /home/rbe502/RBE550/install/pal_gazebo_worlds/share/pal_gazebo_worlds/models/ikea_stefan_chair/meshes/mesh.dae
[14.313s] -- Symlinking: /home/rbe502/RBE550/install/pal_gazebo_worlds/share/pal_gazebo_worlds/models/ikea_stefan_chair/model.config
[14.341s] -- Symlinking: /home/rbe502/RBE550/install/pal_gazebo_worlds/share/pal_gazebo_worlds/models/ikea_stefan_chair/model.sdf
[14.370s] -- Symlinking: /home/rbe502/RBE550/install/pal_gazebo_worlds/share/pal_gazebo_worlds/models/ikea_urban_chair/meshes/mesh.dae
[14.399s] -- Symlinking: /home/rbe502/RBE550/install/pal_gazebo_worlds/share/pal_gazebo_worlds/models/ikea_urban_chair/meshes/notexture.png
[14.464s] -- Symlinking: /home/rbe502/RBE550/install/pal_gazebo_worlds/share/pal_gazebo_worlds/models/ikea_urban_chair/model.config
[14.518s] -- Symlinking: /home/rbe502/RBE550/install/pal_gazebo_worlds/share/pal_gazebo_worlds/models/ikea_urban_chair/model.sdf
[14.573s] -- Symlinking: /home/rbe502/RBE550/install/pal_gazebo_worlds/share/pal_gazebo_worlds/models/kitchen_chair/kitchen_chair.sdf
[14.603s] -- Symlinking: /home/rbe502/RBE550/install/pal_gazebo_worlds/share/pal_gazebo_worlds/models/kitchen_chair/meshes/kitchen_chair.stl
[14.631s] -- Symlinking: /home/rbe502/RBE550/install/pal_gazebo_worlds/share/pal_gazebo_worlds/models/kitchen_chair/model.config
[14.667s] -- Symlinking: /home/rbe502/RBE550/install/pal_gazebo_worlds/share/pal_gazebo_worlds/models/kitchen_table/kitchen_table.sdf
[14.695s] -- Symlinking: /home/rbe502/RBE550/install/pal_gazebo_worlds/share/pal_gazebo_worlds/models/kitchen_table/meshes/kitchen_table.stl
[14.726s] -- Symlinking: /home/rbe502/RBE550/install/pal_gazebo_worlds/share/pal_gazebo_worlds/models/kitchen_table/model.config
[14.755s] -- Symlinking: /home/rbe502/RBE550/install/pal_gazebo_worlds/share/pal_gazebo_worlds/models/lamp/lamp.sdf
[14.813s] -- Symlinking: /home/rbe502/RBE550/install/pal_gazebo_worlds/share/pal_gazebo_worlds/models/lamp/meshes/lamp.stl
[14.869s] -- Symlinking: /home/rbe502/RBE550/install/pal_gazebo_worlds/share/pal_gazebo_worlds/models/lamp/model.config
[14.905s] -- Symlinking: /home/rbe502/RBE550/install/pal_gazebo_worlds/share/pal_gazebo_worlds/models/macrolink_small_table/model.config
[14.964s] -- Symlinking: /home/rbe502/RBE550/install/pal_gazebo_worlds/share/pal_gazebo_worlds/models/macrolink_small_table/table.sdf
[15.008s] -- Symlinking: /home/rbe502/RBE550/install/pal_gazebo_worlds/share/pal_gazebo_worlds/models/macrolink_table/model.config
[15.064s] -- Symlinking: /home/rbe502/RBE550/install/pal_gazebo_worlds/share/pal_gazebo_worlds/models/macrolink_table/table.sdf
[15.104s] -- Symlinking: /home/rbe502/RBE550/install/pal_gazebo_worlds/share/pal_gazebo_worlds/models/marker26_8cm/marker26_8cm.sdf
[15.132s] -- Symlinking: /home/rbe502/RBE550/install/pal_gazebo_worlds/share/pal_gazebo_worlds/models/marker26_8cm/material/scripts/marker26_8cm.material
[15.188s] -- Symlinking: /home/rbe502/RBE550/install/pal_gazebo_worlds/share/pal_gazebo_worlds/models/marker26_8cm/material/textures/aruco-26_8cm.png
[15.247s] -- Symlinking: /home/rbe502/RBE550/install/pal_gazebo_worlds/share/pal_gazebo_worlds/models/marker26_8cm/model.config
[15.307s] -- Symlinking: /home/rbe502/RBE550/install/pal_gazebo_worlds/share/pal_gazebo_worlds/models/pal_poster/material/scripts/pal_poster.material
[15.350s] -- Symlinking: /home/rbe502/RBE550/install/pal_gazebo_worlds/share/pal_gazebo_worlds/models/pal_poster/material/textures/pal_poster.jpg
[15.378s] -- Symlinking: /home/rbe502/RBE550/install/pal_gazebo_worlds/share/pal_gazebo_worlds/models/pal_poster/model.config
[15.432s] -- Symlinking: /home/rbe502/RBE550/install/pal_gazebo_worlds/share/pal_gazebo_worlds/models/pal_poster/pal_poster.sdf
[15.489s] -- Symlinking: /home/rbe502/RBE550/install/pal_gazebo_worlds/share/pal_gazebo_worlds/models/pal_textured_object/material/scripts/pal_textured_object.material
[15.546s] -- Symlinking: /home/rbe502/RBE550/install/pal_gazebo_worlds/share/pal_gazebo_worlds/models/pal_textured_object/material/textures/pal_textured_object.png
[15.579s] -- Symlinking: /home/rbe502/RBE550/install/pal_gazebo_worlds/share/pal_gazebo_worlds/models/pal_textured_object/model.config
[15.617s] -- Symlinking: /home/rbe502/RBE550/install/pal_gazebo_worlds/share/pal_gazebo_worlds/models/pal_textured_object/pal_textured_object.sdf
[15.679s] -- Symlinking: /home/rbe502/RBE550/install/pal_gazebo_worlds/share/pal_gazebo_worlds/models/pringles/material/scripts/pringles.material
[15.715s] -- Symlinking: /home/rbe502/RBE550/install/pal_gazebo_worlds/share/pal_gazebo_worlds/models/pringles/material/textures/pringles.jpg
[15.774s] -- Symlinking: /home/rbe502/RBE550/install/pal_gazebo_worlds/share/pal_gazebo_worlds/models/pringles/model.config
[15.806s] -- Symlinking: /home/rbe502/RBE550/install/pal_gazebo_worlds/share/pal_gazebo_worlds/models/pringles/pringles.sdf
[15.865s] -- Symlinking: /home/rbe502/RBE550/install/pal_gazebo_worlds/share/pal_gazebo_worlds/models/pringles2/material/scripts/pringles2.material
[15.919s] -- Symlinking: /home/rbe502/RBE550/install/pal_gazebo_worlds/share/pal_gazebo_worlds/models/pringles2/material/textures/pringles2.jpg
[15.976s] -- Symlinking: /home/rbe502/RBE550/install/pal_gazebo_worlds/share/pal_gazebo_worlds/models/pringles2/model.config
[16.035s] -- Symlinking: /home/rbe502/RBE550/install/pal_gazebo_worlds/share/pal_gazebo_worlds/models/pringles2/pringles2.sdf
[16.069s] -- Symlinking: /home/rbe502/RBE550/install/pal_gazebo_worlds/share/pal_gazebo_worlds/models/reemc_bookshelf/bookshelf.sdf
[16.126s] -- Symlinking: /home/rbe502/RBE550/install/pal_gazebo_worlds/share/pal_gazebo_worlds/models/reemc_bookshelf/model.config
[16.186s] -- Symlinking: /home/rbe502/RBE550/install/pal_gazebo_worlds/share/pal_gazebo_worlds/models/reemc_cabinet/cabinet.sdf
[16.240s] -- Symlinking: /home/rbe502/RBE550/install/pal_gazebo_worlds/share/pal_gazebo_worlds/models/reemc_cabinet/model.config
[16.301s] -- Symlinking: /home/rbe502/RBE550/install/pal_gazebo_worlds/share/pal_gazebo_worlds/models/reemc_table/model.config
[16.356s] -- Symlinking: /home/rbe502/RBE550/install/pal_gazebo_worlds/share/pal_gazebo_worlds/models/reemc_table/table.sdf
[16.415s] -- Symlinking: /home/rbe502/RBE550/install/pal_gazebo_worlds/share/pal_gazebo_worlds/models/reemc_textured_object/meshes/mesh.dae
[16.470s] -- Symlinking: /home/rbe502/RBE550/install/pal_gazebo_worlds/share/pal_gazebo_worlds/models/reemc_textured_object/meshes/texture.jpg
[16.497s] -- Symlinking: /home/rbe502/RBE550/install/pal_gazebo_worlds/share/pal_gazebo_worlds/models/reemc_textured_object/model.config
[16.531s] -- Symlinking: /home/rbe502/RBE550/install/pal_gazebo_worlds/share/pal_gazebo_worlds/models/reemc_textured_object/model.sdf
[16.588s] -- Symlinking: /home/rbe502/RBE550/install/pal_gazebo_worlds/share/pal_gazebo_worlds/models/reemc_textured_object_nograv/model.config
[16.627s] -- Symlinking: /home/rbe502/RBE550/install/pal_gazebo_worlds/share/pal_gazebo_worlds/models/reemc_textured_object_nograv/model.sdf
[16.683s] -- Symlinking: /home/rbe502/RBE550/install/pal_gazebo_worlds/share/pal_gazebo_worlds/models/reemc_walls/model.config
[16.707s] -- Symlinking: /home/rbe502/RBE550/install/pal_gazebo_worlds/share/pal_gazebo_worlds/models/reemc_walls/walls.sdf
[16.733s] -- Symlinking: /home/rbe502/RBE550/install/pal_gazebo_worlds/share/pal_gazebo_worlds/models/reviews_table/meshes/reviews_table.stl
[16.761s] -- Symlinking: /home/rbe502/RBE550/install/pal_gazebo_worlds/share/pal_gazebo_worlds/models/reviews_table/model.config
[16.797s] -- Symlinking: /home/rbe502/RBE550/install/pal_gazebo_worlds/share/pal_gazebo_worlds/models/reviews_table/reviews_table.sdf
[16.855s] -- Symlinking: /home/rbe502/RBE550/install/pal_gazebo_worlds/share/pal_gazebo_worlds/models/robocup_walls_70cm_doors/house_walls.sdf
[16.887s] -- Symlinking: /home/rbe502/RBE550/install/pal_gazebo_worlds/share/pal_gazebo_worlds/models/robocup_walls_70cm_doors/meshes/robocup_house.stl
[16.925s] -- Symlinking: /home/rbe502/RBE550/install/pal_gazebo_worlds/share/pal_gazebo_worlds/models/robocup_walls_70cm_doors/model.config
[16.984s] -- Symlinking: /home/rbe502/RBE550/install/pal_gazebo_worlds/share/pal_gazebo_worlds/models/rockin_camp/README
[17.027s] -- Symlinking: /home/rbe502/RBE550/install/pal_gazebo_worlds/share/pal_gazebo_worlds/models/rockin_camp/model.config
[17.055s] -- Symlinking: /home/rbe502/RBE550/install/pal_gazebo_worlds/share/pal_gazebo_worlds/models/rockin_camp/model.sdf
[17.093s] -- Symlinking: /home/rbe502/RBE550/install/pal_gazebo_worlds/share/pal_gazebo_worlds/models/rockin_camp/rockin_camp.png
[17.161s] -- Symlinking: /home/rbe502/RBE550/install/pal_gazebo_worlds/share/pal_gazebo_worlds/models/sideboard/meshes/sideboard.stl
[17.191s] -- Symlinking: /home/rbe502/RBE550/install/pal_gazebo_worlds/share/pal_gazebo_worlds/models/sideboard/model.config
[17.248s] -- Symlinking: /home/rbe502/RBE550/install/pal_gazebo_worlds/share/pal_gazebo_worlds/models/sideboard/sideboard.sdf
[17.291s] -- Symlinking: /home/rbe502/RBE550/install/pal_gazebo_worlds/share/pal_gazebo_worlds/models/slippery_patch/material/scripts/slippery_patch.material
[17.322s] -- Symlinking: /home/rbe502/RBE550/install/pal_gazebo_worlds/share/pal_gazebo_worlds/models/slippery_patch/material/textures/slippery_patch.jpg
[17.348s] -- Symlinking: /home/rbe502/RBE550/install/pal_gazebo_worlds/share/pal_gazebo_worlds/models/slippery_patch/model.config
[17.382s] -- Symlinking: /home/rbe502/RBE550/install/pal_gazebo_worlds/share/pal_gazebo_worlds/models/slippery_patch/slippery_patch.sdf
[17.426s] -- Symlinking: /home/rbe502/RBE550/install/pal_gazebo_worlds/share/pal_gazebo_worlds/models/small_cylinder/model.config
[17.487s] -- Symlinking: /home/rbe502/RBE550/install/pal_gazebo_worlds/share/pal_gazebo_worlds/models/small_cylinder/small_cylinder.sdf
[17.549s] -- Symlinking: /home/rbe502/RBE550/install/pal_gazebo_worlds/share/pal_gazebo_worlds/models/sofa/meshes/sofa.stl
[17.606s] -- Symlinking: /home/rbe502/RBE550/install/pal_gazebo_worlds/share/pal_gazebo_worlds/models/sofa/model.config
[17.664s] -- Symlinking: /home/rbe502/RBE550/install/pal_gazebo_worlds/share/pal_gazebo_worlds/models/sofa/sofa.sdf
[17.718s] -- Symlinking: /home/rbe502/RBE550/install/pal_gazebo_worlds/share/pal_gazebo_worlds/models/sprite/material/scripts/sprite.material
[17.777s] -- Symlinking: /home/rbe502/RBE550/install/pal_gazebo_worlds/share/pal_gazebo_worlds/models/sprite/material/textures/sprite.jpg
[17.840s] -- Symlinking: /home/rbe502/RBE550/install/pal_gazebo_worlds/share/pal_gazebo_worlds/models/sprite/model.config
[17.900s] -- Symlinking: /home/rbe502/RBE550/install/pal_gazebo_worlds/share/pal_gazebo_worlds/models/sprite/sprite.sdf
[17.961s] -- Symlinking: /home/rbe502/RBE550/install/pal_gazebo_worlds/share/pal_gazebo_worlds/models/sun/model-1_2.sdf
[18.020s] -- Symlinking: /home/rbe502/RBE550/install/pal_gazebo_worlds/share/pal_gazebo_worlds/models/sun/model-1_3.sdf
[18.064s] -- Symlinking: /home/rbe502/RBE550/install/pal_gazebo_worlds/share/pal_gazebo_worlds/models/sun/model-1_4.sdf
[18.097s] -- Symlinking: /home/rbe502/RBE550/install/pal_gazebo_worlds/share/pal_gazebo_worlds/models/sun/model.config
[18.133s] -- Symlinking: /home/rbe502/RBE550/install/pal_gazebo_worlds/share/pal_gazebo_worlds/models/sun/model.sdf
[18.166s] -- Symlinking: /home/rbe502/RBE550/install/pal_gazebo_worlds/share/pal_gazebo_worlds/models/table_0m8/model.config
[18.197s] -- Symlinking: /home/rbe502/RBE550/install/pal_gazebo_worlds/share/pal_gazebo_worlds/models/table_0m8/table.sdf
[18.254s] -- Symlinking: /home/rbe502/RBE550/install/pal_gazebo_worlds/share/pal_gazebo_worlds/models/table_1m/model.config
[18.296s] -- Symlinking: /home/rbe502/RBE550/install/pal_gazebo_worlds/share/pal_gazebo_worlds/models/table_1m/table_1m.sdf
[18.341s] -- Symlinking: /home/rbe502/RBE550/install/pal_gazebo_worlds/share/pal_gazebo_worlds/models/test2/meshes/test2.dae
[18.397s] -- Symlinking: /home/rbe502/RBE550/install/pal_gazebo_worlds/share/pal_gazebo_worlds/models/test2/model.config
[18.437s] -- Symlinking: /home/rbe502/RBE550/install/pal_gazebo_worlds/share/pal_gazebo_worlds/models/test2/test2.sdf
[18.498s] -- Symlinking: /home/rbe502/RBE550/install/pal_gazebo_worlds/share/pal_gazebo_worlds/models/testing_room/README
[18.544s] -- Symlinking: /home/rbe502/RBE550/install/pal_gazebo_worlds/share/pal_gazebo_worlds/models/testing_room/model.config
[18.576s] -- Symlinking: /home/rbe502/RBE550/install/pal_gazebo_worlds/share/pal_gazebo_worlds/models/testing_room/model.sdf
[18.604s] -- Symlinking: /home/rbe502/RBE550/install/pal_gazebo_worlds/share/pal_gazebo_worlds/models/testing_room/testing_room.png
[18.634s] -- Symlinking: /home/rbe502/RBE550/install/pal_gazebo_worlds/share/pal_gazebo_worlds/models/tv/meshes/tv.stl
[18.660s] -- Symlinking: /home/rbe502/RBE550/install/pal_gazebo_worlds/share/pal_gazebo_worlds/models/tv/model.config
[18.693s] -- Symlinking: /home/rbe502/RBE550/install/pal_gazebo_worlds/share/pal_gazebo_worlds/models/tv/tv.sdf
[18.721s] -- Symlinking: /home/rbe502/RBE550/install/pal_gazebo_worlds/share/pal_gazebo_worlds/models/wall_with_reem_photo/material/scripts/ball.material
[18.748s] -- Symlinking: /home/rbe502/RBE550/install/pal_gazebo_worlds/share/pal_gazebo_worlds/models/wall_with_reem_photo/material/scripts/wallWithREEMphoto.material
[18.781s] -- Symlinking: /home/rbe502/RBE550/install/pal_gazebo_worlds/share/pal_gazebo_worlds/models/wall_with_reem_photo/material/textures/REEM_photo0.jpg
[18.809s] -- Symlinking: /home/rbe502/RBE550/install/pal_gazebo_worlds/share/pal_gazebo_worlds/models/wall_with_reem_photo/model.config
[18.839s] -- Symlinking: /home/rbe502/RBE550/install/pal_gazebo_worlds/share/pal_gazebo_worlds/models/wall_with_reem_photo/model.sdf
[18.866s] -- Symlinking: /home/rbe502/RBE550/install/pal_gazebo_worlds/share/pal_gazebo_worlds/models/wardrobe/meshes/wardrobe.stl
[18.898s] -- Symlinking: /home/rbe502/RBE550/install/pal_gazebo_worlds/share/pal_gazebo_worlds/models/wardrobe/model.config
[18.926s] -- Symlinking: /home/rbe502/RBE550/install/pal_gazebo_worlds/share/pal_gazebo_worlds/models/wardrobe/wardrobe.sdf
[18.954s] -- Symlinking: /home/rbe502/RBE550/install/pal_gazebo_worlds/share/pal_gazebo_worlds/models/willowgarage/materials/textures/Carpet_Berber_Pattern_Gray_.png
[18.987s] -- Symlinking: /home/rbe502/RBE550/install/pal_gazebo_worlds/share/pal_gazebo_worlds/models/willowgarage/materials/textures/Stone_Brushed_Khaki_.png
[19.017s] -- Symlinking: /home/rbe502/RBE550/install/pal_gazebo_worlds/share/pal_gazebo_worlds/models/willowgarage/materials/textures/Wood_Bamboo_Medium_.png
[19.048s] -- Symlinking: /home/rbe502/RBE550/install/pal_gazebo_worlds/share/pal_gazebo_worlds/models/willowgarage/materials/textures/Wood_Cherry_Original_.png
[19.076s] -- Symlinking: /home/rbe502/RBE550/install/pal_gazebo_worlds/share/pal_gazebo_worlds/models/willowgarage/materials/textures/__Wood_Bamboo_Medium_1.png
[19.107s] -- Symlinking: /home/rbe502/RBE550/install/pal_gazebo_worlds/share/pal_gazebo_worlds/models/willowgarage/materials/textures/__auto_12.png
[19.134s] -- Symlinking: /home/rbe502/RBE550/install/pal_gazebo_worlds/share/pal_gazebo_worlds/models/willowgarage/materials/textures/__auto_2.png
[19.162s] -- Symlinking: /home/rbe502/RBE550/install/pal_gazebo_worlds/share/pal_gazebo_worlds/models/willowgarage/meshes/willowgarage_collision.dae
[19.193s] -- Symlinking: /home/rbe502/RBE550/install/pal_gazebo_worlds/share/pal_gazebo_worlds/models/willowgarage/meshes/willowgarage_visual.dae
[19.223s] -- Symlinking: /home/rbe502/RBE550/install/pal_gazebo_worlds/share/pal_gazebo_worlds/worlds/aruco.world
[19.252s] -- Symlinking: /home/rbe502/RBE550/install/pal_gazebo_worlds/share/pal_gazebo_worlds/worlds/ball.world
[19.285s] -- Symlinking: /home/rbe502/RBE550/install/pal_gazebo_worlds/share/pal_gazebo_worlds/worlds/cabinet_grasping.world
[19.316s] -- Symlinking: /home/rbe502/RBE550/install/pal_gazebo_worlds/share/pal_gazebo_worlds/worlds/calibration_room.world
[19.344s] -- Symlinking: /home/rbe502/RBE550/install/pal_gazebo_worlds/share/pal_gazebo_worlds/worlds/chairs.world
[19.373s] -- Symlinking: /home/rbe502/RBE550/install/pal_gazebo_worlds/share/pal_gazebo_worlds/worlds/corridor_110cm.world
[19.407s] -- Symlinking: /home/rbe502/RBE550/install/pal_gazebo_worlds/share/pal_gazebo_worlds/worlds/corridor_60cm.world
[19.433s] -- Symlinking: /home/rbe502/RBE550/install/pal_gazebo_worlds/share/pal_gazebo_worlds/worlds/corridor_70cm.world
[19.461s] -- Symlinking: /home/rbe502/RBE550/install/pal_gazebo_worlds/share/pal_gazebo_worlds/worlds/corridor_85cm.world
[19.494s] -- Symlinking: /home/rbe502/RBE550/install/pal_gazebo_worlds/share/pal_gazebo_worlds/worlds/dock_and_aruco.world
[19.522s] -- Symlinking: /home/rbe502/RBE550/install/pal_gazebo_worlds/share/pal_gazebo_worlds/worlds/dock_station.world
[19.548s] -- Symlinking: /home/rbe502/RBE550/install/pal_gazebo_worlds/share/pal_gazebo_worlds/worlds/docker_chair.world
[19.576s] -- Symlinking: /home/rbe502/RBE550/install/pal_gazebo_worlds/share/pal_gazebo_worlds/worlds/door_obstacle.world
[19.607s] -- Symlinking: /home/rbe502/RBE550/install/pal_gazebo_worlds/share/pal_gazebo_worlds/worlds/empty.world
[19.634s] -- Symlinking: /home/rbe502/RBE550/install/pal_gazebo_worlds/share/pal_gazebo_worlds/worlds/empty_room.world
[19.660s] -- Symlinking: /home/rbe502/RBE550/install/pal_gazebo_worlds/share/pal_gazebo_worlds/worlds/factory.world
[19.695s] -- Symlinking: /home/rbe502/RBE550/install/pal_gazebo_worlds/share/pal_gazebo_worlds/worlds/featured.world
[19.719s] -- Symlinking: /home/rbe502/RBE550/install/pal_gazebo_worlds/share/pal_gazebo_worlds/worlds/footstep_obstacle.world
[19.746s] -- Symlinking: /home/rbe502/RBE550/install/pal_gazebo_worlds/share/pal_gazebo_worlds/worlds/hit_table.world
[19.774s] -- Symlinking: /home/rbe502/RBE550/install/pal_gazebo_worlds/share/pal_gazebo_worlds/worlds/home.world
[19.805s] -- Symlinking: /home/rbe502/RBE550/install/pal_gazebo_worlds/share/pal_gazebo_worlds/worlds/hospital.world
[19.833s] -- Symlinking: /home/rbe502/RBE550/install/pal_gazebo_worlds/share/pal_gazebo_worlds/worlds/hospital_flat.world
[19.861s] -- Symlinking: /home/rbe502/RBE550/install/pal_gazebo_worlds/share/pal_gazebo_worlds/worlds/look_to_point.world
[19.890s] -- Symlinking: /home/rbe502/RBE550/install/pal_gazebo_worlds/share/pal_gazebo_worlds/worlds/low_sun_empty.world
[19.919s] -- Symlinking: /home/rbe502/RBE550/install/pal_gazebo_worlds/share/pal_gazebo_worlds/worlds/memmo_simple.world
[19.946s] -- Symlinking: /home/rbe502/RBE550/install/pal_gazebo_worlds/share/pal_gazebo_worlds/worlds/narrow_passage.world
[19.973s] -- Symlinking: /home/rbe502/RBE550/install/pal_gazebo_worlds/share/pal_gazebo_worlds/worlds/objects_on_table.world
[20.004s] -- Symlinking: /home/rbe502/RBE550/install/pal_gazebo_worlds/share/pal_gazebo_worlds/worlds/pal_office.world
[20.033s] -- Symlinking: /home/rbe502/RBE550/install/pal_gazebo_worlds/share/pal_gazebo_worlds/worlds/pal_office_w_aruco.world
[20.057s] -- Symlinking: /home/rbe502/RBE550/install/pal_gazebo_worlds/share/pal_gazebo_worlds/worlds/pal_office_w_docks.world
[20.085s] -- Symlinking: /home/rbe502/RBE550/install/pal_gazebo_worlds/share/pal_gazebo_worlds/worlds/pal_textured_object.world
[20.117s] -- Symlinking: /home/rbe502/RBE550/install/pal_gazebo_worlds/share/pal_gazebo_worlds/worlds/passage_110cm.world
[20.143s] -- Symlinking: /home/rbe502/RBE550/install/pal_gazebo_worlds/share/pal_gazebo_worlds/worlds/passage_60cm.world
[20.170s] -- Symlinking: /home/rbe502/RBE550/install/pal_gazebo_worlds/share/pal_gazebo_worlds/worlds/passage_70cm.world
[20.203s] -- Symlinking: /home/rbe502/RBE550/install/pal_gazebo_worlds/share/pal_gazebo_worlds/worlds/pg_demo.world
[20.231s] -- Symlinking: /home/rbe502/RBE550/install/pal_gazebo_worlds/share/pal_gazebo_worlds/worlds/pick.world
[20.258s] -- Symlinking: /home/rbe502/RBE550/install/pal_gazebo_worlds/share/pal_gazebo_worlds/worlds/pick_place_cabinet.world
[20.286s] -- Symlinking: /home/rbe502/RBE550/install/pal_gazebo_worlds/share/pal_gazebo_worlds/worlds/pick_place_close_demo.world
[20.317s] -- Symlinking: /home/rbe502/RBE550/install/pal_gazebo_worlds/share/pal_gazebo_worlds/worlds/pick_place_demo.world
[20.345s] -- Symlinking: /home/rbe502/RBE550/install/pal_gazebo_worlds/share/pal_gazebo_worlds/worlds/reemc.world
[20.373s] -- Symlinking: /home/rbe502/RBE550/install/pal_gazebo_worlds/share/pal_gazebo_worlds/worlds/reemc_indoor.world
[20.404s] -- Symlinking: /home/rbe502/RBE550/install/pal_gazebo_worlds/share/pal_gazebo_worlds/worlds/simple_office.world
[20.431s] -- Symlinking: /home/rbe502/RBE550/install/pal_gazebo_worlds/share/pal_gazebo_worlds/worlds/simple_office_with_people.world
[20.459s] -- Symlinking: /home/rbe502/RBE550/install/pal_gazebo_worlds/share/pal_gazebo_worlds/worlds/simple_ramp.world
[20.491s] -- Symlinking: /home/rbe502/RBE550/install/pal_gazebo_worlds/share/pal_gazebo_worlds/worlds/small_factory.world
[20.518s] -- Symlinking: /home/rbe502/RBE550/install/pal_gazebo_worlds/share/pal_gazebo_worlds/worlds/small_office.world
[20.546s] -- Symlinking: /home/rbe502/RBE550/install/pal_gazebo_worlds/share/pal_gazebo_worlds/worlds/small_office_door_obstacle.world
[20.577s] -- Symlinking: /home/rbe502/RBE550/install/pal_gazebo_worlds/share/pal_gazebo_worlds/worlds/small_office_inventory.world
[20.608s] -- Symlinking: /home/rbe502/RBE550/install/pal_gazebo_worlds/share/pal_gazebo_worlds/worlds/small_textured_office.world
[20.640s] -- Symlinking: /home/rbe502/RBE550/install/pal_gazebo_worlds/share/pal_gazebo_worlds/worlds/socmcs.world
[20.665s] -- Symlinking: /home/rbe502/RBE550/install/pal_gazebo_worlds/share/pal_gazebo_worlds/worlds/stairs.world
[20.704s] -- Symlinking: /home/rbe502/RBE550/install/pal_gazebo_worlds/share/pal_gazebo_worlds/worlds/stamping_demo.world
[20.732s] -- Symlinking: /home/rbe502/RBE550/install/pal_gazebo_worlds/share/pal_gazebo_worlds/worlds/t_shaped.world
[20.759s] -- Symlinking: /home/rbe502/RBE550/install/pal_gazebo_worlds/share/pal_gazebo_worlds/worlds/tabletop_cube.world
[20.788s] -- Symlinking: /home/rbe502/RBE550/install/pal_gazebo_worlds/share/pal_gazebo_worlds/worlds/tabletop_cylinder.world
[20.820s] -- Symlinking: /home/rbe502/RBE550/install/pal_gazebo_worlds/share/pal_gazebo_worlds/worlds/tutorial_office.world
[20.849s] -- Symlinking: /home/rbe502/RBE550/install/pal_gazebo_worlds/share/pal_gazebo_worlds/worlds/voronoi_graph.world
[20.880s] -- Symlinking: /home/rbe502/RBE550/install/pal_gazebo_worlds/share/pal_gazebo_worlds/worlds/willow_garage.world
[20.913s] -- Symlinking: /home/rbe502/RBE550/install/pal_gazebo_worlds/share/pal_gazebo_worlds/worlds/world_wall_REEM_photo.world
[20.942s] -- Symlinking: /home/rbe502/RBE550/install/pal_gazebo_worlds/share/pal_gazebo_worlds/urdf/chessboard/chessboard.gazebo.xacro
[20.972s] -- Symlinking: /home/rbe502/RBE550/install/pal_gazebo_worlds/share/pal_gazebo_worlds/urdf/chessboard/chessboard.urdf.xacro
[21.004s] -- Symlinking: /home/rbe502/RBE550/install/pal_gazebo_worlds/share/pal_gazebo_worlds/urdf/chessboard/chessboard_example.urdf.xacro
[21.032s] -- Symlinking: /home/rbe502/RBE550/install/pal_gazebo_worlds/share/pal_gazebo_worlds/urdf/simple_box.urdf
[21.060s] -- Symlinking: /home/rbe502/RBE550/install/pal_gazebo_worlds/share/pal_gazebo_worlds/meshes/chessboard/chessboard.dae
[21.088s] -- Symlinking: /home/rbe502/RBE550/install/pal_gazebo_worlds/share/pal_gazebo_worlds/meshes/chessboard/chessboard.png
[21.121s] -- Symlinking: /home/rbe502/RBE550/install/pal_gazebo_worlds/share/ament_index/resource_index/package_run_dependencies/pal_gazebo_worlds
[21.148s] -- Symlinking: /home/rbe502/RBE550/install/pal_gazebo_worlds/share/ament_index/resource_index/parent_prefix_path/pal_gazebo_worlds
[21.177s] -- Symlinking: /home/rbe502/RBE550/install/pal_gazebo_worlds/share/pal_gazebo_worlds/environment/ament_prefix_path.sh
[21.210s] -- Symlinking: /home/rbe502/RBE550/install/pal_gazebo_worlds/share/pal_gazebo_worlds/environment/ament_prefix_path.dsv
[21.238s] -- Symlinking: /home/rbe502/RBE550/install/pal_gazebo_worlds/share/pal_gazebo_worlds/environment/path.sh
[21.266s] -- Symlinking: /home/rbe502/RBE550/install/pal_gazebo_worlds/share/pal_gazebo_worlds/environment/path.dsv
[21.293s] -- Symlinking: /home/rbe502/RBE550/install/pal_gazebo_worlds/share/pal_gazebo_worlds/local_setup.bash
[21.326s] -- Symlinking: /home/rbe502/RBE550/install/pal_gazebo_worlds/share/pal_gazebo_worlds/local_setup.sh
[21.353s] -- Symlinking: /home/rbe502/RBE550/install/pal_gazebo_worlds/share/pal_gazebo_worlds/local_setup.zsh
[21.384s] -- Symlinking: /home/rbe502/RBE550/install/pal_gazebo_worlds/share/pal_gazebo_worlds/local_setup.dsv
[21.418s] -- Symlinking: /home/rbe502/RBE550/install/pal_gazebo_worlds/share/pal_gazebo_worlds/package.dsv
[21.446s] -- Symlinking: /home/rbe502/RBE550/install/pal_gazebo_worlds/share/ament_index/resource_index/packages/pal_gazebo_worlds
[21.475s] -- Symlinking: /home/rbe502/RBE550/install/pal_gazebo_worlds/share/pal_gazebo_worlds/cmake/pal_gazebo_worldsConfig.cmake
[21.504s] -- Symlinking: /home/rbe502/RBE550/install/pal_gazebo_worlds/share/pal_gazebo_worlds/cmake/pal_gazebo_worldsConfig-version.cmake
[21.535s] -- Symlinking: /home/rbe502/RBE550/install/pal_gazebo_worlds/share/pal_gazebo_worlds/package.xml
[21.566s] Invoked command in '/home/rbe502/RBE550/build/pal_gazebo_worlds' returned '0': CMAKE_PREFIX_PATH=/opt/ros/humble /usr/bin/cmake --install /home/rbe502/RBE550/build/pal_gazebo_worlds
