[0.043s] Invoking command in '/home/rbe502/RBE550/build/pal_hey5_controller_configuration': CMAKE_PREFIX_PATH=/opt/ros/humble /usr/bin/cmake /home/rbe502/RBE550/src/pal_hey5/pal_hey5_controller_configuration -DAMENT_CMAKE_SYMLINK_INSTALL=1 -DCMAKE_INSTALL_PREFIX=/home/rbe502/RBE550/install/pal_hey5_controller_configuration
[0.237s] -- The C compiler identification is GNU 11.4.0
[0.417s] -- The CXX compiler identification is GNU 11.4.0
[0.440s] -- Detecting C compiler ABI info
[0.662s] -- Detecting C compiler ABI info - done
[0.684s] -- Check for working C compiler: /usr/bin/cc - skipped
[0.684s] -- Detecting C compile features
[0.684s] -- Detecting C compile features - done
[0.691s] -- Detecting CXX compiler ABI info
[0.964s] -- Detecting CXX compiler ABI info - done
[0.983s] -- Check for working CXX compiler: /usr/bin/c++ - skipped
[0.984s] -- Detecting CXX compile features
[0.985s] -- Detecting CXX compile features - done
[0.991s] -- Found ament_cmake_auto: 1.3.8 (/opt/ros/humble/share/ament_cmake_auto/cmake)
[1.628s] -- Found Python3: /usr/bin/python3 (found version "3.10.12") found components: Interpreter 
[1.740s] -- Override CMake install command with custom implementation using symlinks instead of copying resources
[1.787s] -- Found ament_lint_auto: 0.12.10 (/opt/ros/humble/share/ament_lint_auto/cmake)
[1.930s] -- Added test 'copyright' to check source files copyright and LICENSE
[1.933s] -- Added test 'flake8' to check Python code syntax and style conventions
[1.934s] -- Added test 'lint_cmake' to check CMake code style
[1.935s] -- Added test 'pep257' to check Python code against some of the docstring style conventions in PEP 257
[1.937s] -- Added test 'xmllint' to check XML markup files
[1.941s] -- Configuring done
[1.944s] -- Generating done
[1.947s] -- Build files have been written to: /home/rbe502/RBE550/build/pal_hey5_controller_configuration
[1.954s] Invoked command in '/home/rbe502/RBE550/build/pal_hey5_controller_configuration' returned '0': CMAKE_PREFIX_PATH=/opt/ros/humble /usr/bin/cmake /home/rbe502/RBE550/src/pal_hey5/pal_hey5_controller_configuration -DAMENT_CMAKE_SYMLINK_INSTALL=1 -DCMAKE_INSTALL_PREFIX=/home/rbe502/RBE550/install/pal_hey5_controller_configuration
[1.960s] Invoking command in '/home/rbe502/RBE550/build/pal_hey5_controller_configuration': CMAKE_PREFIX_PATH=/opt/ros/humble /usr/bin/cmake --build /home/rbe502/RBE550/build/pal_hey5_controller_configuration -- -j2 -l2
[2.045s] Invoked command in '/home/rbe502/RBE550/build/pal_hey5_controller_configuration' returned '0': CMAKE_PREFIX_PATH=/opt/ros/humble /usr/bin/cmake --build /home/rbe502/RBE550/build/pal_hey5_controller_configuration -- -j2 -l2
[2.124s] Invoking command in '/home/rbe502/RBE550/build/pal_hey5_controller_configuration': CMAKE_PREFIX_PATH=/opt/ros/humble /usr/bin/cmake --install /home/rbe502/RBE550/build/pal_hey5_controller_configuration
[2.144s] -- Install configuration: ""
[2.144s] -- Execute custom install script
[2.145s] -- Symlinking: /home/rbe502/RBE550/install/pal_hey5_controller_configuration/share/pal_hey5_controller_configuration/config/pal_hey5_controller.yaml
[2.167s] -- Symlinking: /home/rbe502/RBE550/install/pal_hey5_controller_configuration/share/pal_hey5_controller_configuration/launch/pal_hey5_controller.launch.py
[2.184s] -- Symlinking: /home/rbe502/RBE550/install/pal_hey5_controller_configuration/share/ament_index/resource_index/package_run_dependencies/pal_hey5_controller_configuration
[2.205s] -- Symlinking: /home/rbe502/RBE550/install/pal_hey5_controller_configuration/share/ament_index/resource_index/parent_prefix_path/pal_hey5_controller_configuration
[2.224s] -- Symlinking: /home/rbe502/RBE550/install/pal_hey5_controller_configuration/share/pal_hey5_controller_configuration/environment/ament_prefix_path.sh
[2.243s] -- Symlinking: /home/rbe502/RBE550/install/pal_hey5_controller_configuration/share/pal_hey5_controller_configuration/environment/ament_prefix_path.dsv
[2.263s] -- Symlinking: /home/rbe502/RBE550/install/pal_hey5_controller_configuration/share/pal_hey5_controller_configuration/environment/path.sh
[2.282s] -- Symlinking: /home/rbe502/RBE550/install/pal_hey5_controller_configuration/share/pal_hey5_controller_configuration/environment/path.dsv
[2.302s] -- Symlinking: /home/rbe502/RBE550/install/pal_hey5_controller_configuration/share/pal_hey5_controller_configuration/local_setup.bash
[2.325s] -- Symlinking: /home/rbe502/RBE550/install/pal_hey5_controller_configuration/share/pal_hey5_controller_configuration/local_setup.sh
[2.345s] -- Symlinking: /home/rbe502/RBE550/install/pal_hey5_controller_configuration/share/pal_hey5_controller_configuration/local_setup.zsh
[2.364s] -- Symlinking: /home/rbe502/RBE550/install/pal_hey5_controller_configuration/share/pal_hey5_controller_configuration/local_setup.dsv
[2.384s] -- Symlinking: /home/rbe502/RBE550/install/pal_hey5_controller_configuration/share/pal_hey5_controller_configuration/package.dsv
[2.405s] -- Symlinking: /home/rbe502/RBE550/install/pal_hey5_controller_configuration/share/ament_index/resource_index/packages/pal_hey5_controller_configuration
[2.425s] -- Symlinking: /home/rbe502/RBE550/install/pal_hey5_controller_configuration/share/pal_hey5_controller_configuration/cmake/pal_hey5_controller_configurationConfig.cmake
[2.445s] -- Symlinking: /home/rbe502/RBE550/install/pal_hey5_controller_configuration/share/pal_hey5_controller_configuration/cmake/pal_hey5_controller_configurationConfig-version.cmake
[2.464s] -- Symlinking: /home/rbe502/RBE550/install/pal_hey5_controller_configuration/share/pal_hey5_controller_configuration/package.xml
[2.500s] Invoked command in '/home/rbe502/RBE550/build/pal_hey5_controller_configuration' returned '0': CMAKE_PREFIX_PATH=/opt/ros/humble /usr/bin/cmake --install /home/rbe502/RBE550/build/pal_hey5_controller_configuration
