[0.051s] Invoking command in '/home/rbe502/RBE550/build/tiago_controller_configuration': AMENT_PREFIX_PATH=/home/rbe502/RBE550/install/pmb2_controller_configuration:/home/rbe502/RBE550/install/pal_robotiq_controller_configuration:/home/rbe502/RBE550/install/pal_hey5_controller_configuration:/home/rbe502/RBE550/install/pal_gripper_controller_configuration:/home/rbe502/RBE550/install/launch_pal:${AMENT_PREFIX_PATH} CMAKE_PREFIX_PATH=/home/rbe502/RBE550/install/pmb2_controller_configuration:/home/rbe502/RBE550/install/pal_robotiq_controller_configuration:/home/rbe502/RBE550/install/pal_hey5_controller_configuration:/home/rbe502/RBE550/install/pal_gripper_controller_configuration:/opt/ros/humble PYTHONPATH=/home/rbe502/RBE550/build/launch_pal:/home/rbe502/RBE550/install/launch_pal/lib/python3.10/site-packages:${PYTHONPATH} /usr/bin/cmake /home/rbe502/RBE550/src/tiago_robot/tiago_controller_configuration -DAMENT_CMAKE_SYMLINK_INSTALL=1 -DCMAKE_INSTALL_PREFIX=/home/rbe502/RBE550/install/tiago_controller_configuration
[0.240s] -- The C compiler identification is GNU 11.4.0
[0.421s] -- The CXX compiler identification is GNU 11.4.0
[0.445s] -- Detecting C compiler ABI info
[0.685s] -- Detecting C compiler ABI info - done
[0.702s] -- Check for working C compiler: /usr/bin/cc - skipped
[0.703s] -- Detecting C compile features
[0.704s] -- Detecting C compile features - done
[0.711s] -- Detecting CXX compiler ABI info
[0.976s] -- Detecting CXX compiler ABI info - done
[0.992s] -- Check for working CXX compiler: /usr/bin/c++ - skipped
[0.993s] -- Detecting CXX compile features
[0.994s] -- Detecting CXX compile features - done
[1.001s] -- Found ament_cmake_auto: 1.3.8 (/opt/ros/humble/share/ament_cmake_auto/cmake)
[2.037s] -- Found Python3: /usr/bin/python3 (found version "3.10.12") found components: Interpreter 
[2.219s] -- Override CMake install command with custom implementation using symlinks instead of copying resources
[2.629s] -- Found ament_lint_auto: 0.12.10 (/opt/ros/humble/share/ament_lint_auto/cmake)
[2.757s] -- Added test 'copyright' to check source files copyright and LICENSE
[2.775s] -- Added test 'flake8' to check Python code syntax and style conventions
[2.777s] -- Added test 'lint_cmake' to check CMake code style
[2.780s] -- Added test 'pep257' to check Python code against some of the docstring style conventions in PEP 257
[2.785s] -- Added test 'xmllint' to check XML markup files
[2.791s] -- Configuring done
[2.801s] -- Generating done
[2.805s] -- Build files have been written to: /home/rbe502/RBE550/build/tiago_controller_configuration
[2.818s] Invoked command in '/home/rbe502/RBE550/build/tiago_controller_configuration' returned '0': AMENT_PREFIX_PATH=/home/rbe502/RBE550/install/pmb2_controller_configuration:/home/rbe502/RBE550/install/pal_robotiq_controller_configuration:/home/rbe502/RBE550/install/pal_hey5_controller_configuration:/home/rbe502/RBE550/install/pal_gripper_controller_configuration:/home/rbe502/RBE550/install/launch_pal:${AMENT_PREFIX_PATH} CMAKE_PREFIX_PATH=/home/rbe502/RBE550/install/pmb2_controller_configuration:/home/rbe502/RBE550/install/pal_robotiq_controller_configuration:/home/rbe502/RBE550/install/pal_hey5_controller_configuration:/home/rbe502/RBE550/install/pal_gripper_controller_configuration:/opt/ros/humble PYTHONPATH=/home/rbe502/RBE550/build/launch_pal:/home/rbe502/RBE550/install/launch_pal/lib/python3.10/site-packages:${PYTHONPATH} /usr/bin/cmake /home/rbe502/RBE550/src/tiago_robot/tiago_controller_configuration -DAMENT_CMAKE_SYMLINK_INSTALL=1 -DCMAKE_INSTALL_PREFIX=/home/rbe502/RBE550/install/tiago_controller_configuration
[2.822s] Invoking command in '/home/rbe502/RBE550/build/tiago_controller_configuration': AMENT_PREFIX_PATH=/home/rbe502/RBE550/install/pmb2_controller_configuration:/home/rbe502/RBE550/install/pal_robotiq_controller_configuration:/home/rbe502/RBE550/install/pal_hey5_controller_configuration:/home/rbe502/RBE550/install/pal_gripper_controller_configuration:/home/rbe502/RBE550/install/launch_pal:${AMENT_PREFIX_PATH} CMAKE_PREFIX_PATH=/home/rbe502/RBE550/install/pmb2_controller_configuration:/home/rbe502/RBE550/install/pal_robotiq_controller_configuration:/home/rbe502/RBE550/install/pal_hey5_controller_configuration:/home/rbe502/RBE550/install/pal_gripper_controller_configuration:/opt/ros/humble PYTHONPATH=/home/rbe502/RBE550/build/launch_pal:/home/rbe502/RBE550/install/launch_pal/lib/python3.10/site-packages:${PYTHONPATH} /usr/bin/cmake --build /home/rbe502/RBE550/build/tiago_controller_configuration -- -j2 -l2
[3.039s] Invoked command in '/home/rbe502/RBE550/build/tiago_controller_configuration' returned '0': AMENT_PREFIX_PATH=/home/rbe502/RBE550/install/pmb2_controller_configuration:/home/rbe502/RBE550/install/pal_robotiq_controller_configuration:/home/rbe502/RBE550/install/pal_hey5_controller_configuration:/home/rbe502/RBE550/install/pal_gripper_controller_configuration:/home/rbe502/RBE550/install/launch_pal:${AMENT_PREFIX_PATH} CMAKE_PREFIX_PATH=/home/rbe502/RBE550/install/pmb2_controller_configuration:/home/rbe502/RBE550/install/pal_robotiq_controller_configuration:/home/rbe502/RBE550/install/pal_hey5_controller_configuration:/home/rbe502/RBE550/install/pal_gripper_controller_configuration:/opt/ros/humble PYTHONPATH=/home/rbe502/RBE550/build/launch_pal:/home/rbe502/RBE550/install/launch_pal/lib/python3.10/site-packages:${PYTHONPATH} /usr/bin/cmake --build /home/rbe502/RBE550/build/tiago_controller_configuration -- -j2 -l2
[3.236s] Invoking command in '/home/rbe502/RBE550/build/tiago_controller_configuration': AMENT_PREFIX_PATH=/home/rbe502/RBE550/install/pmb2_controller_configuration:/home/rbe502/RBE550/install/pal_robotiq_controller_configuration:/home/rbe502/RBE550/install/pal_hey5_controller_configuration:/home/rbe502/RBE550/install/pal_gripper_controller_configuration:/home/rbe502/RBE550/install/launch_pal:${AMENT_PREFIX_PATH} CMAKE_PREFIX_PATH=/home/rbe502/RBE550/install/pmb2_controller_configuration:/home/rbe502/RBE550/install/pal_robotiq_controller_configuration:/home/rbe502/RBE550/install/pal_hey5_controller_configuration:/home/rbe502/RBE550/install/pal_gripper_controller_configuration:/opt/ros/humble PYTHONPATH=/home/rbe502/RBE550/build/launch_pal:/home/rbe502/RBE550/install/launch_pal/lib/python3.10/site-packages:${PYTHONPATH} /usr/bin/cmake --install /home/rbe502/RBE550/build/tiago_controller_configuration
[3.293s] -- Install configuration: ""
[3.298s] -- Execute custom install script
[3.302s] -- Symlinking: /home/rbe502/RBE550/install/tiago_controller_configuration/share/tiago_controller_configuration/config/arm_controller.yaml
[3.340s] -- Symlinking: /home/rbe502/RBE550/install/tiago_controller_configuration/share/tiago_controller_configuration/config/ft_sensor_controller.yaml
[3.377s] -- Symlinking: /home/rbe502/RBE550/install/tiago_controller_configuration/share/tiago_controller_configuration/config/gravity_compensation_controller_ilm.yaml
[3.412s] -- Symlinking: /home/rbe502/RBE550/install/tiago_controller_configuration/share/tiago_controller_configuration/config/gravity_compensation_controller_parker.yaml
[3.468s] -- Symlinking: /home/rbe502/RBE550/install/tiago_controller_configuration/share/tiago_controller_configuration/config/head_controller.yaml
[3.510s] -- Symlinking: /home/rbe502/RBE550/install/tiago_controller_configuration/share/tiago_controller_configuration/config/imu_sensor_broadcaster.yaml
[3.563s] -- Symlinking: /home/rbe502/RBE550/install/tiago_controller_configuration/share/tiago_controller_configuration/config/joint_state_broadcaster.yaml
[3.615s] -- Symlinking: /home/rbe502/RBE550/install/tiago_controller_configuration/share/tiago_controller_configuration/config/torso_controller.yaml
[3.649s] -- Symlinking: /home/rbe502/RBE550/install/tiago_controller_configuration/share/tiago_controller_configuration/launch/default_controllers.launch.py
[3.700s] -- Symlinking: /home/rbe502/RBE550/install/tiago_controller_configuration/share/tiago_controller_configuration/launch/gravity_compensation_controller.launch.py
[3.728s] -- Symlinking: /home/rbe502/RBE550/install/tiago_controller_configuration/share/ament_index/resource_index/package_run_dependencies/tiago_controller_configuration
[3.753s] -- Symlinking: /home/rbe502/RBE550/install/tiago_controller_configuration/share/ament_index/resource_index/parent_prefix_path/tiago_controller_configuration
[3.799s] -- Symlinking: /home/rbe502/RBE550/install/tiago_controller_configuration/share/tiago_controller_configuration/environment/ament_prefix_path.sh
[3.836s] -- Symlinking: /home/rbe502/RBE550/install/tiago_controller_configuration/share/tiago_controller_configuration/environment/ament_prefix_path.dsv
[3.883s] -- Symlinking: /home/rbe502/RBE550/install/tiago_controller_configuration/share/tiago_controller_configuration/environment/path.sh
[3.940s] -- Symlinking: /home/rbe502/RBE550/install/tiago_controller_configuration/share/tiago_controller_configuration/environment/path.dsv
[3.996s] -- Symlinking: /home/rbe502/RBE550/install/tiago_controller_configuration/share/tiago_controller_configuration/local_setup.bash
[4.051s] -- Symlinking: /home/rbe502/RBE550/install/tiago_controller_configuration/share/tiago_controller_configuration/local_setup.sh
[4.106s] -- Symlinking: /home/rbe502/RBE550/install/tiago_controller_configuration/share/tiago_controller_configuration/local_setup.zsh
[4.162s] -- Symlinking: /home/rbe502/RBE550/install/tiago_controller_configuration/share/tiago_controller_configuration/local_setup.dsv
[4.216s] -- Symlinking: /home/rbe502/RBE550/install/tiago_controller_configuration/share/tiago_controller_configuration/package.dsv
[4.273s] -- Symlinking: /home/rbe502/RBE550/install/tiago_controller_configuration/share/ament_index/resource_index/packages/tiago_controller_configuration
[4.330s] -- Symlinking: /home/rbe502/RBE550/install/tiago_controller_configuration/share/tiago_controller_configuration/cmake/tiago_controller_configurationConfig.cmake
[4.379s] -- Symlinking: /home/rbe502/RBE550/install/tiago_controller_configuration/share/tiago_controller_configuration/cmake/tiago_controller_configurationConfig-version.cmake
[4.423s] -- Symlinking: /home/rbe502/RBE550/install/tiago_controller_configuration/share/tiago_controller_configuration/package.xml
[4.475s] Invoked command in '/home/rbe502/RBE550/build/tiago_controller_configuration' returned '0': AMENT_PREFIX_PATH=/home/rbe502/RBE550/install/pmb2_controller_configuration:/home/rbe502/RBE550/install/pal_robotiq_controller_configuration:/home/rbe502/RBE550/install/pal_hey5_controller_configuration:/home/rbe502/RBE550/install/pal_gripper_controller_configuration:/home/rbe502/RBE550/install/launch_pal:${AMENT_PREFIX_PATH} CMAKE_PREFIX_PATH=/home/rbe502/RBE550/install/pmb2_controller_configuration:/home/rbe502/RBE550/install/pal_robotiq_controller_configuration:/home/rbe502/RBE550/install/pal_hey5_controller_configuration:/home/rbe502/RBE550/install/pal_gripper_controller_configuration:/opt/ros/humble PYTHONPATH=/home/rbe502/RBE550/build/launch_pal:/home/rbe502/RBE550/install/launch_pal/lib/python3.10/site-packages:${PYTHONPATH} /usr/bin/cmake --install /home/rbe502/RBE550/build/tiago_controller_configuration
