[0.035s] Invoking command in '/home/rbe502/RBE550/build/pmb2_rgbd_sensors': CMAKE_PREFIX_PATH=/opt/ros/humble /usr/bin/cmake /home/rbe502/RBE550/src/pmb2_navigation/pmb2_rgbd_sensors -DAMENT_CMAKE_SYMLINK_INSTALL=1 -DCMAKE_INSTALL_PREFIX=/home/rbe502/RBE550/install/pmb2_rgbd_sensors
[0.215s] -- The C compiler identification is GNU 11.4.0
[0.350s] -- The CXX compiler identification is GNU 11.4.0
[0.373s] -- Detecting C compiler ABI info
[0.541s] -- Detecting C compiler ABI info - done
[0.552s] -- Check for working C compiler: /usr/bin/cc - skipped
[0.557s] -- Detecting C compile features
[0.558s] -- Detecting C compile features - done
[0.560s] -- Detecting CXX compiler ABI info
[0.748s] -- Detecting CXX compiler ABI info - done
[0.761s] -- Check for working CXX compiler: /usr/bin/c++ - skipped
[0.763s] -- Detecting CXX compile features
[0.763s] -- Detecting CXX compile features - done
[0.768s] -- Found ament_cmake_auto: 1.3.8 (/opt/ros/humble/share/ament_cmake_auto/cmake)
[1.396s] -- Found Python3: /usr/bin/python3 (found version "3.10.12") found components: Interpreter 
[1.513s] -- Override CMake install command with custom implementation using symlinks instead of copying resources
[1.713s] -- Added test 'copyright' to check source files copyright and LICENSE
[1.716s] -- Added test 'lint_cmake' to check CMake code style
[1.719s] -- Added test 'xmllint' to check XML markup files
[1.720s] -- Configuring done
[1.725s] -- Generating done
[1.728s] -- Build files have been written to: /home/rbe502/RBE550/build/pmb2_rgbd_sensors
[1.734s] Invoked command in '/home/rbe502/RBE550/build/pmb2_rgbd_sensors' returned '0': CMAKE_PREFIX_PATH=/opt/ros/humble /usr/bin/cmake /home/rbe502/RBE550/src/pmb2_navigation/pmb2_rgbd_sensors -DAMENT_CMAKE_SYMLINK_INSTALL=1 -DCMAKE_INSTALL_PREFIX=/home/rbe502/RBE550/install/pmb2_rgbd_sensors
[1.738s] Invoking command in '/home/rbe502/RBE550/build/pmb2_rgbd_sensors': CMAKE_PREFIX_PATH=/opt/ros/humble /usr/bin/cmake --build /home/rbe502/RBE550/build/pmb2_rgbd_sensors -- -j2 -l2
[1.864s] Invoked command in '/home/rbe502/RBE550/build/pmb2_rgbd_sensors' returned '0': CMAKE_PREFIX_PATH=/opt/ros/humble /usr/bin/cmake --build /home/rbe502/RBE550/build/pmb2_rgbd_sensors -- -j2 -l2
[1.973s] Invoking command in '/home/rbe502/RBE550/build/pmb2_rgbd_sensors': CMAKE_PREFIX_PATH=/opt/ros/humble /usr/bin/cmake --install /home/rbe502/RBE550/build/pmb2_rgbd_sensors
[2.003s] -- Install configuration: ""
[2.004s] -- Execute custom install script
[2.004s] -- Symlinking: /home/rbe502/RBE550/install/pmb2_rgbd_sensors/share/ament_index/resource_index/package_run_dependencies/pmb2_rgbd_sensors
[2.032s] -- Symlinking: /home/rbe502/RBE550/install/pmb2_rgbd_sensors/share/ament_index/resource_index/parent_prefix_path/pmb2_rgbd_sensors
[2.065s] -- Symlinking: /home/rbe502/RBE550/install/pmb2_rgbd_sensors/share/pmb2_rgbd_sensors/environment/ament_prefix_path.sh
[2.088s] -- Symlinking: /home/rbe502/RBE550/install/pmb2_rgbd_sensors/share/pmb2_rgbd_sensors/environment/ament_prefix_path.dsv
[2.117s] -- Symlinking: /home/rbe502/RBE550/install/pmb2_rgbd_sensors/share/pmb2_rgbd_sensors/environment/path.sh
[2.144s] -- Symlinking: /home/rbe502/RBE550/install/pmb2_rgbd_sensors/share/pmb2_rgbd_sensors/environment/path.dsv
[2.171s] -- Symlinking: /home/rbe502/RBE550/install/pmb2_rgbd_sensors/share/pmb2_rgbd_sensors/local_setup.bash
[2.201s] -- Symlinking: /home/rbe502/RBE550/install/pmb2_rgbd_sensors/share/pmb2_rgbd_sensors/local_setup.sh
[2.227s] -- Symlinking: /home/rbe502/RBE550/install/pmb2_rgbd_sensors/share/pmb2_rgbd_sensors/local_setup.zsh
[2.255s] -- Symlinking: /home/rbe502/RBE550/install/pmb2_rgbd_sensors/share/pmb2_rgbd_sensors/local_setup.dsv
[2.283s] -- Symlinking: /home/rbe502/RBE550/install/pmb2_rgbd_sensors/share/pmb2_rgbd_sensors/package.dsv
[2.310s] -- Symlinking: /home/rbe502/RBE550/install/pmb2_rgbd_sensors/share/ament_index/resource_index/packages/pmb2_rgbd_sensors
[2.338s] -- Symlinking: /home/rbe502/RBE550/install/pmb2_rgbd_sensors/share/pmb2_rgbd_sensors/cmake/pmb2_rgbd_sensorsConfig.cmake
[2.366s] -- Symlinking: /home/rbe502/RBE550/install/pmb2_rgbd_sensors/share/pmb2_rgbd_sensors/cmake/pmb2_rgbd_sensorsConfig-version.cmake
[2.395s] -- Symlinking: /home/rbe502/RBE550/install/pmb2_rgbd_sensors/share/pmb2_rgbd_sensors/package.xml
[2.428s] Invoked command in '/home/rbe502/RBE550/build/pmb2_rgbd_sensors' returned '0': CMAKE_PREFIX_PATH=/opt/ros/humble /usr/bin/cmake --install /home/rbe502/RBE550/build/pmb2_rgbd_sensors
