[0.037s] Invoking command in '/home/rbe502/RBE550/build/pmb2_laser_sensors': CMAKE_PREFIX_PATH=/opt/ros/humble /usr/bin/cmake /home/rbe502/RBE550/src/pmb2_navigation/pmb2_laser_sensors -DAMENT_CMAKE_SYMLINK_INSTALL=1 -DCMAKE_INSTALL_PREFIX=/home/rbe502/RBE550/install/pmb2_laser_sensors
[0.234s] -- The C compiler identification is GNU 11.4.0
[0.427s] -- The CXX compiler identification is GNU 11.4.0
[0.453s] -- Detecting C compiler ABI info
[0.718s] -- Detecting C compiler ABI info - done
[0.743s] -- Check for working C compiler: /usr/bin/cc - skipped
[0.743s] -- Detecting C compile features
[0.745s] -- Detecting C compile features - done
[0.753s] -- Detecting CXX compiler ABI info
[0.962s] -- Detecting CXX compiler ABI info - done
[0.974s] -- Check for working CXX compiler: /usr/bin/c++ - skipped
[0.975s] -- Detecting CXX compile features
[0.977s] -- Detecting CXX compile features - done
[0.980s] -- Found ament_cmake_auto: 1.3.8 (/opt/ros/humble/share/ament_cmake_auto/cmake)
[1.864s] -- Found Python3: /usr/bin/python3 (found version "3.10.12") found components: Interpreter 
[2.024s] -- Override CMake install command with custom implementation using symlinks instead of copying resources
[2.332s] -- Added test 'copyright' to check source files copyright and LICENSE
[2.341s] -- Added test 'lint_cmake' to check CMake code style
[2.345s] -- Added test 'xmllint' to check XML markup files
[2.348s] -- Configuring done
[2.358s] -- Generating done
[2.358s] -- Build files have been written to: /home/rbe502/RBE550/build/pmb2_laser_sensors
[2.368s] Invoked command in '/home/rbe502/RBE550/build/pmb2_laser_sensors' returned '0': CMAKE_PREFIX_PATH=/opt/ros/humble /usr/bin/cmake /home/rbe502/RBE550/src/pmb2_navigation/pmb2_laser_sensors -DAMENT_CMAKE_SYMLINK_INSTALL=1 -DCMAKE_INSTALL_PREFIX=/home/rbe502/RBE550/install/pmb2_laser_sensors
[2.370s] Invoking command in '/home/rbe502/RBE550/build/pmb2_laser_sensors': CMAKE_PREFIX_PATH=/opt/ros/humble /usr/bin/cmake --build /home/rbe502/RBE550/build/pmb2_laser_sensors -- -j2 -l2
[2.508s] Invoked command in '/home/rbe502/RBE550/build/pmb2_laser_sensors' returned '0': CMAKE_PREFIX_PATH=/opt/ros/humble /usr/bin/cmake --build /home/rbe502/RBE550/build/pmb2_laser_sensors -- -j2 -l2
[2.641s] Invoking command in '/home/rbe502/RBE550/build/pmb2_laser_sensors': CMAKE_PREFIX_PATH=/opt/ros/humble /usr/bin/cmake --install /home/rbe502/RBE550/build/pmb2_laser_sensors
[2.671s] -- Install configuration: ""
[2.671s] -- Execute custom install script
[2.673s] -- Symlinking: /home/rbe502/RBE550/install/pmb2_laser_sensors/share/ament_index/resource_index/package_run_dependencies/pmb2_laser_sensors
[2.702s] -- Symlinking: /home/rbe502/RBE550/install/pmb2_laser_sensors/share/ament_index/resource_index/parent_prefix_path/pmb2_laser_sensors
[2.733s] -- Symlinking: /home/rbe502/RBE550/install/pmb2_laser_sensors/share/pmb2_laser_sensors/environment/ament_prefix_path.sh
[2.764s] -- Symlinking: /home/rbe502/RBE550/install/pmb2_laser_sensors/share/pmb2_laser_sensors/environment/ament_prefix_path.dsv
[2.795s] -- Symlinking: /home/rbe502/RBE550/install/pmb2_laser_sensors/share/pmb2_laser_sensors/environment/path.sh
[2.827s] -- Symlinking: /home/rbe502/RBE550/install/pmb2_laser_sensors/share/pmb2_laser_sensors/environment/path.dsv
[2.858s] -- Symlinking: /home/rbe502/RBE550/install/pmb2_laser_sensors/share/pmb2_laser_sensors/local_setup.bash
[2.888s] -- Symlinking: /home/rbe502/RBE550/install/pmb2_laser_sensors/share/pmb2_laser_sensors/local_setup.sh
[2.917s] -- Symlinking: /home/rbe502/RBE550/install/pmb2_laser_sensors/share/pmb2_laser_sensors/local_setup.zsh
[2.950s] -- Symlinking: /home/rbe502/RBE550/install/pmb2_laser_sensors/share/pmb2_laser_sensors/local_setup.dsv
[2.979s] -- Symlinking: /home/rbe502/RBE550/install/pmb2_laser_sensors/share/pmb2_laser_sensors/package.dsv
[3.009s] -- Symlinking: /home/rbe502/RBE550/install/pmb2_laser_sensors/share/ament_index/resource_index/packages/pmb2_laser_sensors
[3.039s] -- Symlinking: /home/rbe502/RBE550/install/pmb2_laser_sensors/share/pmb2_laser_sensors/cmake/pmb2_laser_sensorsConfig.cmake
[3.072s] -- Symlinking: /home/rbe502/RBE550/install/pmb2_laser_sensors/share/pmb2_laser_sensors/cmake/pmb2_laser_sensorsConfig-version.cmake
[3.103s] -- Symlinking: /home/rbe502/RBE550/install/pmb2_laser_sensors/share/pmb2_laser_sensors/package.xml
[3.137s] Invoked command in '/home/rbe502/RBE550/build/pmb2_laser_sensors' returned '0': CMAKE_PREFIX_PATH=/opt/ros/humble /usr/bin/cmake --install /home/rbe502/RBE550/build/pmb2_laser_sensors
