-- The C compiler identification is GNU 11.4.0
-- The CXX compiler identification is GNU 11.4.0
-- Detecting C compiler ABI info
-- Detecting C compiler ABI info - done
-- Check for working C compiler: /usr/bin/cc - skipped
-- Detecting C compile features
-- Detecting C compile features - done
-- Detecting CXX compiler ABI info
-- Detecting CXX compiler ABI info - done
-- Check for working CXX compiler: /usr/bin/c++ - skipped
-- Detecting CXX compile features
-- Detecting CXX compile features - done
-- Found ament_cmake_auto: 1.3.8 (/opt/ros/humble/share/ament_cmake_auto/cmake)
-- Found Python3: /usr/bin/python3 (found version "3.10.12") found components: Interpreter 
-- Override CMake install command with custom implementation using symlinks instead of copying resources
-- Configuring done
-- Generating done
-- Build files have been written to: /home/rbe502/RBE550/build/pal_navigation_cfg
-- Install configuration: ""
-- Execute custom install script
-- Symlinking: /home/rbe502/RBE550/install/pal_navigation_cfg/share/ament_index/resource_index/package_run_dependencies/pal_navigation_cfg
-- Symlinking: /home/rbe502/RBE550/install/pal_navigation_cfg/share/ament_index/resource_index/parent_prefix_path/pal_navigation_cfg
-- Symlinking: /home/rbe502/RBE550/install/pal_navigation_cfg/share/pal_navigation_cfg/environment/ament_prefix_path.sh
-- Symlinking: /home/rbe502/RBE550/install/pal_navigation_cfg/share/pal_navigation_cfg/environment/ament_prefix_path.dsv
-- Symlinking: /home/rbe502/RBE550/install/pal_navigation_cfg/share/pal_navigation_cfg/environment/path.sh
-- Symlinking: /home/rbe502/RBE550/install/pal_navigation_cfg/share/pal_navigation_cfg/environment/path.dsv
-- Symlinking: /home/rbe502/RBE550/install/pal_navigation_cfg/share/pal_navigation_cfg/local_setup.bash
-- Symlinking: /home/rbe502/RBE550/install/pal_navigation_cfg/share/pal_navigation_cfg/local_setup.sh
-- Symlinking: /home/rbe502/RBE550/install/pal_navigation_cfg/share/pal_navigation_cfg/local_setup.zsh
-- Symlinking: /home/rbe502/RBE550/install/pal_navigation_cfg/share/pal_navigation_cfg/local_setup.dsv
-- Symlinking: /home/rbe502/RBE550/install/pal_navigation_cfg/share/pal_navigation_cfg/package.dsv
-- Symlinking: /home/rbe502/RBE550/install/pal_navigation_cfg/share/ament_index/resource_index/packages/pal_navigation_cfg
-- Symlinking: /home/rbe502/RBE550/install/pal_navigation_cfg/share/pal_navigation_cfg/cmake/pal_navigation_cfgConfig.cmake
-- Symlinking: /home/rbe502/RBE550/install/pal_navigation_cfg/share/pal_navigation_cfg/cmake/pal_navigation_cfgConfig-version.cmake
-- Symlinking: /home/rbe502/RBE550/install/pal_navigation_cfg/share/pal_navigation_cfg/package.xml
