[0.039s] Invoking command in '/home/rbe502/RBE550/build/pmb2_2dnav': AMENT_PREFIX_PATH=/home/rbe502/RBE550/install/pmb2_laser_sensors:/home/rbe502/RBE550/install/launch_pal:${AMENT_PREFIX_PATH} CMAKE_PREFIX_PATH=/home/rbe502/RBE550/install/pmb2_laser_sensors:/opt/ros/humble PYTHONPATH=/home/rbe502/RBE550/build/launch_pal:/home/rbe502/RBE550/install/launch_pal/lib/python3.10/site-packages:${PYTHONPATH} /usr/bin/cmake /home/rbe502/RBE550/src/pmb2_navigation/pmb2_2dnav -DAMENT_CMAKE_SYMLINK_INSTALL=1 -DCMAKE_INSTALL_PREFIX=/home/rbe502/RBE550/install/pmb2_2dnav
[0.236s] -- The C compiler identification is GNU 11.4.0
[0.416s] -- The CXX compiler identification is GNU 11.4.0
[0.440s] -- Detecting C compiler ABI info
[0.679s] -- Detecting C compiler ABI info - done
[0.700s] -- Check for working C compiler: /usr/bin/cc - skipped
[0.701s] -- Detecting C compile features
[0.702s] -- Detecting C compile features - done
[0.711s] -- Detecting CXX compiler ABI info
[0.984s] -- Detecting CXX compiler ABI info - done
[1.005s] -- Check for working CXX compiler: /usr/bin/c++ - skipped
[1.006s] -- Detecting CXX compile features
[1.009s] -- Detecting CXX compile features - done
[1.014s] -- Found ament_cmake_auto: 1.3.8 (/opt/ros/humble/share/ament_cmake_auto/cmake)
[1.957s] -- Found Python3: /usr/bin/python3 (found version "3.10.12") found components: Interpreter 
[2.136s] -- Override CMake install command with custom implementation using symlinks instead of copying resources
[2.407s] -- Found ament_lint_auto: 0.12.10 (/opt/ros/humble/share/ament_lint_auto/cmake)
[2.463s] -- Added test 'copyright' to check source files copyright and LICENSE
[2.471s] -- Added test 'flake8' to check Python code syntax and style conventions
[2.474s] -- Added test 'lint_cmake' to check CMake code style
[2.474s] -- Added test 'pep257' to check Python code against some of the docstring style conventions in PEP 257
[2.478s] -- Added test 'xmllint' to check XML markup files
[2.482s] -- Configuring done
[2.492s] -- Generating done
[2.493s] -- Build files have been written to: /home/rbe502/RBE550/build/pmb2_2dnav
[2.507s] Invoked command in '/home/rbe502/RBE550/build/pmb2_2dnav' returned '0': AMENT_PREFIX_PATH=/home/rbe502/RBE550/install/pmb2_laser_sensors:/home/rbe502/RBE550/install/launch_pal:${AMENT_PREFIX_PATH} CMAKE_PREFIX_PATH=/home/rbe502/RBE550/install/pmb2_laser_sensors:/opt/ros/humble PYTHONPATH=/home/rbe502/RBE550/build/launch_pal:/home/rbe502/RBE550/install/launch_pal/lib/python3.10/site-packages:${PYTHONPATH} /usr/bin/cmake /home/rbe502/RBE550/src/pmb2_navigation/pmb2_2dnav -DAMENT_CMAKE_SYMLINK_INSTALL=1 -DCMAKE_INSTALL_PREFIX=/home/rbe502/RBE550/install/pmb2_2dnav
[2.510s] Invoking command in '/home/rbe502/RBE550/build/pmb2_2dnav': AMENT_PREFIX_PATH=/home/rbe502/RBE550/install/pmb2_laser_sensors:/home/rbe502/RBE550/install/launch_pal:${AMENT_PREFIX_PATH} CMAKE_PREFIX_PATH=/home/rbe502/RBE550/install/pmb2_laser_sensors:/opt/ros/humble PYTHONPATH=/home/rbe502/RBE550/build/launch_pal:/home/rbe502/RBE550/install/launch_pal/lib/python3.10/site-packages:${PYTHONPATH} /usr/bin/cmake --build /home/rbe502/RBE550/build/pmb2_2dnav -- -j2 -l2
[2.641s] Invoked command in '/home/rbe502/RBE550/build/pmb2_2dnav' returned '0': AMENT_PREFIX_PATH=/home/rbe502/RBE550/install/pmb2_laser_sensors:/home/rbe502/RBE550/install/launch_pal:${AMENT_PREFIX_PATH} CMAKE_PREFIX_PATH=/home/rbe502/RBE550/install/pmb2_laser_sensors:/opt/ros/humble PYTHONPATH=/home/rbe502/RBE550/build/launch_pal:/home/rbe502/RBE550/install/launch_pal/lib/python3.10/site-packages:${PYTHONPATH} /usr/bin/cmake --build /home/rbe502/RBE550/build/pmb2_2dnav -- -j2 -l2
[2.754s] Invoking command in '/home/rbe502/RBE550/build/pmb2_2dnav': AMENT_PREFIX_PATH=/home/rbe502/RBE550/install/pmb2_laser_sensors:/home/rbe502/RBE550/install/launch_pal:${AMENT_PREFIX_PATH} CMAKE_PREFIX_PATH=/home/rbe502/RBE550/install/pmb2_laser_sensors:/opt/ros/humble PYTHONPATH=/home/rbe502/RBE550/build/launch_pal:/home/rbe502/RBE550/install/launch_pal/lib/python3.10/site-packages:${PYTHONPATH} /usr/bin/cmake --install /home/rbe502/RBE550/build/pmb2_2dnav
[2.783s] -- Install configuration: ""
[2.784s] -- Execute custom install script
[2.787s] -- Symlinking: /home/rbe502/RBE550/install/pmb2_2dnav/share/pmb2_2dnav/config/pmb2_nav_public_sim.yaml
[2.814s] -- Symlinking: /home/rbe502/RBE550/install/pmb2_2dnav/share/pmb2_2dnav/config/rviz/navigation.rviz
[2.843s] -- Symlinking: /home/rbe502/RBE550/install/pmb2_2dnav/share/pmb2_2dnav/launch/pmb2_nav_bringup.launch.py
[2.871s] -- Symlinking: /home/rbe502/RBE550/install/pmb2_2dnav/share/ament_index/resource_index/package_run_dependencies/pmb2_2dnav
[2.903s] -- Symlinking: /home/rbe502/RBE550/install/pmb2_2dnav/share/ament_index/resource_index/parent_prefix_path/pmb2_2dnav
[2.932s] -- Symlinking: /home/rbe502/RBE550/install/pmb2_2dnav/share/pmb2_2dnav/environment/ament_prefix_path.sh
[2.958s] -- Symlinking: /home/rbe502/RBE550/install/pmb2_2dnav/share/pmb2_2dnav/environment/ament_prefix_path.dsv
[2.986s] -- Symlinking: /home/rbe502/RBE550/install/pmb2_2dnav/share/pmb2_2dnav/environment/path.sh
[3.015s] -- Symlinking: /home/rbe502/RBE550/install/pmb2_2dnav/share/pmb2_2dnav/environment/path.dsv
[3.047s] -- Symlinking: /home/rbe502/RBE550/install/pmb2_2dnav/share/pmb2_2dnav/local_setup.bash
[3.075s] -- Symlinking: /home/rbe502/RBE550/install/pmb2_2dnav/share/pmb2_2dnav/local_setup.sh
[3.099s] -- Symlinking: /home/rbe502/RBE550/install/pmb2_2dnav/share/pmb2_2dnav/local_setup.zsh
[3.127s] -- Symlinking: /home/rbe502/RBE550/install/pmb2_2dnav/share/pmb2_2dnav/local_setup.dsv
[3.154s] -- Symlinking: /home/rbe502/RBE550/install/pmb2_2dnav/share/pmb2_2dnav/package.dsv
[3.181s] -- Symlinking: /home/rbe502/RBE550/install/pmb2_2dnav/share/ament_index/resource_index/packages/pmb2_2dnav
[3.209s] -- Symlinking: /home/rbe502/RBE550/install/pmb2_2dnav/share/pmb2_2dnav/cmake/pmb2_2dnavConfig.cmake
[3.239s] -- Symlinking: /home/rbe502/RBE550/install/pmb2_2dnav/share/pmb2_2dnav/cmake/pmb2_2dnavConfig-version.cmake
[3.265s] -- Symlinking: /home/rbe502/RBE550/install/pmb2_2dnav/share/pmb2_2dnav/package.xml
[3.294s] Invoked command in '/home/rbe502/RBE550/build/pmb2_2dnav' returned '0': AMENT_PREFIX_PATH=/home/rbe502/RBE550/install/pmb2_laser_sensors:/home/rbe502/RBE550/install/launch_pal:${AMENT_PREFIX_PATH} CMAKE_PREFIX_PATH=/home/rbe502/RBE550/install/pmb2_laser_sensors:/opt/ros/humble PYTHONPATH=/home/rbe502/RBE550/build/launch_pal:/home/rbe502/RBE550/install/launch_pal/lib/python3.10/site-packages:${PYTHONPATH} /usr/bin/cmake --install /home/rbe502/RBE550/build/pmb2_2dnav
