[0.031s] Invoking command in '/home/rbe502/RBE550/build/pal_robotiq_controller_configuration': CMAKE_PREFIX_PATH=/opt/ros/humble /usr/bin/cmake /home/rbe502/RBE550/src/pal_robotiq_gripper/pal_robotiq_controller_configuration -DAMENT_CMAKE_SYMLINK_INSTALL=1 -DCMAKE_INSTALL_PREFIX=/home/rbe502/RBE550/install/pal_robotiq_controller_configuration
[0.216s] -- The C compiler identification is GNU 11.4.0
[0.374s] -- The CXX compiler identification is GNU 11.4.0
[0.392s] -- Detecting C compiler ABI info
[0.586s] -- Detecting C compiler ABI info - done
[0.604s] -- Check for working C compiler: /usr/bin/cc - skipped
[0.604s] -- Detecting C compile features
[0.606s] -- Detecting C compile features - done
[0.613s] -- Detecting CXX compiler ABI info
[0.860s] -- Detecting CXX compiler ABI info - done
[0.877s] -- Check for working CXX compiler: /usr/bin/c++ - skipped
[0.878s] -- Detecting CXX compile features
[0.879s] -- Detecting CXX compile features - done
[0.884s] -- Found ament_cmake_auto: 1.3.8 (/opt/ros/humble/share/ament_cmake_auto/cmake)
[1.638s] -- Found Python3: /usr/bin/python3 (found version "3.10.12") found components: Interpreter 
[1.802s] -- Override CMake install command with custom implementation using symlinks instead of copying resources
[2.032s] -- Found ament_lint_auto: 0.12.10 (/opt/ros/humble/share/ament_lint_auto/cmake)
[2.086s] -- Added test 'copyright' to check source files copyright and LICENSE
[2.088s] -- Added test 'flake8' to check Python code syntax and style conventions
[2.089s] -- Added test 'lint_cmake' to check CMake code style
[2.090s] -- Added test 'pep257' to check Python code against some of the docstring style conventions in PEP 257
[2.093s] -- Added test 'xmllint' to check XML markup files
[2.098s] -- Configuring done
[2.103s] -- Generating done
[2.105s] -- Build files have been written to: /home/rbe502/RBE550/build/pal_robotiq_controller_configuration
[2.115s] Invoked command in '/home/rbe502/RBE550/build/pal_robotiq_controller_configuration' returned '0': CMAKE_PREFIX_PATH=/opt/ros/humble /usr/bin/cmake /home/rbe502/RBE550/src/pal_robotiq_gripper/pal_robotiq_controller_configuration -DAMENT_CMAKE_SYMLINK_INSTALL=1 -DCMAKE_INSTALL_PREFIX=/home/rbe502/RBE550/install/pal_robotiq_controller_configuration
[2.116s] Invoking command in '/home/rbe502/RBE550/build/pal_robotiq_controller_configuration': CMAKE_PREFIX_PATH=/opt/ros/humble /usr/bin/cmake --build /home/rbe502/RBE550/build/pal_robotiq_controller_configuration -- -j2 -l2
[2.241s] Invoked command in '/home/rbe502/RBE550/build/pal_robotiq_controller_configuration' returned '0': CMAKE_PREFIX_PATH=/opt/ros/humble /usr/bin/cmake --build /home/rbe502/RBE550/build/pal_robotiq_controller_configuration -- -j2 -l2
[2.372s] Invoking command in '/home/rbe502/RBE550/build/pal_robotiq_controller_configuration': CMAKE_PREFIX_PATH=/opt/ros/humble /usr/bin/cmake --install /home/rbe502/RBE550/build/pal_robotiq_controller_configuration
[2.396s] -- Install configuration: ""
[2.398s] -- Execute custom install script
[2.399s] -- Symlinking: /home/rbe502/RBE550/install/pal_robotiq_controller_configuration/share/pal_robotiq_controller_configuration/config/robotiq_gripper_controller.yaml
[2.430s] -- Symlinking: /home/rbe502/RBE550/install/pal_robotiq_controller_configuration/share/pal_robotiq_controller_configuration/launch/robotiq_gripper_controller.launch.py
[2.466s] -- Symlinking: /home/rbe502/RBE550/install/pal_robotiq_controller_configuration/share/ament_index/resource_index/package_run_dependencies/pal_robotiq_controller_configuration
[2.485s] -- Symlinking: /home/rbe502/RBE550/install/pal_robotiq_controller_configuration/share/ament_index/resource_index/parent_prefix_path/pal_robotiq_controller_configuration
[2.511s] -- Symlinking: /home/rbe502/RBE550/install/pal_robotiq_controller_configuration/share/pal_robotiq_controller_configuration/environment/ament_prefix_path.sh
[2.541s] -- Symlinking: /home/rbe502/RBE550/install/pal_robotiq_controller_configuration/share/pal_robotiq_controller_configuration/environment/ament_prefix_path.dsv
[2.570s] -- Symlinking: /home/rbe502/RBE550/install/pal_robotiq_controller_configuration/share/pal_robotiq_controller_configuration/environment/path.sh
[2.599s] -- Symlinking: /home/rbe502/RBE550/install/pal_robotiq_controller_configuration/share/pal_robotiq_controller_configuration/environment/path.dsv
[2.628s] -- Symlinking: /home/rbe502/RBE550/install/pal_robotiq_controller_configuration/share/pal_robotiq_controller_configuration/local_setup.bash
[2.656s] -- Symlinking: /home/rbe502/RBE550/install/pal_robotiq_controller_configuration/share/pal_robotiq_controller_configuration/local_setup.sh
[2.687s] -- Symlinking: /home/rbe502/RBE550/install/pal_robotiq_controller_configuration/share/pal_robotiq_controller_configuration/local_setup.zsh
[2.714s] -- Symlinking: /home/rbe502/RBE550/install/pal_robotiq_controller_configuration/share/pal_robotiq_controller_configuration/local_setup.dsv
[2.744s] -- Symlinking: /home/rbe502/RBE550/install/pal_robotiq_controller_configuration/share/pal_robotiq_controller_configuration/package.dsv
[2.776s] -- Symlinking: /home/rbe502/RBE550/install/pal_robotiq_controller_configuration/share/ament_index/resource_index/packages/pal_robotiq_controller_configuration
[2.805s] -- Symlinking: /home/rbe502/RBE550/install/pal_robotiq_controller_configuration/share/pal_robotiq_controller_configuration/cmake/pal_robotiq_controller_configurationConfig.cmake
[2.836s] -- Symlinking: /home/rbe502/RBE550/install/pal_robotiq_controller_configuration/share/pal_robotiq_controller_configuration/cmake/pal_robotiq_controller_configurationConfig-version.cmake
[2.866s] -- Symlinking: /home/rbe502/RBE550/install/pal_robotiq_controller_configuration/share/pal_robotiq_controller_configuration/package.xml
[2.906s] Invoked command in '/home/rbe502/RBE550/build/pal_robotiq_controller_configuration' returned '0': CMAKE_PREFIX_PATH=/opt/ros/humble /usr/bin/cmake --install /home/rbe502/RBE550/build/pal_robotiq_controller_configuration
