[0.045s] Invoking command in '/home/rbe502/RBE550/build/play_motion2': AMENT_PREFIX_PATH=/home/rbe502/RBE550/install/play_motion2_msgs:/home/rbe502/RBE550/install/launch_pal:${AMENT_PREFIX_PATH} CMAKE_PREFIX_PATH=/home/rbe502/RBE550/install/play_motion2_msgs:/opt/ros/humble LD_LIBRARY_PATH=/home/rbe502/RBE550/install/play_motion2_msgs/lib:${LD_LIBRARY_PATH} PYTHONPATH=/home/rbe502/RBE550/install/play_motion2_msgs/local/lib/python3.10/dist-packages:/home/rbe502/RBE550/build/launch_pal:/home/rbe502/RBE550/install/launch_pal/lib/python3.10/site-packages:${PYTHONPATH} /usr/bin/cmake /home/rbe502/RBE550/src/play_motion2/play_motion2 -DAMENT_CMAKE_SYMLINK_INSTALL=1 -DCMAKE_INSTALL_PREFIX=/home/rbe502/RBE550/install/play_motion2
[0.242s] -- The C compiler identification is GNU 11.4.0
[0.431s] -- The CXX compiler identification is GNU 11.4.0
[0.454s] -- Detecting C compiler ABI info
[0.706s] -- Detecting C compiler ABI info - done
[0.730s] -- Check for working C compiler: /usr/bin/cc - skipped
[0.732s] -- Detecting C compile features
[0.733s] -- Detecting C compile features - done
[0.743s] -- Detecting CXX compiler ABI info
[1.035s] -- Detecting CXX compiler ABI info - done
[1.054s] -- Check for working CXX compiler: /usr/bin/c++ - skipped
[1.056s] -- Detecting CXX compile features
[1.057s] -- Detecting CXX compile features - done
[1.063s] -- Found ament_cmake_auto: 1.3.8 (/opt/ros/humble/share/ament_cmake_auto/cmake)
[2.002s] -- Found Python3: /usr/bin/python3 (found version "3.10.12") found components: Interpreter 
[2.183s] -- Override CMake install command with custom implementation using symlinks instead of copying resources
[2.576s] -- Found rosidl_generator_c: 3.1.5 (/opt/ros/humble/share/rosidl_generator_c/cmake)
[2.589s] -- Found rosidl_adapter: 3.1.5 (/opt/ros/humble/share/rosidl_adapter/cmake)
[2.614s] -- Found rosidl_generator_cpp: 3.1.5 (/opt/ros/humble/share/rosidl_generator_cpp/cmake)
[2.652s] -- Using all available rosidl_typesupport_c: rosidl_typesupport_fastrtps_c;rosidl_typesupport_introspection_c
[2.706s] -- Using all available rosidl_typesupport_cpp: rosidl_typesupport_fastrtps_cpp;rosidl_typesupport_introspection_cpp
[4.852s] -- Found Boost: /usr/lib/x86_64-linux-gnu/cmake/Boost-1.74.0/BoostConfig.cmake (found version "1.74.0") found components: date_time filesystem program_options system thread 
[6.080s] -- Found Boost: /usr/lib/x86_64-linux-gnu/cmake/Boost-1.74.0/BoostConfig.cmake (found version "1.74.0") found components: chrono date_time filesystem iostreams program_options regex serialization system thread 
[6.112s] -- Found parameter_traits: 0.3.9 (/opt/ros/humble/share/parameter_traits/cmake)
[6.221s] -- Found rmw_implementation_cmake: 6.1.1 (/opt/ros/humble/share/rmw_implementation_cmake/cmake)
[6.227s] -- Found rmw_fastrtps_cpp: 6.2.6 (/opt/ros/humble/share/rmw_fastrtps_cpp/cmake)
[6.510s] -- Found OpenSSL: /usr/lib/x86_64-linux-gnu/libcrypto.so (found version "3.0.2")  
[6.590s] -- Found FastRTPS: /opt/ros/humble/include  
[6.729s] -- Using RMW implementation 'rmw_fastrtps_cpp' as default
[6.757s] -- Found Threads: TRUE  
[7.208s] -- Found rclcpp_lifecycle: 16.0.8 (/opt/ros/humble/share/rclcpp_lifecycle/cmake)
[7.296s] -- Found Boost: /usr/lib/x86_64-linux-gnu/cmake/Boost-1.74.0/BoostConfig.cmake (found version "1.74.0") found components: filesystem 
[7.686s] -- library: /usr/lib/x86_64-linux-gnu/libcurl.so
[8.197s] -- Found Eigen3: TRUE (found version "3.4.0") 
[8.200s] -- Ensuring Eigen3 include directory is part of orocos-kdl CMake target
[9.777s] -- Found Boost: /usr/lib/x86_64-linux-gnu/cmake/Boost-1.74.0/BoostConfig.cmake (found version "1.74.0") found components: system filesystem date_time program_options thread chrono 
[11.226s] -- Found Boost: /usr/lib/x86_64-linux-gnu/cmake/Boost-1.74.0/BoostConfig.cmake (found version "1.74.0") found components: thread system filesystem regex date_time program_options 
[11.921s] -- Found Boost: /usr/lib/x86_64-linux-gnu/cmake/Boost-1.74.0/BoostConfig.cmake (found version "1.74.0") found components: system filesystem date_time program_options thread 
[16.570s] -- Found python_cmake_module: 0.10.0 (/opt/ros/humble/share/python_cmake_module/cmake)
[16.640s] -- Found PythonInterp: /usr/bin/python3 (found suitable version "3.10.12", minimum required is "3.6") 
[16.653s] -- Found PythonLibs: /usr/lib/x86_64-linux-gnu/libpython3.10.so (found suitable version "3.10.12", minimum required is "3.5") 
[16.654s] -- Using PYTHON_EXECUTABLE: /usr/bin/python3
[16.655s] -- Using PYTHON_INCLUDE_DIRS: /usr/include/python3.10
[16.656s] -- Using PYTHON_LIBRARIES: /usr/lib/x86_64-linux-gnu/libpython3.10.so
[16.723s] -- Found PythonExtra: .so  
[17.432s] -- Found gtest sources under '/opt/ros/humble/src/gtest_vendor': C++ tests using 'Google Test' will be built
[28.197s] -- Added test 'copyright' to check source files copyright and LICENSE
[28.202s] -- Added test 'cppcheck' to perform static code analysis on C / C++ code
[28.204s] -- Configured cppcheck include dirs: /home/rbe502/RBE550/src/play_motion2/play_motion2/include
[28.204s] -- Configured cppcheck exclude dirs and/or files: 
[28.209s] -- Added test 'cpplint' to check C / C++ code against the Google style
[28.209s] -- Configured cpplint exclude dirs and/or files: 
[28.210s] -- Added test 'flake8' to check Python code syntax and style conventions
[28.212s] -- Added test 'lint_cmake' to check CMake code style
[28.213s] -- Added test 'pep257' to check Python code against some of the docstring style conventions in PEP 257
[28.218s] -- Added test 'uncrustify' to check C / C++ code style
[28.218s] -- Configured uncrustify additional arguments: 
[28.220s] -- Added test 'xmllint' to check XML markup files
[28.227s] -- Configuring done
[28.858s] -- Generating done
[28.866s] -- Build files have been written to: /home/rbe502/RBE550/build/play_motion2
[28.906s] Invoked command in '/home/rbe502/RBE550/build/play_motion2' returned '0': AMENT_PREFIX_PATH=/home/rbe502/RBE550/install/play_motion2_msgs:/home/rbe502/RBE550/install/launch_pal:${AMENT_PREFIX_PATH} CMAKE_PREFIX_PATH=/home/rbe502/RBE550/install/play_motion2_msgs:/opt/ros/humble LD_LIBRARY_PATH=/home/rbe502/RBE550/install/play_motion2_msgs/lib:${LD_LIBRARY_PATH} PYTHONPATH=/home/rbe502/RBE550/install/play_motion2_msgs/local/lib/python3.10/dist-packages:/home/rbe502/RBE550/build/launch_pal:/home/rbe502/RBE550/install/launch_pal/lib/python3.10/site-packages:${PYTHONPATH} /usr/bin/cmake /home/rbe502/RBE550/src/play_motion2/play_motion2 -DAMENT_CMAKE_SYMLINK_INSTALL=1 -DCMAKE_INSTALL_PREFIX=/home/rbe502/RBE550/install/play_motion2
[28.907s] Invoking command in '/home/rbe502/RBE550/build/play_motion2': AMENT_PREFIX_PATH=/home/rbe502/RBE550/install/play_motion2_msgs:/home/rbe502/RBE550/install/launch_pal:${AMENT_PREFIX_PATH} CMAKE_PREFIX_PATH=/home/rbe502/RBE550/install/play_motion2_msgs:/opt/ros/humble LD_LIBRARY_PATH=/home/rbe502/RBE550/install/play_motion2_msgs/lib:${LD_LIBRARY_PATH} PYTHONPATH=/home/rbe502/RBE550/install/play_motion2_msgs/local/lib/python3.10/dist-packages:/home/rbe502/RBE550/build/launch_pal:/home/rbe502/RBE550/install/launch_pal/lib/python3.10/site-packages:${PYTHONPATH} /usr/bin/cmake --build /home/rbe502/RBE550/build/play_motion2 -- -j2 -l2
[29.115s] [  4%] [32mBuilding CXX object CMakeFiles/play_motion2.dir/src/play_motion2/motion_loader.cpp.o[0m
[33.383s] [  9%] [32mBuilding CXX object CMakeFiles/play_motion2.dir/src/play_motion2/motion_planner.cpp.o[0m
[60.234s] [ 13%] [32mBuilding CXX object gtest/CMakeFiles/gtest_main.dir/src/gtest_main.cc.o[0m
[66.761s] [ 18%] [32m[1mLinking CXX static library libgtest_main.a[0m
[66.901s] [ 18%] Built target gtest_main
[108.787s] [ 22%] [32mBuilding CXX object CMakeFiles/play_motion2.dir/src/play_motion2/play_motion2.cpp.o[0m
[136.289s] [ 27%] [32m[1mLinking CXX shared library libplay_motion2.so[0m
[140.441s] [ 27%] Built target play_motion2
[140.520s] [ 31%] [32mBuilding CXX object gtest/CMakeFiles/gtest.dir/src/gtest-all.cc.o[0m
[140.521s] [ 36%] [32mBuilding CXX object CMakeFiles/client.dir/src/play_motion2/client.cpp.o[0m
[148.863s] [ 40%] [32m[1mLinking CXX static library libgtest.a[0m
[149.042s] [ 40%] Built target gtest
[149.115s] [ 45%] [32mBuilding CXX object CMakeFiles/play_motion2_node_test.dir/test/play_motion2_node_test.cpp.o[0m
[156.783s] [ 50%] [32m[1mLinking CXX static library libclient.a[0m
[157.077s] [ 50%] Built target client
[157.151s] [ 54%] [32mBuilding CXX object CMakeFiles/play_motion2_node.dir/src/play_motion2_main.cpp.o[0m
[185.374s] [ 59%] [32m[1mLinking CXX executable play_motion2_node[0m
[187.922s] [ 59%] Built target play_motion2_node
[188.006s] [ 63%] [32mBuilding CXX object CMakeFiles/run_motion.dir/src/run_motion.cpp.o[0m
[190.450s] [ 68%] [32m[1mLinking CXX executable play_motion2_node_test[0m
[192.645s] [ 68%] Built target play_motion2_node_test
[192.720s] [ 72%] [32mBuilding CXX object CMakeFiles/rrbot_system.dir/test/rrbot/rrbot_system.cpp.o[0m
[194.714s] [ 77%] [32m[1mLinking CXX executable run_motion[0m
[197.156s] [ 81%] [32m[1mLinking CXX shared library librrbot_system.so[0m
[197.290s] [ 81%] Built target run_motion
[198.159s] [ 81%] Built target rrbot_system
[198.237s] [ 86%] [32mBuilding CXX object CMakeFiles/play_motion2_test.dir/test/play_motion2_test.cpp.o[0m
[198.247s] [ 90%] [32mBuilding CXX object CMakeFiles/motion_loader_test.dir/test/motion_loader_test.cpp.o[0m
[208.769s] [ 95%] [32m[1mLinking CXX executable motion_loader_test[0m
[211.833s] [ 95%] Built target motion_loader_test
[221.358s] [100%] [32m[1mLinking CXX executable play_motion2_test[0m
[224.773s] [100%] Built target play_motion2_test
[224.808s] Invoked command in '/home/rbe502/RBE550/build/play_motion2' returned '0': AMENT_PREFIX_PATH=/home/rbe502/RBE550/install/play_motion2_msgs:/home/rbe502/RBE550/install/launch_pal:${AMENT_PREFIX_PATH} CMAKE_PREFIX_PATH=/home/rbe502/RBE550/install/play_motion2_msgs:/opt/ros/humble LD_LIBRARY_PATH=/home/rbe502/RBE550/install/play_motion2_msgs/lib:${LD_LIBRARY_PATH} PYTHONPATH=/home/rbe502/RBE550/install/play_motion2_msgs/local/lib/python3.10/dist-packages:/home/rbe502/RBE550/build/launch_pal:/home/rbe502/RBE550/install/launch_pal/lib/python3.10/site-packages:${PYTHONPATH} /usr/bin/cmake --build /home/rbe502/RBE550/build/play_motion2 -- -j2 -l2
[225.126s] Invoking command in '/home/rbe502/RBE550/build/play_motion2': AMENT_PREFIX_PATH=/home/rbe502/RBE550/install/play_motion2_msgs:/home/rbe502/RBE550/install/launch_pal:${AMENT_PREFIX_PATH} CMAKE_PREFIX_PATH=/home/rbe502/RBE550/install/play_motion2_msgs:/opt/ros/humble LD_LIBRARY_PATH=/home/rbe502/RBE550/install/play_motion2_msgs/lib:${LD_LIBRARY_PATH} PYTHONPATH=/home/rbe502/RBE550/install/play_motion2_msgs/local/lib/python3.10/dist-packages:/home/rbe502/RBE550/build/launch_pal:/home/rbe502/RBE550/install/launch_pal/lib/python3.10/site-packages:${PYTHONPATH} /usr/bin/cmake --install /home/rbe502/RBE550/build/play_motion2
[225.148s] -- Install configuration: ""
[225.150s] -- Execute custom install script
[225.150s] -- Symlinking: /home/rbe502/RBE550/install/play_motion2/share/play_motion2/test/rrbot/rrbot_system.xml
[225.176s] -- Symlinking: /home/rbe502/RBE550/install/play_motion2/lib/play_motion2/play_motion2_node_test
[225.208s] -- Symlinking: /home/rbe502/RBE550/install/play_motion2/include/play_motion2/client.hpp
[225.237s] -- Symlinking: /home/rbe502/RBE550/install/play_motion2/include/play_motion2/motion_loader.hpp
[225.262s] -- Symlinking: /home/rbe502/RBE550/install/play_motion2/include/play_motion2/motion_planner.hpp
[225.288s] -- Symlinking: /home/rbe502/RBE550/install/play_motion2/include/play_motion2/play_motion2.hpp
[225.315s] -- Symlinking: /home/rbe502/RBE550/install/play_motion2/include/play_motion2/types.hpp
[225.343s] -- Symlinking: /home/rbe502/RBE550/install/play_motion2/share/play_motion2/environment/library_path.sh
[225.370s] -- Symlinking: /home/rbe502/RBE550/install/play_motion2/share/play_motion2/environment/library_path.dsv
[225.400s] -- Symlinking: /home/rbe502/RBE550/install/play_motion2/lib/libplay_motion2.so
[225.427s] -- Symlinking: /home/rbe502/RBE550/install/play_motion2/lib/libclient.a
[225.453s] -- Symlinking: /home/rbe502/RBE550/install/play_motion2/lib/librrbot_system.so
[225.484s] -- Symlinking: /home/rbe502/RBE550/install/play_motion2/lib/play_motion2/play_motion2_node
[225.510s] -- Symlinking: /home/rbe502/RBE550/install/play_motion2/lib/play_motion2/run_motion
[225.538s] -- Symlinking: /home/rbe502/RBE550/install/play_motion2/share/play_motion2/config/motion_planner_config.yaml
[225.564s] -- Symlinking: /home/rbe502/RBE550/install/play_motion2/share/play_motion2/launch/play_motion2.launch.py
[225.590s] -- Symlinking: /home/rbe502/RBE550/install/play_motion2/share/ament_index/resource_index/package_run_dependencies/play_motion2
[225.617s] -- Symlinking: /home/rbe502/RBE550/install/play_motion2/share/ament_index/resource_index/parent_prefix_path/play_motion2
[225.646s] -- Symlinking: /home/rbe502/RBE550/install/play_motion2/share/play_motion2/environment/ament_prefix_path.sh
[225.672s] -- Symlinking: /home/rbe502/RBE550/install/play_motion2/share/play_motion2/environment/ament_prefix_path.dsv
[225.699s] -- Symlinking: /home/rbe502/RBE550/install/play_motion2/share/play_motion2/environment/path.sh
[225.726s] -- Symlinking: /home/rbe502/RBE550/install/play_motion2/share/play_motion2/environment/path.dsv
[225.754s] -- Symlinking: /home/rbe502/RBE550/install/play_motion2/share/play_motion2/local_setup.bash
[225.781s] -- Symlinking: /home/rbe502/RBE550/install/play_motion2/share/play_motion2/local_setup.sh
[225.806s] -- Symlinking: /home/rbe502/RBE550/install/play_motion2/share/play_motion2/local_setup.zsh
[225.834s] -- Symlinking: /home/rbe502/RBE550/install/play_motion2/share/play_motion2/local_setup.dsv
[225.862s] -- Symlinking: /home/rbe502/RBE550/install/play_motion2/share/play_motion2/package.dsv
[225.889s] -- Symlinking: /home/rbe502/RBE550/install/play_motion2/share/ament_index/resource_index/packages/play_motion2
[225.916s] -- Symlinking: /home/rbe502/RBE550/install/play_motion2/share/ament_index/resource_index/hardware_interface__pluginlib__plugin/play_motion2
[225.946s] -- Symlinking: /home/rbe502/RBE550/install/play_motion2/share/play_motion2/cmake/ament_cmake_export_dependencies-extras.cmake
[225.977s] -- Symlinking: /home/rbe502/RBE550/install/play_motion2/share/play_motion2/cmake/ament_cmake_export_include_directories-extras.cmake
[226.011s] -- Symlinking: /home/rbe502/RBE550/install/play_motion2/share/play_motion2/cmake/ament_cmake_export_libraries-extras.cmake
[226.038s] -- Symlinking: /home/rbe502/RBE550/install/play_motion2/share/play_motion2/cmake/play_motion2Config.cmake
[226.065s] -- Symlinking: /home/rbe502/RBE550/install/play_motion2/share/play_motion2/cmake/play_motion2Config-version.cmake
[226.101s] -- Symlinking: /home/rbe502/RBE550/install/play_motion2/share/play_motion2/package.xml
[226.145s] Invoked command in '/home/rbe502/RBE550/build/play_motion2' returned '0': AMENT_PREFIX_PATH=/home/rbe502/RBE550/install/play_motion2_msgs:/home/rbe502/RBE550/install/launch_pal:${AMENT_PREFIX_PATH} CMAKE_PREFIX_PATH=/home/rbe502/RBE550/install/play_motion2_msgs:/opt/ros/humble LD_LIBRARY_PATH=/home/rbe502/RBE550/install/play_motion2_msgs/lib:${LD_LIBRARY_PATH} PYTHONPATH=/home/rbe502/RBE550/install/play_motion2_msgs/local/lib/python3.10/dist-packages:/home/rbe502/RBE550/build/launch_pal:/home/rbe502/RBE550/install/launch_pal/lib/python3.10/site-packages:${PYTHONPATH} /usr/bin/cmake --install /home/rbe502/RBE550/build/play_motion2
