[0.038s] Invoking command in '/home/rbe502/RBE550/build/tiago_navigation': AMENT_PREFIX_PATH=/home/rbe502/RBE550/install/tiago_2dnav:/home/rbe502/RBE550/install/tiago_description:/home/rbe502/RBE550/install/pmb2_description:/home/rbe502/RBE550/install/pal_hey5_description:/home/rbe502/RBE550/install/pal_gripper_description:/home/rbe502/RBE550/install/tiago_rgbd_sensors:/home/rbe502/RBE550/install/tiago_laser_sensors:/home/rbe502/RBE550/install/pal_urdf_utils:/home/rbe502/RBE550/install/pal_robotiq_description:/home/rbe502/RBE550/install/launch_pal:${AMENT_PREFIX_PATH} CMAKE_PREFIX_PATH=/home/rbe502/RBE550/install/tiago_2dnav:/home/rbe502/RBE550/install/tiago_description:/home/rbe502/RBE550/install/pmb2_description:/home/rbe502/RBE550/install/pal_hey5_description:/home/rbe502/RBE550/install/pal_gripper_description:/home/rbe502/RBE550/install/tiago_rgbd_sensors:/home/rbe502/RBE550/install/tiago_laser_sensors:/home/rbe502/RBE550/install/pal_urdf_utils:/home/rbe502/RBE550/install/pal_robotiq_description:/opt/ros/humble PYTHONPATH=/home/rbe502/RBE550/install/tiago_description/local/lib/python3.10/dist-packages:/home/rbe502/RBE550/install/pmb2_description/local/lib/python3.10/dist-packages:/home/rbe502/RBE550/build/launch_pal:/home/rbe502/RBE550/install/launch_pal/lib/python3.10/site-packages:${PYTHONPATH} /usr/bin/cmake /home/rbe502/RBE550/src/tiago_navigation/tiago_navigation -DAMENT_CMAKE_SYMLINK_INSTALL=1 -DCMAKE_INSTALL_PREFIX=/home/rbe502/RBE550/install/tiago_navigation
[0.258s] -- The C compiler identification is GNU 11.4.0
[0.462s] -- The CXX compiler identification is GNU 11.4.0
[0.487s] -- Detecting C compiler ABI info
[0.681s] -- Detecting C compiler ABI info - done
[0.693s] -- Check for working C compiler: /usr/bin/cc - skipped
[0.694s] -- Detecting C compile features
[0.695s] -- Detecting C compile features - done
[0.700s] -- Detecting CXX compiler ABI info
[0.896s] -- Detecting CXX compiler ABI info - done
[0.914s] -- Check for working CXX compiler: /usr/bin/c++ - skipped
[0.915s] -- Detecting CXX compile features
[0.916s] -- Detecting CXX compile features - done
[0.924s] -- Found ament_cmake_auto: 1.3.8 (/opt/ros/humble/share/ament_cmake_auto/cmake)
[1.961s] -- Found Python3: /usr/bin/python3 (found version "3.10.12") found components: Interpreter 
[2.127s] -- Override CMake install command with custom implementation using symlinks instead of copying resources
[2.386s] -- Configuring done
[2.394s] -- Generating done
[2.395s] -- Build files have been written to: /home/rbe502/RBE550/build/tiago_navigation
[2.405s] Invoked command in '/home/rbe502/RBE550/build/tiago_navigation' returned '0': AMENT_PREFIX_PATH=/home/rbe502/RBE550/install/tiago_2dnav:/home/rbe502/RBE550/install/tiago_description:/home/rbe502/RBE550/install/pmb2_description:/home/rbe502/RBE550/install/pal_hey5_description:/home/rbe502/RBE550/install/pal_gripper_description:/home/rbe502/RBE550/install/tiago_rgbd_sensors:/home/rbe502/RBE550/install/tiago_laser_sensors:/home/rbe502/RBE550/install/pal_urdf_utils:/home/rbe502/RBE550/install/pal_robotiq_description:/home/rbe502/RBE550/install/launch_pal:${AMENT_PREFIX_PATH} CMAKE_PREFIX_PATH=/home/rbe502/RBE550/install/tiago_2dnav:/home/rbe502/RBE550/install/tiago_description:/home/rbe502/RBE550/install/pmb2_description:/home/rbe502/RBE550/install/pal_hey5_description:/home/rbe502/RBE550/install/pal_gripper_description:/home/rbe502/RBE550/install/tiago_rgbd_sensors:/home/rbe502/RBE550/install/tiago_laser_sensors:/home/rbe502/RBE550/install/pal_urdf_utils:/home/rbe502/RBE550/install/pal_robotiq_description:/opt/ros/humble PYTHONPATH=/home/rbe502/RBE550/install/tiago_description/local/lib/python3.10/dist-packages:/home/rbe502/RBE550/install/pmb2_description/local/lib/python3.10/dist-packages:/home/rbe502/RBE550/build/launch_pal:/home/rbe502/RBE550/install/launch_pal/lib/python3.10/site-packages:${PYTHONPATH} /usr/bin/cmake /home/rbe502/RBE550/src/tiago_navigation/tiago_navigation -DAMENT_CMAKE_SYMLINK_INSTALL=1 -DCMAKE_INSTALL_PREFIX=/home/rbe502/RBE550/install/tiago_navigation
[2.409s] Invoking command in '/home/rbe502/RBE550/build/tiago_navigation': AMENT_PREFIX_PATH=/home/rbe502/RBE550/install/tiago_2dnav:/home/rbe502/RBE550/install/tiago_description:/home/rbe502/RBE550/install/pmb2_description:/home/rbe502/RBE550/install/pal_hey5_description:/home/rbe502/RBE550/install/pal_gripper_description:/home/rbe502/RBE550/install/tiago_rgbd_sensors:/home/rbe502/RBE550/install/tiago_laser_sensors:/home/rbe502/RBE550/install/pal_urdf_utils:/home/rbe502/RBE550/install/pal_robotiq_description:/home/rbe502/RBE550/install/launch_pal:${AMENT_PREFIX_PATH} CMAKE_PREFIX_PATH=/home/rbe502/RBE550/install/tiago_2dnav:/home/rbe502/RBE550/install/tiago_description:/home/rbe502/RBE550/install/pmb2_description:/home/rbe502/RBE550/install/pal_hey5_description:/home/rbe502/RBE550/install/pal_gripper_description:/home/rbe502/RBE550/install/tiago_rgbd_sensors:/home/rbe502/RBE550/install/tiago_laser_sensors:/home/rbe502/RBE550/install/pal_urdf_utils:/home/rbe502/RBE550/install/pal_robotiq_description:/opt/ros/humble PYTHONPATH=/home/rbe502/RBE550/install/tiago_description/local/lib/python3.10/dist-packages:/home/rbe502/RBE550/install/pmb2_description/local/lib/python3.10/dist-packages:/home/rbe502/RBE550/build/launch_pal:/home/rbe502/RBE550/install/launch_pal/lib/python3.10/site-packages:${PYTHONPATH} /usr/bin/cmake --build /home/rbe502/RBE550/build/tiago_navigation -- -j2 -l2
[2.528s] Invoked command in '/home/rbe502/RBE550/build/tiago_navigation' returned '0': AMENT_PREFIX_PATH=/home/rbe502/RBE550/install/tiago_2dnav:/home/rbe502/RBE550/install/tiago_description:/home/rbe502/RBE550/install/pmb2_description:/home/rbe502/RBE550/install/pal_hey5_description:/home/rbe502/RBE550/install/pal_gripper_description:/home/rbe502/RBE550/install/tiago_rgbd_sensors:/home/rbe502/RBE550/install/tiago_laser_sensors:/home/rbe502/RBE550/install/pal_urdf_utils:/home/rbe502/RBE550/install/pal_robotiq_description:/home/rbe502/RBE550/install/launch_pal:${AMENT_PREFIX_PATH} CMAKE_PREFIX_PATH=/home/rbe502/RBE550/install/tiago_2dnav:/home/rbe502/RBE550/install/tiago_description:/home/rbe502/RBE550/install/pmb2_description:/home/rbe502/RBE550/install/pal_hey5_description:/home/rbe502/RBE550/install/pal_gripper_description:/home/rbe502/RBE550/install/tiago_rgbd_sensors:/home/rbe502/RBE550/install/tiago_laser_sensors:/home/rbe502/RBE550/install/pal_urdf_utils:/home/rbe502/RBE550/install/pal_robotiq_description:/opt/ros/humble PYTHONPATH=/home/rbe502/RBE550/install/tiago_description/local/lib/python3.10/dist-packages:/home/rbe502/RBE550/install/pmb2_description/local/lib/python3.10/dist-packages:/home/rbe502/RBE550/build/launch_pal:/home/rbe502/RBE550/install/launch_pal/lib/python3.10/site-packages:${PYTHONPATH} /usr/bin/cmake --build /home/rbe502/RBE550/build/tiago_navigation -- -j2 -l2
[2.637s] Invoking command in '/home/rbe502/RBE550/build/tiago_navigation': AMENT_PREFIX_PATH=/home/rbe502/RBE550/install/tiago_2dnav:/home/rbe502/RBE550/install/tiago_description:/home/rbe502/RBE550/install/pmb2_description:/home/rbe502/RBE550/install/pal_hey5_description:/home/rbe502/RBE550/install/pal_gripper_description:/home/rbe502/RBE550/install/tiago_rgbd_sensors:/home/rbe502/RBE550/install/tiago_laser_sensors:/home/rbe502/RBE550/install/pal_urdf_utils:/home/rbe502/RBE550/install/pal_robotiq_description:/home/rbe502/RBE550/install/launch_pal:${AMENT_PREFIX_PATH} CMAKE_PREFIX_PATH=/home/rbe502/RBE550/install/tiago_2dnav:/home/rbe502/RBE550/install/tiago_description:/home/rbe502/RBE550/install/pmb2_description:/home/rbe502/RBE550/install/pal_hey5_description:/home/rbe502/RBE550/install/pal_gripper_description:/home/rbe502/RBE550/install/tiago_rgbd_sensors:/home/rbe502/RBE550/install/tiago_laser_sensors:/home/rbe502/RBE550/install/pal_urdf_utils:/home/rbe502/RBE550/install/pal_robotiq_description:/opt/ros/humble PYTHONPATH=/home/rbe502/RBE550/install/tiago_description/local/lib/python3.10/dist-packages:/home/rbe502/RBE550/install/pmb2_description/local/lib/python3.10/dist-packages:/home/rbe502/RBE550/build/launch_pal:/home/rbe502/RBE550/install/launch_pal/lib/python3.10/site-packages:${PYTHONPATH} /usr/bin/cmake --install /home/rbe502/RBE550/build/tiago_navigation
[2.665s] -- Install configuration: ""
[2.666s] -- Execute custom install script
[2.668s] -- Symlinking: /home/rbe502/RBE550/install/tiago_navigation/share/ament_index/resource_index/package_run_dependencies/tiago_navigation
[2.697s] -- Symlinking: /home/rbe502/RBE550/install/tiago_navigation/share/ament_index/resource_index/parent_prefix_path/tiago_navigation
[2.725s] -- Symlinking: /home/rbe502/RBE550/install/tiago_navigation/share/tiago_navigation/environment/ament_prefix_path.sh
[2.752s] -- Symlinking: /home/rbe502/RBE550/install/tiago_navigation/share/tiago_navigation/environment/ament_prefix_path.dsv
[2.780s] -- Symlinking: /home/rbe502/RBE550/install/tiago_navigation/share/tiago_navigation/environment/path.sh
[2.809s] -- Symlinking: /home/rbe502/RBE550/install/tiago_navigation/share/tiago_navigation/environment/path.dsv
[2.837s] -- Symlinking: /home/rbe502/RBE550/install/tiago_navigation/share/tiago_navigation/local_setup.bash
[2.865s] -- Symlinking: /home/rbe502/RBE550/install/tiago_navigation/share/tiago_navigation/local_setup.sh
[2.894s] -- Symlinking: /home/rbe502/RBE550/install/tiago_navigation/share/tiago_navigation/local_setup.zsh
[2.923s] -- Symlinking: /home/rbe502/RBE550/install/tiago_navigation/share/tiago_navigation/local_setup.dsv
[2.951s] -- Symlinking: /home/rbe502/RBE550/install/tiago_navigation/share/tiago_navigation/package.dsv
[2.978s] -- Symlinking: /home/rbe502/RBE550/install/tiago_navigation/share/ament_index/resource_index/packages/tiago_navigation
[3.008s] -- Symlinking: /home/rbe502/RBE550/install/tiago_navigation/share/tiago_navigation/cmake/tiago_navigationConfig.cmake
[3.034s] -- Symlinking: /home/rbe502/RBE550/install/tiago_navigation/share/tiago_navigation/cmake/tiago_navigationConfig-version.cmake
[3.063s] -- Symlinking: /home/rbe502/RBE550/install/tiago_navigation/share/tiago_navigation/package.xml
[3.093s] Invoked command in '/home/rbe502/RBE550/build/tiago_navigation' returned '0': AMENT_PREFIX_PATH=/home/rbe502/RBE550/install/tiago_2dnav:/home/rbe502/RBE550/install/tiago_description:/home/rbe502/RBE550/install/pmb2_description:/home/rbe502/RBE550/install/pal_hey5_description:/home/rbe502/RBE550/install/pal_gripper_description:/home/rbe502/RBE550/install/tiago_rgbd_sensors:/home/rbe502/RBE550/install/tiago_laser_sensors:/home/rbe502/RBE550/install/pal_urdf_utils:/home/rbe502/RBE550/install/pal_robotiq_description:/home/rbe502/RBE550/install/launch_pal:${AMENT_PREFIX_PATH} CMAKE_PREFIX_PATH=/home/rbe502/RBE550/install/tiago_2dnav:/home/rbe502/RBE550/install/tiago_description:/home/rbe502/RBE550/install/pmb2_description:/home/rbe502/RBE550/install/pal_hey5_description:/home/rbe502/RBE550/install/pal_gripper_description:/home/rbe502/RBE550/install/tiago_rgbd_sensors:/home/rbe502/RBE550/install/tiago_laser_sensors:/home/rbe502/RBE550/install/pal_urdf_utils:/home/rbe502/RBE550/install/pal_robotiq_description:/opt/ros/humble PYTHONPATH=/home/rbe502/RBE550/install/tiago_description/local/lib/python3.10/dist-packages:/home/rbe502/RBE550/install/pmb2_description/local/lib/python3.10/dist-packages:/home/rbe502/RBE550/build/launch_pal:/home/rbe502/RBE550/install/launch_pal/lib/python3.10/site-packages:${PYTHONPATH} /usr/bin/cmake --install /home/rbe502/RBE550/build/tiago_navigation
