[0.031s] Invoking command in '/home/rbe502/RBE550/build/pal_robotiq_gripper': AMENT_PREFIX_PATH=/home/rbe502/RBE550/install/pal_robotiq_description:/home/rbe502/RBE550/install/pal_robotiq_controller_configuration:${AMENT_PREFIX_PATH} CMAKE_PREFIX_PATH=/home/rbe502/RBE550/install/pal_robotiq_description:/home/rbe502/RBE550/install/pal_robotiq_controller_configuration:/opt/ros/humble /usr/bin/cmake /home/rbe502/RBE550/src/pal_robotiq_gripper/pal_robotiq_gripper -DAMENT_CMAKE_SYMLINK_INSTALL=1 -DCMAKE_INSTALL_PREFIX=/home/rbe502/RBE550/install/pal_robotiq_gripper
[0.221s] -- The C compiler identification is GNU 11.4.0
[0.398s] -- The CXX compiler identification is GNU 11.4.0
[0.422s] -- Detecting C compiler ABI info
[0.658s] -- Detecting C compiler ABI info - done
[0.676s] -- Check for working C compiler: /usr/bin/cc - skipped
[0.678s] -- Detecting C compile features
[0.678s] -- Detecting C compile features - done
[0.686s] -- Detecting CXX compiler ABI info
[0.964s] -- Detecting CXX compiler ABI info - done
[0.984s] -- Check for working CXX compiler: /usr/bin/c++ - skipped
[0.985s] -- Detecting CXX compile features
[0.987s] -- Detecting CXX compile features - done
[0.993s] -- Found ament_cmake_auto: 1.3.8 (/opt/ros/humble/share/ament_cmake_auto/cmake)
[1.942s] -- Found Python3: /usr/bin/python3 (found version "3.10.12") found components: Interpreter 
[2.108s] -- Override CMake install command with custom implementation using symlinks instead of copying resources
[2.479s] -- Found rosidl_generator_c: 3.1.5 (/opt/ros/humble/share/rosidl_generator_c/cmake)
[2.493s] -- Found rosidl_adapter: 3.1.5 (/opt/ros/humble/share/rosidl_adapter/cmake)
[2.518s] -- Found rosidl_generator_cpp: 3.1.5 (/opt/ros/humble/share/rosidl_generator_cpp/cmake)
[2.555s] -- Using all available rosidl_typesupport_c: rosidl_typesupport_fastrtps_c;rosidl_typesupport_introspection_c
[2.606s] -- Using all available rosidl_typesupport_cpp: rosidl_typesupport_fastrtps_cpp;rosidl_typesupport_introspection_cpp
[2.790s] -- Found rmw_implementation_cmake: 6.1.1 (/opt/ros/humble/share/rmw_implementation_cmake/cmake)
[2.797s] -- Found rmw_fastrtps_cpp: 6.2.6 (/opt/ros/humble/share/rmw_fastrtps_cpp/cmake)
[3.129s] -- Found OpenSSL: /usr/lib/x86_64-linux-gnu/libcrypto.so (found version "3.0.2")  
[3.206s] -- Found FastRTPS: /opt/ros/humble/include  
[3.342s] -- Using RMW implementation 'rmw_fastrtps_cpp' as default
[3.372s] -- Looking for pthread.h
[3.609s] -- Looking for pthread.h - found
[3.610s] -- Performing Test CMAKE_HAVE_LIBC_PTHREAD
[3.864s] -- Performing Test CMAKE_HAVE_LIBC_PTHREAD - Success
[3.867s] -- Found Threads: TRUE  
[4.299s] -- Found ament_lint_auto: 0.12.10 (/opt/ros/humble/share/ament_lint_auto/cmake)
[4.360s] -- Added test 'copyright' to check source files copyright and LICENSE
[4.363s] -- Added test 'lint_cmake' to check CMake code style
[4.368s] -- Added test 'xmllint' to check XML markup files
[4.369s] -- Configuring done
[4.379s] -- Generating done
[4.384s] -- Build files have been written to: /home/rbe502/RBE550/build/pal_robotiq_gripper
[4.409s] Invoked command in '/home/rbe502/RBE550/build/pal_robotiq_gripper' returned '0': AMENT_PREFIX_PATH=/home/rbe502/RBE550/install/pal_robotiq_description:/home/rbe502/RBE550/install/pal_robotiq_controller_configuration:${AMENT_PREFIX_PATH} CMAKE_PREFIX_PATH=/home/rbe502/RBE550/install/pal_robotiq_description:/home/rbe502/RBE550/install/pal_robotiq_controller_configuration:/opt/ros/humble /usr/bin/cmake /home/rbe502/RBE550/src/pal_robotiq_gripper/pal_robotiq_gripper -DAMENT_CMAKE_SYMLINK_INSTALL=1 -DCMAKE_INSTALL_PREFIX=/home/rbe502/RBE550/install/pal_robotiq_gripper
[4.414s] Invoking command in '/home/rbe502/RBE550/build/pal_robotiq_gripper': AMENT_PREFIX_PATH=/home/rbe502/RBE550/install/pal_robotiq_description:/home/rbe502/RBE550/install/pal_robotiq_controller_configuration:${AMENT_PREFIX_PATH} CMAKE_PREFIX_PATH=/home/rbe502/RBE550/install/pal_robotiq_description:/home/rbe502/RBE550/install/pal_robotiq_controller_configuration:/opt/ros/humble /usr/bin/cmake --build /home/rbe502/RBE550/build/pal_robotiq_gripper -- -j2 -l2
[4.546s] Invoked command in '/home/rbe502/RBE550/build/pal_robotiq_gripper' returned '0': AMENT_PREFIX_PATH=/home/rbe502/RBE550/install/pal_robotiq_description:/home/rbe502/RBE550/install/pal_robotiq_controller_configuration:${AMENT_PREFIX_PATH} CMAKE_PREFIX_PATH=/home/rbe502/RBE550/install/pal_robotiq_description:/home/rbe502/RBE550/install/pal_robotiq_controller_configuration:/opt/ros/humble /usr/bin/cmake --build /home/rbe502/RBE550/build/pal_robotiq_gripper -- -j2 -l2
[4.669s] Invoking command in '/home/rbe502/RBE550/build/pal_robotiq_gripper': AMENT_PREFIX_PATH=/home/rbe502/RBE550/install/pal_robotiq_description:/home/rbe502/RBE550/install/pal_robotiq_controller_configuration:${AMENT_PREFIX_PATH} CMAKE_PREFIX_PATH=/home/rbe502/RBE550/install/pal_robotiq_description:/home/rbe502/RBE550/install/pal_robotiq_controller_configuration:/opt/ros/humble /usr/bin/cmake --install /home/rbe502/RBE550/build/pal_robotiq_gripper
[4.695s] -- Install configuration: ""
[4.695s] -- Execute custom install script
[4.696s] -- Symlinking: /home/rbe502/RBE550/install/pal_robotiq_gripper/share/ament_index/resource_index/package_run_dependencies/pal_robotiq_gripper
[4.725s] -- Symlinking: /home/rbe502/RBE550/install/pal_robotiq_gripper/share/ament_index/resource_index/parent_prefix_path/pal_robotiq_gripper
[4.754s] -- Symlinking: /home/rbe502/RBE550/install/pal_robotiq_gripper/share/pal_robotiq_gripper/environment/ament_prefix_path.sh
[4.783s] -- Symlinking: /home/rbe502/RBE550/install/pal_robotiq_gripper/share/pal_robotiq_gripper/environment/ament_prefix_path.dsv
[4.811s] -- Symlinking: /home/rbe502/RBE550/install/pal_robotiq_gripper/share/pal_robotiq_gripper/environment/path.sh
[4.839s] -- Symlinking: /home/rbe502/RBE550/install/pal_robotiq_gripper/share/pal_robotiq_gripper/environment/path.dsv
[4.871s] -- Symlinking: /home/rbe502/RBE550/install/pal_robotiq_gripper/share/pal_robotiq_gripper/local_setup.bash
[4.901s] -- Symlinking: /home/rbe502/RBE550/install/pal_robotiq_gripper/share/pal_robotiq_gripper/local_setup.sh
[4.926s] -- Symlinking: /home/rbe502/RBE550/install/pal_robotiq_gripper/share/pal_robotiq_gripper/local_setup.zsh
[4.956s] -- Symlinking: /home/rbe502/RBE550/install/pal_robotiq_gripper/share/pal_robotiq_gripper/local_setup.dsv
[4.986s] -- Symlinking: /home/rbe502/RBE550/install/pal_robotiq_gripper/share/pal_robotiq_gripper/package.dsv
[5.014s] -- Symlinking: /home/rbe502/RBE550/install/pal_robotiq_gripper/share/ament_index/resource_index/packages/pal_robotiq_gripper
[5.044s] -- Symlinking: /home/rbe502/RBE550/install/pal_robotiq_gripper/share/pal_robotiq_gripper/cmake/pal_robotiq_gripperConfig.cmake
[5.076s] -- Symlinking: /home/rbe502/RBE550/install/pal_robotiq_gripper/share/pal_robotiq_gripper/cmake/pal_robotiq_gripperConfig-version.cmake
[5.104s] -- Symlinking: /home/rbe502/RBE550/install/pal_robotiq_gripper/share/pal_robotiq_gripper/package.xml
[5.138s] Invoked command in '/home/rbe502/RBE550/build/pal_robotiq_gripper' returned '0': AMENT_PREFIX_PATH=/home/rbe502/RBE550/install/pal_robotiq_description:/home/rbe502/RBE550/install/pal_robotiq_controller_configuration:${AMENT_PREFIX_PATH} CMAKE_PREFIX_PATH=/home/rbe502/RBE550/install/pal_robotiq_description:/home/rbe502/RBE550/install/pal_robotiq_controller_configuration:/opt/ros/humble /usr/bin/cmake --install /home/rbe502/RBE550/build/pal_robotiq_gripper
