[0.042s] Invoking command in '/home/rbe502/RBE550/build/pmb2_bringup': AMENT_PREFIX_PATH=/home/rbe502/RBE550/install/pmb2_description:/home/rbe502/RBE550/install/pmb2_controller_configuration:/home/rbe502/RBE550/install/pal_urdf_utils:/home/rbe502/RBE550/install/launch_pal:${AMENT_PREFIX_PATH} CMAKE_PREFIX_PATH=/home/rbe502/RBE550/install/pmb2_description:/home/rbe502/RBE550/install/pmb2_controller_configuration:/home/rbe502/RBE550/install/pal_urdf_utils:/opt/ros/humble PYTHONPATH=/home/rbe502/RBE550/install/pmb2_description/local/lib/python3.10/dist-packages:/home/rbe502/RBE550/build/launch_pal:/home/rbe502/RBE550/install/launch_pal/lib/python3.10/site-packages:${PYTHONPATH} /usr/bin/cmake /home/rbe502/RBE550/src/pmb2_robot/pmb2_bringup -DAMENT_CMAKE_SYMLINK_INSTALL=1 -DCMAKE_INSTALL_PREFIX=/home/rbe502/RBE550/install/pmb2_bringup
[0.227s] -- The C compiler identification is GNU 11.4.0
[0.404s] -- The CXX compiler identification is GNU 11.4.0
[0.426s] -- Detecting C compiler ABI info
[0.659s] -- Detecting C compiler ABI info - done
[0.679s] -- Check for working C compiler: /usr/bin/cc - skipped
[0.679s] -- Detecting C compile features
[0.681s] -- Detecting C compile features - done
[0.692s] -- Detecting CXX compiler ABI info
[0.954s] -- Detecting CXX compiler ABI info - done
[0.973s] -- Check for working CXX compiler: /usr/bin/c++ - skipped
[0.974s] -- Detecting CXX compile features
[0.975s] -- Detecting CXX compile features - done
[0.981s] -- Found ament_cmake_auto: 1.3.8 (/opt/ros/humble/share/ament_cmake_auto/cmake)
[1.904s] -- Found Python3: /usr/bin/python3 (found version "3.10.12") found components: Interpreter 
[2.077s] -- Override CMake install command with custom implementation using symlinks instead of copying resources
[2.336s] -- Found ament_lint_auto: 0.12.10 (/opt/ros/humble/share/ament_lint_auto/cmake)
[2.393s] -- Added test 'copyright' to check source files copyright and LICENSE
[2.401s] -- Added test 'flake8' to check Python code syntax and style conventions
[2.402s] -- Added test 'lint_cmake' to check CMake code style
[2.404s] -- Added test 'pep257' to check Python code against some of the docstring style conventions in PEP 257
[2.409s] -- Added test 'xmllint' to check XML markup files
[2.413s] -- Configuring done
[2.422s] -- Generating done
[2.424s] -- Build files have been written to: /home/rbe502/RBE550/build/pmb2_bringup
[2.433s] Invoked command in '/home/rbe502/RBE550/build/pmb2_bringup' returned '0': AMENT_PREFIX_PATH=/home/rbe502/RBE550/install/pmb2_description:/home/rbe502/RBE550/install/pmb2_controller_configuration:/home/rbe502/RBE550/install/pal_urdf_utils:/home/rbe502/RBE550/install/launch_pal:${AMENT_PREFIX_PATH} CMAKE_PREFIX_PATH=/home/rbe502/RBE550/install/pmb2_description:/home/rbe502/RBE550/install/pmb2_controller_configuration:/home/rbe502/RBE550/install/pal_urdf_utils:/opt/ros/humble PYTHONPATH=/home/rbe502/RBE550/install/pmb2_description/local/lib/python3.10/dist-packages:/home/rbe502/RBE550/build/launch_pal:/home/rbe502/RBE550/install/launch_pal/lib/python3.10/site-packages:${PYTHONPATH} /usr/bin/cmake /home/rbe502/RBE550/src/pmb2_robot/pmb2_bringup -DAMENT_CMAKE_SYMLINK_INSTALL=1 -DCMAKE_INSTALL_PREFIX=/home/rbe502/RBE550/install/pmb2_bringup
[2.438s] Invoking command in '/home/rbe502/RBE550/build/pmb2_bringup': AMENT_PREFIX_PATH=/home/rbe502/RBE550/install/pmb2_description:/home/rbe502/RBE550/install/pmb2_controller_configuration:/home/rbe502/RBE550/install/pal_urdf_utils:/home/rbe502/RBE550/install/launch_pal:${AMENT_PREFIX_PATH} CMAKE_PREFIX_PATH=/home/rbe502/RBE550/install/pmb2_description:/home/rbe502/RBE550/install/pmb2_controller_configuration:/home/rbe502/RBE550/install/pal_urdf_utils:/opt/ros/humble PYTHONPATH=/home/rbe502/RBE550/install/pmb2_description/local/lib/python3.10/dist-packages:/home/rbe502/RBE550/build/launch_pal:/home/rbe502/RBE550/install/launch_pal/lib/python3.10/site-packages:${PYTHONPATH} /usr/bin/cmake --build /home/rbe502/RBE550/build/pmb2_bringup -- -j2 -l2
[2.557s] Invoked command in '/home/rbe502/RBE550/build/pmb2_bringup' returned '0': AMENT_PREFIX_PATH=/home/rbe502/RBE550/install/pmb2_description:/home/rbe502/RBE550/install/pmb2_controller_configuration:/home/rbe502/RBE550/install/pal_urdf_utils:/home/rbe502/RBE550/install/launch_pal:${AMENT_PREFIX_PATH} CMAKE_PREFIX_PATH=/home/rbe502/RBE550/install/pmb2_description:/home/rbe502/RBE550/install/pmb2_controller_configuration:/home/rbe502/RBE550/install/pal_urdf_utils:/opt/ros/humble PYTHONPATH=/home/rbe502/RBE550/install/pmb2_description/local/lib/python3.10/dist-packages:/home/rbe502/RBE550/build/launch_pal:/home/rbe502/RBE550/install/launch_pal/lib/python3.10/site-packages:${PYTHONPATH} /usr/bin/cmake --build /home/rbe502/RBE550/build/pmb2_bringup -- -j2 -l2
[2.669s] Invoking command in '/home/rbe502/RBE550/build/pmb2_bringup': AMENT_PREFIX_PATH=/home/rbe502/RBE550/install/pmb2_description:/home/rbe502/RBE550/install/pmb2_controller_configuration:/home/rbe502/RBE550/install/pal_urdf_utils:/home/rbe502/RBE550/install/launch_pal:${AMENT_PREFIX_PATH} CMAKE_PREFIX_PATH=/home/rbe502/RBE550/install/pmb2_description:/home/rbe502/RBE550/install/pmb2_controller_configuration:/home/rbe502/RBE550/install/pal_urdf_utils:/opt/ros/humble PYTHONPATH=/home/rbe502/RBE550/install/pmb2_description/local/lib/python3.10/dist-packages:/home/rbe502/RBE550/build/launch_pal:/home/rbe502/RBE550/install/launch_pal/lib/python3.10/site-packages:${PYTHONPATH} /usr/bin/cmake --install /home/rbe502/RBE550/build/pmb2_bringup
[2.692s] -- Install configuration: ""
[2.695s] -- Execute custom install script
[2.697s] -- Symlinking: /home/rbe502/RBE550/install/pmb2_bringup/share/pmb2_bringup/config/joy_teleop/joy_config.yaml
[2.727s] -- Symlinking: /home/rbe502/RBE550/install/pmb2_bringup/share/pmb2_bringup/config/joy_teleop/joy_teleop.yaml
[2.754s] -- Symlinking: /home/rbe502/RBE550/install/pmb2_bringup/share/pmb2_bringup/config/twist_mux/joystick.yaml
[2.781s] -- Symlinking: /home/rbe502/RBE550/install/pmb2_bringup/share/pmb2_bringup/config/twist_mux/twist_mux_locks.yaml
[2.810s] -- Symlinking: /home/rbe502/RBE550/install/pmb2_bringup/share/pmb2_bringup/config/twist_mux/twist_mux_topics.yaml
[2.838s] -- Symlinking: /home/rbe502/RBE550/install/pmb2_bringup/share/pmb2_bringup/launch/joystick_teleop.launch.py
[2.865s] -- Symlinking: /home/rbe502/RBE550/install/pmb2_bringup/share/pmb2_bringup/launch/pmb2_bringup.launch.py
[2.892s] -- Symlinking: /home/rbe502/RBE550/install/pmb2_bringup/share/pmb2_bringup/launch/twist_mux.launch.py
[2.921s] -- Symlinking: /home/rbe502/RBE550/install/pmb2_bringup/share/ament_index/resource_index/package_run_dependencies/pmb2_bringup
[2.950s] -- Symlinking: /home/rbe502/RBE550/install/pmb2_bringup/share/ament_index/resource_index/parent_prefix_path/pmb2_bringup
[2.979s] -- Symlinking: /home/rbe502/RBE550/install/pmb2_bringup/share/pmb2_bringup/environment/ament_prefix_path.sh
[3.006s] -- Symlinking: /home/rbe502/RBE550/install/pmb2_bringup/share/pmb2_bringup/environment/ament_prefix_path.dsv
[3.035s] -- Symlinking: /home/rbe502/RBE550/install/pmb2_bringup/share/pmb2_bringup/environment/path.sh
[3.062s] -- Symlinking: /home/rbe502/RBE550/install/pmb2_bringup/share/pmb2_bringup/environment/path.dsv
[3.089s] -- Symlinking: /home/rbe502/RBE550/install/pmb2_bringup/share/pmb2_bringup/local_setup.bash
[3.118s] -- Symlinking: /home/rbe502/RBE550/install/pmb2_bringup/share/pmb2_bringup/local_setup.sh
[3.146s] -- Symlinking: /home/rbe502/RBE550/install/pmb2_bringup/share/pmb2_bringup/local_setup.zsh
[3.172s] -- Symlinking: /home/rbe502/RBE550/install/pmb2_bringup/share/pmb2_bringup/local_setup.dsv
[3.199s] -- Symlinking: /home/rbe502/RBE550/install/pmb2_bringup/share/pmb2_bringup/package.dsv
[3.232s] -- Symlinking: /home/rbe502/RBE550/install/pmb2_bringup/share/ament_index/resource_index/packages/pmb2_bringup
[3.258s] -- Symlinking: /home/rbe502/RBE550/install/pmb2_bringup/share/pmb2_bringup/cmake/pmb2_bringupConfig.cmake
[3.286s] -- Symlinking: /home/rbe502/RBE550/install/pmb2_bringup/share/pmb2_bringup/cmake/pmb2_bringupConfig-version.cmake
[3.318s] -- Symlinking: /home/rbe502/RBE550/install/pmb2_bringup/share/pmb2_bringup/package.xml
[3.349s] Invoked command in '/home/rbe502/RBE550/build/pmb2_bringup' returned '0': AMENT_PREFIX_PATH=/home/rbe502/RBE550/install/pmb2_description:/home/rbe502/RBE550/install/pmb2_controller_configuration:/home/rbe502/RBE550/install/pal_urdf_utils:/home/rbe502/RBE550/install/launch_pal:${AMENT_PREFIX_PATH} CMAKE_PREFIX_PATH=/home/rbe502/RBE550/install/pmb2_description:/home/rbe502/RBE550/install/pmb2_controller_configuration:/home/rbe502/RBE550/install/pal_urdf_utils:/opt/ros/humble PYTHONPATH=/home/rbe502/RBE550/install/pmb2_description/local/lib/python3.10/dist-packages:/home/rbe502/RBE550/build/launch_pal:/home/rbe502/RBE550/install/launch_pal/lib/python3.10/site-packages:${PYTHONPATH} /usr/bin/cmake --install /home/rbe502/RBE550/build/pmb2_bringup
