[0.793s] DEBUG:colcon:Command line arguments: ['/usr/bin/colcon', 'build']
[0.793s] DEBUG:colcon:Parsed command line arguments: Namespace(log_base=None, log_level=None, verb_name='build', build_base='build', install_base='install', merge_install=False, symlink_install=False, test_result_base=None, continue_on_error=False, executor='parallel', parallel_workers=2, event_handlers=None, ignore_user_meta=False, metas=['./colcon.meta'], base_paths=['.'], packages_ignore=None, packages_ignore_regex=None, paths=None, packages_up_to=None, packages_up_to_regex=None, packages_above=None, packages_above_and_dependencies=None, packages_above_depth=None, packages_select_by_dep=None, packages_skip_by_dep=None, packages_skip_up_to=None, packages_select_build_failed=False, packages_skip_build_finished=False, packages_select_test_failures=False, packages_skip_test_passed=False, packages_select=None, packages_skip=None, packages_select_regex=None, packages_skip_regex=None, packages_start=None, packages_end=None, allow_overriding=[], cmake_args=None, cmake_target=None, cmake_target_skip_unavailable=False, cmake_clean_cache=False, cmake_clean_first=False, cmake_force_configure=False, ament_cmake_args=None, catkin_cmake_args=None, catkin_skip_building_tests=False, verb_parser=<colcon_defaults.argument_parser.defaults.DefaultArgumentsDecorator object at 0x7cfa2db492a0>, verb_extension=<colcon_core.verb.build.BuildVerb object at 0x7cfa2dcb5090>, main=<bound method BuildVerb.main of <colcon_core.verb.build.BuildVerb object at 0x7cfa2dcb5090>>)
[2.520s] Level 1:colcon.colcon_core.package_discovery:discover_packages(colcon_meta) check parameters
[2.521s] Level 1:colcon.colcon_core.package_discovery:discover_packages(recursive) check parameters
[2.521s] Level 1:colcon.colcon_core.package_discovery:discover_packages(ignore) check parameters
[2.521s] Level 1:colcon.colcon_core.package_discovery:discover_packages(path) check parameters
[2.521s] Level 1:colcon.colcon_core.package_discovery:discover_packages(colcon_meta) discover
[2.522s] Level 1:colcon.colcon_core.package_discovery:discover_packages(recursive) discover
[2.522s] INFO:colcon.colcon_core.package_discovery:Crawling recursively for packages in '/home/erin/RBE550'
[2.522s] Level 1:colcon.colcon_core.package_identification:_identify(.) by extensions ['ignore', 'ignore_ament_install']
[2.523s] Level 1:colcon.colcon_core.package_identification:_identify(.) by extension 'ignore'
[2.523s] Level 1:colcon.colcon_core.package_identification:_identify(.) by extension 'ignore_ament_install'
[2.523s] Level 1:colcon.colcon_core.package_identification:_identify(.) by extensions ['colcon_pkg']
[2.524s] Level 1:colcon.colcon_core.package_identification:_identify(.) by extension 'colcon_pkg'
[2.524s] Level 1:colcon.colcon_core.package_identification:_identify(.) by extensions ['colcon_meta']
[2.524s] Level 1:colcon.colcon_core.package_identification:_identify(.) by extension 'colcon_meta'
[2.524s] Level 1:colcon.colcon_core.package_identification:_identify(.) by extensions ['ros']
[2.524s] Level 1:colcon.colcon_core.package_identification:_identify(.) by extension 'ros'
[2.574s] Level 1:colcon.colcon_core.package_identification:_identify(.) by extensions ['cmake', 'python']
[2.575s] Level 1:colcon.colcon_core.package_identification:_identify(.) by extension 'cmake'
[2.575s] Level 1:colcon.colcon_core.package_identification:_identify(.) by extension 'python'
[2.575s] Level 1:colcon.colcon_core.package_identification:_identify(.) by extensions ['python_setup_py']
[2.575s] Level 1:colcon.colcon_core.package_identification:_identify(.) by extension 'python_setup_py'
[2.576s] Level 1:colcon.colcon_core.package_identification:_identify(build) by extensions ['ignore', 'ignore_ament_install']
[2.576s] Level 1:colcon.colcon_core.package_identification:_identify(build) by extension 'ignore'
[2.576s] Level 1:colcon.colcon_core.package_identification:_identify(build) ignored
[2.577s] Level 1:colcon.colcon_core.package_identification:_identify(install) by extensions ['ignore', 'ignore_ament_install']
[2.577s] Level 1:colcon.colcon_core.package_identification:_identify(install) by extension 'ignore'
[2.577s] Level 1:colcon.colcon_core.package_identification:_identify(install) ignored
[2.577s] Level 1:colcon.colcon_core.package_identification:_identify(log) by extensions ['ignore', 'ignore_ament_install']
[2.577s] Level 1:colcon.colcon_core.package_identification:_identify(log) by extension 'ignore'
[2.577s] Level 1:colcon.colcon_core.package_identification:_identify(log) ignored
[2.578s] Level 1:colcon.colcon_core.package_identification:_identify(src) by extensions ['ignore', 'ignore_ament_install']
[2.578s] Level 1:colcon.colcon_core.package_identification:_identify(src) by extension 'ignore'
[2.578s] Level 1:colcon.colcon_core.package_identification:_identify(src) by extension 'ignore_ament_install'
[2.579s] Level 1:colcon.colcon_core.package_identification:_identify(src) by extensions ['colcon_pkg']
[2.579s] Level 1:colcon.colcon_core.package_identification:_identify(src) by extension 'colcon_pkg'
[2.579s] Level 1:colcon.colcon_core.package_identification:_identify(src) by extensions ['colcon_meta']
[2.579s] Level 1:colcon.colcon_core.package_identification:_identify(src) by extension 'colcon_meta'
[2.579s] Level 1:colcon.colcon_core.package_identification:_identify(src) by extensions ['ros']
[2.579s] Level 1:colcon.colcon_core.package_identification:_identify(src) by extension 'ros'
[2.579s] Level 1:colcon.colcon_core.package_identification:_identify(src) by extensions ['cmake', 'python']
[2.579s] Level 1:colcon.colcon_core.package_identification:_identify(src) by extension 'cmake'
[2.579s] Level 1:colcon.colcon_core.package_identification:_identify(src) by extension 'python'
[2.579s] Level 1:colcon.colcon_core.package_identification:_identify(src) by extensions ['python_setup_py']
[2.579s] Level 1:colcon.colcon_core.package_identification:_identify(src) by extension 'python_setup_py'
[2.580s] Level 1:colcon.colcon_core.package_identification:_identify(src/rrt_srv) by extensions ['ignore', 'ignore_ament_install']
[2.580s] Level 1:colcon.colcon_core.package_identification:_identify(src/rrt_srv) by extension 'ignore'
[2.580s] Level 1:colcon.colcon_core.package_identification:_identify(src/rrt_srv) by extension 'ignore_ament_install'
[2.580s] Level 1:colcon.colcon_core.package_identification:_identify(src/rrt_srv) by extensions ['colcon_pkg']
[2.580s] Level 1:colcon.colcon_core.package_identification:_identify(src/rrt_srv) by extension 'colcon_pkg'
[2.580s] Level 1:colcon.colcon_core.package_identification:_identify(src/rrt_srv) by extensions ['colcon_meta']
[2.580s] Level 1:colcon.colcon_core.package_identification:_identify(src/rrt_srv) by extension 'colcon_meta'
[2.581s] Level 1:colcon.colcon_core.package_identification:_identify(src/rrt_srv) by extensions ['ros']
[2.581s] Level 1:colcon.colcon_core.package_identification:_identify(src/rrt_srv) by extension 'ros'
[2.590s] DEBUG:colcon.colcon_core.package_identification:Package 'src/rrt_srv' with type 'ros.ament_cmake' and name 'rrt_srv'
[2.590s] Level 1:colcon.colcon_core.package_discovery:discover_packages(recursive) using defaults
[2.590s] Level 1:colcon.colcon_core.package_discovery:discover_packages(ignore) discover
[2.590s] Level 1:colcon.colcon_core.package_discovery:discover_packages(ignore) using defaults
[2.590s] Level 1:colcon.colcon_core.package_discovery:discover_packages(path) discover
[2.590s] Level 1:colcon.colcon_core.package_discovery:discover_packages(path) using defaults
[2.720s] Level 1:colcon.colcon_core.package_discovery:discover_packages(prefix_path) check parameters
[2.721s] Level 1:colcon.colcon_core.package_discovery:discover_packages(prefix_path) discover
[2.778s] DEBUG:colcon.colcon_installed_package_information.package_discovery:Found 1 installed packages in /home/erin/RBE550/install
[2.799s] DEBUG:colcon.colcon_installed_package_information.package_discovery:Found 38 installed packages in /home/erin/tiago_public_ws/install
[2.805s] DEBUG:colcon.colcon_installed_package_information.package_discovery:Found 389 installed packages in /opt/ros/humble
[2.811s] Level 1:colcon.colcon_core.package_discovery:discover_packages(prefix_path) using defaults
[3.315s] Level 5:colcon.colcon_core.verb:set package 'rrt_srv' build argument 'cmake_args' from command line to 'None'
[3.315s] Level 5:colcon.colcon_core.verb:set package 'rrt_srv' build argument 'cmake_target' from command line to 'None'
[3.315s] Level 5:colcon.colcon_core.verb:set package 'rrt_srv' build argument 'cmake_target_skip_unavailable' from command line to 'False'
[3.315s] Level 5:colcon.colcon_core.verb:set package 'rrt_srv' build argument 'cmake_clean_cache' from command line to 'False'
[3.315s] Level 5:colcon.colcon_core.verb:set package 'rrt_srv' build argument 'cmake_clean_first' from command line to 'False'
[3.315s] Level 5:colcon.colcon_core.verb:set package 'rrt_srv' build argument 'cmake_force_configure' from command line to 'False'
[3.315s] Level 5:colcon.colcon_core.verb:set package 'rrt_srv' build argument 'ament_cmake_args' from command line to 'None'
[3.315s] Level 5:colcon.colcon_core.verb:set package 'rrt_srv' build argument 'catkin_cmake_args' from command line to 'None'
[3.315s] Level 5:colcon.colcon_core.verb:set package 'rrt_srv' build argument 'catkin_skip_building_tests' from command line to 'False'
[3.315s] DEBUG:colcon.colcon_core.verb:Building package 'rrt_srv' with the following arguments: {'ament_cmake_args': None, 'build_base': '/home/erin/RBE550/build/rrt_srv', 'catkin_cmake_args': None, 'catkin_skip_building_tests': False, 'cmake_args': None, 'cmake_clean_cache': False, 'cmake_clean_first': False, 'cmake_force_configure': False, 'cmake_target': None, 'cmake_target_skip_unavailable': False, 'install_base': '/home/erin/RBE550/install/rrt_srv', 'merge_install': False, 'path': '/home/erin/RBE550/src/rrt_srv', 'symlink_install': False, 'test_result_base': None}
[3.316s] INFO:colcon.colcon_core.executor:Executing jobs using 'parallel' executor
[3.319s] DEBUG:colcon.colcon_parallel_executor.executor.parallel:run_until_complete
[3.320s] INFO:colcon.colcon_ros.task.ament_cmake.build:Building ROS package in '/home/erin/RBE550/src/rrt_srv' with build type 'ament_cmake'
[3.321s] INFO:colcon.colcon_cmake.task.cmake.build:Building CMake package in '/home/erin/RBE550/src/rrt_srv'
[3.353s] INFO:colcon.colcon_core.plugin_system:Skipping extension 'colcon_core.shell.bat': Not used on non-Windows systems
[3.353s] INFO:colcon.colcon_core.shell:Skip shell extension 'powershell' for command environment: Not usable outside of PowerShell
[3.353s] DEBUG:colcon.colcon_core.shell:Skip shell extension 'dsv' for command environment
[3.455s] DEBUG:colcon.colcon_core.event_handler.log_command:Invoking command in '/home/erin/RBE550/build/rrt_srv': CMAKE_PREFIX_PATH=${CMAKE_PREFIX_PATH}:/home/erin/tiago_public_ws/install/launch_pal:/opt/ros/humble /usr/bin/cmake /home/erin/RBE550/src/rrt_srv -DCMAKE_INSTALL_PREFIX=/home/erin/RBE550/install/rrt_srv
[10.876s] DEBUG:colcon.colcon_core.event_handler.log_command:Invoked command in '/home/erin/RBE550/build/rrt_srv' returned '0': CMAKE_PREFIX_PATH=${CMAKE_PREFIX_PATH}:/home/erin/tiago_public_ws/install/launch_pal:/opt/ros/humble /usr/bin/cmake /home/erin/RBE550/src/rrt_srv -DCMAKE_INSTALL_PREFIX=/home/erin/RBE550/install/rrt_srv
[10.885s] DEBUG:colcon.colcon_core.event_handler.log_command:Invoking command in '/home/erin/RBE550/build/rrt_srv': CMAKE_PREFIX_PATH=${CMAKE_PREFIX_PATH}:/home/erin/tiago_public_ws/install/launch_pal:/opt/ros/humble /usr/bin/cmake --build /home/erin/RBE550/build/rrt_srv -- -j2 -l2
[14.109s] DEBUG:colcon.colcon_core.event_handler.log_command:Invoked command in '/home/erin/RBE550/build/rrt_srv' returned '0': CMAKE_PREFIX_PATH=${CMAKE_PREFIX_PATH}:/home/erin/tiago_public_ws/install/launch_pal:/opt/ros/humble /usr/bin/cmake --build /home/erin/RBE550/build/rrt_srv -- -j2 -l2
[14.624s] DEBUG:colcon.colcon_core.event_handler.log_command:Invoking command in '/home/erin/RBE550/build/rrt_srv': CMAKE_PREFIX_PATH=${CMAKE_PREFIX_PATH}:/home/erin/tiago_public_ws/install/launch_pal:/opt/ros/humble /usr/bin/cmake --install /home/erin/RBE550/build/rrt_srv
[15.028s] Level 1:colcon.colcon_core.environment:create_environment_scripts_only(rrt_srv)
[15.031s] DEBUG:colcon.colcon_core.event_handler.log_command:Invoked command in '/home/erin/RBE550/build/rrt_srv' returned '0': CMAKE_PREFIX_PATH=${CMAKE_PREFIX_PATH}:/home/erin/tiago_public_ws/install/launch_pal:/opt/ros/humble /usr/bin/cmake --install /home/erin/RBE550/build/rrt_srv
[15.064s] Level 1:colcon.colcon_core.environment:checking '/home/erin/RBE550/install/rrt_srv' for CMake module files
[15.067s] Level 1:colcon.colcon_core.environment:checking '/home/erin/RBE550/install/rrt_srv' for CMake config files
[15.069s] Level 1:colcon.colcon_core.shell:create_environment_hook('rrt_srv', 'cmake_prefix_path')
[15.070s] INFO:colcon.colcon_core.shell:Creating environment hook '/home/erin/RBE550/install/rrt_srv/share/rrt_srv/hook/cmake_prefix_path.ps1'
[15.075s] INFO:colcon.colcon_core.shell:Creating environment descriptor '/home/erin/RBE550/install/rrt_srv/share/rrt_srv/hook/cmake_prefix_path.dsv'
[15.081s] INFO:colcon.colcon_core.shell:Creating environment hook '/home/erin/RBE550/install/rrt_srv/share/rrt_srv/hook/cmake_prefix_path.sh'
[15.087s] Level 1:colcon.colcon_core.environment:checking '/home/erin/RBE550/install/rrt_srv/lib'
[15.087s] Level 1:colcon.colcon_core.shell:create_environment_hook('rrt_srv', 'ld_library_path_lib')
[15.088s] INFO:colcon.colcon_core.shell:Creating environment hook '/home/erin/RBE550/install/rrt_srv/share/rrt_srv/hook/ld_library_path_lib.ps1'
[15.091s] INFO:colcon.colcon_core.shell:Creating environment descriptor '/home/erin/RBE550/install/rrt_srv/share/rrt_srv/hook/ld_library_path_lib.dsv'
[15.095s] INFO:colcon.colcon_core.shell:Creating environment hook '/home/erin/RBE550/install/rrt_srv/share/rrt_srv/hook/ld_library_path_lib.sh'
[15.098s] Level 1:colcon.colcon_core.environment:checking '/home/erin/RBE550/install/rrt_srv/bin'
[15.098s] Level 1:colcon.colcon_core.environment:checking '/home/erin/RBE550/install/rrt_srv/lib/pkgconfig/rrt_srv.pc'
[15.100s] Level 1:colcon.colcon_core.environment:checking '/home/erin/RBE550/install/rrt_srv/lib/python3.10/site-packages'
[15.100s] Level 1:colcon.colcon_core.environment:checking '/home/erin/RBE550/install/rrt_srv/bin'
[15.102s] INFO:colcon.colcon_core.shell:Creating package script '/home/erin/RBE550/install/rrt_srv/share/rrt_srv/package.ps1'
[15.109s] INFO:colcon.colcon_core.shell:Creating package descriptor '/home/erin/RBE550/install/rrt_srv/share/rrt_srv/package.dsv'
[15.115s] INFO:colcon.colcon_core.shell:Creating package script '/home/erin/RBE550/install/rrt_srv/share/rrt_srv/package.sh'
[15.121s] INFO:colcon.colcon_core.shell:Creating package script '/home/erin/RBE550/install/rrt_srv/share/rrt_srv/package.bash'
[15.129s] INFO:colcon.colcon_core.shell:Creating package script '/home/erin/RBE550/install/rrt_srv/share/rrt_srv/package.zsh'
[15.133s] Level 1:colcon.colcon_core.environment:create_file_with_runtime_dependencies(/home/erin/RBE550/install/rrt_srv/share/colcon-core/packages/rrt_srv)
[15.683s] Level 1:colcon.colcon_core.environment:create_environment_scripts_only(rrt_srv)
[15.683s] Level 1:colcon.colcon_core.environment:checking '/home/erin/RBE550/install/rrt_srv' for CMake module files
[15.686s] Level 1:colcon.colcon_core.environment:checking '/home/erin/RBE550/install/rrt_srv' for CMake config files
[15.690s] Level 1:colcon.colcon_core.shell:create_environment_hook('rrt_srv', 'cmake_prefix_path')
[15.690s] INFO:colcon.colcon_core.shell:Creating environment hook '/home/erin/RBE550/install/rrt_srv/share/rrt_srv/hook/cmake_prefix_path.ps1'
[15.692s] INFO:colcon.colcon_core.shell:Creating environment descriptor '/home/erin/RBE550/install/rrt_srv/share/rrt_srv/hook/cmake_prefix_path.dsv'
[15.693s] INFO:colcon.colcon_core.shell:Creating environment hook '/home/erin/RBE550/install/rrt_srv/share/rrt_srv/hook/cmake_prefix_path.sh'
[15.695s] Level 1:colcon.colcon_core.environment:checking '/home/erin/RBE550/install/rrt_srv/lib'
[15.695s] Level 1:colcon.colcon_core.shell:create_environment_hook('rrt_srv', 'ld_library_path_lib')
[15.696s] INFO:colcon.colcon_core.shell:Creating environment hook '/home/erin/RBE550/install/rrt_srv/share/rrt_srv/hook/ld_library_path_lib.ps1'
[15.697s] INFO:colcon.colcon_core.shell:Creating environment descriptor '/home/erin/RBE550/install/rrt_srv/share/rrt_srv/hook/ld_library_path_lib.dsv'
[15.699s] INFO:colcon.colcon_core.shell:Creating environment hook '/home/erin/RBE550/install/rrt_srv/share/rrt_srv/hook/ld_library_path_lib.sh'
[15.700s] Level 1:colcon.colcon_core.environment:checking '/home/erin/RBE550/install/rrt_srv/bin'
[15.700s] Level 1:colcon.colcon_core.environment:checking '/home/erin/RBE550/install/rrt_srv/lib/pkgconfig/rrt_srv.pc'
[15.701s] Level 1:colcon.colcon_core.environment:checking '/home/erin/RBE550/install/rrt_srv/lib/python3.10/site-packages'
[15.701s] Level 1:colcon.colcon_core.environment:checking '/home/erin/RBE550/install/rrt_srv/bin'
[15.703s] INFO:colcon.colcon_core.shell:Creating package script '/home/erin/RBE550/install/rrt_srv/share/rrt_srv/package.ps1'
[15.705s] INFO:colcon.colcon_core.shell:Creating package descriptor '/home/erin/RBE550/install/rrt_srv/share/rrt_srv/package.dsv'
[15.708s] INFO:colcon.colcon_core.shell:Creating package script '/home/erin/RBE550/install/rrt_srv/share/rrt_srv/package.sh'
[15.709s] INFO:colcon.colcon_core.shell:Creating package script '/home/erin/RBE550/install/rrt_srv/share/rrt_srv/package.bash'
[15.711s] INFO:colcon.colcon_core.shell:Creating package script '/home/erin/RBE550/install/rrt_srv/share/rrt_srv/package.zsh'
[15.713s] Level 1:colcon.colcon_core.environment:create_file_with_runtime_dependencies(/home/erin/RBE550/install/rrt_srv/share/colcon-core/packages/rrt_srv)
[15.715s] DEBUG:colcon.colcon_parallel_executor.executor.parallel:closing loop
[15.717s] DEBUG:colcon.colcon_parallel_executor.executor.parallel:loop closed
[15.717s] DEBUG:colcon.colcon_parallel_executor.executor.parallel:run_until_complete finished with '0'
[15.717s] DEBUG:colcon.colcon_core.event_reactor:joining thread
[15.786s] INFO:colcon.colcon_core.plugin_system:Skipping extension 'colcon_notification.desktop_notification.terminal_notifier': Not used on non-Darwin systems
[15.787s] INFO:colcon.colcon_core.plugin_system:Skipping extension 'colcon_notification.desktop_notification.win32': Not used on non-Windows systems
[15.787s] INFO:colcon.colcon_notification.desktop_notification:Sending desktop notification using 'notify2'
[15.932s] DEBUG:colcon.colcon_core.event_reactor:joined thread
[15.934s] INFO:colcon.colcon_core.shell:Creating prefix script '/home/erin/RBE550/install/local_setup.ps1'
[15.939s] INFO:colcon.colcon_core.shell:Creating prefix util module '/home/erin/RBE550/install/_local_setup_util_ps1.py'
[15.944s] INFO:colcon.colcon_core.shell:Creating prefix chain script '/home/erin/RBE550/install/setup.ps1'
[15.953s] INFO:colcon.colcon_core.shell:Creating prefix script '/home/erin/RBE550/install/local_setup.sh'
[15.958s] INFO:colcon.colcon_core.shell:Creating prefix util module '/home/erin/RBE550/install/_local_setup_util_sh.py'
[15.961s] INFO:colcon.colcon_core.shell:Creating prefix chain script '/home/erin/RBE550/install/setup.sh'
[15.973s] INFO:colcon.colcon_core.shell:Creating prefix script '/home/erin/RBE550/install/local_setup.bash'
[15.977s] INFO:colcon.colcon_core.shell:Creating prefix chain script '/home/erin/RBE550/install/setup.bash'
[15.992s] INFO:colcon.colcon_core.shell:Creating prefix script '/home/erin/RBE550/install/local_setup.zsh'
[15.995s] INFO:colcon.colcon_core.shell:Creating prefix chain script '/home/erin/RBE550/install/setup.zsh'
