[0.027s] Invoking command in '/home/rbe502/RBE550/build/pal_hey5_description': AMENT_PREFIX_PATH=/home/rbe502/RBE550/install/pal_urdf_utils:${AMENT_PREFIX_PATH} CMAKE_PREFIX_PATH=/home/rbe502/RBE550/install/pal_urdf_utils:/opt/ros/humble /usr/bin/cmake /home/rbe502/RBE550/src/pal_hey5/pal_hey5_description -DAMENT_CMAKE_SYMLINK_INSTALL=1 -DCMAKE_INSTALL_PREFIX=/home/rbe502/RBE550/install/pal_hey5_description
[0.202s] -- The C compiler identification is GNU 11.4.0
[0.369s] -- The CXX compiler identification is GNU 11.4.0
[0.393s] -- Detecting C compiler ABI info
[0.618s] -- Detecting C compiler ABI info - done
[0.637s] -- Check for working C compiler: /usr/bin/cc - skipped
[0.638s] -- Detecting C compile features
[0.639s] -- Detecting C compile features - done
[0.649s] -- Detecting CXX compiler ABI info
[0.905s] -- Detecting CXX compiler ABI info - done
[0.924s] -- Check for working CXX compiler: /usr/bin/c++ - skipped
[0.925s] -- Detecting CXX compile features
[0.926s] -- Detecting CXX compile features - done
[0.933s] -- Found ament_cmake_auto: 1.3.8 (/opt/ros/humble/share/ament_cmake_auto/cmake)
[1.823s] -- Found Python3: /usr/bin/python3 (found version "3.10.12") found components: Interpreter 
[1.994s] -- Override CMake install command with custom implementation using symlinks instead of copying resources
[2.069s] -- Found ament_lint_auto: 0.12.10 (/opt/ros/humble/share/ament_lint_auto/cmake)
[2.300s] -- Added test 'copyright' to check source files copyright and LICENSE
[2.310s] -- Added test 'lint_cmake' to check CMake code style
[2.314s] -- Added test 'xmllint' to check XML markup files
[2.319s] -- Configuring done
[2.329s] -- Generating done
[2.334s] -- Build files have been written to: /home/rbe502/RBE550/build/pal_hey5_description
[2.350s] Invoked command in '/home/rbe502/RBE550/build/pal_hey5_description' returned '0': AMENT_PREFIX_PATH=/home/rbe502/RBE550/install/pal_urdf_utils:${AMENT_PREFIX_PATH} CMAKE_PREFIX_PATH=/home/rbe502/RBE550/install/pal_urdf_utils:/opt/ros/humble /usr/bin/cmake /home/rbe502/RBE550/src/pal_hey5/pal_hey5_description -DAMENT_CMAKE_SYMLINK_INSTALL=1 -DCMAKE_INSTALL_PREFIX=/home/rbe502/RBE550/install/pal_hey5_description
[2.354s] Invoking command in '/home/rbe502/RBE550/build/pal_hey5_description': AMENT_PREFIX_PATH=/home/rbe502/RBE550/install/pal_urdf_utils:${AMENT_PREFIX_PATH} CMAKE_PREFIX_PATH=/home/rbe502/RBE550/install/pal_urdf_utils:/opt/ros/humble /usr/bin/cmake --build /home/rbe502/RBE550/build/pal_hey5_description -- -j2 -l2
[2.481s] Invoked command in '/home/rbe502/RBE550/build/pal_hey5_description' returned '0': AMENT_PREFIX_PATH=/home/rbe502/RBE550/install/pal_urdf_utils:${AMENT_PREFIX_PATH} CMAKE_PREFIX_PATH=/home/rbe502/RBE550/install/pal_urdf_utils:/opt/ros/humble /usr/bin/cmake --build /home/rbe502/RBE550/build/pal_hey5_description -- -j2 -l2
[2.593s] Invoking command in '/home/rbe502/RBE550/build/pal_hey5_description': AMENT_PREFIX_PATH=/home/rbe502/RBE550/install/pal_urdf_utils:${AMENT_PREFIX_PATH} CMAKE_PREFIX_PATH=/home/rbe502/RBE550/install/pal_urdf_utils:/opt/ros/humble /usr/bin/cmake --install /home/rbe502/RBE550/build/pal_hey5_description
[2.625s] -- Install configuration: ""
[2.627s] -- Execute custom install script
[2.630s] -- Symlinking: /home/rbe502/RBE550/install/pal_hey5_description/share/pal_hey5_description/config/two_hands.rviz
[2.660s] -- Symlinking: /home/rbe502/RBE550/install/pal_hey5_description/share/pal_hey5_description/gazebo/gazebo.urdf.xacro
[2.688s] -- Symlinking: /home/rbe502/RBE550/install/pal_hey5_description/share/pal_hey5_description/launch/pal_hey5_kinematics_test.launch
[2.715s] -- Symlinking: /home/rbe502/RBE550/install/pal_hey5_description/share/pal_hey5_description/meshes/finger_abd_collision.stl
[2.743s] -- Symlinking: /home/rbe502/RBE550/install/pal_hey5_description/share/pal_hey5_description/meshes/finger_flex_collision.stl
[2.773s] -- Symlinking: /home/rbe502/RBE550/install/pal_hey5_description/share/pal_hey5_description/meshes/finger_flex_tip_collision.stl
[2.803s] -- Symlinking: /home/rbe502/RBE550/install/pal_hey5_description/share/pal_hey5_description/meshes/palm.stl
[2.828s] -- Symlinking: /home/rbe502/RBE550/install/pal_hey5_description/share/pal_hey5_description/meshes/palm_collision.stl
[2.856s] -- Symlinking: /home/rbe502/RBE550/install/pal_hey5_description/share/pal_hey5_description/meshes/thumb_abd_collision.stl
[2.887s] -- Symlinking: /home/rbe502/RBE550/install/pal_hey5_description/share/pal_hey5_description/robots/pal_hey5_test.urdf.xacro
[2.915s] -- Symlinking: /home/rbe502/RBE550/install/pal_hey5_description/share/pal_hey5_description/urdf/actuators.urdf.xacro
[2.943s] -- Symlinking: /home/rbe502/RBE550/install/pal_hey5_description/share/pal_hey5_description/urdf/fingers.urdf.xacro
[2.972s] -- Symlinking: /home/rbe502/RBE550/install/pal_hey5_description/share/pal_hey5_description/urdf/pal_hey5.ros2_control.xacro
[2.999s] -- Symlinking: /home/rbe502/RBE550/install/pal_hey5_description/share/pal_hey5_description/urdf/pal_hey5.transmission.xacro
[3.026s] -- Symlinking: /home/rbe502/RBE550/install/pal_hey5_description/share/pal_hey5_description/urdf/pal_hey5_hand.urdf.xacro
[3.054s] -- Symlinking: /home/rbe502/RBE550/install/pal_hey5_description/share/pal_hey5_description/urdf/palm.urdf.xacro
[3.085s] -- Symlinking: /home/rbe502/RBE550/install/pal_hey5_description/share/pal_hey5_description/urdf/transmissions.urdf.xacro
[3.113s] -- Symlinking: /home/rbe502/RBE550/install/pal_hey5_description/share/ament_index/resource_index/package_run_dependencies/pal_hey5_description
[3.142s] -- Symlinking: /home/rbe502/RBE550/install/pal_hey5_description/share/ament_index/resource_index/parent_prefix_path/pal_hey5_description
[3.174s] -- Symlinking: /home/rbe502/RBE550/install/pal_hey5_description/share/pal_hey5_description/environment/ament_prefix_path.sh
[3.200s] -- Symlinking: /home/rbe502/RBE550/install/pal_hey5_description/share/pal_hey5_description/environment/ament_prefix_path.dsv
[3.229s] -- Symlinking: /home/rbe502/RBE550/install/pal_hey5_description/share/pal_hey5_description/environment/path.sh
[3.259s] -- Symlinking: /home/rbe502/RBE550/install/pal_hey5_description/share/pal_hey5_description/environment/path.dsv
[3.286s] -- Symlinking: /home/rbe502/RBE550/install/pal_hey5_description/share/pal_hey5_description/local_setup.bash
[3.313s] -- Symlinking: /home/rbe502/RBE550/install/pal_hey5_description/share/pal_hey5_description/local_setup.sh
[3.342s] -- Symlinking: /home/rbe502/RBE550/install/pal_hey5_description/share/pal_hey5_description/local_setup.zsh
[3.371s] -- Symlinking: /home/rbe502/RBE550/install/pal_hey5_description/share/pal_hey5_description/local_setup.dsv
[3.399s] -- Symlinking: /home/rbe502/RBE550/install/pal_hey5_description/share/pal_hey5_description/package.dsv
[3.426s] -- Symlinking: /home/rbe502/RBE550/install/pal_hey5_description/share/ament_index/resource_index/packages/pal_hey5_description
[3.455s] -- Symlinking: /home/rbe502/RBE550/install/pal_hey5_description/share/pal_hey5_description/cmake/pal_hey5_descriptionConfig.cmake
[3.487s] -- Symlinking: /home/rbe502/RBE550/install/pal_hey5_description/share/pal_hey5_description/cmake/pal_hey5_descriptionConfig-version.cmake
[3.514s] -- Symlinking: /home/rbe502/RBE550/install/pal_hey5_description/share/pal_hey5_description/package.xml
[3.547s] Invoked command in '/home/rbe502/RBE550/build/pal_hey5_description' returned '0': AMENT_PREFIX_PATH=/home/rbe502/RBE550/install/pal_urdf_utils:${AMENT_PREFIX_PATH} CMAKE_PREFIX_PATH=/home/rbe502/RBE550/install/pal_urdf_utils:/opt/ros/humble /usr/bin/cmake --install /home/rbe502/RBE550/build/pal_hey5_description
