[0.043s] Invoking command in '/home/rbe502/RBE550/build/pal_gripper': AMENT_PREFIX_PATH=/home/rbe502/RBE550/install/pal_gripper_description:/home/rbe502/RBE550/install/pal_urdf_utils:/home/rbe502/RBE550/install/pal_gripper_controller_configuration:${AMENT_PREFIX_PATH} CMAKE_PREFIX_PATH=/home/rbe502/RBE550/install/pal_gripper_description:/home/rbe502/RBE550/install/pal_urdf_utils:/home/rbe502/RBE550/install/pal_gripper_controller_configuration:/opt/ros/humble /usr/bin/cmake /home/rbe502/RBE550/src/pal_gripper/pal_gripper -DAMENT_CMAKE_SYMLINK_INSTALL=1 -DCMAKE_INSTALL_PREFIX=/home/rbe502/RBE550/install/pal_gripper
[0.236s] -- The C compiler identification is GNU 11.4.0
[0.442s] -- The CXX compiler identification is GNU 11.4.0
[0.468s] -- Detecting C compiler ABI info
[0.709s] -- Detecting C compiler ABI info - done
[0.727s] -- Check for working C compiler: /usr/bin/cc - skipped
[0.728s] -- Detecting C compile features
[0.731s] -- Detecting C compile features - done
[0.737s] -- Detecting CXX compiler ABI info
[1.017s] -- Detecting CXX compiler ABI info - done
[1.037s] -- Check for working CXX compiler: /usr/bin/c++ - skipped
[1.037s] -- Detecting CXX compile features
[1.039s] -- Detecting CXX compile features - done
[1.046s] -- Found ament_cmake: 1.3.8 (/opt/ros/humble/share/ament_cmake/cmake)
[1.961s] -- Found Python3: /usr/bin/python3 (found version "3.10.12") found components: Interpreter 
[2.136s] -- Override CMake install command with custom implementation using symlinks instead of copying resources
[2.405s] -- Configuring done
[2.414s] -- Generating done
[2.416s] -- Build files have been written to: /home/rbe502/RBE550/build/pal_gripper
[2.427s] Invoked command in '/home/rbe502/RBE550/build/pal_gripper' returned '0': AMENT_PREFIX_PATH=/home/rbe502/RBE550/install/pal_gripper_description:/home/rbe502/RBE550/install/pal_urdf_utils:/home/rbe502/RBE550/install/pal_gripper_controller_configuration:${AMENT_PREFIX_PATH} CMAKE_PREFIX_PATH=/home/rbe502/RBE550/install/pal_gripper_description:/home/rbe502/RBE550/install/pal_urdf_utils:/home/rbe502/RBE550/install/pal_gripper_controller_configuration:/opt/ros/humble /usr/bin/cmake /home/rbe502/RBE550/src/pal_gripper/pal_gripper -DAMENT_CMAKE_SYMLINK_INSTALL=1 -DCMAKE_INSTALL_PREFIX=/home/rbe502/RBE550/install/pal_gripper
[2.432s] Invoking command in '/home/rbe502/RBE550/build/pal_gripper': AMENT_PREFIX_PATH=/home/rbe502/RBE550/install/pal_gripper_description:/home/rbe502/RBE550/install/pal_urdf_utils:/home/rbe502/RBE550/install/pal_gripper_controller_configuration:${AMENT_PREFIX_PATH} CMAKE_PREFIX_PATH=/home/rbe502/RBE550/install/pal_gripper_description:/home/rbe502/RBE550/install/pal_urdf_utils:/home/rbe502/RBE550/install/pal_gripper_controller_configuration:/opt/ros/humble /usr/bin/cmake --build /home/rbe502/RBE550/build/pal_gripper -- -j2 -l2
[2.558s] Invoked command in '/home/rbe502/RBE550/build/pal_gripper' returned '0': AMENT_PREFIX_PATH=/home/rbe502/RBE550/install/pal_gripper_description:/home/rbe502/RBE550/install/pal_urdf_utils:/home/rbe502/RBE550/install/pal_gripper_controller_configuration:${AMENT_PREFIX_PATH} CMAKE_PREFIX_PATH=/home/rbe502/RBE550/install/pal_gripper_description:/home/rbe502/RBE550/install/pal_urdf_utils:/home/rbe502/RBE550/install/pal_gripper_controller_configuration:/opt/ros/humble /usr/bin/cmake --build /home/rbe502/RBE550/build/pal_gripper -- -j2 -l2
[2.674s] Invoking command in '/home/rbe502/RBE550/build/pal_gripper': AMENT_PREFIX_PATH=/home/rbe502/RBE550/install/pal_gripper_description:/home/rbe502/RBE550/install/pal_urdf_utils:/home/rbe502/RBE550/install/pal_gripper_controller_configuration:${AMENT_PREFIX_PATH} CMAKE_PREFIX_PATH=/home/rbe502/RBE550/install/pal_gripper_description:/home/rbe502/RBE550/install/pal_urdf_utils:/home/rbe502/RBE550/install/pal_gripper_controller_configuration:/opt/ros/humble /usr/bin/cmake --install /home/rbe502/RBE550/build/pal_gripper
[2.703s] -- Install configuration: ""
[2.705s] -- Execute custom install script
[2.705s] -- Symlinking: /home/rbe502/RBE550/install/pal_gripper/share/ament_index/resource_index/package_run_dependencies/pal_gripper
[2.737s] -- Symlinking: /home/rbe502/RBE550/install/pal_gripper/share/ament_index/resource_index/parent_prefix_path/pal_gripper
[2.769s] -- Symlinking: /home/rbe502/RBE550/install/pal_gripper/share/pal_gripper/environment/ament_prefix_path.sh
[2.796s] -- Symlinking: /home/rbe502/RBE550/install/pal_gripper/share/pal_gripper/environment/ament_prefix_path.dsv
[2.822s] -- Symlinking: /home/rbe502/RBE550/install/pal_gripper/share/pal_gripper/environment/path.sh
[2.848s] -- Symlinking: /home/rbe502/RBE550/install/pal_gripper/share/pal_gripper/environment/path.dsv
[2.874s] -- Symlinking: /home/rbe502/RBE550/install/pal_gripper/share/pal_gripper/local_setup.bash
[2.898s] -- Symlinking: /home/rbe502/RBE550/install/pal_gripper/share/pal_gripper/local_setup.sh
[2.924s] -- Symlinking: /home/rbe502/RBE550/install/pal_gripper/share/pal_gripper/local_setup.zsh
[2.950s] -- Symlinking: /home/rbe502/RBE550/install/pal_gripper/share/pal_gripper/local_setup.dsv
[2.978s] -- Symlinking: /home/rbe502/RBE550/install/pal_gripper/share/pal_gripper/package.dsv
[3.005s] -- Symlinking: /home/rbe502/RBE550/install/pal_gripper/share/ament_index/resource_index/packages/pal_gripper
[3.032s] -- Symlinking: /home/rbe502/RBE550/install/pal_gripper/share/pal_gripper/cmake/pal_gripperConfig.cmake
[3.065s] -- Symlinking: /home/rbe502/RBE550/install/pal_gripper/share/pal_gripper/cmake/pal_gripperConfig-version.cmake
[3.096s] -- Symlinking: /home/rbe502/RBE550/install/pal_gripper/share/pal_gripper/package.xml
[3.126s] Invoked command in '/home/rbe502/RBE550/build/pal_gripper' returned '0': AMENT_PREFIX_PATH=/home/rbe502/RBE550/install/pal_gripper_description:/home/rbe502/RBE550/install/pal_urdf_utils:/home/rbe502/RBE550/install/pal_gripper_controller_configuration:${AMENT_PREFIX_PATH} CMAKE_PREFIX_PATH=/home/rbe502/RBE550/install/pal_gripper_description:/home/rbe502/RBE550/install/pal_urdf_utils:/home/rbe502/RBE550/install/pal_gripper_controller_configuration:/opt/ros/humble /usr/bin/cmake --install /home/rbe502/RBE550/build/pal_gripper
